[ 2017-05-20T16:05:21+08:00 ] ::1 /eduWeb/API/index.phpm=bbs&c=bbs&a=sendBbs
INFO: [ app_init ] --START--
INFO: Run Behavior\BuildLiteBehavior [ RunTime:0.000020s ]
INFO: [ app_init ] --END-- [ RunTime:0.000442s ]
ERR: 无法加载模块:Index

[ 2017-05-20T16:06:55+08:00 ] ::1 /eduWeb/API/index.phpm=bbs&c=bbs&a=sendBbs
INFO: [ app_init ] --START--
INFO: Run Behavior\BuildLiteBehavior [ RunTime:0.000011s ]
INFO: [ app_init ] --END-- [ RunTime:0.000328s ]
ERR: 无法加载模块:Index

[ 2017-05-20T16:07:08+08:00 ] ::1 /eduWeb/API/index.phpm=bbs&c=bbs&a=sendBbs
INFO: [ app_init ] --START--
INFO: Run Behavior\BuildLiteBehavior [ RunTime:0.000011s ]
INFO: [ app_init ] --END-- [ RunTime:0.000314s ]
ERR: 无法加载模块:Index

[ 2017-05-20T16:07:21+08:00 ] ::1 /eduWeb/API/index.phpm=bbs&c=bbs&a=sendBbs
INFO: [ app_init ] --START--
INFO: Run Behavior\BuildLiteBehavior [ RunTime:0.000012s ]
INFO: [ app_init ] --END-- [ RunTime:0.000311s ]
ERR: 无法加载模块:Index

[ 2017-05-20T16:09:15+08:00 ] ::1 /eduWeb/API/index.phpm=bbs&c=bbs&a=sendBbs
INFO: [ app_init ] --START--
INFO: Run Behavior\BuildLiteBehavior [ RunTime:0.000011s ]
INFO: [ app_init ] --END-- [ RunTime:0.000359s ]
ERR: 无法加载模块:Index

[ 2017-05-20T16:09:20+08:00 ] ::1 /eduWeb/API/index.phpm=bbs&c=bbs&a=sendBbs
INFO: [ app_init ] --START--
INFO: Run Behavior\BuildLiteBehavior [ RunTime:0.000014s ]
INFO: [ app_init ] --END-- [ RunTime:0.000340s ]
ERR: 无法加载模块:Index

[ 2017-05-20T18:49:44+08:00 ] ::1 /eduWeb/API/index.php/views/admin/setProfile.html?id=1
INFO: [ app_init ] --START--
INFO: Run Behavior\BuildLiteBehavior [ RunTime:0.000011s ]
INFO: [ app_init ] --END-- [ RunTime:0.000276s ]
ERR: 无法加载模块:Views

[ 2017-05-20T18:50:16+08:00 ] ::1 /eduWeb/API/index.php/views/admin/setProfile.html?id=1
INFO: [ app_init ] --START--
INFO: Run Behavior\BuildLiteBehavior [ RunTime:0.000011s ]
INFO: [ app_init ] --END-- [ RunTime:0.000327s ]
ERR: 无法加载模块:Views

