[ 2017-05-17T22:14:35+08:00 ] ::1 /eduWeb/API/?m=courseinfo&c=classify&a=getclassify
INFO: [ app_init ] --START--
INFO: Run Behavior\BuildLiteBehavior [ RunTime:0.000020s ]
INFO: [ app_init ] --END-- [ RunTime:0.000584s ]
ERR: 无法加载模块:Courseinfo

[ 2017-05-17T22:15:29+08:00 ] ::1 /eduWeb/API/?m=CourseInfo&c=classify&a=getclassify
INFO: [ app_init ] --START--
INFO: Run Behavior\BuildLiteBehavior [ RunTime:0.000017s ]
INFO: [ app_init ] --END-- [ RunTime:0.000792s ]
ERR: 无法加载模块:CourseInfo

[ 2017-05-17T22:15:37+08:00 ] ::1 /eduWeb/API/?m=CourseInfo&c=classify&a=getclassify?classifyId=1
INFO: [ app_init ] --START--
INFO: Run Behavior\BuildLiteBehavior [ RunTime:0.000012s ]
INFO: [ app_init ] --END-- [ RunTime:0.000394s ]
ERR: 无法加载模块:CourseInfo

[ 2017-05-17T22:15:57+08:00 ] ::1 /eduWeb/API/?m=CourseInfo&c=classify&a=getCourse?classifyId=1
INFO: [ app_init ] --START--
INFO: Run Behavior\BuildLiteBehavior [ RunTime:0.000015s ]
INFO: [ app_init ] --END-- [ RunTime:0.000512s ]
ERR: 无法加载模块:CourseInfo

[ 2017-05-17T22:16:33+08:00 ] ::1 /eduWeb/API/?m=Classify&c=classify&a=getCourse?classifyId=1
INFO: [ app_init ] --START--
INFO: Run Behavior\BuildLiteBehavior [ RunTime:0.000019s ]
INFO: [ app_init ] --END-- [ RunTime:0.000583s ]
ERR: 无法加载模块:Classify

[ 2017-05-17T22:17:46+08:00 ] ::1 /eduWeb/API/?m=courseInfo&c=course&a=getCourse?classifyId=1
INFO: [ app_init ] --START--
INFO: Run Behavior\BuildLiteBehavior [ RunTime:0.000015s ]
INFO: [ app_init ] --END-- [ RunTime:0.000471s ]
ERR: 无法加载模块:CourseInfo

[ 2017-05-17T22:17:52+08:00 ] ::1 /eduWeb/API/?m=courseinfo&c=course&a=getCourse?classifyId=1
INFO: [ app_init ] --START--
INFO: Run Behavior\BuildLiteBehavior [ RunTime:0.000021s ]
INFO: [ app_init ] --END-- [ RunTime:0.000572s ]
ERR: 无法加载模块:Courseinfo

[ 2017-05-17T22:18:02+08:00 ] ::1 /eduWeb/API/?m=courseinfo&c=course&a=getCourse?classifyId=1
INFO: [ app_init ] --START--
INFO: Run Behavior\BuildLiteBehavior [ RunTime:0.000019s ]
INFO: [ app_init ] --END-- [ RunTime:0.000564s ]
ERR: 无法加载模块:Courseinfo

[ 2017-05-17T22:18:03+08:00 ] ::1 /eduWeb/API/?m=courseinfo&c=course&a=getCourse?classifyId=1
INFO: [ app_init ] --START--
INFO: Run Behavior\BuildLiteBehavior [ RunTime:0.000021s ]
INFO: [ app_init ] --END-- [ RunTime:0.000546s ]
ERR: 无法加载模块:Courseinfo

[ 2017-05-17T22:18:03+08:00 ] ::1 /eduWeb/API/?m=courseinfo&c=course&a=getCourse?classifyId=1
INFO: [ app_init ] --START--
INFO: Run Behavior\BuildLiteBehavior [ RunTime:0.000017s ]
INFO: [ app_init ] --END-- [ RunTime:0.000484s ]
ERR: 无法加载模块:Courseinfo

[ 2017-05-17T22:18:03+08:00 ] ::1 /eduWeb/API/?m=courseinfo&c=course&a=getCourse?classifyId=1
INFO: [ app_init ] --START--
INFO: Run Behavior\BuildLiteBehavior [ RunTime:0.000021s ]
INFO: [ app_init ] --END-- [ RunTime:0.000504s ]
ERR: 无法加载模块:Courseinfo

[ 2017-05-17T22:18:04+08:00 ] ::1 /eduWeb/API/?m=courseinfo&c=course&a=getCourse?classifyId=1
INFO: [ app_init ] --START--
INFO: Run Behavior\BuildLiteBehavior [ RunTime:0.000026s ]
INFO: [ app_init ] --END-- [ RunTime:0.000744s ]
ERR: 无法加载模块:Courseinfo

[ 2017-05-17T22:18:04+08:00 ] ::1 /eduWeb/API/?m=courseinfo&c=course&a=getCourse?classifyId=1
INFO: [ app_init ] --START--
INFO: Run Behavior\BuildLiteBehavior [ RunTime:0.000016s ]
INFO: [ app_init ] --END-- [ RunTime:0.000482s ]
ERR: 无法加载模块:Courseinfo

[ 2017-05-17T22:18:10+08:00 ] ::1 /eduWeb/API/?m=courseinfo&c=course&a=getCourse?classifyId=1
INFO: [ app_init ] --START--
INFO: Run Behavior\BuildLiteBehavior [ RunTime:0.000021s ]
INFO: [ app_init ] --END-- [ RunTime:0.000566s ]
ERR: 无法加载模块:Courseinfo

[ 2017-05-17T22:18:10+08:00 ] ::1 /eduWeb/API/?m=courseinfo&c=course&a=getCourse?classifyId=1
INFO: [ app_init ] --START--
INFO: Run Behavior\BuildLiteBehavior [ RunTime:0.000018s ]
INFO: [ app_init ] --END-- [ RunTime:0.000333s ]
ERR: 无法加载模块:Courseinfo

[ 2017-05-17T22:18:10+08:00 ] ::1 /eduWeb/API/?m=courseinfo&c=course&a=getCourse?classifyId=1
INFO: [ app_init ] --START--
INFO: Run Behavior\BuildLiteBehavior [ RunTime:0.000016s ]
INFO: [ app_init ] --END-- [ RunTime:0.000496s ]
ERR: 无法加载模块:Courseinfo

[ 2017-05-17T22:18:10+08:00 ] ::1 /eduWeb/API/?m=courseinfo&c=course&a=getCourse?classifyId=1
INFO: [ app_init ] --START--
INFO: Run Behavior\BuildLiteBehavior [ RunTime:0.000013s ]
INFO: [ app_init ] --END-- [ RunTime:0.000365s ]
ERR: 无法加载模块:Courseinfo

[ 2017-05-17T22:18:24+08:00 ] ::1 /eduWeb/API/?m=courseinfo&c=course&a=getCourse?classifyId=1
INFO: [ app_init ] --START--
INFO: Run Behavior\BuildLiteBehavior [ RunTime:0.000020s ]
INFO: [ app_init ] --END-- [ RunTime:0.000517s ]
ERR: 无法加载模块:Courseinfo

[ 2017-05-17T22:18:24+08:00 ] ::1 /eduWeb/API/?m=courseinfo&c=course&a=getCourse?classifyId=1
INFO: [ app_init ] --START--
INFO: Run Behavior\BuildLiteBehavior [ RunTime:0.000018s ]
INFO: [ app_init ] --END-- [ RunTime:0.000508s ]
ERR: 无法加载模块:Courseinfo

[ 2017-05-17T22:18:25+08:00 ] ::1 /eduWeb/API/?m=courseinfo&c=course&a=getCourse?classifyId=1
INFO: [ app_init ] --START--
INFO: Run Behavior\BuildLiteBehavior [ RunTime:0.000019s ]
INFO: [ app_init ] --END-- [ RunTime:0.000527s ]
ERR: 无法加载模块:Courseinfo

[ 2017-05-17T22:18:25+08:00 ] ::1 /eduWeb/API/?m=courseinfo&c=course&a=getCourse?classifyId=1
INFO: [ app_init ] --START--
INFO: Run Behavior\BuildLiteBehavior [ RunTime:0.000018s ]
INFO: [ app_init ] --END-- [ RunTime:0.000524s ]
ERR: 无法加载模块:Courseinfo

[ 2017-05-17T22:18:25+08:00 ] ::1 /eduWeb/API/?m=courseinfo&c=course&a=getCourse?classifyId=1
INFO: [ app_init ] --START--
INFO: Run Behavior\BuildLiteBehavior [ RunTime:0.000016s ]
INFO: [ app_init ] --END-- [ RunTime:0.001028s ]
ERR: 无法加载模块:Courseinfo

[ 2017-05-17T22:18:39+08:00 ] ::1 /eduWeb/API/?m=courseInfo&c=course&a=getCourse?classifyId=1
INFO: [ app_init ] --START--
INFO: Run Behavior\BuildLiteBehavior [ RunTime:0.000015s ]
INFO: [ app_init ] --END-- [ RunTime:0.000403s ]
ERR: 无法加载模块:CourseInfo

[ 2017-05-17T22:19:18+08:00 ] ::1 /eduWeb/API/?m=courseInfo&c=course&a=getCourse?classifyId=1
INFO: [ app_init ] --START--
INFO: Run Behavior\BuildLiteBehavior [ RunTime:0.000026s ]
INFO: [ app_init ] --END-- [ RunTime:0.000760s ]
ERR: 无法加载模块:CourseInfo

[ 2017-05-17T22:19:23+08:00 ] ::1 /eduWeb/API/?m=courseInfo&c=course&a=getCourse?classifyId=1
INFO: [ app_init ] --START--
INFO: Run Behavior\BuildLiteBehavior [ RunTime:0.000017s ]
INFO: [ app_init ] --END-- [ RunTime:0.000454s ]
ERR: 无法加载模块:CourseInfo

[ 2017-05-17T22:21:02+08:00 ] ::1 /eduWeb/API/?m=courseInfo&c=course&a=getCourse?classifyId=1
INFO: [ app_init ] --START--
INFO: Run Behavior\BuildLiteBehavior [ RunTime:0.000020s ]
INFO: [ app_init ] --END-- [ RunTime:0.000562s ]
ERR: 无法加载模块:CourseInfo

[ 2017-05-17T22:21:03+08:00 ] ::1 /eduWeb/API/?m=courseInfo&c=course&a=getCourse?classifyId=1
INFO: [ app_init ] --START--
INFO: Run Behavior\BuildLiteBehavior [ RunTime:0.000013s ]
INFO: [ app_init ] --END-- [ RunTime:0.000415s ]
ERR: 无法加载模块:CourseInfo

[ 2017-05-17T22:21:12+08:00 ] ::1 /eduWeb/API/?m=courseInfo&c=course&a=getCourse?classifyId=1
INFO: [ app_init ] --START--
INFO: Run Behavior\BuildLiteBehavior [ RunTime:0.000020s ]
INFO: [ app_init ] --END-- [ RunTime:0.000550s ]
ERR: 无法加载模块:CourseInfo

[ 2017-05-17T22:21:37+08:00 ] ::1 /eduWeb/API/?m=courseinfo&c=course&a=getCourse?classifyId=1
INFO: [ app_init ] --START--
INFO: Run Behavior\BuildLiteBehavior [ RunTime:0.000016s ]
INFO: [ app_init ] --END-- [ RunTime:0.000549s ]
ERR: 无法加载模块:Courseinfo

[ 2017-05-17T22:23:07+08:00 ] ::1 /eduWeb/API/?m=courseinfo&c=course&a=getCourse?classifyId=1
INFO: [ app_init ] --START--
INFO: Run Behavior\BuildLiteBehavior [ RunTime:0.000020s ]
INFO: [ app_init ] --END-- [ RunTime:0.000596s ]
ERR: 无法加载模块:Courseinfo

[ 2017-05-17T22:23:07+08:00 ] ::1 /eduWeb/API/?m=courseinfo&c=course&a=getCourse?classifyId=1
INFO: [ app_init ] --START--
INFO: Run Behavior\BuildLiteBehavior [ RunTime:0.000023s ]
INFO: [ app_init ] --END-- [ RunTime:0.000651s ]
ERR: 无法加载模块:Courseinfo

[ 2017-05-17T22:23:07+08:00 ] ::1 /eduWeb/API/?m=courseinfo&c=course&a=getCourse?classifyId=1
INFO: [ app_init ] --START--
INFO: Run Behavior\BuildLiteBehavior [ RunTime:0.000027s ]
INFO: [ app_init ] --END-- [ RunTime:0.000733s ]
ERR: 无法加载模块:Courseinfo

[ 2017-05-17T22:23:08+08:00 ] ::1 /eduWeb/API/?m=courseinfo&c=course&a=getCourse?classifyId=1
INFO: [ app_init ] --START--
INFO: Run Behavior\BuildLiteBehavior [ RunTime:0.000021s ]
INFO: [ app_init ] --END-- [ RunTime:0.000583s ]
ERR: 无法加载模块:Courseinfo

[ 2017-05-17T22:23:08+08:00 ] ::1 /eduWeb/API/?m=courseinfo&c=course&a=getCourse?classifyId=1
INFO: [ app_init ] --START--
INFO: Run Behavior\BuildLiteBehavior [ RunTime:0.000024s ]
INFO: [ app_init ] --END-- [ RunTime:0.000651s ]
ERR: 无法加载模块:Courseinfo

[ 2017-05-17T22:23:08+08:00 ] ::1 /eduWeb/API/?m=courseinfo&c=course&a=getCourse?classifyId=1
INFO: [ app_init ] --START--
INFO: Run Behavior\BuildLiteBehavior [ RunTime:0.000068s ]
INFO: [ app_init ] --END-- [ RunTime:0.000904s ]
ERR: 无法加载模块:Courseinfo

[ 2017-05-17T22:23:08+08:00 ] ::1 /eduWeb/API/?m=courseinfo&c=course&a=getCourse?classifyId=1
INFO: [ app_init ] --START--
INFO: Run Behavior\BuildLiteBehavior [ RunTime:0.000017s ]
INFO: [ app_init ] --END-- [ RunTime:0.000632s ]
ERR: 无法加载模块:Courseinfo

[ 2017-05-17T22:23:08+08:00 ] ::1 /eduWeb/API/?m=courseinfo&c=course&a=getCourse?classifyId=1
INFO: [ app_init ] --START--
INFO: Run Behavior\BuildLiteBehavior [ RunTime:0.000020s ]
INFO: [ app_init ] --END-- [ RunTime:0.000547s ]
ERR: 无法加载模块:Courseinfo

[ 2017-05-17T22:23:10+08:00 ] ::1 /eduWeb/API/?m=courseinfo&c=course&a=getCourse?classifyId=1
INFO: [ app_init ] --START--
INFO: Run Behavior\BuildLiteBehavior [ RunTime:0.000016s ]
INFO: [ app_init ] --END-- [ RunTime:0.000431s ]
ERR: 无法加载模块:Courseinfo

[ 2017-05-17T22:23:11+08:00 ] ::1 /eduWeb/API/?m=courseinfo&c=course&a=getCourse?classifyId=1
INFO: [ app_init ] --START--
INFO: Run Behavior\BuildLiteBehavior [ RunTime:0.000016s ]
INFO: [ app_init ] --END-- [ RunTime:0.000423s ]
ERR: 无法加载模块:Courseinfo

[ 2017-05-17T22:23:11+08:00 ] ::1 /eduWeb/API/?m=courseinfo&c=course&a=getCourse?classifyId=1
INFO: [ app_init ] --START--
INFO: Run Behavior\BuildLiteBehavior [ RunTime:0.000018s ]
INFO: [ app_init ] --END-- [ RunTime:0.000519s ]
ERR: 无法加载模块:Courseinfo

[ 2017-05-17T22:23:11+08:00 ] ::1 /eduWeb/API/?m=courseinfo&c=course&a=getCourse?classifyId=1
INFO: [ app_init ] --START--
INFO: Run Behavior\BuildLiteBehavior [ RunTime:0.000021s ]
INFO: [ app_init ] --END-- [ RunTime:0.000563s ]
ERR: 无法加载模块:Courseinfo

[ 2017-05-17T22:23:11+08:00 ] ::1 /eduWeb/API/?m=courseinfo&c=course&a=getCourse?classifyId=1
INFO: [ app_init ] --START--
INFO: Run Behavior\BuildLiteBehavior [ RunTime:0.000018s ]
INFO: [ app_init ] --END-- [ RunTime:0.000499s ]
ERR: 无法加载模块:Courseinfo

[ 2017-05-17T22:23:42+08:00 ] ::1 /eduWeb/API/?m=courseInfo&c=course&a=getCourse?classifyId=1
INFO: [ app_init ] --START--
INFO: Run Behavior\BuildLiteBehavior [ RunTime:0.000020s ]
INFO: [ app_init ] --END-- [ RunTime:0.000536s ]
ERR: 无法加载模块:CourseInfo

[ 2017-05-17T22:24:04+08:00 ] ::1 /eduWeb/API/?m=courseInfo&c=course&a=getCourse?classifyId=1
INFO: [ app_init ] --START--
INFO: Run Behavior\BuildLiteBehavior [ RunTime:0.000014s ]
INFO: [ app_init ] --END-- [ RunTime:0.000433s ]
ERR: 无法加载模块:CourseInfo

[ 2017-05-17T22:24:05+08:00 ] ::1 /eduWeb/API/?m=courseInfo&c=course&a=getCourse?classifyId=1
INFO: [ app_init ] --START--
INFO: Run Behavior\BuildLiteBehavior [ RunTime:0.000019s ]
INFO: [ app_init ] --END-- [ RunTime:0.000515s ]
ERR: 无法加载模块:CourseInfo

[ 2017-05-17T22:24:05+08:00 ] ::1 /eduWeb/API/?m=courseInfo&c=course&a=getCourse?classifyId=1
INFO: [ app_init ] --START--
INFO: Run Behavior\BuildLiteBehavior [ RunTime:0.000012s ]
INFO: [ app_init ] --END-- [ RunTime:0.000320s ]
ERR: 无法加载模块:CourseInfo

[ 2017-05-17T22:24:18+08:00 ] ::1 /eduWeb/API/?m=courseinfo&c=course&a=getCourse?classifyId=1
INFO: [ app_init ] --START--
INFO: Run Behavior\BuildLiteBehavior [ RunTime:0.000023s ]
INFO: [ app_init ] --END-- [ RunTime:0.000720s ]
ERR: 无法加载模块:Courseinfo

[ 2017-05-17T22:24:28+08:00 ] ::1 /eduWeb/API/?m=courseinfo&c=course&a=getCourse?classifyId=1
INFO: [ app_init ] --START--
INFO: Run Behavior\BuildLiteBehavior [ RunTime:0.000023s ]
INFO: [ app_init ] --END-- [ RunTime:0.000719s ]
ERR: 无法加载模块:Courseinfo

[ 2017-05-17T22:24:29+08:00 ] ::1 /eduWeb/API/?m=courseinfo&c=course&a=getCourse?classifyId=1
INFO: [ app_init ] --START--
INFO: Run Behavior\BuildLiteBehavior [ RunTime:0.000013s ]
INFO: [ app_init ] --END-- [ RunTime:0.000352s ]
ERR: 无法加载模块:Courseinfo

[ 2017-05-17T22:24:29+08:00 ] ::1 /eduWeb/API/?m=courseinfo&c=course&a=getCourse?classifyId=1
INFO: [ app_init ] --START--
INFO: Run Behavior\BuildLiteBehavior [ RunTime:0.000019s ]
INFO: [ app_init ] --END-- [ RunTime:0.000527s ]
ERR: 无法加载模块:Courseinfo

[ 2017-05-17T22:24:29+08:00 ] ::1 /eduWeb/API/?m=courseinfo&c=course&a=getCourse?classifyId=1
INFO: [ app_init ] --START--
INFO: Run Behavior\BuildLiteBehavior [ RunTime:0.000019s ]
INFO: [ app_init ] --END-- [ RunTime:0.000516s ]
ERR: 无法加载模块:Courseinfo

[ 2017-05-17T22:24:56+08:00 ] ::1 /eduWeb/API/?m=courseinfo&c=course&a=getCourse?classifyId=1
INFO: [ app_init ] --START--
INFO: Run Behavior\BuildLiteBehavior [ RunTime:0.000020s ]
INFO: [ app_init ] --END-- [ RunTime:0.000564s ]
ERR: 无法加载模块:Courseinfo

[ 2017-05-17T22:24:56+08:00 ] ::1 /eduWeb/API/?m=courseinfo&c=course&a=getCourse?classifyId=1
INFO: [ app_init ] --START--
INFO: Run Behavior\BuildLiteBehavior [ RunTime:0.000016s ]
INFO: [ app_init ] --END-- [ RunTime:0.000453s ]
ERR: 无法加载模块:Courseinfo

[ 2017-05-17T22:24:56+08:00 ] ::1 /eduWeb/API/?m=courseinfo&c=course&a=getCourse?classifyId=1
INFO: [ app_init ] --START--
INFO: Run Behavior\BuildLiteBehavior [ RunTime:0.000014s ]
INFO: [ app_init ] --END-- [ RunTime:0.000409s ]
ERR: 无法加载模块:Courseinfo

[ 2017-05-17T22:24:59+08:00 ] ::1 /eduWeb/API/?m=courseInfo&c=course&a=getCourse?classifyId=1
INFO: [ app_init ] --START--
INFO: Run Behavior\BuildLiteBehavior [ RunTime:0.000013s ]
INFO: [ app_init ] --END-- [ RunTime:0.000357s ]
ERR: 无法加载模块:CourseInfo

[ 2017-05-17T22:25:26+08:00 ] ::1 /eduWeb/API/?m=courseInfo&c=course&a=getCourse?classifyId=1
INFO: [ app_init ] --START--
INFO: Run Behavior\BuildLiteBehavior [ RunTime:0.000013s ]
INFO: [ app_init ] --END-- [ RunTime:0.000388s ]
ERR: 无法加载模块:CourseInfo

[ 2017-05-17T22:25:27+08:00 ] ::1 /eduWeb/API/?m=courseInfo&c=course&a=getCourse?classifyId=1
INFO: [ app_init ] --START--
INFO: Run Behavior\BuildLiteBehavior [ RunTime:0.000012s ]
INFO: [ app_init ] --END-- [ RunTime:0.000357s ]
ERR: 无法加载模块:CourseInfo

[ 2017-05-17T22:26:42+08:00 ] ::1 /eduWeb/API/?m=courseInfo&c=Course&a=getCourse?classifyId=1
INFO: [ app_init ] --START--
INFO: Run Behavior\BuildLiteBehavior [ RunTime:0.000018s ]
INFO: [ app_init ] --END-- [ RunTime:0.000518s ]
ERR: 无法加载模块:CourseInfo

[ 2017-05-17T22:26:43+08:00 ] ::1 /eduWeb/API/?m=courseInfo&c=Course&a=getCourse?classifyId=1
INFO: [ app_init ] --START--
INFO: Run Behavior\BuildLiteBehavior [ RunTime:0.000014s ]
INFO: [ app_init ] --END-- [ RunTime:0.000344s ]
ERR: 无法加载模块:CourseInfo

[ 2017-05-17T22:26:44+08:00 ] ::1 /eduWeb/API/?m=courseInfo&c=Course&a=getCourse?classifyId=1
INFO: [ app_init ] --START--
INFO: Run Behavior\BuildLiteBehavior [ RunTime:0.000029s ]
INFO: [ app_init ] --END-- [ RunTime:0.000902s ]
ERR: 无法加载模块:CourseInfo

[ 2017-05-17T22:26:44+08:00 ] ::1 /eduWeb/API/?m=courseInfo&c=Course&a=getCourse?classifyId=1
INFO: [ app_init ] --START--
INFO: Run Behavior\BuildLiteBehavior [ RunTime:0.000016s ]
INFO: [ app_init ] --END-- [ RunTime:0.000457s ]
ERR: 无法加载模块:CourseInfo

[ 2017-05-17T22:26:46+08:00 ] ::1 /eduWeb/API/?m=courseInfo&c=Course&a=getCourse?classifyId=1
INFO: [ app_init ] --START--
INFO: Run Behavior\BuildLiteBehavior [ RunTime:0.000027s ]
INFO: [ app_init ] --END-- [ RunTime:0.000741s ]
ERR: 无法加载模块:CourseInfo

[ 2017-05-17T22:26:46+08:00 ] ::1 /eduWeb/API/?m=courseInfo&c=Course&a=getCourse?classifyId=1
INFO: [ app_init ] --START--
INFO: Run Behavior\BuildLiteBehavior [ RunTime:0.000021s ]
INFO: [ app_init ] --END-- [ RunTime:0.000567s ]
ERR: 无法加载模块:CourseInfo

[ 2017-05-17T22:26:47+08:00 ] ::1 /eduWeb/API/?m=courseInfo&c=Course&a=getCourse?classifyId=1
INFO: [ app_init ] --START--
INFO: Run Behavior\BuildLiteBehavior [ RunTime:0.000016s ]
INFO: [ app_init ] --END-- [ RunTime:0.000502s ]
ERR: 无法加载模块:CourseInfo

[ 2017-05-17T22:27:01+08:00 ] ::1 /eduWeb/API/?m=courseInfo&c=Course&a=getCourse&classifyId=1
INFO: [ app_init ] --START--
INFO: Run Behavior\BuildLiteBehavior [ RunTime:0.000035s ]
INFO: [ app_init ] --END-- [ RunTime:0.000549s ]
ERR: 无法加载模块:CourseInfo

[ 2017-05-17T22:27:03+08:00 ] ::1 /eduWeb/API/?m=courseInfo&c=Course&a=getCourse&classifyId=1
INFO: [ app_init ] --START--
INFO: Run Behavior\BuildLiteBehavior [ RunTime:0.000017s ]
INFO: [ app_init ] --END-- [ RunTime:0.000459s ]
ERR: 无法加载模块:CourseInfo

[ 2017-05-17T22:27:03+08:00 ] ::1 /eduWeb/API/?m=courseInfo&c=Course&a=getCourse&classifyId=1
INFO: [ app_init ] --START--
INFO: Run Behavior\BuildLiteBehavior [ RunTime:0.000020s ]
INFO: [ app_init ] --END-- [ RunTime:0.000676s ]
ERR: 无法加载模块:CourseInfo

[ 2017-05-17T22:29:25+08:00 ] ::1 /eduWeb/API/index.php?m=Classify&c=Classify&a=getClassify
INFO: [ app_init ] --START--
INFO: Run Behavior\BuildLiteBehavior [ RunTime:0.000016s ]
INFO: [ app_init ] --END-- [ RunTime:0.000467s ]
ERR: 无法加载模块:Classify

[ 2017-05-17T22:29:26+08:00 ] ::1 /eduWeb/API/index.php?m=Classify&c=Classify&a=getClassify
INFO: [ app_init ] --START--
INFO: Run Behavior\BuildLiteBehavior [ RunTime:0.000021s ]
INFO: [ app_init ] --END-- [ RunTime:0.000533s ]
ERR: 无法加载模块:Classify

[ 2017-05-17T22:29:27+08:00 ] ::1 /eduWeb/API/index.php?m=Classify&c=Classify&a=getClassify
INFO: [ app_init ] --START--
INFO: Run Behavior\BuildLiteBehavior [ RunTime:0.000015s ]
INFO: [ app_init ] --END-- [ RunTime:0.000423s ]
ERR: 无法加载模块:Classify

[ 2017-05-17T22:29:27+08:00 ] ::1 /eduWeb/API/index.php?m=Classify&c=Classify&a=getClassify
INFO: [ app_init ] --START--
INFO: Run Behavior\BuildLiteBehavior [ RunTime:0.000019s ]
INFO: [ app_init ] --END-- [ RunTime:0.000632s ]
ERR: 无法加载模块:Classify

[ 2017-05-17T22:29:45+08:00 ] ::1 /eduWeb/API/index.php?m=Classify&c=Classify&a=getClassify
INFO: [ app_init ] --START--
INFO: Run Behavior\BuildLiteBehavior [ RunTime:0.000017s ]
INFO: [ app_init ] --END-- [ RunTime:0.000469s ]
ERR: 无法加载模块:Classify

[ 2017-05-17T22:29:45+08:00 ] ::1 /eduWeb/API/index.php?m=Classify&c=Classify&a=getClassify
INFO: [ app_init ] --START--
INFO: Run Behavior\BuildLiteBehavior [ RunTime:0.000018s ]
INFO: [ app_init ] --END-- [ RunTime:0.000489s ]
ERR: 无法加载模块:Classify

[ 2017-05-17T22:29:45+08:00 ] ::1 /eduWeb/API/index.php?m=Classify&c=Classify&a=getClassify
INFO: [ app_init ] --START--
INFO: Run Behavior\BuildLiteBehavior [ RunTime:0.000019s ]
INFO: [ app_init ] --END-- [ RunTime:0.000588s ]
ERR: 无法加载模块:Classify

[ 2017-05-17T22:29:46+08:00 ] ::1 /eduWeb/API/index.php?m=Classify&c=Classify&a=getClassify
INFO: [ app_init ] --START--
INFO: Run Behavior\BuildLiteBehavior [ RunTime:0.000021s ]
INFO: [ app_init ] --END-- [ RunTime:0.000479s ]
ERR: 无法加载模块:Classify

[ 2017-05-17T22:29:46+08:00 ] ::1 /eduWeb/API/index.php?m=Classify&c=Classify&a=getClassify
INFO: [ app_init ] --START--
INFO: Run Behavior\BuildLiteBehavior [ RunTime:0.000027s ]
INFO: [ app_init ] --END-- [ RunTime:0.000473s ]
ERR: 无法加载模块:Classify

[ 2017-05-17T22:30:02+08:00 ] ::1 /eduWeb/API/index.php?m=Classify&c=Classify&a=getClassify
INFO: [ app_init ] --START--
INFO: Run Behavior\BuildLiteBehavior [ RunTime:0.000017s ]
INFO: [ app_init ] --END-- [ RunTime:0.000521s ]
ERR: 无法加载模块:Classify

[ 2017-05-17T22:30:03+08:00 ] ::1 /eduWeb/API/index.php?m=Classify&c=Classify&a=getClassify
INFO: [ app_init ] --START--
INFO: Run Behavior\BuildLiteBehavior [ RunTime:0.000020s ]
INFO: [ app_init ] --END-- [ RunTime:0.000601s ]
ERR: 无法加载模块:Classify

[ 2017-05-17T22:30:03+08:00 ] ::1 /eduWeb/API/index.php?m=Classify&c=Classify&a=getClassify
INFO: [ app_init ] --START--
INFO: Run Behavior\BuildLiteBehavior [ RunTime:0.000016s ]
INFO: [ app_init ] --END-- [ RunTime:0.000954s ]
ERR: 无法加载模块:Classify

[ 2017-05-17T22:30:04+08:00 ] ::1 /eduWeb/API/index.php?m=Classify&c=Classify&a=getClassify
INFO: [ app_init ] --START--
INFO: Run Behavior\BuildLiteBehavior [ RunTime:0.000017s ]
INFO: [ app_init ] --END-- [ RunTime:0.000529s ]
ERR: 无法加载模块:Classify

[ 2017-05-17T22:30:04+08:00 ] ::1 /eduWeb/API/index.php?m=Classify&c=Classify&a=getClassify
INFO: [ app_init ] --START--
INFO: Run Behavior\BuildLiteBehavior [ RunTime:0.000025s ]
INFO: [ app_init ] --END-- [ RunTime:0.000530s ]
ERR: 无法加载模块:Classify

[ 2017-05-17T22:30:04+08:00 ] ::1 /eduWeb/API/index.php?m=Classify&c=Classify&a=getClassify
INFO: [ app_init ] --START--
INFO: Run Behavior\BuildLiteBehavior [ RunTime:0.000021s ]
INFO: [ app_init ] --END-- [ RunTime:0.000582s ]
ERR: 无法加载模块:Classify

[ 2017-05-17T22:30:04+08:00 ] ::1 /eduWeb/API/index.php?m=Classify&c=Classify&a=getClassify
INFO: [ app_init ] --START--
INFO: Run Behavior\BuildLiteBehavior [ RunTime:0.000020s ]
INFO: [ app_init ] --END-- [ RunTime:0.000592s ]
ERR: 无法加载模块:Classify

[ 2017-05-17T22:30:08+08:00 ] ::1 /eduWeb/API/index.php?m=Classify&c=Classify&a=getClassify
INFO: [ app_init ] --START--
INFO: Run Behavior\BuildLiteBehavior [ RunTime:0.000017s ]
INFO: [ app_init ] --END-- [ RunTime:0.000471s ]
ERR: 无法加载模块:Classify

[ 2017-05-17T22:30:08+08:00 ] ::1 /eduWeb/API/index.php?m=Classify&c=Classify&a=getClassify
INFO: [ app_init ] --START--
INFO: Run Behavior\BuildLiteBehavior [ RunTime:0.000018s ]
INFO: [ app_init ] --END-- [ RunTime:0.000512s ]
ERR: 无法加载模块:Classify

[ 2017-05-17T22:30:09+08:00 ] ::1 /eduWeb/API/index.php?m=Classify&c=Classify&a=getClassify
INFO: [ app_init ] --START--
INFO: Run Behavior\BuildLiteBehavior [ RunTime:0.000016s ]
INFO: [ app_init ] --END-- [ RunTime:0.000484s ]
ERR: 无法加载模块:Classify

[ 2017-05-17T22:30:09+08:00 ] ::1 /eduWeb/API/index.php?m=Classify&c=Classify&a=getClassify
INFO: [ app_init ] --START--
INFO: Run Behavior\BuildLiteBehavior [ RunTime:0.000022s ]
INFO: [ app_init ] --END-- [ RunTime:0.001621s ]
ERR: 无法加载模块:Classify

[ 2017-05-17T22:30:09+08:00 ] ::1 /eduWeb/API/index.php?m=Classify&c=Classify&a=getClassify
INFO: [ app_init ] --START--
INFO: Run Behavior\BuildLiteBehavior [ RunTime:0.000020s ]
INFO: [ app_init ] --END-- [ RunTime:0.000549s ]
ERR: 无法加载模块:Classify

[ 2017-05-17T22:30:10+08:00 ] ::1 /eduWeb/API/index.php?m=Classify&c=Classify&a=getClassify
INFO: [ app_init ] --START--
INFO: Run Behavior\BuildLiteBehavior [ RunTime:0.000024s ]
INFO: [ app_init ] --END-- [ RunTime:0.000850s ]
ERR: 无法加载模块:Classify

[ 2017-05-17T22:30:10+08:00 ] ::1 /eduWeb/API/index.php?m=Classify&c=Classify&a=getClassify
INFO: [ app_init ] --START--
INFO: Run Behavior\BuildLiteBehavior [ RunTime:0.000022s ]
INFO: [ app_init ] --END-- [ RunTime:0.000745s ]
ERR: 无法加载模块:Classify

[ 2017-05-17T22:33:44+08:00 ] ::1 /eduWeb/API/index.php?m=Classify&c=Classify&a=getClassify
INFO: [ app_init ] --START--
INFO: Run Behavior\BuildLiteBehavior [ RunTime:0.000022s ]
INFO: [ app_init ] --END-- [ RunTime:0.000671s ]
ERR: 无法加载模块:Classify

[ 2017-05-17T22:33:44+08:00 ] ::1 /eduWeb/API/index.php?m=Classify&c=Classify&a=getClassify
INFO: [ app_init ] --START--
INFO: Run Behavior\BuildLiteBehavior [ RunTime:0.000018s ]
INFO: [ app_init ] --END-- [ RunTime:0.000470s ]
ERR: 无法加载模块:Classify

[ 2017-05-17T22:33:44+08:00 ] ::1 /eduWeb/API/index.php?m=Classify&c=Classify&a=getClassify
INFO: [ app_init ] --START--
INFO: Run Behavior\BuildLiteBehavior [ RunTime:0.000019s ]
INFO: [ app_init ] --END-- [ RunTime:0.000563s ]
ERR: 无法加载模块:Classify

[ 2017-05-17T22:34:20+08:00 ] ::1 /eduWeb/API/?m=Classify&c=Classify&a=getClassify
INFO: [ app_init ] --START--
INFO: Run Behavior\BuildLiteBehavior [ RunTime:0.000018s ]
INFO: [ app_init ] --END-- [ RunTime:0.000482s ]
ERR: 无法加载模块:Classify

[ 2017-05-17T22:34:49+08:00 ] ::1 /eduWeb/API/?m=classify&c=Classify&a=getClassify
INFO: [ app_init ] --START--
INFO: Run Behavior\BuildLiteBehavior [ RunTime:0.000019s ]
INFO: [ app_init ] --END-- [ RunTime:0.000364s ]
ERR: 无法加载模块:Classify

[ 2017-05-17T22:35:14+08:00 ] ::1 /eduWeb/API/?m=classify&c=Classify&a=getClassify
INFO: [ app_init ] --START--
INFO: Run Behavior\BuildLiteBehavior [ RunTime:0.000019s ]
INFO: [ app_init ] --END-- [ RunTime:0.000935s ]
ERR: 无法加载模块:Classify

[ 2017-05-17T22:36:53+08:00 ] ::1 /eduWeb/API/?m=courseInfo&c=Course&a=getCourse&classifyId=1
INFO: [ app_init ] --START--
INFO: Run Behavior\BuildLiteBehavior [ RunTime:0.000021s ]
INFO: [ app_init ] --END-- [ RunTime:0.000594s ]
ERR: 无法加载模块:CourseInfo

