[ 2017-05-23T00:02:04+08:00 ] ::1 /eduWeb/API/index.php?m=bbs&c=bbs&a=getAllBbs
INFO: [ app_init ] --START--
INFO: Run Behavior\BuildLiteBehavior [ RunTime:0.000017s ]
INFO: [ app_init ] --END-- [ RunTime:0.000566s ]
INFO: [ app_begin ] --START--
INFO: Run Behavior\ReadHtmlCacheBehavior [ RunTime:0.000963s ]
INFO: [ app_begin ] --END-- [ RunTime:0.001026s ]
SQL: SHOW COLUMNS FROM `db_bbs` [ RunTime:0.0033s ]
SQL: SHOW COLUMNS FROM `db_user` [ RunTime:0.0033s ]
SQL: SELECT a.username as username,b.bbsId as bbsId,b.title as title,b.content as content,b.createAt as createAt FROM db_user  as  a INNER JOIN db_bbs  as  b  on  b.userId = a.objectId   [ RunTime:0.0002s ]

[ 2017-05-23T00:02:04+08:00 ] ::1 /eduWeb/API/index.php?m=bbs&c=bbs&a=getAllBbs
INFO: [ app_init ] --START--
INFO: Run Behavior\BuildLiteBehavior [ RunTime:0.000015s ]
INFO: [ app_init ] --END-- [ RunTime:0.000441s ]
INFO: [ app_begin ] --START--
INFO: Run Behavior\ReadHtmlCacheBehavior [ RunTime:0.000928s ]
INFO: [ app_begin ] --END-- [ RunTime:0.000979s ]
SQL: SHOW COLUMNS FROM `db_bbs` [ RunTime:0.0076s ]
SQL: SHOW COLUMNS FROM `db_user` [ RunTime:0.0036s ]
SQL: SELECT a.username as username,b.bbsId as bbsId,b.title as title,b.content as content,b.createAt as createAt FROM db_user  as  a INNER JOIN db_bbs  as  b  on  b.userId = a.objectId   [ RunTime:0.0003s ]

[ 2017-05-23T00:04:09+08:00 ] ::1 /eduWeb/API/index.php?m=bbs&c=bbs&a=getAllBbs
INFO: [ app_init ] --START--
INFO: Run Behavior\BuildLiteBehavior [ RunTime:0.000018s ]
INFO: [ app_init ] --END-- [ RunTime:0.000479s ]
INFO: [ app_begin ] --START--
INFO: Run Behavior\ReadHtmlCacheBehavior [ RunTime:0.001028s ]
INFO: [ app_begin ] --END-- [ RunTime:0.001098s ]
SQL: SHOW COLUMNS FROM `db_bbs` [ RunTime:0.0043s ]
SQL: SHOW COLUMNS FROM `db_user` [ RunTime:0.0043s ]
SQL: SELECT a.username as username,b.bbsId as bbsId,b.title as title,b.content as content,b.createAt as createAt FROM db_user  as  a INNER JOIN db_bbs  as  b  on  b.userId = a.objectId   [ RunTime:0.0004s ]

[ 2017-05-23T00:04:14+08:00 ] ::1 /eduWeb/API/index.php?m=bbs&c=bbs&a=getAllBbs
INFO: [ app_init ] --START--
INFO: Run Behavior\BuildLiteBehavior [ RunTime:0.000016s ]
INFO: [ app_init ] --END-- [ RunTime:0.000511s ]
INFO: [ app_begin ] --START--
INFO: Run Behavior\ReadHtmlCacheBehavior [ RunTime:0.000995s ]
INFO: [ app_begin ] --END-- [ RunTime:0.001059s ]
SQL: SHOW COLUMNS FROM `db_bbs` [ RunTime:0.0083s ]
SQL: SHOW COLUMNS FROM `db_user` [ RunTime:0.0050s ]
SQL: SELECT a.username as username,b.bbsId as bbsId,b.title as title,b.content as content,b.createAt as createAt FROM db_user  as  a INNER JOIN db_bbs  as  b  on  b.userId = a.objectId   [ RunTime:0.0004s ]

[ 2017-05-23T00:07:46+08:00 ] ::1 /eduWeb/API/index.php?m=bbs&c=bbs&a=getAllBbs
INFO: [ app_init ] --START--
INFO: Run Behavior\BuildLiteBehavior [ RunTime:0.000021s ]
INFO: [ app_init ] --END-- [ RunTime:0.000548s ]
INFO: [ app_begin ] --START--
INFO: Run Behavior\ReadHtmlCacheBehavior [ RunTime:0.000970s ]
INFO: [ app_begin ] --END-- [ RunTime:0.001039s ]
SQL: SHOW COLUMNS FROM `db_bbs` [ RunTime:0.0079s ]
SQL: SHOW COLUMNS FROM `db_user` [ RunTime:0.0038s ]
SQL: SELECT a.username as username,b.bbsId as bbsId,b.title as title,b.content as content,b.createAt as createAt FROM db_user  as  a INNER JOIN db_bbs  as  b  on  b.userId = a.objectId   [ RunTime:0.0003s ]

[ 2017-05-23T00:07:46+08:00 ] ::1 /eduWeb/API/index.php?m=bbs&c=bbs&a=getAllBbs
INFO: [ app_init ] --START--
INFO: Run Behavior\BuildLiteBehavior [ RunTime:0.000020s ]
INFO: [ app_init ] --END-- [ RunTime:0.000518s ]
INFO: [ app_begin ] --START--
INFO: Run Behavior\ReadHtmlCacheBehavior [ RunTime:0.001220s ]
INFO: [ app_begin ] --END-- [ RunTime:0.001309s ]
SQL: SHOW COLUMNS FROM `db_bbs` [ RunTime:0.0041s ]
SQL: SHOW COLUMNS FROM `db_user` [ RunTime:0.0050s ]
SQL: SELECT a.username as username,b.bbsId as bbsId,b.title as title,b.content as content,b.createAt as createAt FROM db_user  as  a INNER JOIN db_bbs  as  b  on  b.userId = a.objectId   [ RunTime:0.0003s ]

[ 2017-05-23T00:08:42+08:00 ] ::1 /eduWeb/API/index.php?m=bbs&c=bbs&a=getAllBbs
INFO: [ app_init ] --START--
INFO: Run Behavior\BuildLiteBehavior [ RunTime:0.000017s ]
INFO: [ app_init ] --END-- [ RunTime:0.000557s ]
INFO: [ app_begin ] --START--
INFO: Run Behavior\ReadHtmlCacheBehavior [ RunTime:0.002876s ]
INFO: [ app_begin ] --END-- [ RunTime:0.003006s ]
SQL: SHOW COLUMNS FROM `db_bbs` [ RunTime:0.0033s ]
SQL: SHOW COLUMNS FROM `db_user` [ RunTime:0.0042s ]
SQL: SELECT a.username as username,b.bbsId as bbsId,b.title as title,b.content as content,b.createAt as createAt FROM db_user  as  a INNER JOIN db_bbs  as  b  on  b.userId = a.objectId   [ RunTime:0.0002s ]

[ 2017-05-23T00:08:43+08:00 ] ::1 /eduWeb/API/index.php?m=bbs&c=bbs&a=getAllBbs
INFO: [ app_init ] --START--
INFO: Run Behavior\BuildLiteBehavior [ RunTime:0.000017s ]
INFO: [ app_init ] --END-- [ RunTime:0.000452s ]
INFO: [ app_begin ] --START--
INFO: Run Behavior\ReadHtmlCacheBehavior [ RunTime:0.000988s ]
INFO: [ app_begin ] --END-- [ RunTime:0.001066s ]
SQL: SHOW COLUMNS FROM `db_bbs` [ RunTime:0.0076s ]
SQL: SHOW COLUMNS FROM `db_user` [ RunTime:0.0044s ]
SQL: SELECT a.username as username,b.bbsId as bbsId,b.title as title,b.content as content,b.createAt as createAt FROM db_user  as  a INNER JOIN db_bbs  as  b  on  b.userId = a.objectId   [ RunTime:0.0004s ]

[ 2017-05-23T00:09:01+08:00 ] ::1 /eduWeb/API/index.php?m=bbs&c=bbs&a=getAllBbs
INFO: [ app_init ] --START--
INFO: Run Behavior\BuildLiteBehavior [ RunTime:0.000016s ]
INFO: [ app_init ] --END-- [ RunTime:0.000482s ]
INFO: [ app_begin ] --START--
INFO: Run Behavior\ReadHtmlCacheBehavior [ RunTime:0.000969s ]
INFO: [ app_begin ] --END-- [ RunTime:0.001026s ]
SQL: SHOW COLUMNS FROM `db_bbs` [ RunTime:0.0082s ]
SQL: SHOW COLUMNS FROM `db_user` [ RunTime:0.0044s ]
SQL: SELECT a.username as username,b.bbsId as bbsId,b.title as title,b.content as content,b.createAt as createAt FROM db_user  as  a INNER JOIN db_bbs  as  b  on  b.userId = a.objectId   [ RunTime:0.0004s ]

[ 2017-05-23T00:09:01+08:00 ] ::1 /eduWeb/API/index.php?m=bbs&c=bbs&a=getAllBbs
INFO: [ app_init ] --START--
INFO: Run Behavior\BuildLiteBehavior [ RunTime:0.000015s ]
INFO: [ app_init ] --END-- [ RunTime:0.000422s ]
INFO: [ app_begin ] --START--
INFO: Run Behavior\ReadHtmlCacheBehavior [ RunTime:0.000882s ]
INFO: [ app_begin ] --END-- [ RunTime:0.000948s ]
SQL: SHOW COLUMNS FROM `db_bbs` [ RunTime:0.0073s ]
SQL: SHOW COLUMNS FROM `db_user` [ RunTime:0.0051s ]
SQL: SELECT a.username as username,b.bbsId as bbsId,b.title as title,b.content as content,b.createAt as createAt FROM db_user  as  a INNER JOIN db_bbs  as  b  on  b.userId = a.objectId   [ RunTime:0.0004s ]

[ 2017-05-23T00:09:05+08:00 ] ::1 /eduWeb/API/index.php?m=bbs&c=bbs&a=getAllBbs
INFO: [ app_init ] --START--
INFO: Run Behavior\BuildLiteBehavior [ RunTime:0.000017s ]
INFO: [ app_init ] --END-- [ RunTime:0.000401s ]
INFO: [ app_begin ] --START--
INFO: Run Behavior\ReadHtmlCacheBehavior [ RunTime:0.000858s ]
INFO: [ app_begin ] --END-- [ RunTime:0.000912s ]
SQL: SHOW COLUMNS FROM `db_bbs` [ RunTime:0.0041s ]
SQL: SHOW COLUMNS FROM `db_user` [ RunTime:0.0047s ]
SQL: SELECT a.username as username,b.bbsId as bbsId,b.title as title,b.content as content,b.createAt as createAt FROM db_user  as  a INNER JOIN db_bbs  as  b  on  b.userId = a.objectId   [ RunTime:0.0003s ]

[ 2017-05-23T00:11:14+08:00 ] ::1 /eduWeb/API/index.php?m=bbs&c=bbs&a=getAllBbs
INFO: [ app_init ] --START--
INFO: Run Behavior\BuildLiteBehavior [ RunTime:0.000017s ]
INFO: [ app_init ] --END-- [ RunTime:0.000488s ]
INFO: [ app_begin ] --START--
INFO: Run Behavior\ReadHtmlCacheBehavior [ RunTime:0.000927s ]
INFO: [ app_begin ] --END-- [ RunTime:0.000987s ]
SQL: SHOW COLUMNS FROM `db_bbs` [ RunTime:0.0108s ]
SQL: SHOW COLUMNS FROM `db_user` [ RunTime:0.0057s ]
SQL: SELECT a.username as username,b.bbsId as bbsId,b.title as title,b.content as content,b.createAt as createAt FROM db_user  as  a INNER JOIN db_bbs  as  b  on  b.userId = a.objectId   [ RunTime:0.0005s ]

[ 2017-05-23T00:11:24+08:00 ] ::1 /eduWeb/API/index.php?m=bbs&c=bbs&a=getAllBbs
INFO: [ app_init ] --START--
INFO: Run Behavior\BuildLiteBehavior [ RunTime:0.000015s ]
INFO: [ app_init ] --END-- [ RunTime:0.000445s ]
INFO: [ app_begin ] --START--
INFO: Run Behavior\ReadHtmlCacheBehavior [ RunTime:0.000927s ]
INFO: [ app_begin ] --END-- [ RunTime:0.000988s ]
SQL: SHOW COLUMNS FROM `db_bbs` [ RunTime:0.0074s ]
SQL: SHOW COLUMNS FROM `db_user` [ RunTime:0.0043s ]
SQL: SELECT a.username as username,b.bbsId as bbsId,b.title as title,b.content as content,b.createAt as createAt FROM db_user  as  a INNER JOIN db_bbs  as  b  on  b.userId = a.objectId   [ RunTime:0.0003s ]

[ 2017-05-23T00:11:25+08:00 ] ::1 /eduWeb/API/index.php?m=bbs&c=bbs&a=getAllBbs
INFO: [ app_init ] --START--
INFO: Run Behavior\BuildLiteBehavior [ RunTime:0.000018s ]
INFO: [ app_init ] --END-- [ RunTime:0.000497s ]
INFO: [ app_begin ] --START--
INFO: Run Behavior\ReadHtmlCacheBehavior [ RunTime:0.001116s ]
INFO: [ app_begin ] --END-- [ RunTime:0.001181s ]
SQL: SHOW COLUMNS FROM `db_bbs` [ RunTime:0.0041s ]
SQL: SHOW COLUMNS FROM `db_user` [ RunTime:0.0047s ]
SQL: SELECT a.username as username,b.bbsId as bbsId,b.title as title,b.content as content,b.createAt as createAt FROM db_user  as  a INNER JOIN db_bbs  as  b  on  b.userId = a.objectId   [ RunTime:0.0004s ]

[ 2017-05-23T00:11:51+08:00 ] ::1 /eduWeb/API/index.php?m=bbs&c=bbs&a=getAllBbs
INFO: [ app_init ] --START--
INFO: Run Behavior\BuildLiteBehavior [ RunTime:0.000018s ]
INFO: [ app_init ] --END-- [ RunTime:0.000500s ]
INFO: [ app_begin ] --START--
INFO: Run Behavior\ReadHtmlCacheBehavior [ RunTime:0.001159s ]
INFO: [ app_begin ] --END-- [ RunTime:0.001233s ]
SQL: SHOW COLUMNS FROM `db_bbs` [ RunTime:0.0082s ]
SQL: SHOW COLUMNS FROM `db_user` [ RunTime:0.0038s ]
SQL: SELECT a.username as username,b.bbsId as bbsId,b.title as title,b.content as content,b.createAt as createAt FROM db_user  as  a INNER JOIN db_bbs  as  b  on  b.userId = a.objectId   [ RunTime:0.0004s ]

[ 2017-05-23T00:11:52+08:00 ] ::1 /eduWeb/API/index.php?m=bbs&c=bbs&a=getAllBbs
INFO: [ app_init ] --START--
INFO: Run Behavior\BuildLiteBehavior [ RunTime:0.000016s ]
INFO: [ app_init ] --END-- [ RunTime:0.000401s ]
INFO: [ app_begin ] --START--
INFO: Run Behavior\ReadHtmlCacheBehavior [ RunTime:0.004066s ]
INFO: [ app_begin ] --END-- [ RunTime:0.004128s ]
SQL: SHOW COLUMNS FROM `db_bbs` [ RunTime:0.0052s ]
SQL: SHOW COLUMNS FROM `db_user` [ RunTime:0.0037s ]
SQL: SELECT a.username as username,b.bbsId as bbsId,b.title as title,b.content as content,b.createAt as createAt FROM db_user  as  a INNER JOIN db_bbs  as  b  on  b.userId = a.objectId   [ RunTime:0.0003s ]

[ 2017-05-23T00:12:00+08:00 ] ::1 /eduWeb/API/index.php?m=bbs&c=bbs&a=getAllBbs
INFO: [ app_init ] --START--
INFO: Run Behavior\BuildLiteBehavior [ RunTime:0.000015s ]
INFO: [ app_init ] --END-- [ RunTime:0.000436s ]
INFO: [ app_begin ] --START--
INFO: Run Behavior\ReadHtmlCacheBehavior [ RunTime:0.000892s ]
INFO: [ app_begin ] --END-- [ RunTime:0.000954s ]
SQL: SHOW COLUMNS FROM `db_bbs` [ RunTime:0.0075s ]
SQL: SHOW COLUMNS FROM `db_user` [ RunTime:0.0039s ]
SQL: SELECT a.username as username,b.bbsId as bbsId,b.title as title,b.content as content,b.createAt as createAt FROM db_user  as  a INNER JOIN db_bbs  as  b  on  b.userId = a.objectId   [ RunTime:0.0004s ]

[ 2017-05-23T00:12:01+08:00 ] ::1 /eduWeb/API/index.php?m=bbs&c=bbs&a=getAllBbs
INFO: [ app_init ] --START--
INFO: Run Behavior\BuildLiteBehavior [ RunTime:0.000018s ]
INFO: [ app_init ] --END-- [ RunTime:0.000461s ]
INFO: [ app_begin ] --START--
INFO: Run Behavior\ReadHtmlCacheBehavior [ RunTime:0.001016s ]
INFO: [ app_begin ] --END-- [ RunTime:0.001066s ]
SQL: SHOW COLUMNS FROM `db_bbs` [ RunTime:0.0040s ]
SQL: SHOW COLUMNS FROM `db_user` [ RunTime:0.0045s ]
SQL: SELECT a.username as username,b.bbsId as bbsId,b.title as title,b.content as content,b.createAt as createAt FROM db_user  as  a INNER JOIN db_bbs  as  b  on  b.userId = a.objectId   [ RunTime:0.0007s ]

[ 2017-05-23T00:12:02+08:00 ] ::1 /eduWeb/API/index.php?m=bbs&c=bbs&a=getAllBbs
INFO: [ app_init ] --START--
INFO: Run Behavior\BuildLiteBehavior [ RunTime:0.000016s ]
INFO: [ app_init ] --END-- [ RunTime:0.000475s ]
INFO: [ app_begin ] --START--
INFO: Run Behavior\ReadHtmlCacheBehavior [ RunTime:0.000928s ]
INFO: [ app_begin ] --END-- [ RunTime:0.000987s ]
SQL: SHOW COLUMNS FROM `db_bbs` [ RunTime:0.0049s ]
SQL: SHOW COLUMNS FROM `db_user` [ RunTime:0.0040s ]
SQL: SELECT a.username as username,b.bbsId as bbsId,b.title as title,b.content as content,b.createAt as createAt FROM db_user  as  a INNER JOIN db_bbs  as  b  on  b.userId = a.objectId   [ RunTime:0.0004s ]

[ 2017-05-23T00:12:03+08:00 ] ::1 /eduWeb/API/index.php?m=bbs&c=bbs&a=getAllBbs
INFO: [ app_init ] --START--
INFO: Run Behavior\BuildLiteBehavior [ RunTime:0.000017s ]
INFO: [ app_init ] --END-- [ RunTime:0.000445s ]
INFO: [ app_begin ] --START--
INFO: Run Behavior\ReadHtmlCacheBehavior [ RunTime:0.001065s ]
INFO: [ app_begin ] --END-- [ RunTime:0.001137s ]
SQL: SHOW COLUMNS FROM `db_bbs` [ RunTime:0.0053s ]
SQL: SHOW COLUMNS FROM `db_user` [ RunTime:0.0039s ]
SQL: SELECT a.username as username,b.bbsId as bbsId,b.title as title,b.content as content,b.createAt as createAt FROM db_user  as  a INNER JOIN db_bbs  as  b  on  b.userId = a.objectId   [ RunTime:0.0004s ]

[ 2017-05-23T00:13:20+08:00 ] ::1 /eduWeb/API/index.php?m=bbs&c=bbs&a=getAllBbs
INFO: [ app_init ] --START--
INFO: Run Behavior\BuildLiteBehavior [ RunTime:0.000016s ]
INFO: [ app_init ] --END-- [ RunTime:0.000448s ]
INFO: [ app_begin ] --START--
INFO: Run Behavior\ReadHtmlCacheBehavior [ RunTime:0.004556s ]
INFO: [ app_begin ] --END-- [ RunTime:0.004630s ]
SQL: SHOW COLUMNS FROM `db_bbs` [ RunTime:0.0073s ]
SQL: SHOW COLUMNS FROM `db_user` [ RunTime:0.0044s ]
SQL: SELECT a.username as username,b.bbsId as bbsId,b.title as title,b.content as content,b.createAt as createAt FROM db_user  as  a INNER JOIN db_bbs  as  b  on  b.userId = a.objectId   [ RunTime:0.0006s ]

[ 2017-05-23T00:13:21+08:00 ] ::1 /eduWeb/API/index.php?m=bbs&c=bbs&a=getAllBbs
INFO: [ app_init ] --START--
INFO: Run Behavior\BuildLiteBehavior [ RunTime:0.000016s ]
INFO: [ app_init ] --END-- [ RunTime:0.000443s ]
INFO: [ app_begin ] --START--
INFO: Run Behavior\ReadHtmlCacheBehavior [ RunTime:0.000881s ]
INFO: [ app_begin ] --END-- [ RunTime:0.000935s ]
SQL: SHOW COLUMNS FROM `db_bbs` [ RunTime:0.0044s ]
SQL: SHOW COLUMNS FROM `db_user` [ RunTime:0.0045s ]
SQL: SELECT a.username as username,b.bbsId as bbsId,b.title as title,b.content as content,b.createAt as createAt FROM db_user  as  a INNER JOIN db_bbs  as  b  on  b.userId = a.objectId   [ RunTime:0.0003s ]

[ 2017-05-23T00:13:32+08:00 ] ::1 /eduWeb/API/index.php?m=bbs&c=bbs&a=getAllBbs
INFO: [ app_init ] --START--
INFO: Run Behavior\BuildLiteBehavior [ RunTime:0.000019s ]
INFO: [ app_init ] --END-- [ RunTime:0.000509s ]
INFO: [ app_begin ] --START--
INFO: Run Behavior\ReadHtmlCacheBehavior [ RunTime:0.000916s ]
INFO: [ app_begin ] --END-- [ RunTime:0.000980s ]
SQL: SHOW COLUMNS FROM `db_bbs` [ RunTime:0.0077s ]
SQL: SHOW COLUMNS FROM `db_user` [ RunTime:0.0043s ]
SQL: SELECT a.username as username,b.bbsId as bbsId,b.title as title,b.content as content,b.createAt as createAt FROM db_user  as  a INNER JOIN db_bbs  as  b  on  b.userId = a.objectId   [ RunTime:0.0004s ]

[ 2017-05-23T00:13:32+08:00 ] ::1 /eduWeb/API/index.php?m=bbs&c=bbs&a=getAllBbs
INFO: [ app_init ] --START--
INFO: Run Behavior\BuildLiteBehavior [ RunTime:0.000023s ]
INFO: [ app_init ] --END-- [ RunTime:0.000617s ]
INFO: [ app_begin ] --START--
INFO: Run Behavior\ReadHtmlCacheBehavior [ RunTime:0.001090s ]
INFO: [ app_begin ] --END-- [ RunTime:0.001158s ]
SQL: SHOW COLUMNS FROM `db_bbs` [ RunTime:0.0046s ]
SQL: SHOW COLUMNS FROM `db_user` [ RunTime:0.0041s ]
SQL: SELECT a.username as username,b.bbsId as bbsId,b.title as title,b.content as content,b.createAt as createAt FROM db_user  as  a INNER JOIN db_bbs  as  b  on  b.userId = a.objectId   [ RunTime:0.0004s ]

[ 2017-05-23T00:14:11+08:00 ] ::1 /eduWeb/API/index.php?m=bbs&c=bbs&a=getAllBbs
INFO: [ app_init ] --START--
INFO: Run Behavior\BuildLiteBehavior [ RunTime:0.000014s ]
INFO: [ app_init ] --END-- [ RunTime:0.000422s ]
INFO: [ app_begin ] --START--
INFO: Run Behavior\ReadHtmlCacheBehavior [ RunTime:0.000885s ]
INFO: [ app_begin ] --END-- [ RunTime:0.000946s ]
SQL: SHOW COLUMNS FROM `db_bbs` [ RunTime:0.0128s ]
SQL: SHOW COLUMNS FROM `db_user` [ RunTime:0.0044s ]
SQL: SELECT a.username as username,b.bbsId as bbsId,b.title as title,b.content as content,b.createAt as createAt FROM db_user  as  a INNER JOIN db_bbs  as  b  on  b.userId = a.objectId   [ RunTime:0.0004s ]

[ 2017-05-23T00:14:11+08:00 ] ::1 /eduWeb/API/index.php?m=bbs&c=bbs&a=getAllBbs
INFO: [ app_init ] --START--
INFO: Run Behavior\BuildLiteBehavior [ RunTime:0.000017s ]
INFO: [ app_init ] --END-- [ RunTime:0.000477s ]
INFO: [ app_begin ] --START--
INFO: Run Behavior\ReadHtmlCacheBehavior [ RunTime:0.000913s ]
INFO: [ app_begin ] --END-- [ RunTime:0.000974s ]
SQL: SHOW COLUMNS FROM `db_bbs` [ RunTime:0.0039s ]
SQL: SHOW COLUMNS FROM `db_user` [ RunTime:0.0051s ]
SQL: SELECT a.username as username,b.bbsId as bbsId,b.title as title,b.content as content,b.createAt as createAt FROM db_user  as  a INNER JOIN db_bbs  as  b  on  b.userId = a.objectId   [ RunTime:0.0004s ]

[ 2017-05-23T00:14:35+08:00 ] ::1 /eduWeb/API/index.php?m=bbs&c=bbs&a=getAllBbs
INFO: [ app_init ] --START--
INFO: Run Behavior\BuildLiteBehavior [ RunTime:0.000016s ]
INFO: [ app_init ] --END-- [ RunTime:0.000449s ]
INFO: [ app_begin ] --START--
INFO: Run Behavior\ReadHtmlCacheBehavior [ RunTime:0.000931s ]
INFO: [ app_begin ] --END-- [ RunTime:0.000985s ]
SQL: SHOW COLUMNS FROM `db_bbs` [ RunTime:0.0078s ]
SQL: SHOW COLUMNS FROM `db_user` [ RunTime:0.0052s ]
SQL: SELECT a.username as username,b.bbsId as bbsId,b.title as title,b.content as content,b.createAt as createAt FROM db_user  as  a INNER JOIN db_bbs  as  b  on  b.userId = a.objectId   [ RunTime:0.0004s ]

[ 2017-05-23T00:14:35+08:00 ] ::1 /eduWeb/API/index.php?m=bbs&c=bbs&a=getAllBbs
INFO: [ app_init ] --START--
INFO: Run Behavior\BuildLiteBehavior [ RunTime:0.000017s ]
INFO: [ app_init ] --END-- [ RunTime:0.000463s ]
INFO: [ app_begin ] --START--
INFO: Run Behavior\ReadHtmlCacheBehavior [ RunTime:0.000882s ]
INFO: [ app_begin ] --END-- [ RunTime:0.000951s ]
SQL: SHOW COLUMNS FROM `db_bbs` [ RunTime:0.0082s ]
SQL: SHOW COLUMNS FROM `db_user` [ RunTime:0.0049s ]
SQL: SELECT a.username as username,b.bbsId as bbsId,b.title as title,b.content as content,b.createAt as createAt FROM db_user  as  a INNER JOIN db_bbs  as  b  on  b.userId = a.objectId   [ RunTime:0.0004s ]

[ 2017-05-23T00:14:41+08:00 ] ::1 /eduWeb/API/index.php?m=bbs&c=bbs&a=getAllBbs
INFO: [ app_init ] --START--
INFO: Run Behavior\BuildLiteBehavior [ RunTime:0.000018s ]
INFO: [ app_init ] --END-- [ RunTime:0.000399s ]
INFO: [ app_begin ] --START--
INFO: Run Behavior\ReadHtmlCacheBehavior [ RunTime:0.000878s ]
INFO: [ app_begin ] --END-- [ RunTime:0.000939s ]
SQL: SHOW COLUMNS FROM `db_bbs` [ RunTime:0.0080s ]
SQL: SHOW COLUMNS FROM `db_user` [ RunTime:0.0052s ]
SQL: SELECT a.username as username,b.bbsId as bbsId,b.title as title,b.content as content,b.createAt as createAt FROM db_user  as  a INNER JOIN db_bbs  as  b  on  b.userId = a.objectId   [ RunTime:0.0003s ]

[ 2017-05-23T00:15:31+08:00 ] ::1 /eduWeb/API/index.php?m=bbs&c=bbs&a=getAllBbs
INFO: [ app_init ] --START--
INFO: Run Behavior\BuildLiteBehavior [ RunTime:0.000014s ]
INFO: [ app_init ] --END-- [ RunTime:0.000404s ]
INFO: [ app_begin ] --START--
INFO: Run Behavior\ReadHtmlCacheBehavior [ RunTime:0.000845s ]
INFO: [ app_begin ] --END-- [ RunTime:0.000909s ]
SQL: SHOW COLUMNS FROM `db_bbs` [ RunTime:0.0044s ]
SQL: SHOW COLUMNS FROM `db_user` [ RunTime:0.0056s ]
SQL: SELECT a.username as username,b.bbsId as bbsId,b.title as title,b.content as content,b.createAt as createAt FROM db_user  as  a INNER JOIN db_bbs  as  b  on  b.userId = a.objectId   [ RunTime:0.0004s ]

[ 2017-05-23T00:15:33+08:00 ] ::1 /eduWeb/API/index.php?m=bbs&c=bbs&a=getAllBbs
INFO: [ app_init ] --START--
INFO: Run Behavior\BuildLiteBehavior [ RunTime:0.000407s ]
INFO: [ app_init ] --END-- [ RunTime:0.001010s ]
INFO: [ app_begin ] --START--
INFO: Run Behavior\ReadHtmlCacheBehavior [ RunTime:0.001538s ]
INFO: [ app_begin ] --END-- [ RunTime:0.001599s ]
SQL: SHOW COLUMNS FROM `db_bbs` [ RunTime:0.0084s ]
SQL: SHOW COLUMNS FROM `db_user` [ RunTime:0.0048s ]
SQL: SELECT a.username as username,b.bbsId as bbsId,b.title as title,b.content as content,b.createAt as createAt FROM db_user  as  a INNER JOIN db_bbs  as  b  on  b.userId = a.objectId   [ RunTime:0.0005s ]

[ 2017-05-23T00:15:54+08:00 ] ::1 /eduWeb/API/index.php?m=bbs&c=bbs&a=getAllBbs
INFO: [ app_init ] --START--
INFO: Run Behavior\BuildLiteBehavior [ RunTime:0.000020s ]
INFO: [ app_init ] --END-- [ RunTime:0.000622s ]
INFO: [ app_begin ] --START--
INFO: Run Behavior\ReadHtmlCacheBehavior [ RunTime:0.000973s ]
INFO: [ app_begin ] --END-- [ RunTime:0.001047s ]
SQL: SHOW COLUMNS FROM `db_bbs` [ RunTime:0.0048s ]
SQL: SHOW COLUMNS FROM `db_user` [ RunTime:0.0063s ]
SQL: SELECT a.username as username,b.bbsId as bbsId,b.title as title,b.content as content,b.createAt as createAt FROM db_user  as  a INNER JOIN db_bbs  as  b  on  b.userId = a.objectId   [ RunTime:0.0003s ]

[ 2017-05-23T00:16:39+08:00 ] ::1 /eduWeb/API/index.php?m=bbs&c=bbs&a=getAllBbs
INFO: [ app_init ] --START--
INFO: Run Behavior\BuildLiteBehavior [ RunTime:0.000016s ]
INFO: [ app_init ] --END-- [ RunTime:0.000452s ]
INFO: [ app_begin ] --START--
INFO: Run Behavior\ReadHtmlCacheBehavior [ RunTime:0.000956s ]
INFO: [ app_begin ] --END-- [ RunTime:0.001031s ]
SQL: SHOW COLUMNS FROM `db_bbs` [ RunTime:0.0077s ]
SQL: SHOW COLUMNS FROM `db_user` [ RunTime:0.0236s ]
SQL: SELECT a.username as username,b.bbsId as bbsId,b.title as title,b.content as content,b.createAt as createAt FROM db_user  as  a INNER JOIN db_bbs  as  b  on  b.userId = a.objectId   [ RunTime:0.0005s ]

[ 2017-05-23T00:16:39+08:00 ] ::1 /eduWeb/API/index.php?m=bbs&c=bbs&a=getAllBbs
INFO: [ app_init ] --START--
INFO: Run Behavior\BuildLiteBehavior [ RunTime:0.000017s ]
INFO: [ app_init ] --END-- [ RunTime:0.000424s ]
INFO: [ app_begin ] --START--
INFO: Run Behavior\ReadHtmlCacheBehavior [ RunTime:0.000902s ]
INFO: [ app_begin ] --END-- [ RunTime:0.000959s ]
SQL: SHOW COLUMNS FROM `db_bbs` [ RunTime:0.0111s ]
SQL: SHOW COLUMNS FROM `db_user` [ RunTime:0.0051s ]
SQL: SELECT a.username as username,b.bbsId as bbsId,b.title as title,b.content as content,b.createAt as createAt FROM db_user  as  a INNER JOIN db_bbs  as  b  on  b.userId = a.objectId   [ RunTime:0.0004s ]

[ 2017-05-23T00:16:42+08:00 ] ::1 /eduWeb/API/index.php?m=bbs&c=bbs&a=getAllBbs
INFO: [ app_init ] --START--
INFO: Run Behavior\BuildLiteBehavior [ RunTime:0.000026s ]
INFO: [ app_init ] --END-- [ RunTime:0.001428s ]
INFO: [ app_begin ] --START--
INFO: Run Behavior\ReadHtmlCacheBehavior [ RunTime:0.001022s ]
INFO: [ app_begin ] --END-- [ RunTime:0.001086s ]
SQL: SHOW COLUMNS FROM `db_bbs` [ RunTime:0.0048s ]
SQL: SHOW COLUMNS FROM `db_user` [ RunTime:0.0059s ]
SQL: SELECT a.username as username,b.bbsId as bbsId,b.title as title,b.content as content,b.createAt as createAt FROM db_user  as  a INNER JOIN db_bbs  as  b  on  b.userId = a.objectId   [ RunTime:0.0004s ]

[ 2017-05-23T00:17:14+08:00 ] ::1 /eduWeb/API/index.php?m=bbs&c=bbs&a=getAllBbs
INFO: [ app_init ] --START--
INFO: Run Behavior\BuildLiteBehavior [ RunTime:0.000015s ]
INFO: [ app_init ] --END-- [ RunTime:0.000413s ]
INFO: [ app_begin ] --START--
INFO: Run Behavior\ReadHtmlCacheBehavior [ RunTime:0.012272s ]
INFO: [ app_begin ] --END-- [ RunTime:0.012342s ]
SQL: SHOW COLUMNS FROM `db_bbs` [ RunTime:0.0051s ]
SQL: SHOW COLUMNS FROM `db_user` [ RunTime:0.0053s ]
SQL: SELECT a.username as username,b.bbsId as bbsId,b.title as title,b.content as content,b.createAt as createAt FROM db_user  as  a INNER JOIN db_bbs  as  b  on  b.userId = a.objectId   [ RunTime:0.0006s ]

[ 2017-05-23T00:17:22+08:00 ] ::1 /eduWeb/API/index.php?m=bbs&c=bbs&a=getAllBbs
INFO: [ app_init ] --START--
INFO: Run Behavior\BuildLiteBehavior [ RunTime:0.000016s ]
INFO: [ app_init ] --END-- [ RunTime:0.000500s ]
INFO: [ app_begin ] --START--
INFO: Run Behavior\ReadHtmlCacheBehavior [ RunTime:0.001050s ]
INFO: [ app_begin ] --END-- [ RunTime:0.001109s ]
SQL: SHOW COLUMNS FROM `db_bbs` [ RunTime:0.0090s ]
SQL: SHOW COLUMNS FROM `db_user` [ RunTime:0.0049s ]
SQL: SELECT a.username as username,b.bbsId as bbsId,b.title as title,b.content as content,b.createAt as createAt FROM db_user  as  a INNER JOIN db_bbs  as  b  on  b.userId = a.objectId   [ RunTime:0.0006s ]

[ 2017-05-23T00:17:23+08:00 ] ::1 /eduWeb/API/index.php?m=bbs&c=bbs&a=getAllBbs
INFO: [ app_init ] --START--
INFO: Run Behavior\BuildLiteBehavior [ RunTime:0.000020s ]
INFO: [ app_init ] --END-- [ RunTime:0.000877s ]
INFO: [ app_begin ] --START--
INFO: Run Behavior\ReadHtmlCacheBehavior [ RunTime:0.000929s ]
INFO: [ app_begin ] --END-- [ RunTime:0.001007s ]
SQL: SHOW COLUMNS FROM `db_bbs` [ RunTime:0.0047s ]
SQL: SHOW COLUMNS FROM `db_user` [ RunTime:0.0050s ]
SQL: SELECT a.username as username,b.bbsId as bbsId,b.title as title,b.content as content,b.createAt as createAt FROM db_user  as  a INNER JOIN db_bbs  as  b  on  b.userId = a.objectId   [ RunTime:0.0004s ]

[ 2017-05-23T00:17:27+08:00 ] ::1 /eduWeb/API/index.php?m=bbs&c=bbs&a=getAllBbs
INFO: [ app_init ] --START--
INFO: Run Behavior\BuildLiteBehavior [ RunTime:0.000018s ]
INFO: [ app_init ] --END-- [ RunTime:0.000569s ]
INFO: [ app_begin ] --START--
INFO: Run Behavior\ReadHtmlCacheBehavior [ RunTime:0.000916s ]
INFO: [ app_begin ] --END-- [ RunTime:0.000979s ]
SQL: SHOW COLUMNS FROM `db_bbs` [ RunTime:0.0039s ]
SQL: SHOW COLUMNS FROM `db_user` [ RunTime:0.0043s ]
SQL: SELECT a.username as username,b.bbsId as bbsId,b.title as title,b.content as content,b.createAt as createAt FROM db_user  as  a INNER JOIN db_bbs  as  b  on  b.userId = a.objectId   [ RunTime:0.0004s ]

[ 2017-05-23T00:18:10+08:00 ] ::1 /eduWeb/API/index.php?m=bbs&c=bbs&a=getAllBbs
INFO: [ app_init ] --START--
INFO: Run Behavior\BuildLiteBehavior [ RunTime:0.000019s ]
INFO: [ app_init ] --END-- [ RunTime:0.000630s ]
INFO: [ app_begin ] --START--
INFO: Run Behavior\ReadHtmlCacheBehavior [ RunTime:0.001079s ]
INFO: [ app_begin ] --END-- [ RunTime:0.001155s ]
SQL: SHOW COLUMNS FROM `db_bbs` [ RunTime:0.0081s ]
SQL: SHOW COLUMNS FROM `db_user` [ RunTime:0.0050s ]
SQL: SELECT a.username as username,b.bbsId as bbsId,b.title as title,b.content as content,b.createAt as createAt FROM db_user  as  a INNER JOIN db_bbs  as  b  on  b.userId = a.objectId   [ RunTime:0.0004s ]

[ 2017-05-23T00:18:47+08:00 ] ::1 /eduWeb/API/index.php?m=bbs&c=bbs&a=getAllBbs
INFO: [ app_init ] --START--
INFO: Run Behavior\BuildLiteBehavior [ RunTime:0.000015s ]
INFO: [ app_init ] --END-- [ RunTime:0.000452s ]
INFO: [ app_begin ] --START--
INFO: Run Behavior\ReadHtmlCacheBehavior [ RunTime:0.000817s ]
INFO: [ app_begin ] --END-- [ RunTime:0.000919s ]
SQL: SHOW COLUMNS FROM `db_bbs` [ RunTime:0.0081s ]
SQL: SHOW COLUMNS FROM `db_user` [ RunTime:0.0049s ]
SQL: SELECT a.username as username,b.bbsId as bbsId,b.title as title,b.content as content,b.createAt as createAt FROM db_user  as  a INNER JOIN db_bbs  as  b  on  b.userId = a.objectId   [ RunTime:0.0004s ]

[ 2017-05-23T00:18:48+08:00 ] ::1 /eduWeb/API/index.php?m=bbs&c=bbs&a=getAllBbs
INFO: [ app_init ] --START--
INFO: Run Behavior\BuildLiteBehavior [ RunTime:0.000020s ]
INFO: [ app_init ] --END-- [ RunTime:0.000928s ]
INFO: [ app_begin ] --START--
INFO: Run Behavior\ReadHtmlCacheBehavior [ RunTime:0.001500s ]
INFO: [ app_begin ] --END-- [ RunTime:0.001570s ]
SQL: SHOW COLUMNS FROM `db_bbs` [ RunTime:0.0038s ]
SQL: SHOW COLUMNS FROM `db_user` [ RunTime:0.0052s ]
SQL: SELECT a.username as username,b.bbsId as bbsId,b.title as title,b.content as content,b.createAt as createAt FROM db_user  as  a INNER JOIN db_bbs  as  b  on  b.userId = a.objectId   [ RunTime:0.0004s ]

[ 2017-05-23T00:19:52+08:00 ] ::1 /eduWeb/API/index.php?m=bbs&c=bbs&a=getAllBbs
INFO: [ app_init ] --START--
INFO: Run Behavior\BuildLiteBehavior [ RunTime:0.000016s ]
INFO: [ app_init ] --END-- [ RunTime:0.000475s ]
INFO: [ app_begin ] --START--
INFO: Run Behavior\ReadHtmlCacheBehavior [ RunTime:0.000902s ]
INFO: [ app_begin ] --END-- [ RunTime:0.000963s ]
SQL: SHOW COLUMNS FROM `db_bbs` [ RunTime:0.0083s ]
SQL: SHOW COLUMNS FROM `db_user` [ RunTime:0.0058s ]
SQL: SELECT a.username as username,b.bbsId as bbsId,b.title as title,b.content as content,b.createAt as createAt FROM db_user  as  a INNER JOIN db_bbs  as  b  on  b.userId = a.objectId   [ RunTime:0.0005s ]

[ 2017-05-23T00:19:53+08:00 ] ::1 /eduWeb/API/index.php?m=bbs&c=bbs&a=getAllBbs
INFO: [ app_init ] --START--
INFO: Run Behavior\BuildLiteBehavior [ RunTime:0.000019s ]
INFO: [ app_init ] --END-- [ RunTime:0.000926s ]
INFO: [ app_begin ] --START--
INFO: Run Behavior\ReadHtmlCacheBehavior [ RunTime:0.001163s ]
INFO: [ app_begin ] --END-- [ RunTime:0.001237s ]
SQL: SHOW COLUMNS FROM `db_bbs` [ RunTime:0.0046s ]
SQL: SHOW COLUMNS FROM `db_user` [ RunTime:0.0048s ]
SQL: SELECT a.username as username,b.bbsId as bbsId,b.title as title,b.content as content,b.createAt as createAt FROM db_user  as  a INNER JOIN db_bbs  as  b  on  b.userId = a.objectId   [ RunTime:0.0005s ]

[ 2017-05-23T00:19:55+08:00 ] ::1 /eduWeb/API/index.php?m=bbs&c=bbs&a=getAllBbs
INFO: [ app_init ] --START--
INFO: Run Behavior\BuildLiteBehavior [ RunTime:0.000018s ]
INFO: [ app_init ] --END-- [ RunTime:0.000451s ]
INFO: [ app_begin ] --START--
INFO: Run Behavior\ReadHtmlCacheBehavior [ RunTime:0.000875s ]
INFO: [ app_begin ] --END-- [ RunTime:0.000934s ]
SQL: SHOW COLUMNS FROM `db_bbs` [ RunTime:0.0081s ]
SQL: SHOW COLUMNS FROM `db_user` [ RunTime:0.0057s ]
SQL: SELECT a.username as username,b.bbsId as bbsId,b.title as title,b.content as content,b.createAt as createAt FROM db_user  as  a INNER JOIN db_bbs  as  b  on  b.userId = a.objectId   [ RunTime:0.0004s ]

[ 2017-05-23T00:19:58+08:00 ] ::1 /eduWeb/API/index.php?m=bbs&c=bbs&a=getAllBbs
INFO: [ app_init ] --START--
INFO: Run Behavior\BuildLiteBehavior [ RunTime:0.000018s ]
INFO: [ app_init ] --END-- [ RunTime:0.000432s ]
INFO: [ app_begin ] --START--
INFO: Run Behavior\ReadHtmlCacheBehavior [ RunTime:0.000919s ]
INFO: [ app_begin ] --END-- [ RunTime:0.000981s ]
SQL: SHOW COLUMNS FROM `db_bbs` [ RunTime:0.0037s ]
SQL: SHOW COLUMNS FROM `db_user` [ RunTime:0.0032s ]
SQL: SELECT a.username as username,b.bbsId as bbsId,b.title as title,b.content as content,b.createAt as createAt FROM db_user  as  a INNER JOIN db_bbs  as  b  on  b.userId = a.objectId   [ RunTime:0.0002s ]

[ 2017-05-23T00:20:34+08:00 ] ::1 /eduWeb/API/index.php?m=bbs&c=bbs&a=getAllBbs
INFO: [ app_init ] --START--
INFO: Run Behavior\BuildLiteBehavior [ RunTime:0.000015s ]
INFO: [ app_init ] --END-- [ RunTime:0.000580s ]
INFO: [ app_begin ] --START--
INFO: Run Behavior\ReadHtmlCacheBehavior [ RunTime:0.000931s ]
INFO: [ app_begin ] --END-- [ RunTime:0.000997s ]
SQL: SHOW COLUMNS FROM `db_bbs` [ RunTime:0.0040s ]
SQL: SHOW COLUMNS FROM `db_user` [ RunTime:0.0045s ]
SQL: SELECT a.username as username,b.bbsId as bbsId,b.title as title,b.content as content,b.createAt as createAt FROM db_user  as  a INNER JOIN db_bbs  as  b  on  b.userId = a.objectId   [ RunTime:0.0006s ]

[ 2017-05-23T00:20:37+08:00 ] ::1 /eduWeb/API/index.php?m=bbs&c=bbs&a=getAllBbs
INFO: [ app_init ] --START--
INFO: Run Behavior\BuildLiteBehavior [ RunTime:0.000017s ]
INFO: [ app_init ] --END-- [ RunTime:0.000515s ]
INFO: [ app_begin ] --START--
INFO: Run Behavior\ReadHtmlCacheBehavior [ RunTime:0.000867s ]
INFO: [ app_begin ] --END-- [ RunTime:0.000921s ]
SQL: SHOW COLUMNS FROM `db_bbs` [ RunTime:0.0084s ]
SQL: SHOW COLUMNS FROM `db_user` [ RunTime:0.0044s ]
SQL: SELECT a.username as username,b.bbsId as bbsId,b.title as title,b.content as content,b.createAt as createAt FROM db_user  as  a INNER JOIN db_bbs  as  b  on  b.userId = a.objectId   [ RunTime:0.0004s ]

[ 2017-05-23T00:22:01+08:00 ] ::1 /eduWeb/API/index.php?m=bbs&c=bbs&a=getAllBbs
INFO: [ app_init ] --START--
INFO: Run Behavior\BuildLiteBehavior [ RunTime:0.000016s ]
INFO: [ app_init ] --END-- [ RunTime:0.000447s ]
INFO: [ app_begin ] --START--
INFO: Run Behavior\ReadHtmlCacheBehavior [ RunTime:0.000884s ]
INFO: [ app_begin ] --END-- [ RunTime:0.000940s ]
SQL: SHOW COLUMNS FROM `db_bbs` [ RunTime:0.0047s ]
SQL: SHOW COLUMNS FROM `db_user` [ RunTime:0.0040s ]
SQL: SELECT a.username as username,b.bbsId as bbsId,b.title as title,b.content as content,b.createAt as createAt FROM db_user  as  a INNER JOIN db_bbs  as  b  on  b.userId = a.objectId   [ RunTime:0.0003s ]

[ 2017-05-23T00:22:03+08:00 ] ::1 /eduWeb/API/index.php?m=bbs&c=bbs&a=getAllBbs
INFO: [ app_init ] --START--
INFO: Run Behavior\BuildLiteBehavior [ RunTime:0.000018s ]
INFO: [ app_init ] --END-- [ RunTime:0.000571s ]
INFO: [ app_begin ] --START--
INFO: Run Behavior\ReadHtmlCacheBehavior [ RunTime:0.000998s ]
INFO: [ app_begin ] --END-- [ RunTime:0.001066s ]
SQL: SHOW COLUMNS FROM `db_bbs` [ RunTime:0.0033s ]
SQL: SHOW COLUMNS FROM `db_user` [ RunTime:0.0035s ]
SQL: SELECT a.username as username,b.bbsId as bbsId,b.title as title,b.content as content,b.createAt as createAt FROM db_user  as  a INNER JOIN db_bbs  as  b  on  b.userId = a.objectId   [ RunTime:0.0003s ]

[ 2017-05-23T00:24:14+08:00 ] ::1 /eduWeb/API/index.php?m=bbs&c=bbs&a=getAllBbs
INFO: [ app_init ] --START--
INFO: Run Behavior\BuildLiteBehavior [ RunTime:0.000026s ]
INFO: [ app_init ] --END-- [ RunTime:0.000606s ]
INFO: [ app_begin ] --START--
INFO: Run Behavior\ReadHtmlCacheBehavior [ RunTime:0.001039s ]
INFO: [ app_begin ] --END-- [ RunTime:0.001103s ]
SQL: SHOW COLUMNS FROM `db_bbs` [ RunTime:0.0045s ]
SQL: SHOW COLUMNS FROM `db_user` [ RunTime:0.0049s ]
SQL: SELECT a.username as username,b.bbsId as bbsId,b.title as title,b.content as content,b.createAt as createAt FROM db_user  as  a INNER JOIN db_bbs  as  b  on  b.userId = a.objectId   [ RunTime:0.0007s ]

[ 2017-05-23T00:24:18+08:00 ] ::1 /eduWeb/API/index.php?m=bbs&c=bbs&a=getAllBbs
INFO: [ app_init ] --START--
INFO: Run Behavior\BuildLiteBehavior [ RunTime:0.000016s ]
INFO: [ app_init ] --END-- [ RunTime:0.000454s ]
INFO: [ app_begin ] --START--
INFO: Run Behavior\ReadHtmlCacheBehavior [ RunTime:0.000872s ]
INFO: [ app_begin ] --END-- [ RunTime:0.000926s ]
SQL: SHOW COLUMNS FROM `db_bbs` [ RunTime:0.0078s ]
SQL: SHOW COLUMNS FROM `db_user` [ RunTime:0.0050s ]
SQL: SELECT a.username as username,b.bbsId as bbsId,b.title as title,b.content as content,b.createAt as createAt FROM db_user  as  a INNER JOIN db_bbs  as  b  on  b.userId = a.objectId   [ RunTime:0.0004s ]

[ 2017-05-23T00:24:50+08:00 ] ::1 /eduWeb/API/index.php?m=bbs&c=bbs&a=getAllBbs
INFO: [ app_init ] --START--
INFO: Run Behavior\BuildLiteBehavior [ RunTime:0.000015s ]
INFO: [ app_init ] --END-- [ RunTime:0.000423s ]
INFO: [ app_begin ] --START--
INFO: Run Behavior\ReadHtmlCacheBehavior [ RunTime:0.000965s ]
INFO: [ app_begin ] --END-- [ RunTime:0.001016s ]
SQL: SHOW COLUMNS FROM `db_bbs` [ RunTime:0.0082s ]
SQL: SHOW COLUMNS FROM `db_user` [ RunTime:0.0053s ]
SQL: SELECT a.username as username,b.bbsId as bbsId,b.title as title,b.content as content,b.createAt as createAt FROM db_user  as  a INNER JOIN db_bbs  as  b  on  b.userId = a.objectId   [ RunTime:0.0004s ]

[ 2017-05-23T00:24:52+08:00 ] ::1 /eduWeb/API/index.php?m=bbs&c=bbs&a=getAllBbs
INFO: [ app_init ] --START--
INFO: Run Behavior\BuildLiteBehavior [ RunTime:0.000015s ]
INFO: [ app_init ] --END-- [ RunTime:0.000436s ]
INFO: [ app_begin ] --START--
INFO: Run Behavior\ReadHtmlCacheBehavior [ RunTime:0.000909s ]
INFO: [ app_begin ] --END-- [ RunTime:0.000975s ]
SQL: SHOW COLUMNS FROM `db_bbs` [ RunTime:0.0048s ]
SQL: SHOW COLUMNS FROM `db_user` [ RunTime:0.0051s ]
SQL: SELECT a.username as username,b.bbsId as bbsId,b.title as title,b.content as content,b.createAt as createAt FROM db_user  as  a INNER JOIN db_bbs  as  b  on  b.userId = a.objectId   [ RunTime:0.0005s ]

[ 2017-05-23T00:24:54+08:00 ] ::1 /eduWeb/API/index.php?m=bbs&c=bbs&a=getAllBbs
INFO: [ app_init ] --START--
INFO: Run Behavior\BuildLiteBehavior [ RunTime:0.000018s ]
INFO: [ app_init ] --END-- [ RunTime:0.000493s ]
INFO: [ app_begin ] --START--
INFO: Run Behavior\ReadHtmlCacheBehavior [ RunTime:0.001219s ]
INFO: [ app_begin ] --END-- [ RunTime:0.001284s ]
SQL: SHOW COLUMNS FROM `db_bbs` [ RunTime:0.0041s ]
SQL: SHOW COLUMNS FROM `db_user` [ RunTime:0.0055s ]
SQL: SELECT a.username as username,b.bbsId as bbsId,b.title as title,b.content as content,b.createAt as createAt FROM db_user  as  a INNER JOIN db_bbs  as  b  on  b.userId = a.objectId   [ RunTime:0.0004s ]

[ 2017-05-23T00:24:55+08:00 ] ::1 /eduWeb/API/index.php?m=bbs&c=bbs&a=getAllBbs
INFO: [ app_init ] --START--
INFO: Run Behavior\BuildLiteBehavior [ RunTime:0.000017s ]
INFO: [ app_init ] --END-- [ RunTime:0.000484s ]
INFO: [ app_begin ] --START--
INFO: Run Behavior\ReadHtmlCacheBehavior [ RunTime:0.000905s ]
INFO: [ app_begin ] --END-- [ RunTime:0.000994s ]
SQL: SHOW COLUMNS FROM `db_bbs` [ RunTime:0.0038s ]
SQL: SHOW COLUMNS FROM `db_user` [ RunTime:0.0046s ]
SQL: SELECT a.username as username,b.bbsId as bbsId,b.title as title,b.content as content,b.createAt as createAt FROM db_user  as  a INNER JOIN db_bbs  as  b  on  b.userId = a.objectId   [ RunTime:0.0005s ]

[ 2017-05-23T00:25:11+08:00 ] ::1 /eduWeb/API/index.php?m=bbs&c=bbs&a=getAllBbs
INFO: [ app_init ] --START--
INFO: Run Behavior\BuildLiteBehavior [ RunTime:0.000017s ]
INFO: [ app_init ] --END-- [ RunTime:0.000503s ]
INFO: [ app_begin ] --START--
INFO: Run Behavior\ReadHtmlCacheBehavior [ RunTime:0.000922s ]
INFO: [ app_begin ] --END-- [ RunTime:0.000985s ]
SQL: SHOW COLUMNS FROM `db_bbs` [ RunTime:0.0083s ]
SQL: SHOW COLUMNS FROM `db_user` [ RunTime:0.0038s ]
SQL: SELECT a.username as username,b.bbsId as bbsId,b.title as title,b.content as content,b.createAt as createAt FROM db_user  as  a INNER JOIN db_bbs  as  b  on  b.userId = a.objectId   [ RunTime:0.0003s ]

[ 2017-05-23T00:25:12+08:00 ] ::1 /eduWeb/API/index.php?m=bbs&c=bbs&a=getAllBbs
INFO: [ app_init ] --START--
INFO: Run Behavior\BuildLiteBehavior [ RunTime:0.000016s ]
INFO: [ app_init ] --END-- [ RunTime:0.000578s ]
INFO: [ app_begin ] --START--
INFO: Run Behavior\ReadHtmlCacheBehavior [ RunTime:0.000856s ]
INFO: [ app_begin ] --END-- [ RunTime:0.000915s ]
SQL: SHOW COLUMNS FROM `db_bbs` [ RunTime:0.0079s ]
SQL: SHOW COLUMNS FROM `db_user` [ RunTime:0.0042s ]
SQL: SELECT a.username as username,b.bbsId as bbsId,b.title as title,b.content as content,b.createAt as createAt FROM db_user  as  a INNER JOIN db_bbs  as  b  on  b.userId = a.objectId   [ RunTime:0.0003s ]

[ 2017-05-23T00:25:14+08:00 ] ::1 /eduWeb/API/index.php?m=bbs&c=bbs&a=getAllBbs
INFO: [ app_init ] --START--
INFO: Run Behavior\BuildLiteBehavior [ RunTime:0.000018s ]
INFO: [ app_init ] --END-- [ RunTime:0.000456s ]
INFO: [ app_begin ] --START--
INFO: Run Behavior\ReadHtmlCacheBehavior [ RunTime:0.000963s ]
INFO: [ app_begin ] --END-- [ RunTime:0.001017s ]
SQL: SHOW COLUMNS FROM `db_bbs` [ RunTime:0.0057s ]
SQL: SHOW COLUMNS FROM `db_user` [ RunTime:0.0048s ]
SQL: SELECT a.username as username,b.bbsId as bbsId,b.title as title,b.content as content,b.createAt as createAt FROM db_user  as  a INNER JOIN db_bbs  as  b  on  b.userId = a.objectId   [ RunTime:0.0003s ]

[ 2017-05-23T00:25:14+08:00 ] ::1 /eduWeb/API/index.php?m=bbs&c=bbs&a=getAllBbs
INFO: [ app_init ] --START--
INFO: Run Behavior\BuildLiteBehavior [ RunTime:0.000016s ]
INFO: [ app_init ] --END-- [ RunTime:0.000477s ]
INFO: [ app_begin ] --START--
INFO: Run Behavior\ReadHtmlCacheBehavior [ RunTime:0.001252s ]
INFO: [ app_begin ] --END-- [ RunTime:0.001336s ]
SQL: SHOW COLUMNS FROM `db_bbs` [ RunTime:0.0048s ]
SQL: SHOW COLUMNS FROM `db_user` [ RunTime:0.0045s ]
SQL: SELECT a.username as username,b.bbsId as bbsId,b.title as title,b.content as content,b.createAt as createAt FROM db_user  as  a INNER JOIN db_bbs  as  b  on  b.userId = a.objectId   [ RunTime:0.0003s ]

[ 2017-05-23T00:25:14+08:00 ] ::1 /eduWeb/API/index.php?m=bbs&c=bbs&a=getAllBbs
INFO: [ app_init ] --START--
INFO: Run Behavior\BuildLiteBehavior [ RunTime:0.000016s ]
INFO: [ app_init ] --END-- [ RunTime:0.000467s ]
INFO: [ app_begin ] --START--
INFO: Run Behavior\ReadHtmlCacheBehavior [ RunTime:0.000929s ]
INFO: [ app_begin ] --END-- [ RunTime:0.000986s ]
SQL: SHOW COLUMNS FROM `db_bbs` [ RunTime:0.0060s ]
SQL: SHOW COLUMNS FROM `db_user` [ RunTime:0.0035s ]
SQL: SELECT a.username as username,b.bbsId as bbsId,b.title as title,b.content as content,b.createAt as createAt FROM db_user  as  a INNER JOIN db_bbs  as  b  on  b.userId = a.objectId   [ RunTime:0.0002s ]

[ 2017-05-23T00:25:31+08:00 ] ::1 /eduWeb/API/index.php?m=bbs&c=bbs&a=getAllBbs
INFO: [ app_init ] --START--
INFO: Run Behavior\BuildLiteBehavior [ RunTime:0.000019s ]
INFO: [ app_init ] --END-- [ RunTime:0.000493s ]
INFO: [ app_begin ] --START--
INFO: Run Behavior\ReadHtmlCacheBehavior [ RunTime:0.001400s ]
INFO: [ app_begin ] --END-- [ RunTime:0.003982s ]
SQL: SHOW COLUMNS FROM `db_bbs` [ RunTime:0.0041s ]
SQL: SHOW COLUMNS FROM `db_user` [ RunTime:0.0039s ]
SQL: SELECT a.username as username,b.bbsId as bbsId,b.title as title,b.content as content,b.createAt as createAt FROM db_user  as  a INNER JOIN db_bbs  as  b  on  b.userId = a.objectId   [ RunTime:0.0005s ]

[ 2017-05-23T00:26:06+08:00 ] ::1 /eduWeb/API/index.php?m=bbs&c=bbs&a=getAllBbs
INFO: [ app_init ] --START--
INFO: Run Behavior\BuildLiteBehavior [ RunTime:0.000020s ]
INFO: [ app_init ] --END-- [ RunTime:0.002548s ]
INFO: [ app_begin ] --START--
INFO: Run Behavior\ReadHtmlCacheBehavior [ RunTime:0.007224s ]
INFO: [ app_begin ] --END-- [ RunTime:0.007291s ]
SQL: SHOW COLUMNS FROM `db_bbs` [ RunTime:0.0032s ]
SQL: SHOW COLUMNS FROM `db_user` [ RunTime:0.0031s ]
SQL: SELECT a.username as username,b.bbsId as bbsId,b.title as title,b.content as content,b.createAt as createAt FROM db_user  as  a INNER JOIN db_bbs  as  b  on  b.userId = a.objectId   [ RunTime:0.0003s ]

[ 2017-05-23T00:26:13+08:00 ] ::1 /eduWeb/API/index.php?m=bbs&c=bbs&a=getAllBbs
INFO: [ app_init ] --START--
INFO: Run Behavior\BuildLiteBehavior [ RunTime:0.000015s ]
INFO: [ app_init ] --END-- [ RunTime:0.000436s ]
INFO: [ app_begin ] --START--
INFO: Run Behavior\ReadHtmlCacheBehavior [ RunTime:0.000875s ]
INFO: [ app_begin ] --END-- [ RunTime:0.000932s ]
SQL: SHOW COLUMNS FROM `db_bbs` [ RunTime:0.0075s ]
SQL: SHOW COLUMNS FROM `db_user` [ RunTime:0.0041s ]
SQL: SELECT a.username as username,b.bbsId as bbsId,b.title as title,b.content as content,b.createAt as createAt FROM db_user  as  a INNER JOIN db_bbs  as  b  on  b.userId = a.objectId   [ RunTime:0.0005s ]

[ 2017-05-23T00:26:59+08:00 ] ::1 /eduWeb/API/index.php?m=bbs&c=bbs&a=getAllBbs
INFO: [ app_init ] --START--
INFO: Run Behavior\BuildLiteBehavior [ RunTime:0.000016s ]
INFO: [ app_init ] --END-- [ RunTime:0.000421s ]
INFO: [ app_begin ] --START--
INFO: Run Behavior\ReadHtmlCacheBehavior [ RunTime:0.000871s ]
INFO: [ app_begin ] --END-- [ RunTime:0.000927s ]
SQL: SHOW COLUMNS FROM `db_bbs` [ RunTime:0.0071s ]
SQL: SHOW COLUMNS FROM `db_user` [ RunTime:0.0038s ]
SQL: SELECT a.username as username,b.bbsId as bbsId,b.title as title,b.content as content,b.createAt as createAt FROM db_user  as  a INNER JOIN db_bbs  as  b  on  b.userId = a.objectId   [ RunTime:0.0004s ]

[ 2017-05-23T00:27:00+08:00 ] ::1 /eduWeb/API/index.php?m=bbs&c=bbs&a=getAllBbs
INFO: [ app_init ] --START--
INFO: Run Behavior\BuildLiteBehavior [ RunTime:0.000016s ]
INFO: [ app_init ] --END-- [ RunTime:0.000459s ]
INFO: [ app_begin ] --START--
INFO: Run Behavior\ReadHtmlCacheBehavior [ RunTime:0.001412s ]
INFO: [ app_begin ] --END-- [ RunTime:0.001583s ]
SQL: SHOW COLUMNS FROM `db_bbs` [ RunTime:0.0041s ]
SQL: SHOW COLUMNS FROM `db_user` [ RunTime:0.0034s ]
SQL: SELECT a.username as username,b.bbsId as bbsId,b.title as title,b.content as content,b.createAt as createAt FROM db_user  as  a INNER JOIN db_bbs  as  b  on  b.userId = a.objectId   [ RunTime:0.0003s ]

[ 2017-05-23T00:27:17+08:00 ] ::1 /eduWeb/API/index.php?m=bbs&c=bbs&a=getAllBbs
INFO: [ app_init ] --START--
INFO: Run Behavior\BuildLiteBehavior [ RunTime:0.000016s ]
INFO: [ app_init ] --END-- [ RunTime:0.000448s ]
INFO: [ app_begin ] --START--
INFO: Run Behavior\ReadHtmlCacheBehavior [ RunTime:0.001084s ]
INFO: [ app_begin ] --END-- [ RunTime:0.001227s ]
SQL: SHOW COLUMNS FROM `db_bbs` [ RunTime:0.0076s ]
SQL: SHOW COLUMNS FROM `db_user` [ RunTime:0.0045s ]
SQL: SELECT a.username as username,b.bbsId as bbsId,b.title as title,b.content as content,b.createAt as createAt FROM db_user  as  a INNER JOIN db_bbs  as  b  on  b.userId = a.objectId   [ RunTime:0.0004s ]

[ 2017-05-23T00:27:18+08:00 ] ::1 /eduWeb/API/index.php?m=bbs&c=bbs&a=getAllBbs
INFO: [ app_init ] --START--
INFO: Run Behavior\BuildLiteBehavior [ RunTime:0.000018s ]
INFO: [ app_init ] --END-- [ RunTime:0.000438s ]
INFO: [ app_begin ] --START--
INFO: Run Behavior\ReadHtmlCacheBehavior [ RunTime:0.003207s ]
INFO: [ app_begin ] --END-- [ RunTime:0.003272s ]
SQL: SHOW COLUMNS FROM `db_bbs` [ RunTime:0.0047s ]
SQL: SHOW COLUMNS FROM `db_user` [ RunTime:0.0041s ]
SQL: SELECT a.username as username,b.bbsId as bbsId,b.title as title,b.content as content,b.createAt as createAt FROM db_user  as  a INNER JOIN db_bbs  as  b  on  b.userId = a.objectId   [ RunTime:0.0003s ]

[ 2017-05-23T00:27:21+08:00 ] ::1 /eduWeb/API/index.php?m=bbs&c=bbs&a=getAllBbs
INFO: [ app_init ] --START--
INFO: Run Behavior\BuildLiteBehavior [ RunTime:0.000020s ]
INFO: [ app_init ] --END-- [ RunTime:0.002399s ]
INFO: [ app_begin ] --START--
INFO: Run Behavior\ReadHtmlCacheBehavior [ RunTime:0.001032s ]
INFO: [ app_begin ] --END-- [ RunTime:0.001104s ]
SQL: SHOW COLUMNS FROM `db_bbs` [ RunTime:0.0037s ]
SQL: SHOW COLUMNS FROM `db_user` [ RunTime:0.0041s ]
SQL: SELECT a.username as username,b.bbsId as bbsId,b.title as title,b.content as content,b.createAt as createAt FROM db_user  as  a INNER JOIN db_bbs  as  b  on  b.userId = a.objectId   [ RunTime:0.0004s ]

[ 2017-05-23T00:27:22+08:00 ] ::1 /eduWeb/API/index.php?m=bbs&c=bbs&a=getAllBbs
INFO: [ app_init ] --START--
INFO: Run Behavior\BuildLiteBehavior [ RunTime:0.000015s ]
INFO: [ app_init ] --END-- [ RunTime:0.000409s ]
INFO: [ app_begin ] --START--
INFO: Run Behavior\ReadHtmlCacheBehavior [ RunTime:0.000941s ]
INFO: [ app_begin ] --END-- [ RunTime:0.000995s ]
SQL: SHOW COLUMNS FROM `db_bbs` [ RunTime:0.0071s ]
SQL: SHOW COLUMNS FROM `db_user` [ RunTime:0.0038s ]
SQL: SELECT a.username as username,b.bbsId as bbsId,b.title as title,b.content as content,b.createAt as createAt FROM db_user  as  a INNER JOIN db_bbs  as  b  on  b.userId = a.objectId   [ RunTime:0.0004s ]

[ 2017-05-23T00:27:33+08:00 ] ::1 /eduWeb/API/index.php?m=bbs&c=bbs&a=getAllBbs
INFO: [ app_init ] --START--
INFO: Run Behavior\BuildLiteBehavior [ RunTime:0.000016s ]
INFO: [ app_init ] --END-- [ RunTime:0.000433s ]
INFO: [ app_begin ] --START--
INFO: Run Behavior\ReadHtmlCacheBehavior [ RunTime:0.000887s ]
INFO: [ app_begin ] --END-- [ RunTime:0.000944s ]
SQL: SHOW COLUMNS FROM `db_bbs` [ RunTime:0.0077s ]
SQL: SHOW COLUMNS FROM `db_user` [ RunTime:0.0047s ]
SQL: SELECT a.username as username,b.bbsId as bbsId,b.title as title,b.content as content,b.createAt as createAt FROM db_user  as  a INNER JOIN db_bbs  as  b  on  b.userId = a.objectId   [ RunTime:0.0003s ]

[ 2017-05-23T00:27:51+08:00 ] ::1 /eduWeb/API/index.php?m=bbs&c=bbs&a=getAllBbs
INFO: [ app_init ] --START--
INFO: Run Behavior\BuildLiteBehavior [ RunTime:0.000018s ]
INFO: [ app_init ] --END-- [ RunTime:0.000457s ]
INFO: [ app_begin ] --START--
INFO: Run Behavior\ReadHtmlCacheBehavior [ RunTime:0.000875s ]
INFO: [ app_begin ] --END-- [ RunTime:0.000936s ]
SQL: SHOW COLUMNS FROM `db_bbs` [ RunTime:0.0074s ]
SQL: SHOW COLUMNS FROM `db_user` [ RunTime:0.0056s ]
SQL: SELECT a.username as username,b.bbsId as bbsId,b.title as title,b.content as content,b.createAt as createAt FROM db_user  as  a INNER JOIN db_bbs  as  b  on  b.userId = a.objectId   [ RunTime:0.0004s ]

[ 2017-05-23T00:28:46+08:00 ] ::1 /eduWeb/API/index.php?m=bbs&c=bbs&a=getAllBbs
INFO: [ app_init ] --START--
INFO: Run Behavior\BuildLiteBehavior [ RunTime:0.000018s ]
INFO: [ app_init ] --END-- [ RunTime:0.000444s ]
INFO: [ app_begin ] --START--
INFO: Run Behavior\ReadHtmlCacheBehavior [ RunTime:0.000901s ]
INFO: [ app_begin ] --END-- [ RunTime:0.000956s ]
SQL: SHOW COLUMNS FROM `db_bbs` [ RunTime:0.0074s ]
SQL: SHOW COLUMNS FROM `db_user` [ RunTime:0.0040s ]
SQL: SELECT a.username as username,b.bbsId as bbsId,b.title as title,b.content as content,b.createAt as createAt FROM db_user  as  a INNER JOIN db_bbs  as  b  on  b.userId = a.objectId   [ RunTime:0.0004s ]

[ 2017-05-23T00:28:55+08:00 ] ::1 /eduWeb/API/index.php?m=bbs&c=bbs&a=getAllBbs
INFO: [ app_init ] --START--
INFO: Run Behavior\BuildLiteBehavior [ RunTime:0.000018s ]
INFO: [ app_init ] --END-- [ RunTime:0.000536s ]
INFO: [ app_begin ] --START--
INFO: Run Behavior\ReadHtmlCacheBehavior [ RunTime:0.001408s ]
INFO: [ app_begin ] --END-- [ RunTime:0.001467s ]
SQL: SHOW COLUMNS FROM `db_bbs` [ RunTime:0.0042s ]
SQL: SHOW COLUMNS FROM `db_user` [ RunTime:0.0039s ]
SQL: SELECT a.username as username,b.bbsId as bbsId,b.title as title,b.content as content,b.createAt as createAt FROM db_user  as  a INNER JOIN db_bbs  as  b  on  b.userId = a.objectId   [ RunTime:0.0003s ]

[ 2017-05-23T00:28:56+08:00 ] ::1 /eduWeb/API/index.php?m=bbs&c=bbs&a=getAllBbs
INFO: [ app_init ] --START--
INFO: Run Behavior\BuildLiteBehavior [ RunTime:0.000027s ]
INFO: [ app_init ] --END-- [ RunTime:0.000539s ]
INFO: [ app_begin ] --START--
INFO: Run Behavior\ReadHtmlCacheBehavior [ RunTime:0.001055s ]
INFO: [ app_begin ] --END-- [ RunTime:0.001116s ]
SQL: SHOW COLUMNS FROM `db_bbs` [ RunTime:0.0046s ]
SQL: SHOW COLUMNS FROM `db_user` [ RunTime:0.0043s ]
SQL: SELECT a.username as username,b.bbsId as bbsId,b.title as title,b.content as content,b.createAt as createAt FROM db_user  as  a INNER JOIN db_bbs  as  b  on  b.userId = a.objectId   [ RunTime:0.0006s ]

[ 2017-05-23T00:28:57+08:00 ] ::1 /eduWeb/API/index.php?m=bbs&c=bbs&a=getAllBbs
INFO: [ app_init ] --START--
INFO: Run Behavior\BuildLiteBehavior [ RunTime:0.000018s ]
INFO: [ app_init ] --END-- [ RunTime:0.000568s ]
INFO: [ app_begin ] --START--
INFO: Run Behavior\ReadHtmlCacheBehavior [ RunTime:0.001022s ]
INFO: [ app_begin ] --END-- [ RunTime:0.001094s ]
SQL: SHOW COLUMNS FROM `db_bbs` [ RunTime:0.0053s ]
SQL: SHOW COLUMNS FROM `db_user` [ RunTime:0.0051s ]
SQL: SELECT a.username as username,b.bbsId as bbsId,b.title as title,b.content as content,b.createAt as createAt FROM db_user  as  a INNER JOIN db_bbs  as  b  on  b.userId = a.objectId   [ RunTime:0.0006s ]

[ 2017-05-23T00:29:16+08:00 ] ::1 /eduWeb/API/index.php?m=bbs&c=bbs&a=getAllBbs
INFO: [ app_init ] --START--
INFO: Run Behavior\BuildLiteBehavior [ RunTime:0.000020s ]
INFO: [ app_init ] --END-- [ RunTime:0.000585s ]
INFO: [ app_begin ] --START--
INFO: Run Behavior\ReadHtmlCacheBehavior [ RunTime:0.001514s ]
INFO: [ app_begin ] --END-- [ RunTime:0.001668s ]
SQL: SHOW COLUMNS FROM `db_bbs` [ RunTime:0.0041s ]
SQL: SHOW COLUMNS FROM `db_user` [ RunTime:0.0056s ]
SQL: SELECT a.username as username,b.bbsId as bbsId,b.title as title,b.content as content,b.createAt as createAt FROM db_user  as  a INNER JOIN db_bbs  as  b  on  b.userId = a.objectId   [ RunTime:0.0004s ]

[ 2017-05-23T00:29:17+08:00 ] ::1 /eduWeb/API/index.php?m=bbs&c=bbs&a=getAllBbs
INFO: [ app_init ] --START--
INFO: Run Behavior\BuildLiteBehavior [ RunTime:0.000017s ]
INFO: [ app_init ] --END-- [ RunTime:0.000412s ]
INFO: [ app_begin ] --START--
INFO: Run Behavior\ReadHtmlCacheBehavior [ RunTime:0.000897s ]
INFO: [ app_begin ] --END-- [ RunTime:0.000958s ]
SQL: SHOW COLUMNS FROM `db_bbs` [ RunTime:0.0080s ]
SQL: SHOW COLUMNS FROM `db_user` [ RunTime:0.0050s ]
SQL: SELECT a.username as username,b.bbsId as bbsId,b.title as title,b.content as content,b.createAt as createAt FROM db_user  as  a INNER JOIN db_bbs  as  b  on  b.userId = a.objectId   [ RunTime:0.0004s ]

[ 2017-05-23T00:29:52+08:00 ] ::1 /eduWeb/API/index.php?m=bbs&c=bbs&a=getAllBbs
INFO: [ app_init ] --START--
INFO: Run Behavior\BuildLiteBehavior [ RunTime:0.000018s ]
INFO: [ app_init ] --END-- [ RunTime:0.000478s ]
INFO: [ app_begin ] --START--
INFO: Run Behavior\ReadHtmlCacheBehavior [ RunTime:0.001243s ]
INFO: [ app_begin ] --END-- [ RunTime:0.001302s ]
SQL: SHOW COLUMNS FROM `db_bbs` [ RunTime:0.0086s ]
SQL: SHOW COLUMNS FROM `db_user` [ RunTime:0.0049s ]
SQL: SELECT a.username as username,b.bbsId as bbsId,b.title as title,b.content as content,b.createAt as createAt FROM db_user  as  a INNER JOIN db_bbs  as  b  on  b.userId = a.objectId   [ RunTime:0.0004s ]

[ 2017-05-23T00:29:55+08:00 ] ::1 /eduWeb/API/index.php?m=bbs&c=bbs&a=getAllBbs
INFO: [ app_init ] --START--
INFO: Run Behavior\BuildLiteBehavior [ RunTime:0.000018s ]
INFO: [ app_init ] --END-- [ RunTime:0.000594s ]
INFO: [ app_begin ] --START--
INFO: Run Behavior\ReadHtmlCacheBehavior [ RunTime:0.001899s ]
INFO: [ app_begin ] --END-- [ RunTime:0.001971s ]
SQL: SHOW COLUMNS FROM `db_bbs` [ RunTime:0.0043s ]
SQL: SHOW COLUMNS FROM `db_user` [ RunTime:0.0047s ]
SQL: SELECT a.username as username,b.bbsId as bbsId,b.title as title,b.content as content,b.createAt as createAt FROM db_user  as  a INNER JOIN db_bbs  as  b  on  b.userId = a.objectId   [ RunTime:0.0005s ]

[ 2017-05-23T00:29:55+08:00 ] ::1 /eduWeb/API/index.php?m=bbs&c=bbs&a=getAllBbs
INFO: [ app_init ] --START--
INFO: Run Behavior\BuildLiteBehavior [ RunTime:0.000019s ]
INFO: [ app_init ] --END-- [ RunTime:0.000502s ]
INFO: [ app_begin ] --START--
INFO: Run Behavior\ReadHtmlCacheBehavior [ RunTime:0.000995s ]
INFO: [ app_begin ] --END-- [ RunTime:0.001069s ]
SQL: SHOW COLUMNS FROM `db_bbs` [ RunTime:0.0051s ]
SQL: SHOW COLUMNS FROM `db_user` [ RunTime:0.0050s ]
SQL: SELECT a.username as username,b.bbsId as bbsId,b.title as title,b.content as content,b.createAt as createAt FROM db_user  as  a INNER JOIN db_bbs  as  b  on  b.userId = a.objectId   [ RunTime:0.0004s ]

[ 2017-05-23T00:30:23+08:00 ] ::1 /eduWeb/API/index.php?m=bbs&c=bbs&a=getAllBbs
INFO: [ app_init ] --START--
INFO: Run Behavior\BuildLiteBehavior [ RunTime:0.000018s ]
INFO: [ app_init ] --END-- [ RunTime:0.000488s ]
INFO: [ app_begin ] --START--
INFO: Run Behavior\ReadHtmlCacheBehavior [ RunTime:0.001396s ]
INFO: [ app_begin ] --END-- [ RunTime:0.001552s ]
SQL: SHOW COLUMNS FROM `db_bbs` [ RunTime:0.0045s ]
SQL: SHOW COLUMNS FROM `db_user` [ RunTime:0.0059s ]
SQL: SELECT a.username as username,b.bbsId as bbsId,b.title as title,b.content as content,b.createAt as createAt FROM db_user  as  a INNER JOIN db_bbs  as  b  on  b.userId = a.objectId   [ RunTime:0.0004s ]

[ 2017-05-23T00:30:24+08:00 ] ::1 /eduWeb/API/index.php?m=bbs&c=bbs&a=getAllBbs
INFO: [ app_init ] --START--
INFO: Run Behavior\BuildLiteBehavior [ RunTime:0.000019s ]
INFO: [ app_init ] --END-- [ RunTime:0.000548s ]
INFO: [ app_begin ] --START--
INFO: Run Behavior\ReadHtmlCacheBehavior [ RunTime:0.004218s ]
INFO: [ app_begin ] --END-- [ RunTime:0.004285s ]
SQL: SHOW COLUMNS FROM `db_bbs` [ RunTime:0.0042s ]
SQL: SHOW COLUMNS FROM `db_user` [ RunTime:0.0046s ]
SQL: SELECT a.username as username,b.bbsId as bbsId,b.title as title,b.content as content,b.createAt as createAt FROM db_user  as  a INNER JOIN db_bbs  as  b  on  b.userId = a.objectId   [ RunTime:0.0004s ]

[ 2017-05-23T00:30:26+08:00 ] ::1 /eduWeb/API/index.php?m=bbs&c=bbs&a=getAllBbs
INFO: [ app_init ] --START--
INFO: Run Behavior\BuildLiteBehavior [ RunTime:0.000013s ]
INFO: [ app_init ] --END-- [ RunTime:0.000457s ]
INFO: [ app_begin ] --START--
INFO: Run Behavior\ReadHtmlCacheBehavior [ RunTime:0.000964s ]
INFO: [ app_begin ] --END-- [ RunTime:0.001043s ]
SQL: SHOW COLUMNS FROM `db_bbs` [ RunTime:0.0080s ]
SQL: SHOW COLUMNS FROM `db_user` [ RunTime:0.0044s ]
SQL: SELECT a.username as username,b.bbsId as bbsId,b.title as title,b.content as content,b.createAt as createAt FROM db_user  as  a INNER JOIN db_bbs  as  b  on  b.userId = a.objectId   [ RunTime:0.0003s ]

[ 2017-05-23T00:30:29+08:00 ] ::1 /eduWeb/API/index.php?m=bbs&c=bbs&a=getAllBbs
INFO: [ app_init ] --START--
INFO: Run Behavior\BuildLiteBehavior [ RunTime:0.000029s ]
INFO: [ app_init ] --END-- [ RunTime:0.003751s ]
INFO: [ app_begin ] --START--
INFO: Run Behavior\ReadHtmlCacheBehavior [ RunTime:0.002173s ]
INFO: [ app_begin ] --END-- [ RunTime:0.002251s ]
SQL: SHOW COLUMNS FROM `db_bbs` [ RunTime:0.0046s ]
SQL: SHOW COLUMNS FROM `db_user` [ RunTime:0.0046s ]
SQL: SELECT a.username as username,b.bbsId as bbsId,b.title as title,b.content as content,b.createAt as createAt FROM db_user  as  a INNER JOIN db_bbs  as  b  on  b.userId = a.objectId   [ RunTime:0.0003s ]

[ 2017-05-23T00:31:03+08:00 ] ::1 /eduWeb/API/index.php?m=bbs&c=bbs&a=getAllBbs
INFO: [ app_init ] --START--
INFO: Run Behavior\BuildLiteBehavior [ RunTime:0.000015s ]
INFO: [ app_init ] --END-- [ RunTime:0.000456s ]
INFO: [ app_begin ] --START--
INFO: Run Behavior\ReadHtmlCacheBehavior [ RunTime:0.000783s ]
INFO: [ app_begin ] --END-- [ RunTime:0.000836s ]
SQL: SHOW COLUMNS FROM `db_bbs` [ RunTime:0.0036s ]
SQL: SHOW COLUMNS FROM `db_user` [ RunTime:0.0049s ]
SQL: SELECT a.username as username,b.bbsId as bbsId,b.title as title,b.content as content,b.createAt as createAt FROM db_user  as  a INNER JOIN db_bbs  as  b  on  b.userId = a.objectId   [ RunTime:0.0004s ]

[ 2017-05-23T00:31:04+08:00 ] ::1 /eduWeb/API/index.php?m=bbs&c=bbs&a=getAllBbs
INFO: [ app_init ] --START--
INFO: Run Behavior\BuildLiteBehavior [ RunTime:0.000023s ]
INFO: [ app_init ] --END-- [ RunTime:0.002199s ]
INFO: [ app_begin ] --START--
INFO: Run Behavior\ReadHtmlCacheBehavior [ RunTime:0.000513s ]
INFO: [ app_begin ] --END-- [ RunTime:0.000551s ]
SQL: SHOW COLUMNS FROM `db_bbs` [ RunTime:0.0049s ]
SQL: SHOW COLUMNS FROM `db_user` [ RunTime:0.0048s ]
SQL: SELECT a.username as username,b.bbsId as bbsId,b.title as title,b.content as content,b.createAt as createAt FROM db_user  as  a INNER JOIN db_bbs  as  b  on  b.userId = a.objectId   [ RunTime:0.0003s ]

[ 2017-05-23T00:31:44+08:00 ] ::1 /eduWeb/API/index.php?m=bbs&c=bbs&a=getAllBbs
INFO: [ app_init ] --START--
INFO: Run Behavior\BuildLiteBehavior [ RunTime:0.000016s ]
INFO: [ app_init ] --END-- [ RunTime:0.000421s ]
INFO: [ app_begin ] --START--
INFO: Run Behavior\ReadHtmlCacheBehavior [ RunTime:0.000680s ]
INFO: [ app_begin ] --END-- [ RunTime:0.000735s ]
SQL: SHOW COLUMNS FROM `db_bbs` [ RunTime:0.0044s ]
SQL: SHOW COLUMNS FROM `db_user` [ RunTime:0.0044s ]
SQL: SELECT a.username as username,b.bbsId as bbsId,b.title as title,b.content as content,b.createAt as createAt FROM db_user  as  a INNER JOIN db_bbs  as  b  on  b.userId = a.objectId   [ RunTime:0.0003s ]

[ 2017-05-23T00:31:45+08:00 ] ::1 /eduWeb/API/index.php?m=bbs&c=bbs&a=getAllBbs
INFO: [ app_init ] --START--
INFO: Run Behavior\BuildLiteBehavior [ RunTime:0.000014s ]
INFO: [ app_init ] --END-- [ RunTime:0.000384s ]
INFO: [ app_begin ] --START--
INFO: Run Behavior\ReadHtmlCacheBehavior [ RunTime:0.000637s ]
INFO: [ app_begin ] --END-- [ RunTime:0.000699s ]
SQL: SHOW COLUMNS FROM `db_bbs` [ RunTime:0.0033s ]
SQL: SHOW COLUMNS FROM `db_user` [ RunTime:0.0045s ]
SQL: SELECT a.username as username,b.bbsId as bbsId,b.title as title,b.content as content,b.createAt as createAt FROM db_user  as  a INNER JOIN db_bbs  as  b  on  b.userId = a.objectId   [ RunTime:0.0004s ]

[ 2017-05-23T00:31:46+08:00 ] ::1 /eduWeb/API/index.php?m=bbs&c=bbs&a=getAllBbs
INFO: [ app_init ] --START--
INFO: Run Behavior\BuildLiteBehavior [ RunTime:0.000016s ]
INFO: [ app_init ] --END-- [ RunTime:0.000386s ]
INFO: [ app_begin ] --START--
INFO: Run Behavior\ReadHtmlCacheBehavior [ RunTime:0.000730s ]
INFO: [ app_begin ] --END-- [ RunTime:0.000793s ]
SQL: SHOW COLUMNS FROM `db_bbs` [ RunTime:0.0074s ]
SQL: SHOW COLUMNS FROM `db_user` [ RunTime:0.0034s ]
SQL: SELECT a.username as username,b.bbsId as bbsId,b.title as title,b.content as content,b.createAt as createAt FROM db_user  as  a INNER JOIN db_bbs  as  b  on  b.userId = a.objectId   [ RunTime:0.0003s ]

[ 2017-05-23T00:34:14+08:00 ] ::1 /eduWeb/API/index.php?m=bbs&c=bbs&a=getAllBbs
INFO: [ app_init ] --START--
INFO: Run Behavior\BuildLiteBehavior [ RunTime:0.000013s ]
INFO: [ app_init ] --END-- [ RunTime:0.000333s ]
INFO: [ app_begin ] --START--
INFO: Run Behavior\ReadHtmlCacheBehavior [ RunTime:0.001067s ]
INFO: [ app_begin ] --END-- [ RunTime:0.001133s ]
SQL: SHOW COLUMNS FROM `db_bbs` [ RunTime:0.0075s ]
SQL: SHOW COLUMNS FROM `db_user` [ RunTime:0.0040s ]
SQL: SELECT a.username as username,b.bbsId as bbsId,b.title as title,b.content as content,b.createAt as createAt FROM db_user  as  a INNER JOIN db_bbs  as  b  on  b.userId = a.objectId   [ RunTime:0.0003s ]

[ 2017-05-23T00:34:22+08:00 ] ::1 /eduWeb/API/index.php?m=bbs&c=bbs&a=getAllBbs
INFO: [ app_init ] --START--
INFO: Run Behavior\BuildLiteBehavior [ RunTime:0.000016s ]
INFO: [ app_init ] --END-- [ RunTime:0.000373s ]
INFO: [ app_begin ] --START--
INFO: Run Behavior\ReadHtmlCacheBehavior [ RunTime:0.000577s ]
INFO: [ app_begin ] --END-- [ RunTime:0.000622s ]
SQL: SHOW COLUMNS FROM `db_bbs` [ RunTime:0.0077s ]
SQL: SHOW COLUMNS FROM `db_user` [ RunTime:0.0048s ]
SQL: SELECT a.username as username,b.bbsId as bbsId,b.title as title,b.content as content,b.createAt as createAt FROM db_user  as  a INNER JOIN db_bbs  as  b  on  b.userId = a.objectId   [ RunTime:0.0003s ]

[ 2017-05-23T00:34:24+08:00 ] ::1 /eduWeb/API/index.php?m=bbs&c=bbs&a=getAllBbs
INFO: [ app_init ] --START--
INFO: Run Behavior\BuildLiteBehavior [ RunTime:0.000030s ]
INFO: [ app_init ] --END-- [ RunTime:0.005319s ]
INFO: [ app_begin ] --START--
INFO: Run Behavior\ReadHtmlCacheBehavior [ RunTime:0.000686s ]
INFO: [ app_begin ] --END-- [ RunTime:0.000752s ]
SQL: SHOW COLUMNS FROM `db_bbs` [ RunTime:0.0035s ]
SQL: SHOW COLUMNS FROM `db_user` [ RunTime:0.0034s ]
SQL: SELECT a.username as username,b.bbsId as bbsId,b.title as title,b.content as content,b.createAt as createAt FROM db_user  as  a INNER JOIN db_bbs  as  b  on  b.userId = a.objectId   [ RunTime:0.0003s ]

[ 2017-05-23T00:34:34+08:00 ] ::1 /eduWeb/API/index.php?m=bbs&c=bbs&a=getAllBbs
INFO: [ app_init ] --START--
INFO: Run Behavior\BuildLiteBehavior [ RunTime:0.000016s ]
INFO: [ app_init ] --END-- [ RunTime:0.000395s ]
INFO: [ app_begin ] --START--
INFO: Run Behavior\ReadHtmlCacheBehavior [ RunTime:0.000597s ]
INFO: [ app_begin ] --END-- [ RunTime:0.000664s ]
SQL: SHOW COLUMNS FROM `db_bbs` [ RunTime:0.0036s ]
SQL: SHOW COLUMNS FROM `db_user` [ RunTime:0.0035s ]
SQL: SELECT a.username as username,b.bbsId as bbsId,b.title as title,b.content as content,b.createAt as createAt FROM db_user  as  a INNER JOIN db_bbs  as  b  on  b.userId = a.objectId   [ RunTime:0.0003s ]

[ 2017-05-23T00:34:35+08:00 ] ::1 /eduWeb/API/index.php?m=bbs&c=bbs&a=getAllBbs
INFO: [ app_init ] --START--
INFO: Run Behavior\BuildLiteBehavior [ RunTime:0.000014s ]
INFO: [ app_init ] --END-- [ RunTime:0.000439s ]
INFO: [ app_begin ] --START--
INFO: Run Behavior\ReadHtmlCacheBehavior [ RunTime:0.000423s ]
INFO: [ app_begin ] --END-- [ RunTime:0.000463s ]
SQL: SHOW COLUMNS FROM `db_bbs` [ RunTime:0.0047s ]
SQL: SHOW COLUMNS FROM `db_user` [ RunTime:0.0046s ]
SQL: SELECT a.username as username,b.bbsId as bbsId,b.title as title,b.content as content,b.createAt as createAt FROM db_user  as  a INNER JOIN db_bbs  as  b  on  b.userId = a.objectId   [ RunTime:0.0003s ]

[ 2017-05-23T00:34:36+08:00 ] ::1 /eduWeb/API/index.php?m=bbs&c=bbs&a=getAllBbs
INFO: [ app_init ] --START--
INFO: Run Behavior\BuildLiteBehavior [ RunTime:0.000014s ]
INFO: [ app_init ] --END-- [ RunTime:0.000358s ]
INFO: [ app_begin ] --START--
INFO: Run Behavior\ReadHtmlCacheBehavior [ RunTime:0.000543s ]
INFO: [ app_begin ] --END-- [ RunTime:0.000588s ]
SQL: SHOW COLUMNS FROM `db_bbs` [ RunTime:0.0040s ]
SQL: SHOW COLUMNS FROM `db_user` [ RunTime:0.0034s ]
SQL: SELECT a.username as username,b.bbsId as bbsId,b.title as title,b.content as content,b.createAt as createAt FROM db_user  as  a INNER JOIN db_bbs  as  b  on  b.userId = a.objectId   [ RunTime:0.0003s ]

[ 2017-05-23T00:34:36+08:00 ] ::1 /eduWeb/API/index.php?m=bbs&c=bbs&a=getAllBbs
INFO: [ app_init ] --START--
INFO: Run Behavior\BuildLiteBehavior [ RunTime:0.000016s ]
INFO: [ app_init ] --END-- [ RunTime:0.000401s ]
INFO: [ app_begin ] --START--
INFO: Run Behavior\ReadHtmlCacheBehavior [ RunTime:0.000574s ]
INFO: [ app_begin ] --END-- [ RunTime:0.000627s ]
SQL: SHOW COLUMNS FROM `db_bbs` [ RunTime:0.0038s ]
SQL: SHOW COLUMNS FROM `db_user` [ RunTime:0.0037s ]
SQL: SELECT a.username as username,b.bbsId as bbsId,b.title as title,b.content as content,b.createAt as createAt FROM db_user  as  a INNER JOIN db_bbs  as  b  on  b.userId = a.objectId   [ RunTime:0.0003s ]

[ 2017-05-23T00:34:37+08:00 ] ::1 /eduWeb/API/index.php?m=bbs&c=bbs&a=getAllBbs
INFO: [ app_init ] --START--
INFO: Run Behavior\BuildLiteBehavior [ RunTime:0.000016s ]
INFO: [ app_init ] --END-- [ RunTime:0.000393s ]
INFO: [ app_begin ] --START--
INFO: Run Behavior\ReadHtmlCacheBehavior [ RunTime:0.001185s ]
INFO: [ app_begin ] --END-- [ RunTime:0.001299s ]
SQL: SHOW COLUMNS FROM `db_bbs` [ RunTime:0.0036s ]
SQL: SHOW COLUMNS FROM `db_user` [ RunTime:0.0040s ]
SQL: SELECT a.username as username,b.bbsId as bbsId,b.title as title,b.content as content,b.createAt as createAt FROM db_user  as  a INNER JOIN db_bbs  as  b  on  b.userId = a.objectId   [ RunTime:0.0003s ]

[ 2017-05-23T00:34:37+08:00 ] ::1 /eduWeb/API/index.php?m=bbs&c=bbs&a=getAllBbs
INFO: [ app_init ] --START--
INFO: Run Behavior\BuildLiteBehavior [ RunTime:0.000020s ]
INFO: [ app_init ] --END-- [ RunTime:0.000835s ]
INFO: [ app_begin ] --START--
INFO: Run Behavior\ReadHtmlCacheBehavior [ RunTime:0.001789s ]
INFO: [ app_begin ] --END-- [ RunTime:0.001853s ]
SQL: SHOW COLUMNS FROM `db_bbs` [ RunTime:0.0034s ]
SQL: SHOW COLUMNS FROM `db_user` [ RunTime:0.0037s ]
SQL: SELECT a.username as username,b.bbsId as bbsId,b.title as title,b.content as content,b.createAt as createAt FROM db_user  as  a INNER JOIN db_bbs  as  b  on  b.userId = a.objectId   [ RunTime:0.0003s ]

[ 2017-05-23T00:51:40+08:00 ] ::1 /eduWeb/API/index.php?m=bbs&c=bbs&a=getAllBbs
INFO: [ app_init ] --START--
INFO: Run Behavior\BuildLiteBehavior [ RunTime:0.000013s ]
INFO: [ app_init ] --END-- [ RunTime:0.000450s ]
INFO: [ app_begin ] --START--
INFO: Run Behavior\ReadHtmlCacheBehavior [ RunTime:0.000850s ]
INFO: [ app_begin ] --END-- [ RunTime:0.000913s ]
SQL: SHOW COLUMNS FROM `db_bbs` [ RunTime:0.0076s ]
SQL: SHOW COLUMNS FROM `db_user` [ RunTime:0.0034s ]
SQL: SELECT a.username as username,b.bbsId as bbsId,b.title as title,b.content as content,b.createAt as createAt FROM db_user  as  a INNER JOIN db_bbs  as  b  on  b.userId = a.objectId   [ RunTime:0.0003s ]

[ 2017-05-23T00:51:41+08:00 ] ::1 /eduWeb/API/index.php?m=bbs&c=bbs&a=getAllBbs
INFO: [ app_init ] --START--
INFO: Run Behavior\BuildLiteBehavior [ RunTime:0.000020s ]
INFO: [ app_init ] --END-- [ RunTime:0.000520s ]
INFO: [ app_begin ] --START--
INFO: Run Behavior\ReadHtmlCacheBehavior [ RunTime:0.001027s ]
INFO: [ app_begin ] --END-- [ RunTime:0.001101s ]
SQL: SHOW COLUMNS FROM `db_bbs` [ RunTime:0.0077s ]
SQL: SHOW COLUMNS FROM `db_user` [ RunTime:0.0034s ]
SQL: SELECT a.username as username,b.bbsId as bbsId,b.title as title,b.content as content,b.createAt as createAt FROM db_user  as  a INNER JOIN db_bbs  as  b  on  b.userId = a.objectId   [ RunTime:0.0003s ]

[ 2017-05-23T00:58:03+08:00 ] ::1 /eduWeb/API/index.php?m=bbs&c=bbs&a=getAllBbs
INFO: [ app_init ] --START--
INFO: Run Behavior\BuildLiteBehavior [ RunTime:0.000011s ]
INFO: [ app_init ] --END-- [ RunTime:0.000321s ]
INFO: [ app_begin ] --START--
INFO: Run Behavior\ReadHtmlCacheBehavior [ RunTime:0.000673s ]
INFO: [ app_begin ] --END-- [ RunTime:0.000710s ]
SQL: SHOW COLUMNS FROM `db_bbs` [ RunTime:0.0075s ]
SQL: SHOW COLUMNS FROM `db_user` [ RunTime:0.0034s ]
SQL: SELECT a.username as username,b.bbsId as bbsId,b.title as title,b.content as content,b.createAt as createAt FROM db_user  as  a INNER JOIN db_bbs  as  b  on  b.userId = a.objectId   [ RunTime:0.0003s ]

[ 2017-05-23T00:59:36+08:00 ] ::1 /eduWeb/API/index.php?m=bbs&c=bbs&a=getAllBbs
INFO: [ app_init ] --START--
INFO: Run Behavior\BuildLiteBehavior [ RunTime:0.000017s ]
INFO: [ app_init ] --END-- [ RunTime:0.001355s ]
INFO: [ app_begin ] --START--
INFO: Run Behavior\ReadHtmlCacheBehavior [ RunTime:0.002658s ]
INFO: [ app_begin ] --END-- [ RunTime:0.002933s ]
SQL: SHOW COLUMNS FROM `db_bbs` [ RunTime:0.0036s ]
SQL: SHOW COLUMNS FROM `db_user` [ RunTime:0.0036s ]
SQL: SELECT a.username as username,b.bbsId as bbsId,b.title as title,b.content as content,b.createAt as createAt FROM db_user  as  a INNER JOIN db_bbs  as  b  on  b.userId = a.objectId   [ RunTime:0.0003s ]

[ 2017-05-23T01:10:10+08:00 ] ::1 /eduWeb/API/index.php?m=bbs&c=bbs&a=getAllBbs
INFO: [ app_init ] --START--
INFO: Run Behavior\BuildLiteBehavior [ RunTime:0.000011s ]
INFO: [ app_init ] --END-- [ RunTime:0.000325s ]
INFO: [ app_begin ] --START--
INFO: Run Behavior\ReadHtmlCacheBehavior [ RunTime:0.000685s ]
INFO: [ app_begin ] --END-- [ RunTime:0.000724s ]
SQL: SHOW COLUMNS FROM `db_bbs` [ RunTime:0.0074s ]
SQL: SHOW COLUMNS FROM `db_user` [ RunTime:0.0040s ]
SQL: SELECT a.username as username,b.bbsId as bbsId,b.title as title,b.content as content,b.createAt as createAt FROM db_user  as  a INNER JOIN db_bbs  as  b  on  b.userId = a.objectId   [ RunTime:0.0003s ]

[ 2017-05-23T01:10:13+08:00 ] ::1 /eduWeb/API/index.php?m=bbs&c=bbs&a=getAllBbs
INFO: [ app_init ] --START--
INFO: Run Behavior\BuildLiteBehavior [ RunTime:0.000019s ]
INFO: [ app_init ] --END-- [ RunTime:0.000531s ]
INFO: [ app_begin ] --START--
INFO: Run Behavior\ReadHtmlCacheBehavior [ RunTime:0.001152s ]
INFO: [ app_begin ] --END-- [ RunTime:0.001224s ]
SQL: SHOW COLUMNS FROM `db_bbs` [ RunTime:0.0049s ]
SQL: SHOW COLUMNS FROM `db_user` [ RunTime:0.0035s ]
SQL: SELECT a.username as username,b.bbsId as bbsId,b.title as title,b.content as content,b.createAt as createAt FROM db_user  as  a INNER JOIN db_bbs  as  b  on  b.userId = a.objectId   [ RunTime:0.0003s ]

[ 2017-05-23T15:56:06+08:00 ] ::1 /eduWeb/API/index.php?m=bbs&c=bbs&a=getAllBbs
INFO: [ app_init ] --START--
INFO: Run Behavior\BuildLiteBehavior [ RunTime:0.000017s ]
INFO: [ app_init ] --END-- [ RunTime:0.000516s ]
INFO: [ app_begin ] --START--
INFO: Run Behavior\ReadHtmlCacheBehavior [ RunTime:0.000769s ]
INFO: [ app_begin ] --END-- [ RunTime:0.000837s ]
SQL: SHOW COLUMNS FROM `db_bbs` [ RunTime:0.0043s ]
SQL: SHOW COLUMNS FROM `db_user` [ RunTime:0.0032s ]
SQL: SELECT a.username as username,b.bbsId as bbsId,b.title as title,b.content as content,b.createAt as createAt FROM db_user  as  a INNER JOIN db_bbs  as  b  on  b.userId = a.objectId   [ RunTime:0.0004s ]

[ 2017-05-23T15:56:09+08:00 ] ::1 /eduWeb/API/index.php?m=bbs&c=bbs&a=getAllBbs
INFO: [ app_init ] --START--
INFO: Run Behavior\BuildLiteBehavior [ RunTime:0.000016s ]
INFO: [ app_init ] --END-- [ RunTime:0.000399s ]
INFO: [ app_begin ] --START--
INFO: Run Behavior\ReadHtmlCacheBehavior [ RunTime:0.000599s ]
INFO: [ app_begin ] --END-- [ RunTime:0.000653s ]
SQL: SHOW COLUMNS FROM `db_bbs` [ RunTime:0.0048s ]
SQL: SHOW COLUMNS FROM `db_user` [ RunTime:0.0039s ]
SQL: SELECT a.username as username,b.bbsId as bbsId,b.title as title,b.content as content,b.createAt as createAt FROM db_user  as  a INNER JOIN db_bbs  as  b  on  b.userId = a.objectId   [ RunTime:0.0004s ]

[ 2017-05-23T15:56:31+08:00 ] ::1 /eduWeb/API/index.php?m=bbs&c=bbs&a=getAllBbs
INFO: [ app_init ] --START--
INFO: Run Behavior\BuildLiteBehavior [ RunTime:0.000017s ]
INFO: [ app_init ] --END-- [ RunTime:0.000407s ]
INFO: [ app_begin ] --START--
INFO: Run Behavior\ReadHtmlCacheBehavior [ RunTime:0.000594s ]
INFO: [ app_begin ] --END-- [ RunTime:0.000653s ]
SQL: SHOW COLUMNS FROM `db_bbs` [ RunTime:0.0073s ]
SQL: SHOW COLUMNS FROM `db_user` [ RunTime:0.0031s ]
SQL: SELECT a.username as username,b.bbsId as bbsId,b.title as title,b.content as content,b.createAt as createAt FROM db_user  as  a INNER JOIN db_bbs  as  b  on  b.userId = a.objectId   [ RunTime:0.0003s ]

[ 2017-05-23T15:56:33+08:00 ] ::1 /eduWeb/API/index.php?m=bbs&c=bbs&a=getAllBbs
INFO: [ app_init ] --START--
INFO: Run Behavior\BuildLiteBehavior [ RunTime:0.000012s ]
INFO: [ app_init ] --END-- [ RunTime:0.000516s ]
INFO: [ app_begin ] --START--
INFO: Run Behavior\ReadHtmlCacheBehavior [ RunTime:0.001877s ]
INFO: [ app_begin ] --END-- [ RunTime:0.001933s ]
SQL: SHOW COLUMNS FROM `db_bbs` [ RunTime:0.0047s ]
SQL: SHOW COLUMNS FROM `db_user` [ RunTime:0.0039s ]
SQL: SELECT a.username as username,b.bbsId as bbsId,b.title as title,b.content as content,b.createAt as createAt FROM db_user  as  a INNER JOIN db_bbs  as  b  on  b.userId = a.objectId   [ RunTime:0.0005s ]

[ 2017-05-23T15:56:49+08:00 ] ::1 /eduWeb/API/index.php?m=bbs&c=bbs&a=getAllBbs
INFO: [ app_init ] --START--
INFO: Run Behavior\BuildLiteBehavior [ RunTime:0.000016s ]
INFO: [ app_init ] --END-- [ RunTime:0.000413s ]
INFO: [ app_begin ] --START--
INFO: Run Behavior\ReadHtmlCacheBehavior [ RunTime:0.000623s ]
INFO: [ app_begin ] --END-- [ RunTime:0.000681s ]
SQL: SHOW COLUMNS FROM `db_bbs` [ RunTime:0.0070s ]
SQL: SHOW COLUMNS FROM `db_user` [ RunTime:0.0036s ]
SQL: SELECT a.username as username,b.bbsId as bbsId,b.title as title,b.content as content,b.createAt as createAt FROM db_user  as  a INNER JOIN db_bbs  as  b  on  b.userId = a.objectId   [ RunTime:0.0004s ]

[ 2017-05-23T15:58:51+08:00 ] ::1 /eduWeb/API/index.php?m=bbs&c=bbs&a=getAllBbs
INFO: [ app_init ] --START--
INFO: Run Behavior\BuildLiteBehavior [ RunTime:0.000018s ]
INFO: [ app_init ] --END-- [ RunTime:0.000450s ]
INFO: [ app_begin ] --START--
INFO: Run Behavior\ReadHtmlCacheBehavior [ RunTime:0.000702s ]
INFO: [ app_begin ] --END-- [ RunTime:0.000769s ]
SQL: SHOW COLUMNS FROM `db_bbs` [ RunTime:0.0066s ]
SQL: SHOW COLUMNS FROM `db_user` [ RunTime:0.0031s ]
SQL: SELECT a.username as username,b.bbsId as bbsId,b.title as title,b.content as content,b.createAt as createAt FROM db_user  as  a INNER JOIN db_bbs  as  b  on  b.userId = a.objectId   [ RunTime:0.0003s ]

[ 2017-05-23T15:59:18+08:00 ] ::1 /eduWeb/API/index.php?m=bbs&c=bbs&a=sendBbs
INFO: [ app_init ] --START--
INFO: Run Behavior\BuildLiteBehavior [ RunTime:0.000012s ]
INFO: [ app_init ] --END-- [ RunTime:0.000314s ]
INFO: [ app_begin ] --START--
INFO: Run Behavior\ReadHtmlCacheBehavior [ RunTime:0.000418s ]
INFO: [ app_begin ] --END-- [ RunTime:0.000456s ]
SQL: SHOW COLUMNS FROM `db_user` [ RunTime:0.0068s ]
SQL: SELECT * FROM `db_user` WHERE ( objectId="16" and password="3af9f63c3e295043eda52fbec864998a" ) LIMIT 1   [ RunTime:0.0003s ]
SQL: SHOW COLUMNS FROM `db_bbs` [ RunTime:0.0032s ]
SQL: INSERT INTO `db_bbs` (`userId`,`title`,`content`) VALUES ('16','miyagay','') [ RunTime:0.0004s ]

[ 2017-05-23T15:59:19+08:00 ] ::1 /eduWeb/API/index.php?m=bbs&c=bbs&a=getAllBbs
INFO: [ app_init ] --START--
INFO: Run Behavior\BuildLiteBehavior [ RunTime:0.000036s ]
INFO: [ app_init ] --END-- [ RunTime:0.000654s ]
INFO: [ app_begin ] --START--
INFO: Run Behavior\ReadHtmlCacheBehavior [ RunTime:0.000540s ]
INFO: [ app_begin ] --END-- [ RunTime:0.000583s ]
SQL: SHOW COLUMNS FROM `db_bbs` [ RunTime:0.0067s ]
SQL: SHOW COLUMNS FROM `db_user` [ RunTime:0.0037s ]
SQL: SELECT a.username as username,b.bbsId as bbsId,b.title as title,b.content as content,b.createAt as createAt FROM db_user  as  a INNER JOIN db_bbs  as  b  on  b.userId = a.objectId   [ RunTime:0.0003s ]

[ 2017-05-23T15:59:26+08:00 ] ::1 /eduWeb/API/index.php?m=bbs&c=bbs&a=getOneBbs&id=9&action=bbs
INFO: [ app_init ] --START--
INFO: Run Behavior\BuildLiteBehavior [ RunTime:0.000012s ]
INFO: [ app_init ] --END-- [ RunTime:0.000331s ]
INFO: [ app_begin ] --START--
INFO: Run Behavior\ReadHtmlCacheBehavior [ RunTime:0.000655s ]
INFO: [ app_begin ] --END-- [ RunTime:0.000717s ]
SQL: SHOW COLUMNS FROM `db_bbs` [ RunTime:0.0025s ]
SQL: SELECT * FROM `db_bbs` WHERE ( bbsId=9 ) LIMIT 1   [ RunTime:0.0002s ]

[ 2017-05-23T15:59:32+08:00 ] ::1 /eduWeb/API/index.php?m=bbs&c=bbs&a=getOneBbs&id=9&action=bbs
INFO: [ app_init ] --START--
INFO: Run Behavior\BuildLiteBehavior [ RunTime:0.000014s ]
INFO: [ app_init ] --END-- [ RunTime:0.000394s ]
INFO: [ app_begin ] --START--
INFO: Run Behavior\ReadHtmlCacheBehavior [ RunTime:0.000604s ]
INFO: [ app_begin ] --END-- [ RunTime:0.000658s ]
SQL: SHOW COLUMNS FROM `db_bbs` [ RunTime:0.0040s ]
SQL: SELECT * FROM `db_bbs` WHERE ( bbsId=9 ) LIMIT 1   [ RunTime:0.0003s ]

[ 2017-05-23T15:59:35+08:00 ] ::1 /eduWeb/API/index.php?m=bbs&c=bbs&a=getAllBbs
INFO: [ app_init ] --START--
INFO: Run Behavior\BuildLiteBehavior [ RunTime:0.000018s ]
INFO: [ app_init ] --END-- [ RunTime:0.000399s ]
INFO: [ app_begin ] --START--
INFO: Run Behavior\ReadHtmlCacheBehavior [ RunTime:0.000433s ]
INFO: [ app_begin ] --END-- [ RunTime:0.000476s ]
SQL: SHOW COLUMNS FROM `db_bbs` [ RunTime:0.0065s ]
SQL: SHOW COLUMNS FROM `db_user` [ RunTime:0.0031s ]
SQL: SELECT a.username as username,b.bbsId as bbsId,b.title as title,b.content as content,b.createAt as createAt FROM db_user  as  a INNER JOIN db_bbs  as  b  on  b.userId = a.objectId   [ RunTime:0.0003s ]

[ 2017-05-23T16:02:01+08:00 ] ::1 /eduWeb/API/index.php?m=bbs&c=bbs&a=getAllBbs
INFO: [ app_init ] --START--
INFO: Run Behavior\BuildLiteBehavior [ RunTime:0.000016s ]
INFO: [ app_init ] --END-- [ RunTime:0.000387s ]
INFO: [ app_begin ] --START--
INFO: Run Behavior\ReadHtmlCacheBehavior [ RunTime:0.000521s ]
INFO: [ app_begin ] --END-- [ RunTime:0.000570s ]
SQL: SHOW COLUMNS FROM `db_bbs` [ RunTime:0.0027s ]
SQL: SHOW COLUMNS FROM `db_user` [ RunTime:0.0039s ]
SQL: SELECT a.username as username,b.bbsId as bbsId,b.title as title,b.content as content,b.createAt as createAt FROM db_user  as  a INNER JOIN db_bbs  as  b  on  b.userId = a.objectId   [ RunTime:0.0004s ]

[ 2017-05-23T16:02:33+08:00 ] ::1 /eduWeb/API/index.php?m=bbs&c=bbs&a=getAllBbs
INFO: [ app_init ] --START--
INFO: Run Behavior\BuildLiteBehavior [ RunTime:0.000016s ]
INFO: [ app_init ] --END-- [ RunTime:0.000431s ]
INFO: [ app_begin ] --START--
INFO: Run Behavior\ReadHtmlCacheBehavior [ RunTime:0.000720s ]
INFO: [ app_begin ] --END-- [ RunTime:0.000781s ]
SQL: SHOW COLUMNS FROM `db_bbs` [ RunTime:0.0040s ]
SQL: SHOW COLUMNS FROM `db_user` [ RunTime:0.0049s ]
SQL: SELECT a.username as username,b.bbsId as bbsId,b.title as title,b.content as content,b.createAt as createAt FROM db_user  as  a INNER JOIN db_bbs  as  b  on  b.userId = a.objectId   [ RunTime:0.0005s ]

[ 2017-05-23T16:04:33+08:00 ] ::1 /eduWeb/API/index.php?m=bbs&c=bbs&a=getAllBbs
INFO: [ app_init ] --START--
INFO: Run Behavior\BuildLiteBehavior [ RunTime:0.000020s ]
INFO: [ app_init ] --END-- [ RunTime:0.000423s ]
INFO: [ app_begin ] --START--
INFO: Run Behavior\ReadHtmlCacheBehavior [ RunTime:0.000549s ]
INFO: [ app_begin ] --END-- [ RunTime:0.000612s ]
SQL: SHOW COLUMNS FROM `db_bbs` [ RunTime:0.0063s ]
SQL: SHOW COLUMNS FROM `db_user` [ RunTime:0.0027s ]
SQL: SELECT a.username as username,b.bbsId as bbsId,b.title as title,b.content as content,b.createAt as createAt FROM db_user  as  a INNER JOIN db_bbs  as  b  on  b.userId = a.objectId   [ RunTime:0.0003s ]

[ 2017-05-23T16:08:41+08:00 ] ::1 /eduWeb/API/index.php?m=bbs&c=bbs&a=getAllBbs
INFO: [ app_init ] --START--
INFO: Run Behavior\BuildLiteBehavior [ RunTime:0.000014s ]
INFO: [ app_init ] --END-- [ RunTime:0.000367s ]
INFO: [ app_begin ] --START--
INFO: Run Behavior\ReadHtmlCacheBehavior [ RunTime:0.000414s ]
INFO: [ app_begin ] --END-- [ RunTime:0.000458s ]
SQL: SHOW COLUMNS FROM `db_bbs` [ RunTime:0.0030s ]
SQL: SHOW COLUMNS FROM `db_user` [ RunTime:0.0029s ]
SQL: SELECT a.username as username,b.bbsId as bbsId,b.title as title,b.content as content,b.createAt as createAt FROM db_user  as  a INNER JOIN db_bbs  as  b  on  b.userId = a.objectId   [ RunTime:0.0003s ]

[ 2017-05-23T16:17:56+08:00 ] ::1 /eduWeb/API/index.php?m=bbs&c=bbs&a=getAllBbs
INFO: [ app_init ] --START--
INFO: Run Behavior\BuildLiteBehavior [ RunTime:0.000011s ]
INFO: [ app_init ] --END-- [ RunTime:0.000299s ]
INFO: [ app_begin ] --START--
INFO: Run Behavior\ReadHtmlCacheBehavior [ RunTime:0.000916s ]
INFO: [ app_begin ] --END-- [ RunTime:0.000973s ]
SQL: SHOW COLUMNS FROM `db_bbs` [ RunTime:0.0081s ]
SQL: SHOW COLUMNS FROM `db_user` [ RunTime:0.0035s ]
SQL: SELECT a.username as username,b.bbsId as bbsId,b.title as title,b.content as content,b.createAt as createAt FROM db_user  as  a INNER JOIN db_bbs  as  b  on  b.userId = a.objectId   [ RunTime:0.0007s ]

[ 2017-05-23T16:18:09+08:00 ] ::1 /eduWeb/API/index.php?m=bbs&c=bbs&a=getAllBbs
INFO: [ app_init ] --START--
INFO: Run Behavior\BuildLiteBehavior [ RunTime:0.000015s ]
INFO: [ app_init ] --END-- [ RunTime:0.000357s ]
INFO: [ app_begin ] --START--
INFO: Run Behavior\ReadHtmlCacheBehavior [ RunTime:0.000588s ]
INFO: [ app_begin ] --END-- [ RunTime:0.000629s ]
SQL: SHOW COLUMNS FROM `db_bbs` [ RunTime:0.0069s ]
SQL: SHOW COLUMNS FROM `db_user` [ RunTime:0.0030s ]
SQL: SELECT a.username as username,b.bbsId as bbsId,b.title as title,b.content as content,b.createAt as createAt FROM db_user  as  a INNER JOIN db_bbs  as  b  on  b.userId = a.objectId   [ RunTime:0.0004s ]

[ 2017-05-23T16:18:14+08:00 ] ::1 /eduWeb/API/index.php?m=bbs&c=bbs&a=getAllBbs
INFO: [ app_init ] --START--
INFO: Run Behavior\BuildLiteBehavior [ RunTime:0.000014s ]
INFO: [ app_init ] --END-- [ RunTime:0.000333s ]
INFO: [ app_begin ] --START--
INFO: Run Behavior\ReadHtmlCacheBehavior [ RunTime:0.000593s ]
INFO: [ app_begin ] --END-- [ RunTime:0.000635s ]
SQL: SHOW COLUMNS FROM `db_bbs` [ RunTime:0.0069s ]
SQL: SHOW COLUMNS FROM `db_user` [ RunTime:0.0030s ]
SQL: SELECT a.username as username,b.bbsId as bbsId,b.title as title,b.content as content,b.createAt as createAt FROM db_user  as  a INNER JOIN db_bbs  as  b  on  b.userId = a.objectId   [ RunTime:0.0003s ]

[ 2017-05-23T17:20:20+08:00 ] ::1 /eduWeb/API/index.php?m=bbs&c=bbs&a=getAllBbs
INFO: [ app_init ] --START--
INFO: Run Behavior\BuildLiteBehavior [ RunTime:0.000011s ]
INFO: [ app_init ] --END-- [ RunTime:0.000294s ]
INFO: [ app_begin ] --START--
INFO: Run Behavior\ReadHtmlCacheBehavior [ RunTime:0.000543s ]
INFO: [ app_begin ] --END-- [ RunTime:0.000581s ]
SQL: SHOW COLUMNS FROM `db_bbs` [ RunTime:0.0069s ]
SQL: SHOW COLUMNS FROM `db_user` [ RunTime:0.0034s ]
SQL: SELECT a.username as username,b.bbsId as bbsId,b.title as title,b.content as content,b.createAt as createAt FROM db_user  as  a INNER JOIN db_bbs  as  b  on  b.userId = a.objectId   [ RunTime:0.0004s ]

[ 2017-05-23T19:40:34+08:00 ] ::1 /eduWeb/API/index.php?m=bbs&c=bbs&a=getAllBbs
INFO: [ app_init ] --START--
INFO: Run Behavior\BuildLiteBehavior [ RunTime:0.000016s ]
INFO: [ app_init ] --END-- [ RunTime:0.000389s ]
INFO: [ app_begin ] --START--
INFO: Run Behavior\ReadHtmlCacheBehavior [ RunTime:0.000574s ]
INFO: [ app_begin ] --END-- [ RunTime:0.000629s ]
SQL: SHOW COLUMNS FROM `db_bbs` [ RunTime:0.0056s ]
SQL: SHOW COLUMNS FROM `db_user` [ RunTime:0.0029s ]
SQL: SELECT a.username as username,b.bbsId as bbsId,b.title as title,b.content as content,b.createAt as createAt FROM db_user  as  a INNER JOIN db_bbs  as  b  on  b.userId = a.objectId   [ RunTime:0.0004s ]

[ 2017-05-23T19:40:47+08:00 ] ::1 /eduWeb/API/index.php?m=bbs&c=bbs&a=getAllBbs
INFO: [ app_init ] --START--
INFO: Run Behavior\BuildLiteBehavior [ RunTime:0.000017s ]
INFO: [ app_init ] --END-- [ RunTime:0.000400s ]
INFO: [ app_begin ] --START--
INFO: Run Behavior\ReadHtmlCacheBehavior [ RunTime:0.000684s ]
INFO: [ app_begin ] --END-- [ RunTime:0.000743s ]
SQL: SHOW COLUMNS FROM `db_bbs` [ RunTime:0.0036s ]
SQL: SHOW COLUMNS FROM `db_user` [ RunTime:0.0028s ]
SQL: SELECT a.username as username,b.bbsId as bbsId,b.title as title,b.content as content,b.createAt as createAt FROM db_user  as  a INNER JOIN db_bbs  as  b  on  b.userId = a.objectId   [ RunTime:0.0003s ]

[ 2017-05-23T19:40:57+08:00 ] ::1 /eduWeb/API/index.php?m=bbs&c=bbs&a=getAllBbs
INFO: [ app_init ] --START--
INFO: Run Behavior\BuildLiteBehavior [ RunTime:0.000016s ]
INFO: [ app_init ] --END-- [ RunTime:0.000378s ]
INFO: [ app_begin ] --START--
INFO: Run Behavior\ReadHtmlCacheBehavior [ RunTime:0.000601s ]
INFO: [ app_begin ] --END-- [ RunTime:0.000650s ]
SQL: SHOW COLUMNS FROM `db_bbs` [ RunTime:0.0073s ]
SQL: SHOW COLUMNS FROM `db_user` [ RunTime:0.0032s ]
SQL: SELECT a.username as username,b.bbsId as bbsId,b.title as title,b.content as content,b.createAt as createAt FROM db_user  as  a INNER JOIN db_bbs  as  b  on  b.userId = a.objectId   [ RunTime:0.0003s ]

[ 2017-05-23T19:45:11+08:00 ] ::1 /eduWeb/API/index.php?m=bbs&c=bbs&a=getAllBbs
INFO: [ app_init ] --START--
INFO: Run Behavior\BuildLiteBehavior [ RunTime:0.000016s ]
INFO: [ app_init ] --END-- [ RunTime:0.000433s ]
INFO: [ app_begin ] --START--
INFO: Run Behavior\ReadHtmlCacheBehavior [ RunTime:0.000568s ]
INFO: [ app_begin ] --END-- [ RunTime:0.001674s ]
SQL: SHOW COLUMNS FROM `db_bbs` [ RunTime:0.0027s ]
SQL: SHOW COLUMNS FROM `db_user` [ RunTime:0.0029s ]
SQL: SELECT a.username as username,b.bbsId as bbsId,b.title as title,b.content as content,b.createAt as createAt FROM db_user  as  a INNER JOIN db_bbs  as  b  on  b.userId = a.objectId   [ RunTime:0.0005s ]

[ 2017-05-23T19:46:07+08:00 ] ::1 /eduWeb/API/index.php?m=bbs&c=bbs&a=getAllBbs
INFO: [ app_init ] --START--
INFO: Run Behavior\BuildLiteBehavior [ RunTime:0.000016s ]
INFO: [ app_init ] --END-- [ RunTime:0.000372s ]
INFO: [ app_begin ] --START--
INFO: Run Behavior\ReadHtmlCacheBehavior [ RunTime:0.000555s ]
INFO: [ app_begin ] --END-- [ RunTime:0.000606s ]
SQL: SHOW COLUMNS FROM `db_bbs` [ RunTime:0.0069s ]
SQL: SHOW COLUMNS FROM `db_user` [ RunTime:0.0026s ]
SQL: SELECT a.username as username,b.bbsId as bbsId,b.title as title,b.content as content,b.createAt as createAt FROM db_user  as  a INNER JOIN db_bbs  as  b  on  b.userId = a.objectId   [ RunTime:0.0003s ]

[ 2017-05-23T19:47:05+08:00 ] ::1 /eduWeb/API/index.php?m=bbs&c=bbs&a=getAllBbs
INFO: [ app_init ] --START--
INFO: Run Behavior\BuildLiteBehavior [ RunTime:0.000014s ]
INFO: [ app_init ] --END-- [ RunTime:0.000365s ]
INFO: [ app_begin ] --START--
INFO: Run Behavior\ReadHtmlCacheBehavior [ RunTime:0.000583s ]
INFO: [ app_begin ] --END-- [ RunTime:0.000638s ]
SQL: SHOW COLUMNS FROM `db_bbs` [ RunTime:0.0030s ]
SQL: SHOW COLUMNS FROM `db_user` [ RunTime:0.0029s ]
SQL: SELECT a.username as username,b.bbsId as bbsId,b.title as title,b.content as content,b.createAt as createAt FROM db_user  as  a INNER JOIN db_bbs  as  b  on  b.userId = a.objectId   [ RunTime:0.0004s ]

[ 2017-05-23T19:48:27+08:00 ] ::1 /eduWeb/API/index.php?m=bbs&c=bbs&a=getAllBbs
INFO: [ app_init ] --START--
INFO: Run Behavior\BuildLiteBehavior [ RunTime:0.000018s ]
INFO: [ app_init ] --END-- [ RunTime:0.000578s ]
INFO: [ app_begin ] --START--
INFO: Run Behavior\ReadHtmlCacheBehavior [ RunTime:0.000768s ]
INFO: [ app_begin ] --END-- [ RunTime:0.000839s ]
SQL: SHOW COLUMNS FROM `db_bbs` [ RunTime:0.0028s ]
SQL: SHOW COLUMNS FROM `db_user` [ RunTime:0.0035s ]
SQL: SELECT a.username as username,b.bbsId as bbsId,b.title as title,b.content as content,b.createAt as createAt FROM db_user  as  a INNER JOIN db_bbs  as  b  on  b.userId = a.objectId   [ RunTime:0.0003s ]

[ 2017-05-23T19:48:31+08:00 ] ::1 /eduWeb/API/index.php?m=bbs&c=bbs&a=getAllBbs
INFO: [ app_init ] --START--
INFO: Run Behavior\BuildLiteBehavior [ RunTime:0.000017s ]
INFO: [ app_init ] --END-- [ RunTime:0.000404s ]
INFO: [ app_begin ] --START--
INFO: Run Behavior\ReadHtmlCacheBehavior [ RunTime:0.000606s ]
INFO: [ app_begin ] --END-- [ RunTime:0.000664s ]
SQL: SHOW COLUMNS FROM `db_bbs` [ RunTime:0.0034s ]
SQL: SHOW COLUMNS FROM `db_user` [ RunTime:0.0037s ]
SQL: SELECT a.username as username,b.bbsId as bbsId,b.title as title,b.content as content,b.createAt as createAt FROM db_user  as  a INNER JOIN db_bbs  as  b  on  b.userId = a.objectId   [ RunTime:0.0003s ]

