[ 2017-05-19T08:36:34+08:00 ] ::1 /eduWeb/API/index.php?m=course&c=Classify&a=getAllClassify
INFO: [ app_init ] --START--
INFO: Run Behavior\BuildLiteBehavior [ RunTime:0.000016s ]
INFO: [ app_init ] --END-- [ RunTime:0.000338s ]
INFO: [ app_begin ] --START--
INFO: Run Behavior\ReadHtmlCacheBehavior [ RunTime:0.000436s ]
INFO: [ app_begin ] --END-- [ RunTime:0.000473s ]
SQL: SHOW COLUMNS FROM `db_courseclassify` [ RunTime:0.0080s ]
SQL: SELECT * FROM `db_courseclassify`  [ RunTime:0.0003s ]

[ 2017-05-19T08:36:34+08:00 ] ::1 /eduWeb/API/index.php?m=course&c=course&a=getcourses&classifyId=0
INFO: [ app_init ] --START--
INFO: Run Behavior\BuildLiteBehavior [ RunTime:0.000011s ]
INFO: [ app_init ] --END-- [ RunTime:0.000284s ]
INFO: [ app_begin ] --START--
INFO: Run Behavior\ReadHtmlCacheBehavior [ RunTime:0.000413s ]
INFO: [ app_begin ] --END-- [ RunTime:0.000445s ]
SQL: SHOW COLUMNS FROM `db_course` [ RunTime:0.0073s ]
SQL: SELECT * FROM `db_course`  [ RunTime:0.0003s ]

[ 2017-05-19T08:36:35+08:00 ] ::1 /eduWeb/API/index.php?m=course&c=Classify&a=getAllClassify
INFO: [ app_init ] --START--
INFO: Run Behavior\BuildLiteBehavior [ RunTime:0.000011s ]
INFO: [ app_init ] --END-- [ RunTime:0.000296s ]
INFO: [ app_begin ] --START--
INFO: Run Behavior\ReadHtmlCacheBehavior [ RunTime:0.000676s ]
INFO: [ app_begin ] --END-- [ RunTime:0.000724s ]
SQL: SHOW COLUMNS FROM `db_courseclassify` [ RunTime:0.0100s ]
SQL: SELECT * FROM `db_courseclassify`  [ RunTime:0.0003s ]

[ 2017-05-19T08:36:35+08:00 ] ::1 /eduWeb/API/index.php?m=course&c=course&a=getcourses&classifyId=0
INFO: [ app_init ] --START--
INFO: Run Behavior\BuildLiteBehavior [ RunTime:0.000011s ]
INFO: [ app_init ] --END-- [ RunTime:0.000273s ]
INFO: [ app_begin ] --START--
INFO: Run Behavior\ReadHtmlCacheBehavior [ RunTime:0.000530s ]
INFO: [ app_begin ] --END-- [ RunTime:0.000572s ]
SQL: SHOW COLUMNS FROM `db_course` [ RunTime:0.0073s ]
SQL: SELECT * FROM `db_course`  [ RunTime:0.0003s ]

[ 2017-05-19T08:36:41+08:00 ] ::1 /eduWeb/API/index.php?m=course&c=Classify&a=getAllClassify
INFO: [ app_init ] --START--
INFO: Run Behavior\BuildLiteBehavior [ RunTime:0.000012s ]
INFO: [ app_init ] --END-- [ RunTime:0.000315s ]
INFO: [ app_begin ] --START--
INFO: Run Behavior\ReadHtmlCacheBehavior [ RunTime:0.000601s ]
INFO: [ app_begin ] --END-- [ RunTime:0.000654s ]
SQL: SHOW COLUMNS FROM `db_courseclassify` [ RunTime:0.0101s ]
SQL: SELECT * FROM `db_courseclassify`  [ RunTime:0.0004s ]

[ 2017-05-19T08:36:41+08:00 ] ::1 /eduWeb/API/index.php?m=course&c=course&a=getcourses&classifyId=0
INFO: [ app_init ] --START--
INFO: Run Behavior\BuildLiteBehavior [ RunTime:0.000016s ]
INFO: [ app_init ] --END-- [ RunTime:0.000514s ]
INFO: [ app_begin ] --START--
INFO: Run Behavior\ReadHtmlCacheBehavior [ RunTime:0.000584s ]
INFO: [ app_begin ] --END-- [ RunTime:0.000635s ]
SQL: SHOW COLUMNS FROM `db_course` [ RunTime:0.0065s ]
SQL: SELECT * FROM `db_course`  [ RunTime:0.0003s ]

[ 2017-05-19T08:36:42+08:00 ] ::1 /eduWeb/API/index.php?m=course&c=course&a=getCourseInfo&id=2
INFO: [ app_init ] --START--
INFO: Run Behavior\BuildLiteBehavior [ RunTime:0.000014s ]
INFO: [ app_init ] --END-- [ RunTime:0.000363s ]
INFO: [ app_begin ] --START--
INFO: Run Behavior\ReadHtmlCacheBehavior [ RunTime:0.000581s ]
INFO: [ app_begin ] --END-- [ RunTime:0.000636s ]
SQL: SHOW COLUMNS FROM `db_course` [ RunTime:0.0096s ]
SQL: SELECT * FROM `db_course` WHERE ( courseId=2 ) LIMIT 1   [ RunTime:0.0002s ]

[ 2017-05-19T08:36:42+08:00 ] ::1 /eduWeb/API/index.php?m=course&c=classify&a=getClassifyById&classifyId=2
INFO: [ app_init ] --START--
INFO: Run Behavior\BuildLiteBehavior [ RunTime:0.000019s ]
INFO: [ app_init ] --END-- [ RunTime:0.000523s ]
INFO: [ app_begin ] --START--
INFO: Run Behavior\ReadHtmlCacheBehavior [ RunTime:0.000783s ]
INFO: [ app_begin ] --END-- [ RunTime:0.000853s ]
SQL: SHOW COLUMNS FROM `db_courseclassify` [ RunTime:0.0083s ]
SQL: SELECT * FROM `db_courseclassify` WHERE ( objectId=2 ) LIMIT 1   [ RunTime:0.0002s ]

[ 2017-05-19T08:36:59+08:00 ] ::1 /eduWeb/API/index.php?m=course&c=Classify&a=getAllClassify
INFO: [ app_init ] --START--
INFO: Run Behavior\BuildLiteBehavior [ RunTime:0.000010s ]
INFO: [ app_init ] --END-- [ RunTime:0.000305s ]
INFO: [ app_begin ] --START--
INFO: Run Behavior\ReadHtmlCacheBehavior [ RunTime:0.000660s ]
INFO: [ app_begin ] --END-- [ RunTime:0.000716s ]
SQL: SHOW COLUMNS FROM `db_courseclassify` [ RunTime:0.0085s ]
SQL: SELECT * FROM `db_courseclassify`  [ RunTime:0.0002s ]

[ 2017-05-19T08:36:59+08:00 ] ::1 /eduWeb/API/index.php?m=course&c=course&a=getcourses&classifyId=0
INFO: [ app_init ] --START--
INFO: Run Behavior\BuildLiteBehavior [ RunTime:0.000012s ]
INFO: [ app_init ] --END-- [ RunTime:0.000297s ]
INFO: [ app_begin ] --START--
INFO: Run Behavior\ReadHtmlCacheBehavior [ RunTime:0.001030s ]
INFO: [ app_begin ] --END-- [ RunTime:0.001094s ]
SQL: SHOW COLUMNS FROM `db_course` [ RunTime:0.0060s ]
SQL: SELECT * FROM `db_course`  [ RunTime:0.0002s ]

[ 2017-05-19T08:37:00+08:00 ] ::1 /eduWeb/API/index.php?m=course&c=course&a=getCourseInfo&id=3
INFO: [ app_init ] --START--
INFO: Run Behavior\BuildLiteBehavior [ RunTime:0.000013s ]
INFO: [ app_init ] --END-- [ RunTime:0.000348s ]
INFO: [ app_begin ] --START--
INFO: Run Behavior\ReadHtmlCacheBehavior [ RunTime:0.000445s ]
INFO: [ app_begin ] --END-- [ RunTime:0.000481s ]
SQL: SHOW COLUMNS FROM `db_course` [ RunTime:0.0094s ]
SQL: SELECT * FROM `db_course` WHERE ( courseId=3 ) LIMIT 1   [ RunTime:0.0003s ]

[ 2017-05-19T08:37:00+08:00 ] ::1 /eduWeb/API/index.php?m=course&c=classify&a=getClassifyById&classifyId=1
INFO: [ app_init ] --START--
INFO: Run Behavior\BuildLiteBehavior [ RunTime:0.000011s ]
INFO: [ app_init ] --END-- [ RunTime:0.000282s ]
INFO: [ app_begin ] --START--
INFO: Run Behavior\ReadHtmlCacheBehavior [ RunTime:0.000411s ]
INFO: [ app_begin ] --END-- [ RunTime:0.000444s ]
SQL: SHOW COLUMNS FROM `db_courseclassify` [ RunTime:0.0070s ]
SQL: SELECT * FROM `db_courseclassify` WHERE ( objectId=1 ) LIMIT 1   [ RunTime:0.0003s ]

[ 2017-05-19T08:37:03+08:00 ] ::1 /eduWeb/API/index.php?m=course&c=Classify&a=getAllClassify
INFO: [ app_init ] --START--
INFO: Run Behavior\BuildLiteBehavior [ RunTime:0.000011s ]
INFO: [ app_init ] --END-- [ RunTime:0.000341s ]
INFO: [ app_begin ] --START--
INFO: Run Behavior\ReadHtmlCacheBehavior [ RunTime:0.001129s ]
INFO: [ app_begin ] --END-- [ RunTime:0.001196s ]
SQL: SHOW COLUMNS FROM `db_courseclassify` [ RunTime:0.0109s ]
SQL: SELECT * FROM `db_courseclassify`  [ RunTime:0.0002s ]

[ 2017-05-19T08:37:03+08:00 ] ::1 /eduWeb/API/index.php?m=course&c=course&a=getcourses&classifyId=0
INFO: [ app_init ] --START--
INFO: Run Behavior\BuildLiteBehavior [ RunTime:0.000017s ]
INFO: [ app_init ] --END-- [ RunTime:0.000468s ]
INFO: [ app_begin ] --START--
INFO: Run Behavior\ReadHtmlCacheBehavior [ RunTime:0.001058s ]
INFO: [ app_begin ] --END-- [ RunTime:0.001127s ]
SQL: SHOW COLUMNS FROM `db_course` [ RunTime:0.0078s ]
SQL: SELECT * FROM `db_course`  [ RunTime:0.0003s ]

[ 2017-05-19T08:37:04+08:00 ] ::1 /eduWeb/API/index.php?m=course&c=course&a=getcourses&classifyId=2
INFO: [ app_init ] --START--
INFO: Run Behavior\BuildLiteBehavior [ RunTime:0.000011s ]
INFO: [ app_init ] --END-- [ RunTime:0.000269s ]
INFO: [ app_begin ] --START--
INFO: Run Behavior\ReadHtmlCacheBehavior [ RunTime:0.000404s ]
INFO: [ app_begin ] --END-- [ RunTime:0.000436s ]
SQL: SHOW COLUMNS FROM `db_course` [ RunTime:0.0096s ]
SQL: SELECT * FROM `db_course` WHERE ( classifyId=2 )  [ RunTime:0.0003s ]

[ 2017-05-19T08:37:05+08:00 ] ::1 /eduWeb/API/index.php?m=course&c=course&a=getcourses&classifyId=4
INFO: [ app_init ] --START--
INFO: Run Behavior\BuildLiteBehavior [ RunTime:0.000018s ]
INFO: [ app_init ] --END-- [ RunTime:0.000413s ]
INFO: [ app_begin ] --START--
INFO: Run Behavior\ReadHtmlCacheBehavior [ RunTime:0.000687s ]
INFO: [ app_begin ] --END-- [ RunTime:0.000749s ]
SQL: SHOW COLUMNS FROM `db_course` [ RunTime:0.0058s ]
SQL: SELECT * FROM `db_course` WHERE ( classifyId=4 )  [ RunTime:0.0003s ]

[ 2017-05-19T08:37:05+08:00 ] ::1 /eduWeb/API/index.php?m=course&c=course&a=getcourses&classifyId=3
INFO: [ app_init ] --START--
INFO: Run Behavior\BuildLiteBehavior [ RunTime:0.000010s ]
INFO: [ app_init ] --END-- [ RunTime:0.000267s ]
INFO: [ app_begin ] --START--
INFO: Run Behavior\ReadHtmlCacheBehavior [ RunTime:0.000413s ]
INFO: [ app_begin ] --END-- [ RunTime:0.000446s ]
SQL: SHOW COLUMNS FROM `db_course` [ RunTime:0.0057s ]
SQL: SELECT * FROM `db_course` WHERE ( classifyId=3 )  [ RunTime:0.0002s ]

[ 2017-05-19T08:37:06+08:00 ] ::1 /eduWeb/API/index.php?m=course&c=course&a=getcourses&classifyId=4
INFO: [ app_init ] --START--
INFO: Run Behavior\BuildLiteBehavior [ RunTime:0.000012s ]
INFO: [ app_init ] --END-- [ RunTime:0.000334s ]
INFO: [ app_begin ] --START--
INFO: Run Behavior\ReadHtmlCacheBehavior [ RunTime:0.000428s ]
INFO: [ app_begin ] --END-- [ RunTime:0.000462s ]
SQL: SHOW COLUMNS FROM `db_course` [ RunTime:0.0094s ]
SQL: SELECT * FROM `db_course` WHERE ( classifyId=4 )  [ RunTime:0.0003s ]

[ 2017-05-19T08:37:06+08:00 ] ::1 /eduWeb/API/index.php?m=course&c=course&a=getcourses&classifyId=3
INFO: [ app_init ] --START--
INFO: Run Behavior\BuildLiteBehavior [ RunTime:0.000011s ]
INFO: [ app_init ] --END-- [ RunTime:0.000268s ]
INFO: [ app_begin ] --START--
INFO: Run Behavior\ReadHtmlCacheBehavior [ RunTime:0.000401s ]
INFO: [ app_begin ] --END-- [ RunTime:0.000433s ]
SQL: SHOW COLUMNS FROM `db_course` [ RunTime:0.0058s ]
SQL: SELECT * FROM `db_course` WHERE ( classifyId=3 )  [ RunTime:0.0003s ]

[ 2017-05-19T08:37:06+08:00 ] ::1 /eduWeb/API/index.php?m=course&c=course&a=getcourses&classifyId=1
INFO: [ app_init ] --START--
INFO: Run Behavior\BuildLiteBehavior [ RunTime:0.000013s ]
INFO: [ app_init ] --END-- [ RunTime:0.000340s ]
INFO: [ app_begin ] --START--
INFO: Run Behavior\ReadHtmlCacheBehavior [ RunTime:0.000506s ]
INFO: [ app_begin ] --END-- [ RunTime:0.000545s ]
SQL: SHOW COLUMNS FROM `db_course` [ RunTime:0.0057s ]
SQL: SELECT * FROM `db_course` WHERE ( classifyId=1 )  [ RunTime:0.0003s ]

[ 2017-05-19T08:37:08+08:00 ] ::1 /eduWeb/API/index.php?m=course&c=course&a=getcourses&classifyId=4
INFO: [ app_init ] --START--
INFO: Run Behavior\BuildLiteBehavior [ RunTime:0.000014s ]
INFO: [ app_init ] --END-- [ RunTime:0.000341s ]
INFO: [ app_begin ] --START--
INFO: Run Behavior\ReadHtmlCacheBehavior [ RunTime:0.000509s ]
INFO: [ app_begin ] --END-- [ RunTime:0.000549s ]
SQL: SHOW COLUMNS FROM `db_course` [ RunTime:0.0094s ]
SQL: SELECT * FROM `db_course` WHERE ( classifyId=4 )  [ RunTime:0.0003s ]

[ 2017-05-19T08:37:09+08:00 ] ::1 /eduWeb/API/index.php?m=course&c=course&a=getcourses&classifyId=1
INFO: [ app_init ] --START--
INFO: Run Behavior\BuildLiteBehavior [ RunTime:0.000011s ]
INFO: [ app_init ] --END-- [ RunTime:0.000268s ]
INFO: [ app_begin ] --START--
INFO: Run Behavior\ReadHtmlCacheBehavior [ RunTime:0.000401s ]
INFO: [ app_begin ] --END-- [ RunTime:0.000433s ]
SQL: SHOW COLUMNS FROM `db_course` [ RunTime:0.0087s ]
SQL: SELECT * FROM `db_course` WHERE ( classifyId=1 )  [ RunTime:0.0002s ]

[ 2017-05-19T08:37:09+08:00 ] ::1 /eduWeb/API/index.php?m=course&c=course&a=getcourses&classifyId=4
INFO: [ app_init ] --START--
INFO: Run Behavior\BuildLiteBehavior [ RunTime:0.000013s ]
INFO: [ app_init ] --END-- [ RunTime:0.000334s ]
INFO: [ app_begin ] --START--
INFO: Run Behavior\ReadHtmlCacheBehavior [ RunTime:0.000506s ]
INFO: [ app_begin ] --END-- [ RunTime:0.000547s ]
SQL: SHOW COLUMNS FROM `db_course` [ RunTime:0.0095s ]
SQL: SELECT * FROM `db_course` WHERE ( classifyId=4 )  [ RunTime:0.0003s ]

[ 2017-05-19T08:37:10+08:00 ] ::1 /eduWeb/API/index.php?m=course&c=course&a=getcourses&classifyId=1
INFO: [ app_init ] --START--
INFO: Run Behavior\BuildLiteBehavior [ RunTime:0.000013s ]
INFO: [ app_init ] --END-- [ RunTime:0.000339s ]
INFO: [ app_begin ] --START--
INFO: Run Behavior\ReadHtmlCacheBehavior [ RunTime:0.000506s ]
INFO: [ app_begin ] --END-- [ RunTime:0.000542s ]
SQL: SHOW COLUMNS FROM `db_course` [ RunTime:0.0096s ]
SQL: SELECT * FROM `db_course` WHERE ( classifyId=1 )  [ RunTime:0.0003s ]

[ 2017-05-19T08:37:11+08:00 ] ::1 /eduWeb/API/index.php?m=course&c=course&a=getcourses&classifyId=4
INFO: [ app_init ] --START--
INFO: Run Behavior\BuildLiteBehavior [ RunTime:0.000012s ]
INFO: [ app_init ] --END-- [ RunTime:0.000288s ]
INFO: [ app_begin ] --START--
INFO: Run Behavior\ReadHtmlCacheBehavior [ RunTime:0.000483s ]
INFO: [ app_begin ] --END-- [ RunTime:0.000524s ]
SQL: SHOW COLUMNS FROM `db_course` [ RunTime:0.0096s ]
SQL: SELECT * FROM `db_course` WHERE ( classifyId=4 )  [ RunTime:0.0003s ]

[ 2017-05-19T08:37:12+08:00 ] ::1 /eduWeb/API/index.php?m=course&c=course&a=getcourses&classifyId=1
INFO: [ app_init ] --START--
INFO: Run Behavior\BuildLiteBehavior [ RunTime:0.000010s ]
INFO: [ app_init ] --END-- [ RunTime:0.000266s ]
INFO: [ app_begin ] --START--
INFO: Run Behavior\ReadHtmlCacheBehavior [ RunTime:0.000401s ]
INFO: [ app_begin ] --END-- [ RunTime:0.000435s ]
SQL: SHOW COLUMNS FROM `db_course` [ RunTime:0.0090s ]
SQL: SELECT * FROM `db_course` WHERE ( classifyId=1 )  [ RunTime:0.0002s ]

[ 2017-05-19T08:37:12+08:00 ] ::1 /eduWeb/API/index.php?m=course&c=course&a=getcourses&classifyId=4
INFO: [ app_init ] --START--
INFO: Run Behavior\BuildLiteBehavior [ RunTime:0.000013s ]
INFO: [ app_init ] --END-- [ RunTime:0.000344s ]
INFO: [ app_begin ] --START--
INFO: Run Behavior\ReadHtmlCacheBehavior [ RunTime:0.000511s ]
INFO: [ app_begin ] --END-- [ RunTime:0.000550s ]
SQL: SHOW COLUMNS FROM `db_course` [ RunTime:0.0097s ]
SQL: SELECT * FROM `db_course` WHERE ( classifyId=4 )  [ RunTime:0.0002s ]

[ 2017-05-19T08:37:13+08:00 ] ::1 /eduWeb/API/index.php?m=course&c=course&a=getcourses&classifyId=1
INFO: [ app_init ] --START--
INFO: Run Behavior\BuildLiteBehavior [ RunTime:0.000013s ]
INFO: [ app_init ] --END-- [ RunTime:0.000291s ]
INFO: [ app_begin ] --START--
INFO: Run Behavior\ReadHtmlCacheBehavior [ RunTime:0.000448s ]
INFO: [ app_begin ] --END-- [ RunTime:0.000486s ]
SQL: SHOW COLUMNS FROM `db_course` [ RunTime:0.0095s ]
SQL: SELECT * FROM `db_course` WHERE ( classifyId=1 )  [ RunTime:0.0003s ]

[ 2017-05-19T08:37:14+08:00 ] ::1 /eduWeb/API/index.php?m=course&c=course&a=getcourses&classifyId=2
INFO: [ app_init ] --START--
INFO: Run Behavior\BuildLiteBehavior [ RunTime:0.000011s ]
INFO: [ app_init ] --END-- [ RunTime:0.000267s ]
INFO: [ app_begin ] --START--
INFO: Run Behavior\ReadHtmlCacheBehavior [ RunTime:0.000396s ]
INFO: [ app_begin ] --END-- [ RunTime:0.000429s ]
SQL: SHOW COLUMNS FROM `db_course` [ RunTime:0.0098s ]
SQL: SELECT * FROM `db_course` WHERE ( classifyId=2 )  [ RunTime:0.0003s ]

[ 2017-05-19T08:37:14+08:00 ] ::1 /eduWeb/API/index.php?m=course&c=course&a=getcourses&classifyId=0
INFO: [ app_init ] --START--
INFO: Run Behavior\BuildLiteBehavior [ RunTime:0.000011s ]
INFO: [ app_init ] --END-- [ RunTime:0.000268s ]
INFO: [ app_begin ] --START--
INFO: Run Behavior\ReadHtmlCacheBehavior [ RunTime:0.000399s ]
INFO: [ app_begin ] --END-- [ RunTime:0.000431s ]
SQL: SHOW COLUMNS FROM `db_course` [ RunTime:0.0093s ]
SQL: SELECT * FROM `db_course`  [ RunTime:0.0003s ]

[ 2017-05-19T08:37:17+08:00 ] ::1 /eduWeb/API/index.php?m=course&c=Classify&a=getAllClassify
INFO: [ app_init ] --START--
INFO: Run Behavior\BuildLiteBehavior [ RunTime:0.000012s ]
INFO: [ app_init ] --END-- [ RunTime:0.000372s ]
INFO: [ app_begin ] --START--
INFO: Run Behavior\ReadHtmlCacheBehavior [ RunTime:0.000622s ]
INFO: [ app_begin ] --END-- [ RunTime:0.000682s ]
SQL: SHOW COLUMNS FROM `db_courseclassify` [ RunTime:0.0093s ]
SQL: SELECT * FROM `db_courseclassify`  [ RunTime:0.0003s ]

[ 2017-05-19T08:37:17+08:00 ] ::1 /eduWeb/API/index.php?m=course&c=course&a=getcourses&classifyId=0
INFO: [ app_init ] --START--
INFO: Run Behavior\BuildLiteBehavior [ RunTime:0.000018s ]
INFO: [ app_init ] --END-- [ RunTime:0.000460s ]
INFO: [ app_begin ] --START--
INFO: Run Behavior\ReadHtmlCacheBehavior [ RunTime:0.000457s ]
INFO: [ app_begin ] --END-- [ RunTime:0.000501s ]
SQL: SHOW COLUMNS FROM `db_course` [ RunTime:0.0057s ]
SQL: SELECT * FROM `db_course`  [ RunTime:0.0002s ]

[ 2017-05-19T08:45:11+08:00 ] ::1 /eduWeb/API/index.php?m=course&c=course&a=getCourseInfo&id=
INFO: [ app_init ] --START--
INFO: Run Behavior\BuildLiteBehavior [ RunTime:0.000019s ]
INFO: [ app_init ] --END-- [ RunTime:0.000473s ]
INFO: [ app_begin ] --START--
INFO: Run Behavior\ReadHtmlCacheBehavior [ RunTime:0.000925s ]
INFO: [ app_begin ] --END-- [ RunTime:0.001001s ]

[ 2017-05-19T08:45:11+08:00 ] ::1 /eduWeb/API/index.php?m=course&c=Classify&a=getAllClassify
INFO: [ app_init ] --START--
INFO: Run Behavior\BuildLiteBehavior [ RunTime:0.000013s ]
INFO: [ app_init ] --END-- [ RunTime:0.000444s ]
INFO: [ app_begin ] --START--
INFO: Run Behavior\ReadHtmlCacheBehavior [ RunTime:0.000635s ]
INFO: [ app_begin ] --END-- [ RunTime:0.000683s ]
SQL: SHOW COLUMNS FROM `db_courseclassify` [ RunTime:0.0068s ]
SQL: SELECT * FROM `db_courseclassify`  [ RunTime:0.0002s ]

[ 2017-05-19T08:45:11+08:00 ] ::1 /eduWeb/API/index.php?m=course&c=course&a=getcourses&classifyId=0
INFO: [ app_init ] --START--
INFO: Run Behavior\BuildLiteBehavior [ RunTime:0.000013s ]
INFO: [ app_init ] --END-- [ RunTime:0.000391s ]
INFO: [ app_begin ] --START--
INFO: Run Behavior\ReadHtmlCacheBehavior [ RunTime:0.000632s ]
INFO: [ app_begin ] --END-- [ RunTime:0.000668s ]
SQL: SHOW COLUMNS FROM `db_course` [ RunTime:0.0033s ]
SQL: SELECT * FROM `db_course`  [ RunTime:0.0003s ]

[ 2017-05-19T10:18:16+08:00 ] ::1 /eduWeb/API/index.php?m=course&c=Classify&a=getAllClassify
INFO: [ app_init ] --START--
INFO: Run Behavior\BuildLiteBehavior [ RunTime:0.000013s ]
INFO: [ app_init ] --END-- [ RunTime:0.000384s ]
INFO: [ app_begin ] --START--
INFO: Run Behavior\ReadHtmlCacheBehavior [ RunTime:0.000510s ]
INFO: [ app_begin ] --END-- [ RunTime:0.000548s ]
SQL: SHOW COLUMNS FROM `db_courseclassify` [ RunTime:0.0154s ]
SQL: SELECT * FROM `db_courseclassify`  [ RunTime:0.0003s ]

[ 2017-05-19T10:18:16+08:00 ] ::1 /eduWeb/API/index.php?m=course&c=course&a=getcourses&classifyId=0
INFO: [ app_init ] --START--
INFO: Run Behavior\BuildLiteBehavior [ RunTime:0.000017s ]
INFO: [ app_init ] --END-- [ RunTime:0.000371s ]
INFO: [ app_begin ] --START--
INFO: Run Behavior\ReadHtmlCacheBehavior [ RunTime:0.000559s ]
INFO: [ app_begin ] --END-- [ RunTime:0.000613s ]
SQL: SHOW COLUMNS FROM `db_course` [ RunTime:0.0044s ]
SQL: SELECT * FROM `db_course`  [ RunTime:0.0003s ]

[ 2017-05-19T10:18:25+08:00 ] ::1 /eduWeb/API/index.php?m=course&c=Classify&a=getAllClassify
INFO: [ app_init ] --START--
INFO: Run Behavior\BuildLiteBehavior [ RunTime:0.000022s ]
INFO: [ app_init ] --END-- [ RunTime:0.000578s ]
INFO: [ app_begin ] --START--
INFO: Run Behavior\ReadHtmlCacheBehavior [ RunTime:0.000560s ]
INFO: [ app_begin ] --END-- [ RunTime:0.000614s ]
SQL: SHOW COLUMNS FROM `db_courseclassify` [ RunTime:0.0070s ]
SQL: SELECT * FROM `db_courseclassify`  [ RunTime:0.0003s ]

[ 2017-05-19T10:18:25+08:00 ] ::1 /eduWeb/API/index.php?m=course&c=course&a=getcourses&classifyId=0
INFO: [ app_init ] --START--
INFO: Run Behavior\BuildLiteBehavior [ RunTime:0.000012s ]
INFO: [ app_init ] --END-- [ RunTime:0.000330s ]
INFO: [ app_begin ] --START--
INFO: Run Behavior\ReadHtmlCacheBehavior [ RunTime:0.000493s ]
INFO: [ app_begin ] --END-- [ RunTime:0.000532s ]
SQL: SHOW COLUMNS FROM `db_course` [ RunTime:0.0030s ]
SQL: SELECT * FROM `db_course`  [ RunTime:0.0003s ]

[ 2017-05-19T10:18:30+08:00 ] ::1 /eduWeb/API/index.php?m=course&c=course&a=getcourses&classifyId=2
INFO: [ app_init ] --START--
INFO: Run Behavior\BuildLiteBehavior [ RunTime:0.000013s ]
INFO: [ app_init ] --END-- [ RunTime:0.000334s ]
INFO: [ app_begin ] --START--
INFO: Run Behavior\ReadHtmlCacheBehavior [ RunTime:0.000498s ]
INFO: [ app_begin ] --END-- [ RunTime:0.000537s ]
SQL: SHOW COLUMNS FROM `db_course` [ RunTime:0.0073s ]
SQL: SELECT * FROM `db_course` WHERE ( classifyId=2 )  [ RunTime:0.0021s ]

[ 2017-05-19T10:18:31+08:00 ] ::1 /eduWeb/API/index.php?m=course&c=course&a=getcourses&classifyId=1
INFO: [ app_init ] --START--
INFO: Run Behavior\BuildLiteBehavior [ RunTime:0.000013s ]
INFO: [ app_init ] --END-- [ RunTime:0.000330s ]
INFO: [ app_begin ] --START--
INFO: Run Behavior\ReadHtmlCacheBehavior [ RunTime:0.000491s ]
INFO: [ app_begin ] --END-- [ RunTime:0.000532s ]
SQL: SHOW COLUMNS FROM `db_course` [ RunTime:0.0072s ]
SQL: SELECT * FROM `db_course` WHERE ( classifyId=1 )  [ RunTime:0.0003s ]

[ 2017-05-19T10:18:32+08:00 ] ::1 /eduWeb/API/index.php?m=course&c=course&a=getcourses&classifyId=3
INFO: [ app_init ] --START--
INFO: Run Behavior\BuildLiteBehavior [ RunTime:0.000014s ]
INFO: [ app_init ] --END-- [ RunTime:0.000333s ]
INFO: [ app_begin ] --START--
INFO: Run Behavior\ReadHtmlCacheBehavior [ RunTime:0.000501s ]
INFO: [ app_begin ] --END-- [ RunTime:0.000540s ]
SQL: SHOW COLUMNS FROM `db_course` [ RunTime:0.0034s ]
SQL: SELECT * FROM `db_course` WHERE ( classifyId=3 )  [ RunTime:0.0003s ]

[ 2017-05-19T10:18:33+08:00 ] ::1 /eduWeb/API/index.php?m=course&c=course&a=getcourses&classifyId=4
INFO: [ app_init ] --START--
INFO: Run Behavior\BuildLiteBehavior [ RunTime:0.000018s ]
INFO: [ app_init ] --END-- [ RunTime:0.000435s ]
INFO: [ app_begin ] --START--
INFO: Run Behavior\ReadHtmlCacheBehavior [ RunTime:0.000510s ]
INFO: [ app_begin ] --END-- [ RunTime:0.000556s ]
SQL: SHOW COLUMNS FROM `db_course` [ RunTime:0.0069s ]
SQL: SELECT * FROM `db_course` WHERE ( classifyId=4 )  [ RunTime:0.0003s ]

[ 2017-05-19T10:18:34+08:00 ] ::1 /eduWeb/API/index.php?m=course&c=course&a=getcourses&classifyId=0
INFO: [ app_init ] --START--
INFO: Run Behavior\BuildLiteBehavior [ RunTime:0.000013s ]
INFO: [ app_init ] --END-- [ RunTime:0.000336s ]
INFO: [ app_begin ] --START--
INFO: Run Behavior\ReadHtmlCacheBehavior [ RunTime:0.000506s ]
INFO: [ app_begin ] --END-- [ RunTime:0.000545s ]
SQL: SHOW COLUMNS FROM `db_course` [ RunTime:0.0073s ]
SQL: SELECT * FROM `db_course`  [ RunTime:0.0003s ]

[ 2017-05-19T10:18:36+08:00 ] ::1 /eduWeb/API/index.php?m=course&c=course&a=getCourseInfo&id=1
INFO: [ app_init ] --START--
INFO: Run Behavior\BuildLiteBehavior [ RunTime:0.000012s ]
INFO: [ app_init ] --END-- [ RunTime:0.000332s ]
INFO: [ app_begin ] --START--
INFO: Run Behavior\ReadHtmlCacheBehavior [ RunTime:0.000412s ]
INFO: [ app_begin ] --END-- [ RunTime:0.000449s ]
SQL: SHOW COLUMNS FROM `db_course` [ RunTime:0.0070s ]
SQL: SELECT * FROM `db_course` WHERE ( courseId=1 ) LIMIT 1   [ RunTime:0.0003s ]

[ 2017-05-19T10:18:36+08:00 ] ::1 /eduWeb/API/index.php?m=course&c=classify&a=getClassifyById&classifyId=2
INFO: [ app_init ] --START--
INFO: Run Behavior\BuildLiteBehavior [ RunTime:0.000017s ]
INFO: [ app_init ] --END-- [ RunTime:0.000319s ]
INFO: [ app_begin ] --START--
INFO: Run Behavior\ReadHtmlCacheBehavior [ RunTime:0.000601s ]
INFO: [ app_begin ] --END-- [ RunTime:0.000652s ]
SQL: SHOW COLUMNS FROM `db_courseclassify` [ RunTime:0.0035s ]
SQL: SELECT * FROM `db_courseclassify` WHERE ( objectId=2 ) LIMIT 1   [ RunTime:0.0003s ]

[ 2017-05-19T10:18:40+08:00 ] ::1 /eduWeb/API/index.php?m=course&c=Classify&a=getAllClassify
INFO: [ app_init ] --START--
INFO: Run Behavior\BuildLiteBehavior [ RunTime:0.000017s ]
INFO: [ app_init ] --END-- [ RunTime:0.000402s ]
INFO: [ app_begin ] --START--
INFO: Run Behavior\ReadHtmlCacheBehavior [ RunTime:0.000560s ]
INFO: [ app_begin ] --END-- [ RunTime:0.000608s ]
SQL: SHOW COLUMNS FROM `db_courseclassify` [ RunTime:0.0064s ]
SQL: SELECT * FROM `db_courseclassify`  [ RunTime:0.0002s ]

[ 2017-05-19T10:18:40+08:00 ] ::1 /eduWeb/API/index.php?m=course&c=course&a=getcourses&classifyId=0
INFO: [ app_init ] --START--
INFO: Run Behavior\BuildLiteBehavior [ RunTime:0.000011s ]
INFO: [ app_init ] --END-- [ RunTime:0.000282s ]
INFO: [ app_begin ] --START--
INFO: Run Behavior\ReadHtmlCacheBehavior [ RunTime:0.000407s ]
INFO: [ app_begin ] --END-- [ RunTime:0.000440s ]
SQL: SHOW COLUMNS FROM `db_course` [ RunTime:0.0039s ]
SQL: SELECT * FROM `db_course`  [ RunTime:0.0003s ]

[ 2017-05-19T10:19:54+08:00 ] ::1 /eduWeb/API/index.php?m=course&c=Classify&a=getAllClassify
INFO: [ app_init ] --START--
INFO: Run Behavior\BuildLiteBehavior [ RunTime:0.000013s ]
INFO: [ app_init ] --END-- [ RunTime:0.000346s ]
INFO: [ app_begin ] --START--
INFO: Run Behavior\ReadHtmlCacheBehavior [ RunTime:0.000511s ]
INFO: [ app_begin ] --END-- [ RunTime:0.000549s ]
SQL: SHOW COLUMNS FROM `db_courseclassify` [ RunTime:0.0067s ]
SQL: SELECT * FROM `db_courseclassify`  [ RunTime:0.0002s ]

[ 2017-05-19T10:19:54+08:00 ] ::1 /eduWeb/API/index.php?m=course&c=course&a=getcourses&classifyId=0
INFO: [ app_init ] --START--
INFO: Run Behavior\BuildLiteBehavior [ RunTime:0.000014s ]
INFO: [ app_init ] --END-- [ RunTime:0.000341s ]
INFO: [ app_begin ] --START--
INFO: Run Behavior\ReadHtmlCacheBehavior [ RunTime:0.000402s ]
INFO: [ app_begin ] --END-- [ RunTime:0.000434s ]
SQL: SHOW COLUMNS FROM `db_course` [ RunTime:0.0029s ]
SQL: SELECT * FROM `db_course`  [ RunTime:0.0003s ]

[ 2017-05-19T10:19:56+08:00 ] ::1 /eduWeb/API/index.php?m=course&c=course&a=getCourseInfo&id=2
INFO: [ app_init ] --START--
INFO: Run Behavior\BuildLiteBehavior [ RunTime:0.000011s ]
INFO: [ app_init ] --END-- [ RunTime:0.000303s ]
INFO: [ app_begin ] --START--
INFO: Run Behavior\ReadHtmlCacheBehavior [ RunTime:0.000518s ]
INFO: [ app_begin ] --END-- [ RunTime:0.000566s ]
SQL: SHOW COLUMNS FROM `db_course` [ RunTime:0.0066s ]
SQL: SELECT * FROM `db_course` WHERE ( courseId=2 ) LIMIT 1   [ RunTime:0.0003s ]

[ 2017-05-19T10:19:56+08:00 ] ::1 /eduWeb/API/index.php?m=course&c=classify&a=getClassifyById&classifyId=2
INFO: [ app_init ] --START--
INFO: Run Behavior\BuildLiteBehavior [ RunTime:0.000010s ]
INFO: [ app_init ] --END-- [ RunTime:0.000267s ]
INFO: [ app_begin ] --START--
INFO: Run Behavior\ReadHtmlCacheBehavior [ RunTime:0.000406s ]
INFO: [ app_begin ] --END-- [ RunTime:0.000440s ]
SQL: SHOW COLUMNS FROM `db_courseclassify` [ RunTime:0.0036s ]
SQL: SELECT * FROM `db_courseclassify` WHERE ( objectId=2 ) LIMIT 1   [ RunTime:0.0003s ]

[ 2017-05-19T10:19:58+08:00 ] ::1 /eduWeb/API/index.php?m=course&c=Classify&a=getAllClassify
INFO: [ app_init ] --START--
INFO: Run Behavior\BuildLiteBehavior [ RunTime:0.000016s ]
INFO: [ app_init ] --END-- [ RunTime:0.000558s ]
INFO: [ app_begin ] --START--
INFO: Run Behavior\ReadHtmlCacheBehavior [ RunTime:0.000651s ]
INFO: [ app_begin ] --END-- [ RunTime:0.000708s ]
SQL: SHOW COLUMNS FROM `db_courseclassify` [ RunTime:0.0066s ]
SQL: SELECT * FROM `db_courseclassify`  [ RunTime:0.0002s ]

[ 2017-05-19T10:19:58+08:00 ] ::1 /eduWeb/API/index.php?m=course&c=course&a=getcourses&classifyId=0
INFO: [ app_init ] --START--
INFO: Run Behavior\BuildLiteBehavior [ RunTime:0.000013s ]
INFO: [ app_init ] --END-- [ RunTime:0.000295s ]
INFO: [ app_begin ] --START--
INFO: Run Behavior\ReadHtmlCacheBehavior [ RunTime:0.000428s ]
INFO: [ app_begin ] --END-- [ RunTime:0.000465s ]
SQL: SHOW COLUMNS FROM `db_course` [ RunTime:0.0030s ]
SQL: SELECT * FROM `db_course`  [ RunTime:0.0003s ]

[ 2017-05-19T10:20:01+08:00 ] ::1 /eduWeb/API/index.php?m=course&c=Classify&a=getAllClassify
INFO: [ app_init ] --START--
INFO: Run Behavior\BuildLiteBehavior [ RunTime:0.000017s ]
INFO: [ app_init ] --END-- [ RunTime:0.000555s ]
INFO: [ app_begin ] --START--
INFO: Run Behavior\ReadHtmlCacheBehavior [ RunTime:0.000601s ]
INFO: [ app_begin ] --END-- [ RunTime:0.000661s ]
SQL: SHOW COLUMNS FROM `db_courseclassify` [ RunTime:0.0070s ]
SQL: SELECT * FROM `db_courseclassify`  [ RunTime:0.0003s ]

[ 2017-05-19T10:20:01+08:00 ] ::1 /eduWeb/API/index.php?m=course&c=course&a=getcourses&classifyId=0
INFO: [ app_init ] --START--
INFO: Run Behavior\BuildLiteBehavior [ RunTime:0.000011s ]
INFO: [ app_init ] --END-- [ RunTime:0.000269s ]
INFO: [ app_begin ] --START--
INFO: Run Behavior\ReadHtmlCacheBehavior [ RunTime:0.000398s ]
INFO: [ app_begin ] --END-- [ RunTime:0.000430s ]
SQL: SHOW COLUMNS FROM `db_course` [ RunTime:0.0039s ]
SQL: SELECT * FROM `db_course`  [ RunTime:0.0003s ]

[ 2017-05-19T10:20:06+08:00 ] ::1 /eduWeb/API/index.php?m=course&c=Classify&a=getAllClassify
INFO: [ app_init ] --START--
INFO: Run Behavior\BuildLiteBehavior [ RunTime:0.000010s ]
INFO: [ app_init ] --END-- [ RunTime:0.000269s ]
INFO: [ app_begin ] --START--
INFO: Run Behavior\ReadHtmlCacheBehavior [ RunTime:0.000403s ]
INFO: [ app_begin ] --END-- [ RunTime:0.000441s ]
SQL: SHOW COLUMNS FROM `db_courseclassify` [ RunTime:0.0075s ]
SQL: SELECT * FROM `db_courseclassify`  [ RunTime:0.0002s ]

[ 2017-05-19T10:20:06+08:00 ] ::1 /eduWeb/API/index.php?m=course&c=course&a=getcourses&classifyId=0
INFO: [ app_init ] --START--
INFO: Run Behavior\BuildLiteBehavior [ RunTime:0.000012s ]
INFO: [ app_init ] --END-- [ RunTime:0.000356s ]
INFO: [ app_begin ] --START--
INFO: Run Behavior\ReadHtmlCacheBehavior [ RunTime:0.000418s ]
INFO: [ app_begin ] --END-- [ RunTime:0.000451s ]
SQL: SHOW COLUMNS FROM `db_course` [ RunTime:0.0034s ]
SQL: SELECT * FROM `db_course`  [ RunTime:0.0002s ]

[ 2017-05-19T10:20:08+08:00 ] ::1 /eduWeb/API/index.php?m=course&c=course&a=getcourses&classifyId=2
INFO: [ app_init ] --START--
INFO: Run Behavior\BuildLiteBehavior [ RunTime:0.000013s ]
INFO: [ app_init ] --END-- [ RunTime:0.000337s ]
INFO: [ app_begin ] --START--
INFO: Run Behavior\ReadHtmlCacheBehavior [ RunTime:0.000494s ]
INFO: [ app_begin ] --END-- [ RunTime:0.000533s ]
SQL: SHOW COLUMNS FROM `db_course` [ RunTime:0.0072s ]
SQL: SELECT * FROM `db_course` WHERE ( classifyId=2 )  [ RunTime:0.0003s ]

[ 2017-05-19T10:20:09+08:00 ] ::1 /eduWeb/API/index.php?m=course&c=course&a=getcourses&classifyId=1
INFO: [ app_init ] --START--
INFO: Run Behavior\BuildLiteBehavior [ RunTime:0.000014s ]
INFO: [ app_init ] --END-- [ RunTime:0.000334s ]
INFO: [ app_begin ] --START--
INFO: Run Behavior\ReadHtmlCacheBehavior [ RunTime:0.000495s ]
INFO: [ app_begin ] --END-- [ RunTime:0.000534s ]
SQL: SHOW COLUMNS FROM `db_course` [ RunTime:0.0071s ]
SQL: SELECT * FROM `db_course` WHERE ( classifyId=1 )  [ RunTime:0.0002s ]

[ 2017-05-19T10:20:09+08:00 ] ::1 /eduWeb/API/index.php?m=course&c=course&a=getcourses&classifyId=2
INFO: [ app_init ] --START--
INFO: Run Behavior\BuildLiteBehavior [ RunTime:0.000021s ]
INFO: [ app_init ] --END-- [ RunTime:0.000458s ]
INFO: [ app_begin ] --START--
INFO: Run Behavior\ReadHtmlCacheBehavior [ RunTime:0.000473s ]
INFO: [ app_begin ] --END-- [ RunTime:0.000513s ]
SQL: SHOW COLUMNS FROM `db_course` [ RunTime:0.0033s ]
SQL: SELECT * FROM `db_course` WHERE ( classifyId=2 )  [ RunTime:0.0002s ]

[ 2017-05-19T10:20:10+08:00 ] ::1 /eduWeb/API/index.php?m=course&c=course&a=getcourses&classifyId=1
INFO: [ app_init ] --START--
INFO: Run Behavior\BuildLiteBehavior [ RunTime:0.000011s ]
INFO: [ app_init ] --END-- [ RunTime:0.000276s ]
INFO: [ app_begin ] --START--
INFO: Run Behavior\ReadHtmlCacheBehavior [ RunTime:0.000403s ]
INFO: [ app_begin ] --END-- [ RunTime:0.000435s ]
SQL: SHOW COLUMNS FROM `db_course` [ RunTime:0.0030s ]
SQL: SELECT * FROM `db_course` WHERE ( classifyId=1 )  [ RunTime:0.0003s ]

[ 2017-05-19T10:20:10+08:00 ] ::1 /eduWeb/API/index.php?m=course&c=course&a=getcourses&classifyId=3
INFO: [ app_init ] --START--
INFO: Run Behavior\BuildLiteBehavior [ RunTime:0.000011s ]
INFO: [ app_init ] --END-- [ RunTime:0.000286s ]
INFO: [ app_begin ] --START--
INFO: Run Behavior\ReadHtmlCacheBehavior [ RunTime:0.000424s ]
INFO: [ app_begin ] --END-- [ RunTime:0.000457s ]
SQL: SHOW COLUMNS FROM `db_course` [ RunTime:0.0032s ]
SQL: SELECT * FROM `db_course` WHERE ( classifyId=3 )  [ RunTime:0.0002s ]

[ 2017-05-19T10:20:11+08:00 ] ::1 /eduWeb/API/index.php?m=course&c=course&a=getcourses&classifyId=2
INFO: [ app_init ] --START--
INFO: Run Behavior\BuildLiteBehavior [ RunTime:0.000015s ]
INFO: [ app_init ] --END-- [ RunTime:0.000361s ]
INFO: [ app_begin ] --START--
INFO: Run Behavior\ReadHtmlCacheBehavior [ RunTime:0.000418s ]
INFO: [ app_begin ] --END-- [ RunTime:0.000452s ]
SQL: SHOW COLUMNS FROM `db_course` [ RunTime:0.0036s ]
SQL: SELECT * FROM `db_course` WHERE ( classifyId=2 )  [ RunTime:0.0003s ]

[ 2017-05-19T10:20:12+08:00 ] ::1 /eduWeb/API/index.php?m=course&c=course&a=getcourses&classifyId=1
INFO: [ app_init ] --START--
INFO: Run Behavior\BuildLiteBehavior [ RunTime:0.000012s ]
INFO: [ app_init ] --END-- [ RunTime:0.000334s ]
INFO: [ app_begin ] --START--
INFO: Run Behavior\ReadHtmlCacheBehavior [ RunTime:0.000552s ]
INFO: [ app_begin ] --END-- [ RunTime:0.000595s ]
SQL: SHOW COLUMNS FROM `db_course` [ RunTime:0.0034s ]
SQL: SELECT * FROM `db_course` WHERE ( classifyId=1 )  [ RunTime:0.0003s ]

[ 2017-05-19T10:20:14+08:00 ] ::1 /eduWeb/API/index.php?m=course&c=course&a=getcourses&classifyId=0
INFO: [ app_init ] --START--
INFO: Run Behavior\BuildLiteBehavior [ RunTime:0.000013s ]
INFO: [ app_init ] --END-- [ RunTime:0.000336s ]
INFO: [ app_begin ] --START--
INFO: Run Behavior\ReadHtmlCacheBehavior [ RunTime:0.000499s ]
INFO: [ app_begin ] --END-- [ RunTime:0.000543s ]
SQL: SHOW COLUMNS FROM `db_course` [ RunTime:0.0070s ]
SQL: SELECT * FROM `db_course`  [ RunTime:0.0003s ]

[ 2017-05-19T10:52:10+08:00 ] ::1 /eduWeb/API/index.php?m=course&c=Classify&a=getAllClassify
INFO: [ app_init ] --START--
INFO: Run Behavior\BuildLiteBehavior [ RunTime:0.000019s ]
INFO: [ app_init ] --END-- [ RunTime:0.000478s ]
INFO: [ app_begin ] --START--
INFO: Run Behavior\ReadHtmlCacheBehavior [ RunTime:0.000764s ]
INFO: [ app_begin ] --END-- [ RunTime:0.000837s ]
SQL: SHOW COLUMNS FROM `db_courseclassify` [ RunTime:0.0070s ]
SQL: SELECT * FROM `db_courseclassify`  [ RunTime:0.0003s ]

[ 2017-05-19T10:52:10+08:00 ] ::1 /eduWeb/API/index.php?m=course&c=course&a=getcourses&classifyId=0
INFO: [ app_init ] --START--
INFO: Run Behavior\BuildLiteBehavior [ RunTime:0.000012s ]
INFO: [ app_init ] --END-- [ RunTime:0.000283s ]
INFO: [ app_begin ] --START--
INFO: Run Behavior\ReadHtmlCacheBehavior [ RunTime:0.000406s ]
INFO: [ app_begin ] --END-- [ RunTime:0.000439s ]
SQL: SHOW COLUMNS FROM `db_course` [ RunTime:0.0037s ]
SQL: SELECT * FROM `db_course`  [ RunTime:0.0003s ]

[ 2017-05-19T10:52:11+08:00 ] ::1 /eduWeb/API/index.php?m=course&c=Classify&a=getAllClassify
INFO: [ app_init ] --START--
INFO: Run Behavior\BuildLiteBehavior [ RunTime:0.000021s ]
INFO: [ app_init ] --END-- [ RunTime:0.000483s ]
INFO: [ app_begin ] --START--
INFO: Run Behavior\ReadHtmlCacheBehavior [ RunTime:0.000541s ]
INFO: [ app_begin ] --END-- [ RunTime:0.000589s ]
SQL: SHOW COLUMNS FROM `db_courseclassify` [ RunTime:0.0068s ]
SQL: SELECT * FROM `db_courseclassify`  [ RunTime:0.0002s ]

[ 2017-05-19T10:52:11+08:00 ] ::1 /eduWeb/API/index.php?m=course&c=course&a=getcourses&classifyId=0
INFO: [ app_init ] --START--
INFO: Run Behavior\BuildLiteBehavior [ RunTime:0.000011s ]
INFO: [ app_init ] --END-- [ RunTime:0.000271s ]
INFO: [ app_begin ] --START--
INFO: Run Behavior\ReadHtmlCacheBehavior [ RunTime:0.000402s ]
INFO: [ app_begin ] --END-- [ RunTime:0.000435s ]
SQL: SHOW COLUMNS FROM `db_course` [ RunTime:0.0030s ]
SQL: SELECT * FROM `db_course`  [ RunTime:0.0003s ]

[ 2017-05-19T10:52:57+08:00 ] ::1 /eduWeb/API/index.php?m=course&c=course&a=getCourseInfo&id=1
INFO: [ app_init ] --START--
INFO: Run Behavior\BuildLiteBehavior [ RunTime:0.000012s ]
INFO: [ app_init ] --END-- [ RunTime:0.000305s ]
INFO: [ app_begin ] --START--
INFO: Run Behavior\ReadHtmlCacheBehavior [ RunTime:0.000425s ]
INFO: [ app_begin ] --END-- [ RunTime:0.000461s ]
SQL: SHOW COLUMNS FROM `db_course` [ RunTime:0.0072s ]
SQL: SELECT * FROM `db_course` WHERE ( courseId=1 ) LIMIT 1   [ RunTime:0.0003s ]

[ 2017-05-19T10:52:57+08:00 ] ::1 /eduWeb/API/index.php?m=course&c=classify&a=getClassifyById&classifyId=2
INFO: [ app_init ] --START--
INFO: Run Behavior\BuildLiteBehavior [ RunTime:0.000011s ]
INFO: [ app_init ] --END-- [ RunTime:0.000291s ]
INFO: [ app_begin ] --START--
INFO: Run Behavior\ReadHtmlCacheBehavior [ RunTime:0.000404s ]
INFO: [ app_begin ] --END-- [ RunTime:0.000436s ]
SQL: SHOW COLUMNS FROM `db_courseclassify` [ RunTime:0.0028s ]
SQL: SELECT * FROM `db_courseclassify` WHERE ( objectId=2 ) LIMIT 1   [ RunTime:0.0002s ]

[ 2017-05-19T10:53:16+08:00 ] ::1 /eduWeb/API/index.php?m=course&c=Classify&a=getAllClassify
INFO: [ app_init ] --START--
INFO: Run Behavior\BuildLiteBehavior [ RunTime:0.000010s ]
INFO: [ app_init ] --END-- [ RunTime:0.000269s ]
INFO: [ app_begin ] --START--
INFO: Run Behavior\ReadHtmlCacheBehavior [ RunTime:0.000405s ]
INFO: [ app_begin ] --END-- [ RunTime:0.000440s ]
SQL: SHOW COLUMNS FROM `db_courseclassify` [ RunTime:0.0073s ]
SQL: SELECT * FROM `db_courseclassify`  [ RunTime:0.0003s ]

[ 2017-05-19T10:53:16+08:00 ] ::1 /eduWeb/API/index.php?m=course&c=course&a=getcourses&classifyId=0
INFO: [ app_init ] --START--
INFO: Run Behavior\BuildLiteBehavior [ RunTime:0.000011s ]
INFO: [ app_init ] --END-- [ RunTime:0.000271s ]
INFO: [ app_begin ] --START--
INFO: Run Behavior\ReadHtmlCacheBehavior [ RunTime:0.000398s ]
INFO: [ app_begin ] --END-- [ RunTime:0.000430s ]
SQL: SHOW COLUMNS FROM `db_course` [ RunTime:0.0030s ]
SQL: SELECT * FROM `db_course`  [ RunTime:0.0003s ]

[ 2017-05-19T10:53:50+08:00 ] ::1 /eduWeb/API/index.php?m=course&c=course&a=getCourseInfo&id=1
INFO: [ app_init ] --START--
INFO: Run Behavior\BuildLiteBehavior [ RunTime:0.000012s ]
INFO: [ app_init ] --END-- [ RunTime:0.000404s ]
INFO: [ app_begin ] --START--
INFO: Run Behavior\ReadHtmlCacheBehavior [ RunTime:0.001026s ]
INFO: [ app_begin ] --END-- [ RunTime:0.001089s ]
SQL: SHOW COLUMNS FROM `db_course` [ RunTime:0.0070s ]
SQL: SELECT * FROM `db_course` WHERE ( courseId=1 ) LIMIT 1   [ RunTime:0.0004s ]

[ 2017-05-19T10:53:50+08:00 ] ::1 /eduWeb/API/index.php?m=course&c=classify&a=getClassifyById&classifyId=2
INFO: [ app_init ] --START--
INFO: Run Behavior\BuildLiteBehavior [ RunTime:0.000013s ]
INFO: [ app_init ] --END-- [ RunTime:0.000347s ]
INFO: [ app_begin ] --START--
INFO: Run Behavior\ReadHtmlCacheBehavior [ RunTime:0.000511s ]
INFO: [ app_begin ] --END-- [ RunTime:0.000556s ]
SQL: SHOW COLUMNS FROM `db_courseclassify` [ RunTime:0.0028s ]
SQL: SELECT * FROM `db_courseclassify` WHERE ( objectId=2 ) LIMIT 1   [ RunTime:0.0003s ]

[ 2017-05-19T10:57:02+08:00 ] ::1 /eduWeb/API/index.php?m=course&c=Classify&a=getAllClassify
INFO: [ app_init ] --START--
INFO: Run Behavior\BuildLiteBehavior [ RunTime:0.000012s ]
INFO: [ app_init ] --END-- [ RunTime:0.000308s ]
INFO: [ app_begin ] --START--
INFO: Run Behavior\ReadHtmlCacheBehavior [ RunTime:0.000509s ]
INFO: [ app_begin ] --END-- [ RunTime:0.000551s ]
SQL: SHOW COLUMNS FROM `db_courseclassify` [ RunTime:0.0066s ]
SQL: SELECT * FROM `db_courseclassify`  [ RunTime:0.0002s ]

[ 2017-05-19T10:57:02+08:00 ] ::1 /eduWeb/API/index.php?m=course&c=course&a=getcourses&classifyId=0
INFO: [ app_init ] --START--
INFO: Run Behavior\BuildLiteBehavior [ RunTime:0.000011s ]
INFO: [ app_init ] --END-- [ RunTime:0.000273s ]
INFO: [ app_begin ] --START--
INFO: Run Behavior\ReadHtmlCacheBehavior [ RunTime:0.000410s ]
INFO: [ app_begin ] --END-- [ RunTime:0.000442s ]
SQL: SHOW COLUMNS FROM `db_course` [ RunTime:0.0029s ]
SQL: SELECT * FROM `db_course`  [ RunTime:0.0003s ]

[ 2017-05-19T10:57:03+08:00 ] ::1 /eduWeb/API/index.php?m=course&c=course&a=getCourseInfo&id=1
INFO: [ app_init ] --START--
INFO: Run Behavior\BuildLiteBehavior [ RunTime:0.000011s ]
INFO: [ app_init ] --END-- [ RunTime:0.000275s ]
INFO: [ app_begin ] --START--
INFO: Run Behavior\ReadHtmlCacheBehavior [ RunTime:0.000469s ]
INFO: [ app_begin ] --END-- [ RunTime:0.000508s ]
SQL: SHOW COLUMNS FROM `db_course` [ RunTime:0.0072s ]
SQL: SELECT * FROM `db_course` WHERE ( courseId=1 ) LIMIT 1   [ RunTime:0.0005s ]

[ 2017-05-19T10:57:03+08:00 ] ::1 /eduWeb/API/index.php?m=course&c=classify&a=getClassifyById&classifyId=2
INFO: [ app_init ] --START--
INFO: Run Behavior\BuildLiteBehavior [ RunTime:0.000018s ]
INFO: [ app_init ] --END-- [ RunTime:0.000324s ]
INFO: [ app_begin ] --START--
INFO: Run Behavior\ReadHtmlCacheBehavior [ RunTime:0.000686s ]
INFO: [ app_begin ] --END-- [ RunTime:0.000746s ]
SQL: SHOW COLUMNS FROM `db_courseclassify` [ RunTime:0.0028s ]
SQL: SELECT * FROM `db_courseclassify` WHERE ( objectId=2 ) LIMIT 1   [ RunTime:0.0003s ]

[ 2017-05-19T10:57:05+08:00 ] ::1 /eduWeb/API/index.php?m=course&c=Classify&a=getAllClassify
INFO: [ app_init ] --START--
INFO: Run Behavior\BuildLiteBehavior [ RunTime:0.000012s ]
INFO: [ app_init ] --END-- [ RunTime:0.000379s ]
INFO: [ app_begin ] --START--
INFO: Run Behavior\ReadHtmlCacheBehavior [ RunTime:0.000505s ]
INFO: [ app_begin ] --END-- [ RunTime:0.000546s ]
SQL: SHOW COLUMNS FROM `db_courseclassify` [ RunTime:0.0072s ]
SQL: SELECT * FROM `db_courseclassify`  [ RunTime:0.0002s ]

[ 2017-05-19T10:57:05+08:00 ] ::1 /eduWeb/API/index.php?m=course&c=course&a=getcourses&classifyId=0
INFO: [ app_init ] --START--
INFO: Run Behavior\BuildLiteBehavior [ RunTime:0.000011s ]
INFO: [ app_init ] --END-- [ RunTime:0.000263s ]
INFO: [ app_begin ] --START--
INFO: Run Behavior\ReadHtmlCacheBehavior [ RunTime:0.000399s ]
INFO: [ app_begin ] --END-- [ RunTime:0.000431s ]
SQL: SHOW COLUMNS FROM `db_course` [ RunTime:0.0028s ]
SQL: SELECT * FROM `db_course`  [ RunTime:0.0003s ]

[ 2017-05-19T10:57:11+08:00 ] ::1 /eduWeb/API/index.php?m=course&c=course&a=getCourseInfo&id=1
INFO: [ app_init ] --START--
INFO: Run Behavior\BuildLiteBehavior [ RunTime:0.000016s ]
INFO: [ app_init ] --END-- [ RunTime:0.000374s ]
INFO: [ app_begin ] --START--
INFO: Run Behavior\ReadHtmlCacheBehavior [ RunTime:0.000629s ]
INFO: [ app_begin ] --END-- [ RunTime:0.000696s ]
SQL: SHOW COLUMNS FROM `db_course` [ RunTime:0.0071s ]
SQL: SELECT * FROM `db_course` WHERE ( courseId=1 ) LIMIT 1   [ RunTime:0.0003s ]

[ 2017-05-19T10:57:11+08:00 ] ::1 /eduWeb/API/index.php?m=course&c=classify&a=getClassifyById&classifyId=2
INFO: [ app_init ] --START--
INFO: Run Behavior\BuildLiteBehavior [ RunTime:0.000011s ]
INFO: [ app_init ] --END-- [ RunTime:0.000268s ]
INFO: [ app_begin ] --START--
INFO: Run Behavior\ReadHtmlCacheBehavior [ RunTime:0.000398s ]
INFO: [ app_begin ] --END-- [ RunTime:0.000430s ]
SQL: SHOW COLUMNS FROM `db_courseclassify` [ RunTime:0.0029s ]
SQL: SELECT * FROM `db_courseclassify` WHERE ( objectId=2 ) LIMIT 1   [ RunTime:0.0002s ]

[ 2017-05-19T11:00:48+08:00 ] ::1 /eduWeb/API/index.php?m=course&c=Classify&a=getAllClassify
INFO: [ app_init ] --START--
INFO: Run Behavior\BuildLiteBehavior [ RunTime:0.000020s ]
INFO: [ app_init ] --END-- [ RunTime:0.000579s ]
INFO: [ app_begin ] --START--
INFO: Run Behavior\ReadHtmlCacheBehavior [ RunTime:0.000679s ]
INFO: [ app_begin ] --END-- [ RunTime:0.000739s ]
SQL: SHOW COLUMNS FROM `db_courseclassify` [ RunTime:0.0068s ]
SQL: SELECT * FROM `db_courseclassify`  [ RunTime:0.0002s ]

[ 2017-05-19T11:00:48+08:00 ] ::1 /eduWeb/API/index.php?m=course&c=course&a=getcourses&classifyId=0
INFO: [ app_init ] --START--
INFO: Run Behavior\BuildLiteBehavior [ RunTime:0.000010s ]
INFO: [ app_init ] --END-- [ RunTime:0.000265s ]
INFO: [ app_begin ] --START--
INFO: Run Behavior\ReadHtmlCacheBehavior [ RunTime:0.000407s ]
INFO: [ app_begin ] --END-- [ RunTime:0.000439s ]
SQL: SHOW COLUMNS FROM `db_course` [ RunTime:0.0039s ]
SQL: SELECT * FROM `db_course`  [ RunTime:0.0002s ]

[ 2017-05-19T11:04:15+08:00 ] ::1 /eduWeb/API/index.php?m=course&c=Classify&a=getAllClassify
INFO: [ app_init ] --START--
INFO: Run Behavior\BuildLiteBehavior [ RunTime:0.000019s ]
INFO: [ app_init ] --END-- [ RunTime:0.000458s ]
INFO: [ app_begin ] --START--
INFO: Run Behavior\ReadHtmlCacheBehavior [ RunTime:0.000570s ]
INFO: [ app_begin ] --END-- [ RunTime:0.000618s ]
SQL: SHOW COLUMNS FROM `db_courseclassify` [ RunTime:0.0069s ]
SQL: SELECT * FROM `db_courseclassify`  [ RunTime:0.0002s ]

[ 2017-05-19T11:04:16+08:00 ] ::1 /eduWeb/API/index.php?m=course&c=course&a=getcourses&classifyId=0
INFO: [ app_init ] --START--
INFO: Run Behavior\BuildLiteBehavior [ RunTime:0.000011s ]
INFO: [ app_init ] --END-- [ RunTime:0.000278s ]
INFO: [ app_begin ] --START--
INFO: Run Behavior\ReadHtmlCacheBehavior [ RunTime:0.000400s ]
INFO: [ app_begin ] --END-- [ RunTime:0.000433s ]
SQL: SHOW COLUMNS FROM `db_course` [ RunTime:0.0029s ]
SQL: SELECT * FROM `db_course`  [ RunTime:0.0002s ]

[ 2017-05-19T11:04:23+08:00 ] ::1 /eduWeb/API/index.php?m=course&c=Classify&a=getAllClassify
INFO: [ app_init ] --START--
INFO: Run Behavior\BuildLiteBehavior [ RunTime:0.000012s ]
INFO: [ app_init ] --END-- [ RunTime:0.000406s ]
INFO: [ app_begin ] --START--
INFO: Run Behavior\ReadHtmlCacheBehavior [ RunTime:0.000521s ]
INFO: [ app_begin ] --END-- [ RunTime:0.000578s ]
SQL: SHOW COLUMNS FROM `db_courseclassify` [ RunTime:0.0070s ]
SQL: SELECT * FROM `db_courseclassify`  [ RunTime:0.0003s ]

[ 2017-05-19T11:04:23+08:00 ] ::1 /eduWeb/API/index.php?m=course&c=course&a=getcourses&classifyId=0
INFO: [ app_init ] --START--
INFO: Run Behavior\BuildLiteBehavior [ RunTime:0.000011s ]
INFO: [ app_init ] --END-- [ RunTime:0.000274s ]
INFO: [ app_begin ] --START--
INFO: Run Behavior\ReadHtmlCacheBehavior [ RunTime:0.000481s ]
INFO: [ app_begin ] --END-- [ RunTime:0.000522s ]
SQL: SHOW COLUMNS FROM `db_course` [ RunTime:0.0038s ]
SQL: SELECT * FROM `db_course`  [ RunTime:0.0003s ]

[ 2017-05-19T11:19:19+08:00 ] ::1 /eduWeb/API/index.php?m=course&c=Classify&a=getAllClassify
INFO: [ app_init ] --START--
INFO: Run Behavior\BuildLiteBehavior [ RunTime:0.000012s ]
INFO: [ app_init ] --END-- [ RunTime:0.000392s ]
INFO: [ app_begin ] --START--
INFO: Run Behavior\ReadHtmlCacheBehavior [ RunTime:0.000486s ]
INFO: [ app_begin ] --END-- [ RunTime:0.000521s ]
SQL: SHOW COLUMNS FROM `db_courseclassify` [ RunTime:0.0102s ]
SQL: SELECT * FROM `db_courseclassify`  [ RunTime:0.0002s ]

[ 2017-05-19T11:19:19+08:00 ] ::1 /eduWeb/API/index.php?m=course&c=course&a=getcourses&classifyId=0
INFO: [ app_init ] --START--
INFO: Run Behavior\BuildLiteBehavior [ RunTime:0.000011s ]
INFO: [ app_init ] --END-- [ RunTime:0.000308s ]
INFO: [ app_begin ] --START--
INFO: Run Behavior\ReadHtmlCacheBehavior [ RunTime:0.000470s ]
INFO: [ app_begin ] --END-- [ RunTime:0.000513s ]
SQL: SHOW COLUMNS FROM `db_course` [ RunTime:0.0058s ]
SQL: SELECT * FROM `db_course`  [ RunTime:0.0003s ]

[ 2017-05-19T11:19:59+08:00 ] ::1 /eduWeb/API/index.php?m=course&c=Classify&a=getAllClassify
INFO: [ app_init ] --START--
INFO: Run Behavior\BuildLiteBehavior [ RunTime:0.000015s ]
INFO: [ app_init ] --END-- [ RunTime:0.000482s ]
INFO: [ app_begin ] --START--
INFO: Run Behavior\ReadHtmlCacheBehavior [ RunTime:0.000859s ]
INFO: [ app_begin ] --END-- [ RunTime:0.000941s ]
SQL: SHOW COLUMNS FROM `db_courseclassify` [ RunTime:0.0101s ]
SQL: SELECT * FROM `db_courseclassify`  [ RunTime:0.0003s ]

[ 2017-05-19T11:19:59+08:00 ] ::1 /eduWeb/API/index.php?m=course&c=course&a=getcourses&classifyId=0
INFO: [ app_init ] --START--
INFO: Run Behavior\BuildLiteBehavior [ RunTime:0.000011s ]
INFO: [ app_init ] --END-- [ RunTime:0.000272s ]
INFO: [ app_begin ] --START--
INFO: Run Behavior\ReadHtmlCacheBehavior [ RunTime:0.000406s ]
INFO: [ app_begin ] --END-- [ RunTime:0.000439s ]
SQL: SHOW COLUMNS FROM `db_course` [ RunTime:0.0060s ]
SQL: SELECT * FROM `db_course`  [ RunTime:0.0003s ]

[ 2017-05-19T11:20:33+08:00 ] ::1 /eduWeb/API/index.php?m=course&c=Classify&a=getAllClassify
INFO: [ app_init ] --START--
INFO: Run Behavior\BuildLiteBehavior [ RunTime:0.000014s ]
INFO: [ app_init ] --END-- [ RunTime:0.000415s ]
INFO: [ app_begin ] --START--
INFO: Run Behavior\ReadHtmlCacheBehavior [ RunTime:0.000589s ]
INFO: [ app_begin ] --END-- [ RunTime:0.000648s ]
SQL: SHOW COLUMNS FROM `db_courseclassify` [ RunTime:0.0101s ]
SQL: SELECT * FROM `db_courseclassify`  [ RunTime:0.0003s ]

[ 2017-05-19T11:20:33+08:00 ] ::1 /eduWeb/API/index.php?m=course&c=course&a=getcourses&classifyId=0
INFO: [ app_init ] --START--
INFO: Run Behavior\BuildLiteBehavior [ RunTime:0.000013s ]
INFO: [ app_init ] --END-- [ RunTime:0.000291s ]
INFO: [ app_begin ] --START--
INFO: Run Behavior\ReadHtmlCacheBehavior [ RunTime:0.000613s ]
INFO: [ app_begin ] --END-- [ RunTime:0.000672s ]
SQL: SHOW COLUMNS FROM `db_course` [ RunTime:0.0057s ]
SQL: SELECT * FROM `db_course`  [ RunTime:0.0003s ]

[ 2017-05-19T16:38:54+08:00 ] ::1 /eduWeb/API/?m=course&c=course&a=getcourse&classifyId=1
INFO: [ app_init ] --START--
INFO: Run Behavior\BuildLiteBehavior [ RunTime:0.000015s ]
INFO: [ app_init ] --END-- [ RunTime:0.001971s ]
INFO: [ app_begin ] --START--
INFO: Run Behavior\ReadHtmlCacheBehavior [ RunTime:0.000864s ]
INFO: [ app_begin ] --END-- [ RunTime:0.000921s ]
ERR: 非法操作:getcourse

[ 2017-05-19T17:12:05+08:00 ] ::1 /eduWeb/API/index.php?m=course&c=Classify&a=getAllClassify
INFO: [ app_init ] --START--
INFO: Run Behavior\BuildLiteBehavior [ RunTime:0.000034s ]
INFO: [ app_init ] --END-- [ RunTime:0.000635s ]
INFO: [ app_begin ] --START--
INFO: Run Behavior\ReadHtmlCacheBehavior [ RunTime:0.000669s ]
INFO: [ app_begin ] --END-- [ RunTime:0.000779s ]
SQL: SHOW COLUMNS FROM `db_courseclassify` [ RunTime:0.0090s ]
SQL: SELECT * FROM `db_courseclassify`  [ RunTime:0.0004s ]

[ 2017-05-19T17:12:05+08:00 ] ::1 /eduWeb/API/index.php?m=course&c=course&a=getcourses&classifyId=0
INFO: [ app_init ] --START--
INFO: Run Behavior\BuildLiteBehavior [ RunTime:0.000012s ]
INFO: [ app_init ] --END-- [ RunTime:0.000327s ]
INFO: [ app_begin ] --START--
INFO: Run Behavior\ReadHtmlCacheBehavior [ RunTime:0.000551s ]
INFO: [ app_begin ] --END-- [ RunTime:0.000586s ]
SQL: SHOW COLUMNS FROM `db_course` [ RunTime:0.0056s ]
SQL: SELECT * FROM `db_course`  [ RunTime:0.0003s ]

[ 2017-05-19T17:14:12+08:00 ] ::1 /eduWeb/API/index.php?m=course&c=Classify&a=getAllClassify
INFO: [ app_init ] --START--
INFO: Run Behavior\BuildLiteBehavior [ RunTime:0.000019s ]
INFO: [ app_init ] --END-- [ RunTime:0.000629s ]
INFO: [ app_begin ] --START--
INFO: Run Behavior\ReadHtmlCacheBehavior [ RunTime:0.001058s ]
INFO: [ app_begin ] --END-- [ RunTime:0.001142s ]
SQL: SHOW COLUMNS FROM `db_courseclassify` [ RunTime:0.0097s ]
SQL: SELECT * FROM `db_courseclassify`  [ RunTime:0.0002s ]

[ 2017-05-19T17:14:12+08:00 ] ::1 /eduWeb/API/index.php?m=course&c=course&a=getcourses&classifyId=0
INFO: [ app_init ] --START--
INFO: Run Behavior\BuildLiteBehavior [ RunTime:0.000011s ]
INFO: [ app_init ] --END-- [ RunTime:0.000273s ]
INFO: [ app_begin ] --START--
INFO: Run Behavior\ReadHtmlCacheBehavior [ RunTime:0.000402s ]
INFO: [ app_begin ] --END-- [ RunTime:0.000436s ]
SQL: SHOW COLUMNS FROM `db_course` [ RunTime:0.0059s ]
SQL: SELECT * FROM `db_course`  [ RunTime:0.0003s ]

[ 2017-05-19T17:14:19+08:00 ] ::1 /eduWeb/API/index.php?m=course&c=Classify&a=getAllClassify
INFO: [ app_init ] --START--
INFO: Run Behavior\BuildLiteBehavior [ RunTime:0.000012s ]
INFO: [ app_init ] --END-- [ RunTime:0.000331s ]
INFO: [ app_begin ] --START--
INFO: Run Behavior\ReadHtmlCacheBehavior [ RunTime:0.000624s ]
INFO: [ app_begin ] --END-- [ RunTime:0.000659s ]
SQL: SHOW COLUMNS FROM `db_courseclassify` [ RunTime:0.0056s ]
SQL: SELECT * FROM `db_courseclassify`  [ RunTime:0.0003s ]

[ 2017-05-19T17:14:19+08:00 ] ::1 /eduWeb/API/index.php?m=course&c=course&a=getcourses&classifyId=0
INFO: [ app_init ] --START--
INFO: Run Behavior\BuildLiteBehavior [ RunTime:0.000012s ]
INFO: [ app_init ] --END-- [ RunTime:0.000328s ]
INFO: [ app_begin ] --START--
INFO: Run Behavior\ReadHtmlCacheBehavior [ RunTime:0.000665s ]
INFO: [ app_begin ] --END-- [ RunTime:0.000702s ]
SQL: SHOW COLUMNS FROM `db_course` [ RunTime:0.0059s ]
SQL: SELECT * FROM `db_course`  [ RunTime:0.0003s ]

[ 2017-05-19T17:14:38+08:00 ] ::1 /eduWeb/API/index.php?m=course&c=course&a=getCourseInfo&id=3
INFO: [ app_init ] --START--
INFO: Run Behavior\BuildLiteBehavior [ RunTime:0.000023s ]
INFO: [ app_init ] --END-- [ RunTime:0.000386s ]
INFO: [ app_begin ] --START--
INFO: Run Behavior\ReadHtmlCacheBehavior [ RunTime:0.001011s ]
INFO: [ app_begin ] --END-- [ RunTime:0.001117s ]
SQL: SHOW COLUMNS FROM `db_course` [ RunTime:0.0060s ]
SQL: SELECT * FROM `db_course` WHERE ( courseId=3 ) LIMIT 1   [ RunTime:0.0003s ]

[ 2017-05-19T17:14:38+08:00 ] ::1 /eduWeb/API/index.php?m=course&c=classify&a=getClassifyById&classifyId=1
INFO: [ app_init ] --START--
INFO: Run Behavior\BuildLiteBehavior [ RunTime:0.000014s ]
INFO: [ app_init ] --END-- [ RunTime:0.000361s ]
INFO: [ app_begin ] --START--
INFO: Run Behavior\ReadHtmlCacheBehavior [ RunTime:0.000487s ]
INFO: [ app_begin ] --END-- [ RunTime:0.000532s ]
SQL: SHOW COLUMNS FROM `db_courseclassify` [ RunTime:0.0060s ]
SQL: SELECT * FROM `db_courseclassify` WHERE ( objectId=1 ) LIMIT 1   [ RunTime:0.0002s ]

[ 2017-05-19T17:14:40+08:00 ] ::1 /eduWeb/API/index.php?m=course&c=Classify&a=getAllClassify
INFO: [ app_init ] --START--
INFO: Run Behavior\BuildLiteBehavior [ RunTime:0.000018s ]
INFO: [ app_init ] --END-- [ RunTime:0.000394s ]
INFO: [ app_begin ] --START--
INFO: Run Behavior\ReadHtmlCacheBehavior [ RunTime:0.000840s ]
INFO: [ app_begin ] --END-- [ RunTime:0.000908s ]
SQL: SHOW COLUMNS FROM `db_courseclassify` [ RunTime:0.0092s ]
SQL: SELECT * FROM `db_courseclassify`  [ RunTime:0.0002s ]

[ 2017-05-19T17:14:40+08:00 ] ::1 /eduWeb/API/index.php?m=course&c=course&a=getcourses&classifyId=0
INFO: [ app_init ] --START--
INFO: Run Behavior\BuildLiteBehavior [ RunTime:0.000018s ]
INFO: [ app_init ] --END-- [ RunTime:0.000416s ]
INFO: [ app_begin ] --START--
INFO: Run Behavior\ReadHtmlCacheBehavior [ RunTime:0.000639s ]
INFO: [ app_begin ] --END-- [ RunTime:0.000678s ]
SQL: SHOW COLUMNS FROM `db_course` [ RunTime:0.0052s ]
SQL: SELECT * FROM `db_course`  [ RunTime:0.0003s ]

[ 2017-05-19T17:14:42+08:00 ] ::1 /eduWeb/API/index.php?m=course&c=course&a=getCourseInfo&id=2
INFO: [ app_init ] --START--
INFO: Run Behavior\BuildLiteBehavior [ RunTime:0.000011s ]
INFO: [ app_init ] --END-- [ RunTime:0.000280s ]
INFO: [ app_begin ] --START--
INFO: Run Behavior\ReadHtmlCacheBehavior [ RunTime:0.000415s ]
INFO: [ app_begin ] --END-- [ RunTime:0.000450s ]
SQL: SHOW COLUMNS FROM `db_course` [ RunTime:0.0101s ]
SQL: SELECT * FROM `db_course` WHERE ( courseId=2 ) LIMIT 1   [ RunTime:0.0003s ]

[ 2017-05-19T17:14:42+08:00 ] ::1 /eduWeb/API/index.php?m=course&c=classify&a=getClassifyById&classifyId=2
INFO: [ app_init ] --START--
INFO: Run Behavior\BuildLiteBehavior [ RunTime:0.000011s ]
INFO: [ app_init ] --END-- [ RunTime:0.000307s ]
INFO: [ app_begin ] --START--
INFO: Run Behavior\ReadHtmlCacheBehavior [ RunTime:0.001506s ]
INFO: [ app_begin ] --END-- [ RunTime:0.001593s ]
SQL: SHOW COLUMNS FROM `db_courseclassify` [ RunTime:0.0054s ]
SQL: SELECT * FROM `db_courseclassify` WHERE ( objectId=2 ) LIMIT 1   [ RunTime:0.0005s ]

[ 2017-05-19T17:14:43+08:00 ] ::1 /eduWeb/API/index.php?m=course&c=Classify&a=getAllClassify
INFO: [ app_init ] --START--
INFO: Run Behavior\BuildLiteBehavior [ RunTime:0.000012s ]
INFO: [ app_init ] --END-- [ RunTime:0.000282s ]
INFO: [ app_begin ] --START--
INFO: Run Behavior\ReadHtmlCacheBehavior [ RunTime:0.000409s ]
INFO: [ app_begin ] --END-- [ RunTime:0.000443s ]
SQL: SHOW COLUMNS FROM `db_courseclassify` [ RunTime:0.0091s ]
SQL: SELECT * FROM `db_courseclassify`  [ RunTime:0.0002s ]

[ 2017-05-19T17:14:43+08:00 ] ::1 /eduWeb/API/index.php?m=course&c=course&a=getcourses&classifyId=0
INFO: [ app_init ] --START--
INFO: Run Behavior\BuildLiteBehavior [ RunTime:0.000017s ]
INFO: [ app_init ] --END-- [ RunTime:0.000499s ]
INFO: [ app_begin ] --START--
INFO: Run Behavior\ReadHtmlCacheBehavior [ RunTime:0.000732s ]
INFO: [ app_begin ] --END-- [ RunTime:0.000787s ]
SQL: SHOW COLUMNS FROM `db_course` [ RunTime:0.0061s ]
SQL: SELECT * FROM `db_course`  [ RunTime:0.0003s ]

[ 2017-05-19T17:14:46+08:00 ] ::1 /eduWeb/API/index.php?m=course&c=course&a=getcourses&classifyId=2
INFO: [ app_init ] --START--
INFO: Run Behavior\BuildLiteBehavior [ RunTime:0.000013s ]
INFO: [ app_init ] --END-- [ RunTime:0.000374s ]
INFO: [ app_begin ] --START--
INFO: Run Behavior\ReadHtmlCacheBehavior [ RunTime:0.001055s ]
INFO: [ app_begin ] --END-- [ RunTime:0.001128s ]
SQL: SHOW COLUMNS FROM `db_course` [ RunTime:0.0087s ]
SQL: SELECT * FROM `db_course` WHERE ( classifyId=2 )  [ RunTime:0.0003s ]

[ 2017-05-19T17:14:47+08:00 ] ::1 /eduWeb/API/index.php?m=course&c=course&a=getcourses&classifyId=1
INFO: [ app_init ] --START--
INFO: Run Behavior\BuildLiteBehavior [ RunTime:0.000013s ]
INFO: [ app_init ] --END-- [ RunTime:0.000383s ]
INFO: [ app_begin ] --START--
INFO: Run Behavior\ReadHtmlCacheBehavior [ RunTime:0.000764s ]
INFO: [ app_begin ] --END-- [ RunTime:0.000806s ]
SQL: SHOW COLUMNS FROM `db_course` [ RunTime:0.0063s ]
SQL: SELECT * FROM `db_course` WHERE ( classifyId=1 )  [ RunTime:0.0002s ]

[ 2017-05-19T17:14:48+08:00 ] ::1 /eduWeb/API/index.php?m=course&c=course&a=getcourses&classifyId=2
INFO: [ app_init ] --START--
INFO: Run Behavior\BuildLiteBehavior [ RunTime:0.000013s ]
INFO: [ app_init ] --END-- [ RunTime:0.000383s ]
INFO: [ app_begin ] --START--
INFO: Run Behavior\ReadHtmlCacheBehavior [ RunTime:0.000783s ]
INFO: [ app_begin ] --END-- [ RunTime:0.000829s ]
SQL: SHOW COLUMNS FROM `db_course` [ RunTime:0.0098s ]
SQL: SELECT * FROM `db_course` WHERE ( classifyId=2 )  [ RunTime:0.0003s ]

[ 2017-05-19T17:14:48+08:00 ] ::1 /eduWeb/API/index.php?m=course&c=course&a=getcourses&classifyId=0
INFO: [ app_init ] --START--
INFO: Run Behavior\BuildLiteBehavior [ RunTime:0.000017s ]
INFO: [ app_init ] --END-- [ RunTime:0.000749s ]
INFO: [ app_begin ] --START--
INFO: Run Behavior\ReadHtmlCacheBehavior [ RunTime:0.000753s ]
INFO: [ app_begin ] --END-- [ RunTime:0.000795s ]
SQL: SHOW COLUMNS FROM `db_course` [ RunTime:0.0054s ]
SQL: SELECT * FROM `db_course`  [ RunTime:0.0003s ]

[ 2017-05-19T17:14:49+08:00 ] ::1 /eduWeb/API/index.php?m=course&c=course&a=getCourseInfo&id=1
INFO: [ app_init ] --START--
INFO: Run Behavior\BuildLiteBehavior [ RunTime:0.000014s ]
INFO: [ app_init ] --END-- [ RunTime:0.000349s ]
INFO: [ app_begin ] --START--
INFO: Run Behavior\ReadHtmlCacheBehavior [ RunTime:0.000798s ]
INFO: [ app_begin ] --END-- [ RunTime:0.000877s ]
SQL: SHOW COLUMNS FROM `db_course` [ RunTime:0.0066s ]
SQL: SELECT * FROM `db_course` WHERE ( courseId=1 ) LIMIT 1   [ RunTime:0.0003s ]

[ 2017-05-19T17:14:49+08:00 ] ::1 /eduWeb/API/index.php?m=course&c=classify&a=getClassifyById&classifyId=2
INFO: [ app_init ] --START--
INFO: Run Behavior\BuildLiteBehavior [ RunTime:0.000017s ]
INFO: [ app_init ] --END-- [ RunTime:0.000415s ]
INFO: [ app_begin ] --START--
INFO: Run Behavior\ReadHtmlCacheBehavior [ RunTime:0.000742s ]
INFO: [ app_begin ] --END-- [ RunTime:0.000792s ]
SQL: SHOW COLUMNS FROM `db_courseclassify` [ RunTime:0.0052s ]
SQL: SELECT * FROM `db_courseclassify` WHERE ( objectId=2 ) LIMIT 1   [ RunTime:0.0002s ]

[ 2017-05-19T17:14:51+08:00 ] ::1 /eduWeb/API/index.php?m=course&c=Classify&a=getAllClassify
INFO: [ app_init ] --START--
INFO: Run Behavior\BuildLiteBehavior [ RunTime:0.000014s ]
INFO: [ app_init ] --END-- [ RunTime:0.000420s ]
INFO: [ app_begin ] --START--
INFO: Run Behavior\ReadHtmlCacheBehavior [ RunTime:0.000729s ]
INFO: [ app_begin ] --END-- [ RunTime:0.000809s ]
SQL: SHOW COLUMNS FROM `db_courseclassify` [ RunTime:0.0096s ]
SQL: SELECT * FROM `db_courseclassify`  [ RunTime:0.0002s ]

[ 2017-05-19T17:14:51+08:00 ] ::1 /eduWeb/API/index.php?m=course&c=course&a=getcourses&classifyId=0
INFO: [ app_init ] --START--
INFO: Run Behavior\BuildLiteBehavior [ RunTime:0.000012s ]
INFO: [ app_init ] --END-- [ RunTime:0.000308s ]
INFO: [ app_begin ] --START--
INFO: Run Behavior\ReadHtmlCacheBehavior [ RunTime:0.000627s ]
INFO: [ app_begin ] --END-- [ RunTime:0.000663s ]
SQL: SHOW COLUMNS FROM `db_course` [ RunTime:0.0054s ]
SQL: SELECT * FROM `db_course`  [ RunTime:0.0003s ]

[ 2017-05-19T17:14:52+08:00 ] ::1 /eduWeb/API/index.php?m=course&c=course&a=getCourseInfo&id=2
INFO: [ app_init ] --START--
INFO: Run Behavior\BuildLiteBehavior [ RunTime:0.000018s ]
INFO: [ app_init ] --END-- [ RunTime:0.000413s ]
INFO: [ app_begin ] --START--
INFO: Run Behavior\ReadHtmlCacheBehavior [ RunTime:0.000635s ]
INFO: [ app_begin ] --END-- [ RunTime:0.000698s ]
SQL: SHOW COLUMNS FROM `db_course` [ RunTime:0.0101s ]
SQL: SELECT * FROM `db_course` WHERE ( courseId=2 ) LIMIT 1   [ RunTime:0.0003s ]

[ 2017-05-19T17:14:52+08:00 ] ::1 /eduWeb/API/index.php?m=course&c=classify&a=getClassifyById&classifyId=2
INFO: [ app_init ] --START--
INFO: Run Behavior\BuildLiteBehavior [ RunTime:0.000011s ]
INFO: [ app_init ] --END-- [ RunTime:0.000309s ]
INFO: [ app_begin ] --START--
INFO: Run Behavior\ReadHtmlCacheBehavior [ RunTime:0.000621s ]
INFO: [ app_begin ] --END-- [ RunTime:0.000654s ]
SQL: SHOW COLUMNS FROM `db_courseclassify` [ RunTime:0.0053s ]
SQL: SELECT * FROM `db_courseclassify` WHERE ( objectId=2 ) LIMIT 1   [ RunTime:0.0002s ]

[ 2017-05-19T17:14:56+08:00 ] ::1 /eduWeb/API/index.php?m=course&c=Classify&a=getAllClassify
INFO: [ app_init ] --START--
INFO: Run Behavior\BuildLiteBehavior [ RunTime:0.000011s ]
INFO: [ app_init ] --END-- [ RunTime:0.000297s ]
INFO: [ app_begin ] --START--
INFO: Run Behavior\ReadHtmlCacheBehavior [ RunTime:0.000413s ]
INFO: [ app_begin ] --END-- [ RunTime:0.000447s ]
SQL: SHOW COLUMNS FROM `db_courseclassify` [ RunTime:0.0094s ]
SQL: SELECT * FROM `db_courseclassify`  [ RunTime:0.0003s ]

[ 2017-05-19T17:14:56+08:00 ] ::1 /eduWeb/API/index.php?m=course&c=course&a=getcourses&classifyId=0
INFO: [ app_init ] --START--
INFO: Run Behavior\BuildLiteBehavior [ RunTime:0.000011s ]
INFO: [ app_init ] --END-- [ RunTime:0.000315s ]
INFO: [ app_begin ] --START--
INFO: Run Behavior\ReadHtmlCacheBehavior [ RunTime:0.000624s ]
INFO: [ app_begin ] --END-- [ RunTime:0.000662s ]
SQL: SHOW COLUMNS FROM `db_course` [ RunTime:0.0060s ]
SQL: SELECT * FROM `db_course`  [ RunTime:0.0003s ]

[ 2017-05-19T17:14:57+08:00 ] ::1 /eduWeb/API/index.php?m=course&c=course&a=getcourses&classifyId=3
INFO: [ app_init ] --START--
INFO: Run Behavior\BuildLiteBehavior [ RunTime:0.000029s ]
INFO: [ app_init ] --END-- [ RunTime:0.000799s ]
INFO: [ app_begin ] --START--
INFO: Run Behavior\ReadHtmlCacheBehavior [ RunTime:0.000675s ]
INFO: [ app_begin ] --END-- [ RunTime:0.000716s ]
SQL: SHOW COLUMNS FROM `db_course` [ RunTime:0.0055s ]
SQL: SELECT * FROM `db_course` WHERE ( classifyId=3 )  [ RunTime:0.0003s ]

[ 2017-05-19T17:14:57+08:00 ] ::1 /eduWeb/API/index.php?m=course&c=course&a=getcourses&classifyId=4
INFO: [ app_init ] --START--
INFO: Run Behavior\BuildLiteBehavior [ RunTime:0.000014s ]
INFO: [ app_init ] --END-- [ RunTime:0.000407s ]
INFO: [ app_begin ] --START--
INFO: Run Behavior\ReadHtmlCacheBehavior [ RunTime:0.000770s ]
INFO: [ app_begin ] --END-- [ RunTime:0.000814s ]
SQL: SHOW COLUMNS FROM `db_course` [ RunTime:0.0092s ]
SQL: SELECT * FROM `db_course` WHERE ( classifyId=4 )  [ RunTime:0.0002s ]

[ 2017-05-19T17:14:58+08:00 ] ::1 /eduWeb/API/index.php?m=course&c=course&a=getcourses&classifyId=3
INFO: [ app_init ] --START--
INFO: Run Behavior\BuildLiteBehavior [ RunTime:0.000011s ]
INFO: [ app_init ] --END-- [ RunTime:0.000303s ]
INFO: [ app_begin ] --START--
INFO: Run Behavior\ReadHtmlCacheBehavior [ RunTime:0.000825s ]
INFO: [ app_begin ] --END-- [ RunTime:0.000933s ]
SQL: SHOW COLUMNS FROM `db_course` [ RunTime:0.0091s ]
SQL: SELECT * FROM `db_course` WHERE ( classifyId=3 )  [ RunTime:0.0003s ]

[ 2017-05-19T17:14:58+08:00 ] ::1 /eduWeb/API/index.php?m=course&c=course&a=getcourses&classifyId=1
INFO: [ app_init ] --START--
INFO: Run Behavior\BuildLiteBehavior [ RunTime:0.000014s ]
INFO: [ app_init ] --END-- [ RunTime:0.000398s ]
INFO: [ app_begin ] --START--
INFO: Run Behavior\ReadHtmlCacheBehavior [ RunTime:0.000695s ]
INFO: [ app_begin ] --END-- [ RunTime:0.000736s ]
SQL: SHOW COLUMNS FROM `db_course` [ RunTime:0.0097s ]
SQL: SELECT * FROM `db_course` WHERE ( classifyId=1 )  [ RunTime:0.0003s ]

[ 2017-05-19T17:14:58+08:00 ] ::1 /eduWeb/API/index.php?m=course&c=course&a=getcourses&classifyId=3
INFO: [ app_init ] --START--
INFO: Run Behavior\BuildLiteBehavior [ RunTime:0.000014s ]
INFO: [ app_init ] --END-- [ RunTime:0.000395s ]
INFO: [ app_begin ] --START--
INFO: Run Behavior\ReadHtmlCacheBehavior [ RunTime:0.000770s ]
INFO: [ app_begin ] --END-- [ RunTime:0.000817s ]
SQL: SHOW COLUMNS FROM `db_course` [ RunTime:0.0091s ]
SQL: SELECT * FROM `db_course` WHERE ( classifyId=3 )  [ RunTime:0.0003s ]

[ 2017-05-19T17:14:59+08:00 ] ::1 /eduWeb/API/index.php?m=course&c=course&a=getcourses&classifyId=1
INFO: [ app_init ] --START--
INFO: Run Behavior\BuildLiteBehavior [ RunTime:0.000013s ]
INFO: [ app_init ] --END-- [ RunTime:0.000374s ]
INFO: [ app_begin ] --START--
INFO: Run Behavior\ReadHtmlCacheBehavior [ RunTime:0.000853s ]
INFO: [ app_begin ] --END-- [ RunTime:0.000903s ]
SQL: SHOW COLUMNS FROM `db_course` [ RunTime:0.0055s ]
SQL: SELECT * FROM `db_course` WHERE ( classifyId=1 )  [ RunTime:0.0003s ]

[ 2017-05-19T17:14:59+08:00 ] ::1 /eduWeb/API/index.php?m=course&c=course&a=getcourses&classifyId=2
INFO: [ app_init ] --START--
INFO: Run Behavior\BuildLiteBehavior [ RunTime:0.000011s ]
INFO: [ app_init ] --END-- [ RunTime:0.000301s ]
INFO: [ app_begin ] --START--
INFO: Run Behavior\ReadHtmlCacheBehavior [ RunTime:0.000706s ]
INFO: [ app_begin ] --END-- [ RunTime:0.000750s ]
SQL: SHOW COLUMNS FROM `db_course` [ RunTime:0.0091s ]
SQL: SELECT * FROM `db_course` WHERE ( classifyId=2 )  [ RunTime:0.0002s ]

[ 2017-05-19T17:14:59+08:00 ] ::1 /eduWeb/API/index.php?m=course&c=course&a=getcourses&classifyId=1
INFO: [ app_init ] --START--
INFO: Run Behavior\BuildLiteBehavior [ RunTime:0.000014s ]
INFO: [ app_init ] --END-- [ RunTime:0.000387s ]
INFO: [ app_begin ] --START--
INFO: Run Behavior\ReadHtmlCacheBehavior [ RunTime:0.000767s ]
INFO: [ app_begin ] --END-- [ RunTime:0.000810s ]
SQL: SHOW COLUMNS FROM `db_course` [ RunTime:0.0121s ]
SQL: SELECT * FROM `db_course` WHERE ( classifyId=1 )  [ RunTime:0.0003s ]

[ 2017-05-19T17:15:00+08:00 ] ::1 /eduWeb/API/index.php?m=course&c=course&a=getcourses&classifyId=2
INFO: [ app_init ] --START--
INFO: Run Behavior\BuildLiteBehavior [ RunTime:0.000012s ]
INFO: [ app_init ] --END-- [ RunTime:0.000340s ]
INFO: [ app_begin ] --START--
INFO: Run Behavior\ReadHtmlCacheBehavior [ RunTime:0.000694s ]
INFO: [ app_begin ] --END-- [ RunTime:0.000735s ]
SQL: SHOW COLUMNS FROM `db_course` [ RunTime:0.0102s ]
SQL: SELECT * FROM `db_course` WHERE ( classifyId=2 )  [ RunTime:0.0003s ]

[ 2017-05-19T17:15:00+08:00 ] ::1 /eduWeb/API/index.php?m=course&c=course&a=getcourses&classifyId=0
INFO: [ app_init ] --START--
INFO: Run Behavior\BuildLiteBehavior [ RunTime:0.000013s ]
INFO: [ app_init ] --END-- [ RunTime:0.000393s ]
INFO: [ app_begin ] --START--
INFO: Run Behavior\ReadHtmlCacheBehavior [ RunTime:0.000744s ]
INFO: [ app_begin ] --END-- [ RunTime:0.000793s ]
SQL: SHOW COLUMNS FROM `db_course` [ RunTime:0.0096s ]
SQL: SELECT * FROM `db_course`  [ RunTime:0.0003s ]

[ 2017-05-19T17:16:40+08:00 ] ::1 /eduWeb/API/index.php?m=course&c=Classify&a=getAllClassify
INFO: [ app_init ] --START--
INFO: Run Behavior\BuildLiteBehavior [ RunTime:0.000021s ]
INFO: [ app_init ] --END-- [ RunTime:0.000594s ]
INFO: [ app_begin ] --START--
INFO: Run Behavior\ReadHtmlCacheBehavior [ RunTime:0.000803s ]
INFO: [ app_begin ] --END-- [ RunTime:0.000852s ]
SQL: SHOW COLUMNS FROM `db_courseclassify` [ RunTime:0.0100s ]
SQL: SELECT * FROM `db_courseclassify`  [ RunTime:0.0002s ]

[ 2017-05-19T17:16:40+08:00 ] ::1 /eduWeb/API/index.php?m=course&c=course&a=getcourses&classifyId=0
INFO: [ app_init ] --START--
INFO: Run Behavior\BuildLiteBehavior [ RunTime:0.000013s ]
INFO: [ app_init ] --END-- [ RunTime:0.000397s ]
INFO: [ app_begin ] --START--
INFO: Run Behavior\ReadHtmlCacheBehavior [ RunTime:0.000838s ]
INFO: [ app_begin ] --END-- [ RunTime:0.000900s ]
SQL: SHOW COLUMNS FROM `db_course` [ RunTime:0.0076s ]
SQL: SELECT * FROM `db_course`  [ RunTime:0.0005s ]

[ 2017-05-19T17:17:05+08:00 ] ::1 /eduWeb/API/index.php?m=course&c=Classify&a=getAllClassify
INFO: [ app_init ] --START--
INFO: Run Behavior\BuildLiteBehavior [ RunTime:0.000014s ]
INFO: [ app_init ] --END-- [ RunTime:0.000384s ]
INFO: [ app_begin ] --START--
INFO: Run Behavior\ReadHtmlCacheBehavior [ RunTime:0.000629s ]
INFO: [ app_begin ] --END-- [ RunTime:0.000674s ]
SQL: SHOW COLUMNS FROM `db_courseclassify` [ RunTime:0.0105s ]
SQL: SELECT * FROM `db_courseclassify`  [ RunTime:0.0003s ]

[ 2017-05-19T17:17:05+08:00 ] ::1 /eduWeb/API/index.php?m=course&c=course&a=getcourses&classifyId=0
INFO: [ app_init ] --START--
INFO: Run Behavior\BuildLiteBehavior [ RunTime:0.000014s ]
INFO: [ app_init ] --END-- [ RunTime:0.000334s ]
INFO: [ app_begin ] --START--
INFO: Run Behavior\ReadHtmlCacheBehavior [ RunTime:0.000508s ]
INFO: [ app_begin ] --END-- [ RunTime:0.000548s ]
SQL: SHOW COLUMNS FROM `db_course` [ RunTime:0.0065s ]
SQL: SELECT * FROM `db_course`  [ RunTime:0.0003s ]

[ 2017-05-19T17:17:05+08:00 ] ::1 /eduWeb/API/index.php?m=course&c=course&a=getcourses&classifyId=1
INFO: [ app_init ] --START--
INFO: Run Behavior\BuildLiteBehavior [ RunTime:0.000015s ]
INFO: [ app_init ] --END-- [ RunTime:0.000285s ]
INFO: [ app_begin ] --START--
INFO: Run Behavior\ReadHtmlCacheBehavior [ RunTime:0.000409s ]
INFO: [ app_begin ] --END-- [ RunTime:0.000445s ]
SQL: SHOW COLUMNS FROM `db_course` [ RunTime:0.0097s ]
SQL: SELECT * FROM `db_course` WHERE ( classifyId=1 )  [ RunTime:0.0003s ]

[ 2017-05-19T17:17:06+08:00 ] ::1 /eduWeb/API/index.php?m=course&c=course&a=getcourses&classifyId=1
INFO: [ app_init ] --START--
INFO: Run Behavior\BuildLiteBehavior [ RunTime:0.000013s ]
INFO: [ app_init ] --END-- [ RunTime:0.000336s ]
INFO: [ app_begin ] --START--
INFO: Run Behavior\ReadHtmlCacheBehavior [ RunTime:0.000502s ]
INFO: [ app_begin ] --END-- [ RunTime:0.000544s ]
SQL: SHOW COLUMNS FROM `db_course` [ RunTime:0.0096s ]
SQL: SELECT * FROM `db_course` WHERE ( classifyId=1 )  [ RunTime:0.0003s ]

[ 2017-05-19T17:17:06+08:00 ] ::1 /eduWeb/API/index.php?m=course&c=course&a=getcourses&classifyId=2
INFO: [ app_init ] --START--
INFO: Run Behavior\BuildLiteBehavior [ RunTime:0.000027s ]
INFO: [ app_init ] --END-- [ RunTime:0.000308s ]
INFO: [ app_begin ] --START--
INFO: Run Behavior\ReadHtmlCacheBehavior [ RunTime:0.000480s ]
INFO: [ app_begin ] --END-- [ RunTime:0.000529s ]
SQL: SHOW COLUMNS FROM `db_course` [ RunTime:0.0091s ]
SQL: SELECT * FROM `db_course` WHERE ( classifyId=2 )  [ RunTime:0.0003s ]

[ 2017-05-19T17:17:07+08:00 ] ::1 /eduWeb/API/index.php?m=course&c=course&a=getCourseInfo&id=2
INFO: [ app_init ] --START--
INFO: Run Behavior\BuildLiteBehavior [ RunTime:0.000014s ]
INFO: [ app_init ] --END-- [ RunTime:0.000438s ]
INFO: [ app_begin ] --START--
INFO: Run Behavior\ReadHtmlCacheBehavior [ RunTime:0.000903s ]
INFO: [ app_begin ] --END-- [ RunTime:0.000962s ]
SQL: SHOW COLUMNS FROM `db_course` [ RunTime:0.0094s ]
SQL: SELECT * FROM `db_course` WHERE ( courseId=2 ) LIMIT 1   [ RunTime:0.0003s ]

[ 2017-05-19T17:17:07+08:00 ] ::1 /eduWeb/API/index.php?m=course&c=classify&a=getClassifyById&classifyId=2
INFO: [ app_init ] --START--
INFO: Run Behavior\BuildLiteBehavior [ RunTime:0.000011s ]
INFO: [ app_init ] --END-- [ RunTime:0.000311s ]
INFO: [ app_begin ] --START--
INFO: Run Behavior\ReadHtmlCacheBehavior [ RunTime:0.000849s ]
INFO: [ app_begin ] --END-- [ RunTime:0.000909s ]
SQL: SHOW COLUMNS FROM `db_courseclassify` [ RunTime:0.0053s ]
SQL: SELECT * FROM `db_courseclassify` WHERE ( objectId=2 ) LIMIT 1   [ RunTime:0.0003s ]

[ 2017-05-19T17:17:10+08:00 ] ::1 /eduWeb/API/index.php?m=course&c=Classify&a=getAllClassify
INFO: [ app_init ] --START--
INFO: Run Behavior\BuildLiteBehavior [ RunTime:0.000024s ]
INFO: [ app_init ] --END-- [ RunTime:0.000516s ]
INFO: [ app_begin ] --START--
INFO: Run Behavior\ReadHtmlCacheBehavior [ RunTime:0.000716s ]
INFO: [ app_begin ] --END-- [ RunTime:0.000788s ]
SQL: SHOW COLUMNS FROM `db_courseclassify` [ RunTime:0.0095s ]
SQL: SELECT * FROM `db_courseclassify`  [ RunTime:0.0003s ]

[ 2017-05-19T17:17:10+08:00 ] ::1 /eduWeb/API/index.php?m=course&c=course&a=getcourses&classifyId=0
INFO: [ app_init ] --START--
INFO: Run Behavior\BuildLiteBehavior [ RunTime:0.000012s ]
INFO: [ app_init ] --END-- [ RunTime:0.000331s ]
INFO: [ app_begin ] --START--
INFO: Run Behavior\ReadHtmlCacheBehavior [ RunTime:0.000646s ]
INFO: [ app_begin ] --END-- [ RunTime:0.000684s ]
SQL: SHOW COLUMNS FROM `db_course` [ RunTime:0.0053s ]
SQL: SELECT * FROM `db_course`  [ RunTime:0.0003s ]

[ 2017-05-19T17:17:11+08:00 ] ::1 /eduWeb/API/index.php?m=course&c=course&a=getcourses&classifyId=3
INFO: [ app_init ] --START--
INFO: Run Behavior\BuildLiteBehavior [ RunTime:0.000013s ]
INFO: [ app_init ] --END-- [ RunTime:0.000377s ]
INFO: [ app_begin ] --START--
INFO: Run Behavior\ReadHtmlCacheBehavior [ RunTime:0.001008s ]
INFO: [ app_begin ] --END-- [ RunTime:0.001124s ]
SQL: SHOW COLUMNS FROM `db_course` [ RunTime:0.0091s ]
SQL: SELECT * FROM `db_course` WHERE ( classifyId=3 )  [ RunTime:0.0003s ]

[ 2017-05-19T17:17:11+08:00 ] ::1 /eduWeb/API/index.php?m=course&c=course&a=getcourses&classifyId=4
INFO: [ app_init ] --START--
INFO: Run Behavior\BuildLiteBehavior [ RunTime:0.000024s ]
INFO: [ app_init ] --END-- [ RunTime:0.000533s ]
INFO: [ app_begin ] --START--
INFO: Run Behavior\ReadHtmlCacheBehavior [ RunTime:0.000633s ]
INFO: [ app_begin ] --END-- [ RunTime:0.000674s ]
SQL: SHOW COLUMNS FROM `db_course` [ RunTime:0.0056s ]
SQL: SELECT * FROM `db_course` WHERE ( classifyId=4 )  [ RunTime:0.0002s ]

[ 2017-05-19T17:17:12+08:00 ] ::1 /eduWeb/API/index.php?m=course&c=course&a=getcourses&classifyId=3
INFO: [ app_init ] --START--
INFO: Run Behavior\BuildLiteBehavior [ RunTime:0.000014s ]
INFO: [ app_init ] --END-- [ RunTime:0.000389s ]
INFO: [ app_begin ] --START--
INFO: Run Behavior\ReadHtmlCacheBehavior [ RunTime:0.000757s ]
INFO: [ app_begin ] --END-- [ RunTime:0.000801s ]
SQL: SHOW COLUMNS FROM `db_course` [ RunTime:0.0091s ]
SQL: SELECT * FROM `db_course` WHERE ( classifyId=3 )  [ RunTime:0.0003s ]

[ 2017-05-19T17:17:12+08:00 ] ::1 /eduWeb/API/index.php?m=course&c=course&a=getcourses&classifyId=3
INFO: [ app_init ] --START--
INFO: Run Behavior\BuildLiteBehavior [ RunTime:0.000015s ]
INFO: [ app_init ] --END-- [ RunTime:0.000462s ]
INFO: [ app_begin ] --START--
INFO: Run Behavior\ReadHtmlCacheBehavior [ RunTime:0.000762s ]
INFO: [ app_begin ] --END-- [ RunTime:0.000805s ]
SQL: SHOW COLUMNS FROM `db_course` [ RunTime:0.0093s ]
SQL: SELECT * FROM `db_course` WHERE ( classifyId=3 )  [ RunTime:0.0002s ]

[ 2017-05-19T17:17:12+08:00 ] ::1 /eduWeb/API/index.php?m=course&c=course&a=getcourses&classifyId=4
INFO: [ app_init ] --START--
INFO: Run Behavior\BuildLiteBehavior [ RunTime:0.000013s ]
INFO: [ app_init ] --END-- [ RunTime:0.000382s ]
INFO: [ app_begin ] --START--
INFO: Run Behavior\ReadHtmlCacheBehavior [ RunTime:0.000752s ]
INFO: [ app_begin ] --END-- [ RunTime:0.000795s ]
SQL: SHOW COLUMNS FROM `db_course` [ RunTime:0.0095s ]
SQL: SELECT * FROM `db_course` WHERE ( classifyId=4 )  [ RunTime:0.0003s ]

[ 2017-05-19T17:17:13+08:00 ] ::1 /eduWeb/API/index.php?m=course&c=course&a=getcourses&classifyId=0
INFO: [ app_init ] --START--
INFO: Run Behavior\BuildLiteBehavior [ RunTime:0.000015s ]
INFO: [ app_init ] --END-- [ RunTime:0.000390s ]
INFO: [ app_begin ] --START--
INFO: Run Behavior\ReadHtmlCacheBehavior [ RunTime:0.000950s ]
INFO: [ app_begin ] --END-- [ RunTime:0.001017s ]
SQL: SHOW COLUMNS FROM `db_course` [ RunTime:0.0091s ]
SQL: SELECT * FROM `db_course`  [ RunTime:0.0003s ]

[ 2017-05-19T20:40:15+08:00 ] ::1 /eduWeb/API/index.php?m=course&c=Classify&a=getAllClassify
INFO: [ app_init ] --START--
INFO: Run Behavior\BuildLiteBehavior [ RunTime:0.000017s ]
INFO: [ app_init ] --END-- [ RunTime:0.000466s ]
INFO: [ app_begin ] --START--
INFO: Run Behavior\ReadHtmlCacheBehavior [ RunTime:0.000784s ]
INFO: [ app_begin ] --END-- [ RunTime:0.000841s ]
SQL: SHOW COLUMNS FROM `db_courseclassify` [ RunTime:0.0060s ]
SQL: SELECT * FROM `db_courseclassify`  [ RunTime:0.0003s ]

[ 2017-05-19T20:40:15+08:00 ] ::1 /eduWeb/API/index.php?m=course&c=course&a=getcourses&classifyId=0
INFO: [ app_init ] --START--
INFO: Run Behavior\BuildLiteBehavior [ RunTime:0.000020s ]
INFO: [ app_init ] --END-- [ RunTime:0.000623s ]
INFO: [ app_begin ] --START--
INFO: Run Behavior\ReadHtmlCacheBehavior [ RunTime:0.000710s ]
INFO: [ app_begin ] --END-- [ RunTime:0.000782s ]
SQL: SHOW COLUMNS FROM `db_course` [ RunTime:0.0080s ]
SQL: SELECT * FROM `db_course`  [ RunTime:0.0002s ]

[ 2017-05-19T21:49:25+08:00 ] ::1 /eduWeb/API/index.php?m=course&c=Classify&a=getAllClassify
INFO: [ app_init ] --START--
INFO: Run Behavior\BuildLiteBehavior [ RunTime:0.000019s ]
INFO: [ app_init ] --END-- [ RunTime:0.000441s ]
INFO: [ app_begin ] --START--
INFO: Run Behavior\ReadHtmlCacheBehavior [ RunTime:0.000690s ]
INFO: [ app_begin ] --END-- [ RunTime:0.000755s ]
SQL: SHOW COLUMNS FROM `db_courseclassify` [ RunTime:0.0088s ]
SQL: SELECT * FROM `db_courseclassify`  [ RunTime:0.0002s ]

[ 2017-05-19T21:49:25+08:00 ] ::1 /eduWeb/API/index.php?m=course&c=course&a=getcourses&classifyId=0
INFO: [ app_init ] --START--
INFO: Run Behavior\BuildLiteBehavior [ RunTime:0.000020s ]
INFO: [ app_init ] --END-- [ RunTime:0.000517s ]
INFO: [ app_begin ] --START--
INFO: Run Behavior\ReadHtmlCacheBehavior [ RunTime:0.000828s ]
INFO: [ app_begin ] --END-- [ RunTime:0.000896s ]
SQL: SHOW COLUMNS FROM `db_course` [ RunTime:0.0030s ]
SQL: SELECT * FROM `db_course`  [ RunTime:0.0003s ]

[ 2017-05-19T23:22:19+08:00 ] ::1 /eduWeb/API/index.php?m=course&c=Classify&a=getAllClassify
INFO: [ app_init ] --START--
INFO: Run Behavior\BuildLiteBehavior [ RunTime:0.000012s ]
INFO: [ app_init ] --END-- [ RunTime:0.000324s ]
INFO: [ app_begin ] --START--
INFO: Run Behavior\ReadHtmlCacheBehavior [ RunTime:0.000666s ]
INFO: [ app_begin ] --END-- [ RunTime:0.000713s ]
SQL: SHOW COLUMNS FROM `db_courseclassify` [ RunTime:0.0070s ]
SQL: SELECT * FROM `db_courseclassify`  [ RunTime:0.0003s ]

[ 2017-05-19T23:22:19+08:00 ] ::1 /eduWeb/API/index.php?m=course&c=course&a=getcourses&classifyId=0
INFO: [ app_init ] --START--
INFO: Run Behavior\BuildLiteBehavior [ RunTime:0.000011s ]
INFO: [ app_init ] --END-- [ RunTime:0.000306s ]
INFO: [ app_begin ] --START--
INFO: Run Behavior\ReadHtmlCacheBehavior [ RunTime:0.000589s ]
INFO: [ app_begin ] --END-- [ RunTime:0.000624s ]
SQL: SHOW COLUMNS FROM `db_course` [ RunTime:0.0036s ]
SQL: SELECT * FROM `db_course`  [ RunTime:0.0003s ]

[ 2017-05-19T23:22:20+08:00 ] ::1 /eduWeb/API/index.php?m=course&c=course&a=getcourses&classifyId=2
INFO: [ app_init ] --START--
INFO: Run Behavior\BuildLiteBehavior [ RunTime:0.000011s ]
INFO: [ app_init ] --END-- [ RunTime:0.000301s ]
INFO: [ app_begin ] --START--
INFO: Run Behavior\ReadHtmlCacheBehavior [ RunTime:0.000628s ]
INFO: [ app_begin ] --END-- [ RunTime:0.000680s ]
SQL: SHOW COLUMNS FROM `db_course` [ RunTime:0.0030s ]
SQL: SELECT * FROM `db_course` WHERE ( classifyId=2 )  [ RunTime:0.0003s ]

[ 2017-05-19T23:22:20+08:00 ] ::1 /eduWeb/API/index.php?m=course&c=course&a=getcourses&classifyId=1
INFO: [ app_init ] --START--
INFO: Run Behavior\BuildLiteBehavior [ RunTime:0.000012s ]
INFO: [ app_init ] --END-- [ RunTime:0.000372s ]
INFO: [ app_begin ] --START--
INFO: Run Behavior\ReadHtmlCacheBehavior [ RunTime:0.000593s ]
INFO: [ app_begin ] --END-- [ RunTime:0.000628s ]
SQL: SHOW COLUMNS FROM `db_course` [ RunTime:0.0069s ]
SQL: SELECT * FROM `db_course` WHERE ( classifyId=1 )  [ RunTime:0.0003s ]

[ 2017-05-19T23:22:20+08:00 ] ::1 /eduWeb/API/index.php?m=course&c=course&a=getcourses&classifyId=3
INFO: [ app_init ] --START--
INFO: Run Behavior\BuildLiteBehavior [ RunTime:0.000011s ]
INFO: [ app_init ] --END-- [ RunTime:0.000308s ]
INFO: [ app_begin ] --START--
INFO: Run Behavior\ReadHtmlCacheBehavior [ RunTime:0.000599s ]
INFO: [ app_begin ] --END-- [ RunTime:0.000634s ]
SQL: SHOW COLUMNS FROM `db_course` [ RunTime:0.0040s ]
SQL: SELECT * FROM `db_course` WHERE ( classifyId=3 )  [ RunTime:0.0003s ]

[ 2017-05-19T23:22:21+08:00 ] ::1 /eduWeb/API/index.php?m=course&c=course&a=getcourses&classifyId=3
INFO: [ app_init ] --START--
INFO: Run Behavior\BuildLiteBehavior [ RunTime:0.000011s ]
INFO: [ app_init ] --END-- [ RunTime:0.000313s ]
INFO: [ app_begin ] --START--
INFO: Run Behavior\ReadHtmlCacheBehavior [ RunTime:0.000603s ]
INFO: [ app_begin ] --END-- [ RunTime:0.000638s ]
SQL: SHOW COLUMNS FROM `db_course` [ RunTime:0.0068s ]
SQL: SELECT * FROM `db_course` WHERE ( classifyId=3 )  [ RunTime:0.0003s ]

[ 2017-05-19T23:22:21+08:00 ] ::1 /eduWeb/API/index.php?m=course&c=course&a=getcourses&classifyId=4
INFO: [ app_init ] --START--
INFO: Run Behavior\BuildLiteBehavior [ RunTime:0.000011s ]
INFO: [ app_init ] --END-- [ RunTime:0.000308s ]
INFO: [ app_begin ] --START--
INFO: Run Behavior\ReadHtmlCacheBehavior [ RunTime:0.000604s ]
INFO: [ app_begin ] --END-- [ RunTime:0.000641s ]
SQL: SHOW COLUMNS FROM `db_course` [ RunTime:0.0070s ]
SQL: SELECT * FROM `db_course` WHERE ( classifyId=4 )  [ RunTime:0.0003s ]

[ 2017-05-19T23:22:22+08:00 ] ::1 /eduWeb/API/index.php?m=course&c=course&a=getcourses&classifyId=1
INFO: [ app_init ] --START--
INFO: Run Behavior\BuildLiteBehavior [ RunTime:0.000012s ]
INFO: [ app_init ] --END-- [ RunTime:0.000309s ]
INFO: [ app_begin ] --START--
INFO: Run Behavior\ReadHtmlCacheBehavior [ RunTime:0.000600s ]
INFO: [ app_begin ] --END-- [ RunTime:0.000634s ]
SQL: SHOW COLUMNS FROM `db_course` [ RunTime:0.0065s ]
SQL: SELECT * FROM `db_course` WHERE ( classifyId=1 )  [ RunTime:0.0002s ]

[ 2017-05-19T23:22:22+08:00 ] ::1 /eduWeb/API/index.php?m=course&c=course&a=getcourses&classifyId=2
INFO: [ app_init ] --START--
INFO: Run Behavior\BuildLiteBehavior [ RunTime:0.000011s ]
INFO: [ app_init ] --END-- [ RunTime:0.000304s ]
INFO: [ app_begin ] --START--
INFO: Run Behavior\ReadHtmlCacheBehavior [ RunTime:0.000593s ]
INFO: [ app_begin ] --END-- [ RunTime:0.000628s ]
SQL: SHOW COLUMNS FROM `db_course` [ RunTime:0.0069s ]
SQL: SELECT * FROM `db_course` WHERE ( classifyId=2 )  [ RunTime:0.0003s ]

[ 2017-05-19T23:22:22+08:00 ] ::1 /eduWeb/API/index.php?m=course&c=course&a=getcourses&classifyId=2
INFO: [ app_init ] --START--
INFO: Run Behavior\BuildLiteBehavior [ RunTime:0.000011s ]
INFO: [ app_init ] --END-- [ RunTime:0.000304s ]
INFO: [ app_begin ] --START--
INFO: Run Behavior\ReadHtmlCacheBehavior [ RunTime:0.000606s ]
INFO: [ app_begin ] --END-- [ RunTime:0.000642s ]
SQL: SHOW COLUMNS FROM `db_course` [ RunTime:0.0066s ]
SQL: SELECT * FROM `db_course` WHERE ( classifyId=2 )  [ RunTime:0.0002s ]

[ 2017-05-19T23:22:22+08:00 ] ::1 /eduWeb/API/index.php?m=course&c=course&a=getcourses&classifyId=1
INFO: [ app_init ] --START--
INFO: Run Behavior\BuildLiteBehavior [ RunTime:0.000017s ]
INFO: [ app_init ] --END-- [ RunTime:0.000517s ]
INFO: [ app_begin ] --START--
INFO: Run Behavior\ReadHtmlCacheBehavior [ RunTime:0.000618s ]
INFO: [ app_begin ] --END-- [ RunTime:0.000660s ]
SQL: SHOW COLUMNS FROM `db_course` [ RunTime:0.0067s ]
SQL: SELECT * FROM `db_course` WHERE ( classifyId=1 )  [ RunTime:0.0003s ]

[ 2017-05-19T23:22:23+08:00 ] ::1 /eduWeb/API/index.php?m=course&c=course&a=getcourses&classifyId=4
INFO: [ app_init ] --START--
INFO: Run Behavior\BuildLiteBehavior [ RunTime:0.000012s ]
INFO: [ app_init ] --END-- [ RunTime:0.000323s ]
INFO: [ app_begin ] --START--
INFO: Run Behavior\ReadHtmlCacheBehavior [ RunTime:0.000644s ]
INFO: [ app_begin ] --END-- [ RunTime:0.000681s ]
SQL: SHOW COLUMNS FROM `db_course` [ RunTime:0.0068s ]
SQL: SELECT * FROM `db_course` WHERE ( classifyId=4 )  [ RunTime:0.0003s ]

[ 2017-05-19T23:22:24+08:00 ] ::1 /eduWeb/API/index.php?m=course&c=course&a=getcourses&classifyId=0
INFO: [ app_init ] --START--
INFO: Run Behavior\BuildLiteBehavior [ RunTime:0.000011s ]
INFO: [ app_init ] --END-- [ RunTime:0.000302s ]
INFO: [ app_begin ] --START--
INFO: Run Behavior\ReadHtmlCacheBehavior [ RunTime:0.000600s ]
INFO: [ app_begin ] --END-- [ RunTime:0.000634s ]
SQL: SHOW COLUMNS FROM `db_course` [ RunTime:0.0068s ]
SQL: SELECT * FROM `db_course`  [ RunTime:0.0003s ]

[ 2017-05-19T23:22:25+08:00 ] ::1 /eduWeb/API/index.php?m=course&c=course&a=getcourses&classifyId=2
INFO: [ app_init ] --START--
INFO: Run Behavior\BuildLiteBehavior [ RunTime:0.000017s ]
INFO: [ app_init ] --END-- [ RunTime:0.000472s ]
INFO: [ app_begin ] --START--
INFO: Run Behavior\ReadHtmlCacheBehavior [ RunTime:0.001024s ]
INFO: [ app_begin ] --END-- [ RunTime:0.001104s ]
SQL: SHOW COLUMNS FROM `db_course` [ RunTime:0.0033s ]
SQL: SELECT * FROM `db_course` WHERE ( classifyId=2 )  [ RunTime:0.0003s ]

[ 2017-05-19T23:22:26+08:00 ] ::1 /eduWeb/API/index.php?m=course&c=course&a=getcourses&classifyId=1
INFO: [ app_init ] --START--
INFO: Run Behavior\BuildLiteBehavior [ RunTime:0.000013s ]
INFO: [ app_init ] --END-- [ RunTime:0.000383s ]
INFO: [ app_begin ] --START--
INFO: Run Behavior\ReadHtmlCacheBehavior [ RunTime:0.000679s ]
INFO: [ app_begin ] --END-- [ RunTime:0.000718s ]
SQL: SHOW COLUMNS FROM `db_course` [ RunTime:0.0068s ]
SQL: SELECT * FROM `db_course` WHERE ( classifyId=1 )  [ RunTime:0.0003s ]

[ 2017-05-19T23:22:26+08:00 ] ::1 /eduWeb/API/index.php?m=course&c=course&a=getcourses&classifyId=3
INFO: [ app_init ] --START--
INFO: Run Behavior\BuildLiteBehavior [ RunTime:0.000011s ]
INFO: [ app_init ] --END-- [ RunTime:0.000307s ]
INFO: [ app_begin ] --START--
INFO: Run Behavior\ReadHtmlCacheBehavior [ RunTime:0.000754s ]
INFO: [ app_begin ] --END-- [ RunTime:0.000810s ]
SQL: SHOW COLUMNS FROM `db_course` [ RunTime:0.0068s ]
SQL: SELECT * FROM `db_course` WHERE ( classifyId=3 )  [ RunTime:0.0003s ]

[ 2017-05-19T23:22:27+08:00 ] ::1 /eduWeb/API/index.php?m=course&c=course&a=getcourses&classifyId=1
INFO: [ app_init ] --START--
INFO: Run Behavior\BuildLiteBehavior [ RunTime:0.000011s ]
INFO: [ app_init ] --END-- [ RunTime:0.000304s ]
INFO: [ app_begin ] --START--
INFO: Run Behavior\ReadHtmlCacheBehavior [ RunTime:0.000613s ]
INFO: [ app_begin ] --END-- [ RunTime:0.000646s ]
SQL: SHOW COLUMNS FROM `db_course` [ RunTime:0.0071s ]
SQL: SELECT * FROM `db_course` WHERE ( classifyId=1 )  [ RunTime:0.0003s ]

[ 2017-05-19T23:22:28+08:00 ] ::1 /eduWeb/API/index.php?m=course&c=course&a=getcourses&classifyId=2
INFO: [ app_init ] --START--
INFO: Run Behavior\BuildLiteBehavior [ RunTime:0.000010s ]
INFO: [ app_init ] --END-- [ RunTime:0.000308s ]
INFO: [ app_begin ] --START--
INFO: Run Behavior\ReadHtmlCacheBehavior [ RunTime:0.000595s ]
INFO: [ app_begin ] --END-- [ RunTime:0.000629s ]
SQL: SHOW COLUMNS FROM `db_course` [ RunTime:0.0071s ]
SQL: SELECT * FROM `db_course` WHERE ( classifyId=2 )  [ RunTime:0.0003s ]

[ 2017-05-19T23:22:28+08:00 ] ::1 /eduWeb/API/index.php?m=course&c=course&a=getcourses&classifyId=0
INFO: [ app_init ] --START--
INFO: Run Behavior\BuildLiteBehavior [ RunTime:0.000010s ]
INFO: [ app_init ] --END-- [ RunTime:0.000311s ]
INFO: [ app_begin ] --START--
INFO: Run Behavior\ReadHtmlCacheBehavior [ RunTime:0.000600s ]
INFO: [ app_begin ] --END-- [ RunTime:0.000635s ]
SQL: SHOW COLUMNS FROM `db_course` [ RunTime:0.0030s ]
SQL: SELECT * FROM `db_course`  [ RunTime:0.0002s ]

