[ 2017-05-23T00:34:15+08:00 ] ::1 /eduWeb/API/index.php?m=course&c=Classify&a=getAllClassify
INFO: [ app_init ] --START--
INFO: Run Behavior\BuildLiteBehavior [ RunTime:0.000018s ]
INFO: [ app_init ] --END-- [ RunTime:0.000394s ]
INFO: [ app_begin ] --START--
INFO: Run Behavior\ReadHtmlCacheBehavior [ RunTime:0.000479s ]
INFO: [ app_begin ] --END-- [ RunTime:0.000526s ]
SQL: SHOW COLUMNS FROM `db_courseclassify` [ RunTime:0.0077s ]
SQL: SELECT * FROM `db_courseclassify`  [ RunTime:0.0003s ]

[ 2017-05-23T00:34:15+08:00 ] ::1 /eduWeb/API/index.php?m=course&c=course&a=getcourses&classifyId=0
INFO: [ app_init ] --START--
INFO: Run Behavior\BuildLiteBehavior [ RunTime:0.000013s ]
INFO: [ app_init ] --END-- [ RunTime:0.000307s ]
INFO: [ app_begin ] --START--
INFO: Run Behavior\ReadHtmlCacheBehavior [ RunTime:0.000409s ]
INFO: [ app_begin ] --END-- [ RunTime:0.000443s ]
SQL: SHOW COLUMNS FROM `db_course` [ RunTime:0.0037s ]
SQL: SELECT * FROM `db_course`  [ RunTime:0.0003s ]

[ 2017-05-23T00:34:15+08:00 ] ::1 /eduWeb/API/index.php?m=course&c=Classify&a=getAllClassify
INFO: [ app_init ] --START--
INFO: Run Behavior\BuildLiteBehavior [ RunTime:0.000011s ]
INFO: [ app_init ] --END-- [ RunTime:0.000285s ]
INFO: [ app_begin ] --START--
INFO: Run Behavior\ReadHtmlCacheBehavior [ RunTime:0.000405s ]
INFO: [ app_begin ] --END-- [ RunTime:0.000441s ]
SQL: SHOW COLUMNS FROM `db_courseclassify` [ RunTime:0.0071s ]
SQL: SELECT * FROM `db_courseclassify`  [ RunTime:0.0003s ]

[ 2017-05-23T00:34:15+08:00 ] ::1 /eduWeb/API/index.php?m=course&c=course&a=getcourses&classifyId=0
INFO: [ app_init ] --START--
INFO: Run Behavior\BuildLiteBehavior [ RunTime:0.000012s ]
INFO: [ app_init ] --END-- [ RunTime:0.000314s ]
INFO: [ app_begin ] --START--
INFO: Run Behavior\ReadHtmlCacheBehavior [ RunTime:0.000543s ]
INFO: [ app_begin ] --END-- [ RunTime:0.000601s ]
SQL: SHOW COLUMNS FROM `db_course` [ RunTime:0.0037s ]
SQL: SELECT * FROM `db_course`  [ RunTime:0.0003s ]

[ 2017-05-23T00:51:28+08:00 ] ::1 /eduWeb/API/index.php?m=course&c=course&a=getcourses&classifyId=0
INFO: [ app_init ] --START--
INFO: Run Behavior\BuildLiteBehavior [ RunTime:0.000013s ]
INFO: [ app_init ] --END-- [ RunTime:0.000399s ]
INFO: [ app_begin ] --START--
INFO: Run Behavior\ReadHtmlCacheBehavior [ RunTime:0.000697s ]
INFO: [ app_begin ] --END-- [ RunTime:0.000759s ]
SQL: SHOW COLUMNS FROM `db_course` [ RunTime:0.0081s ]
SQL: SELECT * FROM `db_course`  [ RunTime:0.0003s ]

[ 2017-05-23T00:51:36+08:00 ] ::1 /eduWeb/API/index.php?m=course&c=course&a=getcourses&classifyId=0
INFO: [ app_init ] --START--
INFO: Run Behavior\BuildLiteBehavior [ RunTime:0.000016s ]
INFO: [ app_init ] --END-- [ RunTime:0.000416s ]
INFO: [ app_begin ] --START--
INFO: Run Behavior\ReadHtmlCacheBehavior [ RunTime:0.001127s ]
INFO: [ app_begin ] --END-- [ RunTime:0.001186s ]
SQL: SHOW COLUMNS FROM `db_course` [ RunTime:0.0051s ]
SQL: SELECT * FROM `db_course`  [ RunTime:0.0003s ]

[ 2017-05-23T00:51:40+08:00 ] ::1 /eduWeb/API/index.php?m=course&c=Classify&a=getAllClassify
INFO: [ app_init ] --START--
INFO: Run Behavior\BuildLiteBehavior [ RunTime:0.000014s ]
INFO: [ app_init ] --END-- [ RunTime:0.000435s ]
INFO: [ app_begin ] --START--
INFO: Run Behavior\ReadHtmlCacheBehavior [ RunTime:0.000726s ]
INFO: [ app_begin ] --END-- [ RunTime:0.000767s ]
SQL: SHOW COLUMNS FROM `db_courseclassify` [ RunTime:0.0072s ]
SQL: SELECT * FROM `db_courseclassify`  [ RunTime:0.0003s ]

[ 2017-05-23T00:51:40+08:00 ] ::1 /eduWeb/API/index.php?m=course&c=course&a=getcourses&classifyId=0
INFO: [ app_init ] --START--
INFO: Run Behavior\BuildLiteBehavior [ RunTime:0.000018s ]
INFO: [ app_init ] --END-- [ RunTime:0.000481s ]
INFO: [ app_begin ] --START--
INFO: Run Behavior\ReadHtmlCacheBehavior [ RunTime:0.000980s ]
INFO: [ app_begin ] --END-- [ RunTime:0.001043s ]
SQL: SHOW COLUMNS FROM `db_course` [ RunTime:0.0042s ]
SQL: SELECT * FROM `db_course`  [ RunTime:0.0002s ]

[ 2017-05-23T00:51:41+08:00 ] ::1 /eduWeb/API/index.php?m=course&c=Classify&a=getAllClassify
INFO: [ app_init ] --START--
INFO: Run Behavior\BuildLiteBehavior [ RunTime:0.000010s ]
INFO: [ app_init ] --END-- [ RunTime:0.000324s ]
INFO: [ app_begin ] --START--
INFO: Run Behavior\ReadHtmlCacheBehavior [ RunTime:0.001012s ]
INFO: [ app_begin ] --END-- [ RunTime:0.001054s ]
SQL: SHOW COLUMNS FROM `db_courseclassify` [ RunTime:0.0073s ]
SQL: SELECT * FROM `db_courseclassify`  [ RunTime:0.0002s ]

[ 2017-05-23T00:51:41+08:00 ] ::1 /eduWeb/API/index.php?m=course&c=course&a=getcourses&classifyId=0
INFO: [ app_init ] --START--
INFO: Run Behavior\BuildLiteBehavior [ RunTime:0.000012s ]
INFO: [ app_init ] --END-- [ RunTime:0.000311s ]
INFO: [ app_begin ] --START--
INFO: Run Behavior\ReadHtmlCacheBehavior [ RunTime:0.000614s ]
INFO: [ app_begin ] --END-- [ RunTime:0.000650s ]
SQL: SHOW COLUMNS FROM `db_course` [ RunTime:0.0036s ]
SQL: SELECT * FROM `db_course`  [ RunTime:0.0002s ]

[ 2017-05-23T00:51:41+08:00 ] ::1 /eduWeb/API/index.php?m=course&c=course&a=getcourses&classifyId=0
INFO: [ app_init ] --START--
INFO: Run Behavior\BuildLiteBehavior [ RunTime:0.000018s ]
INFO: [ app_init ] --END-- [ RunTime:0.000530s ]
INFO: [ app_begin ] --START--
INFO: Run Behavior\ReadHtmlCacheBehavior [ RunTime:0.000977s ]
INFO: [ app_begin ] --END-- [ RunTime:0.001064s ]
SQL: SHOW COLUMNS FROM `db_course` [ RunTime:0.0081s ]
SQL: SELECT * FROM `db_course`  [ RunTime:0.0002s ]

[ 2017-05-23T00:51:42+08:00 ] ::1 /eduWeb/API/index.php?m=course&c=Classify&a=getAllClassify
INFO: [ app_init ] --START--
INFO: Run Behavior\BuildLiteBehavior [ RunTime:0.000010s ]
INFO: [ app_init ] --END-- [ RunTime:0.000310s ]
INFO: [ app_begin ] --START--
INFO: Run Behavior\ReadHtmlCacheBehavior [ RunTime:0.000997s ]
INFO: [ app_begin ] --END-- [ RunTime:0.001054s ]
SQL: SHOW COLUMNS FROM `db_courseclassify` [ RunTime:0.0070s ]
SQL: SELECT * FROM `db_courseclassify`  [ RunTime:0.0002s ]

[ 2017-05-23T00:51:42+08:00 ] ::1 /eduWeb/API/index.php?m=course&c=course&a=getcourses&classifyId=0
INFO: [ app_init ] --START--
INFO: Run Behavior\BuildLiteBehavior [ RunTime:0.000011s ]
INFO: [ app_init ] --END-- [ RunTime:0.000301s ]
INFO: [ app_begin ] --START--
INFO: Run Behavior\ReadHtmlCacheBehavior [ RunTime:0.000951s ]
INFO: [ app_begin ] --END-- [ RunTime:0.001017s ]
SQL: SHOW COLUMNS FROM `db_course` [ RunTime:0.0034s ]
SQL: SELECT * FROM `db_course`  [ RunTime:0.0002s ]

[ 2017-05-23T00:51:42+08:00 ] ::1 /eduWeb/API/index.php?m=course&c=course&a=getcourses&classifyId=0
INFO: [ app_init ] --START--
INFO: Run Behavior\BuildLiteBehavior [ RunTime:0.000012s ]
INFO: [ app_init ] --END-- [ RunTime:0.000338s ]
INFO: [ app_begin ] --START--
INFO: Run Behavior\ReadHtmlCacheBehavior [ RunTime:0.001042s ]
INFO: [ app_begin ] --END-- [ RunTime:0.001145s ]
SQL: SHOW COLUMNS FROM `db_course` [ RunTime:0.0080s ]
SQL: SELECT * FROM `db_course`  [ RunTime:0.0002s ]

[ 2017-05-23T00:52:30+08:00 ] ::1 /eduWeb/API/index.php?m=course&c=course&a=getcourses&classifyId=0
INFO: [ app_init ] --START--
INFO: Run Behavior\BuildLiteBehavior [ RunTime:0.000017s ]
INFO: [ app_init ] --END-- [ RunTime:0.000622s ]
INFO: [ app_begin ] --START--
INFO: Run Behavior\ReadHtmlCacheBehavior [ RunTime:0.000991s ]
INFO: [ app_begin ] --END-- [ RunTime:0.001056s ]
SQL: SHOW COLUMNS FROM `db_course` [ RunTime:0.0079s ]
SQL: SELECT * FROM `db_course`  [ RunTime:0.0004s ]

[ 2017-05-23T00:52:47+08:00 ] ::1 /eduWeb/API/index.php?m=course&c=course&a=getcourses&classifyId=0
INFO: [ app_init ] --START--
INFO: Run Behavior\BuildLiteBehavior [ RunTime:0.000018s ]
INFO: [ app_init ] --END-- [ RunTime:0.000526s ]
INFO: [ app_begin ] --START--
INFO: Run Behavior\ReadHtmlCacheBehavior [ RunTime:0.000982s ]
INFO: [ app_begin ] --END-- [ RunTime:0.001045s ]
SQL: SHOW COLUMNS FROM `db_course` [ RunTime:0.0085s ]
SQL: SELECT * FROM `db_course`  [ RunTime:0.0003s ]

[ 2017-05-23T00:52:56+08:00 ] ::1 /eduWeb/API/index.php?m=course&c=course&a=getcourses&classifyId=0
INFO: [ app_init ] --START--
INFO: Run Behavior\BuildLiteBehavior [ RunTime:0.000018s ]
INFO: [ app_init ] --END-- [ RunTime:0.000537s ]
INFO: [ app_begin ] --START--
INFO: Run Behavior\ReadHtmlCacheBehavior [ RunTime:0.000688s ]
INFO: [ app_begin ] --END-- [ RunTime:0.000742s ]
SQL: SHOW COLUMNS FROM `db_course` [ RunTime:0.0085s ]
SQL: SELECT * FROM `db_course`  [ RunTime:0.0003s ]

[ 2017-05-23T00:52:57+08:00 ] ::1 /eduWeb/API/index.php?m=course&c=course&a=getcourses&classifyId=0
INFO: [ app_init ] --START--
INFO: Run Behavior\BuildLiteBehavior [ RunTime:0.000016s ]
INFO: [ app_init ] --END-- [ RunTime:0.000396s ]
INFO: [ app_begin ] --START--
INFO: Run Behavior\ReadHtmlCacheBehavior [ RunTime:0.000619s ]
INFO: [ app_begin ] --END-- [ RunTime:0.000684s ]
SQL: SHOW COLUMNS FROM `db_course` [ RunTime:0.0082s ]
SQL: SELECT * FROM `db_course`  [ RunTime:0.0003s ]

[ 2017-05-23T00:53:07+08:00 ] ::1 /eduWeb/API/index.php?m=course&c=course&a=getcourses&classifyId=0
INFO: [ app_init ] --START--
INFO: Run Behavior\BuildLiteBehavior [ RunTime:0.000017s ]
INFO: [ app_init ] --END-- [ RunTime:0.000401s ]
INFO: [ app_begin ] --START--
INFO: Run Behavior\ReadHtmlCacheBehavior [ RunTime:0.000766s ]
INFO: [ app_begin ] --END-- [ RunTime:0.000827s ]
SQL: SHOW COLUMNS FROM `db_course` [ RunTime:0.0073s ]
SQL: SELECT * FROM `db_course`  [ RunTime:0.0002s ]

[ 2017-05-23T00:57:53+08:00 ] ::1 /eduWeb/API/index.php?m=course&c=course&a=getcourses&classifyId=0
INFO: [ app_init ] --START--
INFO: Run Behavior\BuildLiteBehavior [ RunTime:0.000013s ]
INFO: [ app_init ] --END-- [ RunTime:0.000388s ]
INFO: [ app_begin ] --START--
INFO: Run Behavior\ReadHtmlCacheBehavior [ RunTime:0.000982s ]
INFO: [ app_begin ] --END-- [ RunTime:0.001038s ]
SQL: SHOW COLUMNS FROM `db_course` [ RunTime:0.0075s ]
SQL: SELECT * FROM `db_course`  [ RunTime:0.0003s ]

[ 2017-05-23T00:58:02+08:00 ] ::1 /eduWeb/API/index.php?m=course&c=course&a=getcourses&classifyId=0
INFO: [ app_init ] --START--
INFO: Run Behavior\BuildLiteBehavior [ RunTime:0.000017s ]
INFO: [ app_init ] --END-- [ RunTime:0.000642s ]
INFO: [ app_begin ] --START--
INFO: Run Behavior\ReadHtmlCacheBehavior [ RunTime:0.000903s ]
INFO: [ app_begin ] --END-- [ RunTime:0.000957s ]
SQL: SHOW COLUMNS FROM `db_course` [ RunTime:0.0075s ]
SQL: SELECT * FROM `db_course`  [ RunTime:0.0002s ]

[ 2017-05-23T00:58:02+08:00 ] ::1 /eduWeb/API/index.php?m=course&c=Classify&a=getAllClassify
INFO: [ app_init ] --START--
INFO: Run Behavior\BuildLiteBehavior [ RunTime:0.000012s ]
INFO: [ app_init ] --END-- [ RunTime:0.000315s ]
INFO: [ app_begin ] --START--
INFO: Run Behavior\ReadHtmlCacheBehavior [ RunTime:0.000649s ]
INFO: [ app_begin ] --END-- [ RunTime:0.000686s ]
SQL: SHOW COLUMNS FROM `db_courseclassify` [ RunTime:0.0072s ]
SQL: SELECT * FROM `db_courseclassify`  [ RunTime:0.0002s ]

[ 2017-05-23T00:58:02+08:00 ] ::1 /eduWeb/API/index.php?m=course&c=course&a=getcourses&classifyId=0
INFO: [ app_init ] --START--
INFO: Run Behavior\BuildLiteBehavior [ RunTime:0.000011s ]
INFO: [ app_init ] --END-- [ RunTime:0.000311s ]
INFO: [ app_begin ] --START--
INFO: Run Behavior\ReadHtmlCacheBehavior [ RunTime:0.000622s ]
INFO: [ app_begin ] --END-- [ RunTime:0.000657s ]
SQL: SHOW COLUMNS FROM `db_course` [ RunTime:0.0045s ]
SQL: SELECT * FROM `db_course`  [ RunTime:0.0003s ]

[ 2017-05-23T00:58:03+08:00 ] ::1 /eduWeb/API/index.php?m=course&c=course&a=getcourses&classifyId=0
INFO: [ app_init ] --START--
INFO: Run Behavior\BuildLiteBehavior [ RunTime:0.000019s ]
INFO: [ app_init ] --END-- [ RunTime:0.000421s ]
INFO: [ app_begin ] --START--
INFO: Run Behavior\ReadHtmlCacheBehavior [ RunTime:0.000666s ]
INFO: [ app_begin ] --END-- [ RunTime:0.000710s ]
SQL: SHOW COLUMNS FROM `db_course` [ RunTime:0.0073s ]
SQL: SELECT * FROM `db_course`  [ RunTime:0.0002s ]

[ 2017-05-23T00:59:14+08:00 ] ::1 /eduWeb/API/index.php?m=course&c=course&a=getcourses&classifyId=0
INFO: [ app_init ] --START--
INFO: Run Behavior\BuildLiteBehavior [ RunTime:0.000020s ]
INFO: [ app_init ] --END-- [ RunTime:0.000959s ]
INFO: [ app_begin ] --START--
INFO: Run Behavior\ReadHtmlCacheBehavior [ RunTime:0.001185s ]
INFO: [ app_begin ] --END-- [ RunTime:0.001256s ]
SQL: SHOW COLUMNS FROM `db_course` [ RunTime:0.0058s ]
SQL: SELECT * FROM `db_course`  [ RunTime:0.0003s ]

[ 2017-05-23T00:59:24+08:00 ] ::1 /eduWeb/API/index.php?m=course&c=course&a=getcourses&classifyId=0
INFO: [ app_init ] --START--
INFO: Run Behavior\BuildLiteBehavior [ RunTime:0.000012s ]
INFO: [ app_init ] --END-- [ RunTime:0.000356s ]
INFO: [ app_begin ] --START--
INFO: Run Behavior\ReadHtmlCacheBehavior [ RunTime:0.000657s ]
INFO: [ app_begin ] --END-- [ RunTime:0.000697s ]
SQL: SHOW COLUMNS FROM `db_course` [ RunTime:0.0037s ]
SQL: SELECT * FROM `db_course`  [ RunTime:0.0003s ]

[ 2017-05-23T00:59:32+08:00 ] ::1 /eduWeb/API/index.php?m=course&c=course&a=getcourses&classifyId=0
INFO: [ app_init ] --START--
INFO: Run Behavior\BuildLiteBehavior [ RunTime:0.000020s ]
INFO: [ app_init ] --END-- [ RunTime:0.000521s ]
INFO: [ app_begin ] --START--
INFO: Run Behavior\ReadHtmlCacheBehavior [ RunTime:0.000694s ]
INFO: [ app_begin ] --END-- [ RunTime:0.000744s ]
SQL: SHOW COLUMNS FROM `db_course` [ RunTime:0.0078s ]
SQL: SELECT * FROM `db_course`  [ RunTime:0.0002s ]

[ 2017-05-23T00:59:38+08:00 ] ::1 /eduWeb/API/index.php?m=course&c=course&a=getcourses&classifyId=0
INFO: [ app_init ] --START--
INFO: Run Behavior\BuildLiteBehavior [ RunTime:0.000018s ]
INFO: [ app_init ] --END-- [ RunTime:0.000529s ]
INFO: [ app_begin ] --START--
INFO: Run Behavior\ReadHtmlCacheBehavior [ RunTime:0.000985s ]
INFO: [ app_begin ] --END-- [ RunTime:0.001060s ]
SQL: SHOW COLUMNS FROM `db_course` [ RunTime:0.0077s ]
SQL: SELECT * FROM `db_course`  [ RunTime:0.0002s ]

[ 2017-05-23T00:59:42+08:00 ] ::1 /eduWeb/API/index.php?m=course&c=course&a=getcourses&classifyId=0
INFO: [ app_init ] --START--
INFO: Run Behavior\BuildLiteBehavior [ RunTime:0.000016s ]
INFO: [ app_init ] --END-- [ RunTime:0.000464s ]
INFO: [ app_begin ] --START--
INFO: Run Behavior\ReadHtmlCacheBehavior [ RunTime:0.001015s ]
INFO: [ app_begin ] --END-- [ RunTime:0.001095s ]
SQL: SHOW COLUMNS FROM `db_course` [ RunTime:0.0075s ]
SQL: SELECT * FROM `db_course`  [ RunTime:0.0003s ]

[ 2017-05-23T00:59:44+08:00 ] ::1 /eduWeb/API/index.php?m=course&c=course&a=getcourses&classifyId=0
INFO: [ app_init ] --START--
INFO: Run Behavior\BuildLiteBehavior [ RunTime:0.000025s ]
INFO: [ app_init ] --END-- [ RunTime:0.000469s ]
INFO: [ app_begin ] --START--
INFO: Run Behavior\ReadHtmlCacheBehavior [ RunTime:0.000978s ]
INFO: [ app_begin ] --END-- [ RunTime:0.001045s ]
SQL: SHOW COLUMNS FROM `db_course` [ RunTime:0.0074s ]
SQL: SELECT * FROM `db_course`  [ RunTime:0.0005s ]

[ 2017-05-23T01:04:22+08:00 ] ::1 /eduWeb/API/index.php?m=course&c=course&a=getCourse&id=4
INFO: [ app_init ] --START--
INFO: Run Behavior\BuildLiteBehavior [ RunTime:0.000011s ]
INFO: [ app_init ] --END-- [ RunTime:0.000313s ]
INFO: [ app_begin ] --START--
INFO: Run Behavior\ReadHtmlCacheBehavior [ RunTime:0.000639s ]
INFO: [ app_begin ] --END-- [ RunTime:0.000679s ]
SQL: SHOW COLUMNS FROM `db_course` [ RunTime:0.0075s ]
SQL: SELECT * FROM `db_course` WHERE ( authorId=4 )  [ RunTime:0.0003s ]

[ 2017-05-23T01:05:36+08:00 ] ::1 /eduWeb/API/index.php?m=course&c=course&a=getcourses&classifyId=0
INFO: [ app_init ] --START--
INFO: Run Behavior\BuildLiteBehavior [ RunTime:0.000017s ]
INFO: [ app_init ] --END-- [ RunTime:0.000599s ]
INFO: [ app_begin ] --START--
INFO: Run Behavior\ReadHtmlCacheBehavior [ RunTime:0.000699s ]
INFO: [ app_begin ] --END-- [ RunTime:0.000777s ]
SQL: SHOW COLUMNS FROM `db_course` [ RunTime:0.0088s ]
SQL: SELECT * FROM `db_course`  [ RunTime:0.0002s ]

[ 2017-05-23T01:08:40+08:00 ] ::1 /eduWeb/API/index.php?m=course&c=course&a=getCourse&id=4
INFO: [ app_init ] --START--
INFO: Run Behavior\BuildLiteBehavior [ RunTime:0.000011s ]
INFO: [ app_init ] --END-- [ RunTime:0.000308s ]
INFO: [ app_begin ] --START--
INFO: Run Behavior\ReadHtmlCacheBehavior [ RunTime:0.000668s ]
INFO: [ app_begin ] --END-- [ RunTime:0.000706s ]
SQL: SHOW COLUMNS FROM `db_course` [ RunTime:0.0076s ]
SQL: SELECT * FROM `db_course` WHERE ( authorId=4 )  [ RunTime:0.0003s ]

[ 2017-05-23T01:10:10+08:00 ] ::1 /eduWeb/API/index.php?m=course&c=course&a=getcourses&classifyId=0
INFO: [ app_init ] --START--
INFO: Run Behavior\BuildLiteBehavior [ RunTime:0.000020s ]
INFO: [ app_init ] --END-- [ RunTime:0.000514s ]
INFO: [ app_begin ] --START--
INFO: Run Behavior\ReadHtmlCacheBehavior [ RunTime:0.001061s ]
INFO: [ app_begin ] --END-- [ RunTime:0.001138s ]
SQL: SHOW COLUMNS FROM `db_course` [ RunTime:0.0080s ]
SQL: SELECT * FROM `db_course`  [ RunTime:0.0003s ]

[ 2017-05-23T01:10:10+08:00 ] ::1 /eduWeb/API/index.php?m=course&c=Classify&a=getAllClassify
INFO: [ app_init ] --START--
INFO: Run Behavior\BuildLiteBehavior [ RunTime:0.000011s ]
INFO: [ app_init ] --END-- [ RunTime:0.000354s ]
INFO: [ app_begin ] --START--
INFO: Run Behavior\ReadHtmlCacheBehavior [ RunTime:0.000870s ]
INFO: [ app_begin ] --END-- [ RunTime:0.000927s ]
SQL: SHOW COLUMNS FROM `db_courseclassify` [ RunTime:0.0076s ]
SQL: SELECT * FROM `db_courseclassify`  [ RunTime:0.0003s ]

[ 2017-05-23T01:10:10+08:00 ] ::1 /eduWeb/API/index.php?m=course&c=course&a=getcourses&classifyId=0
INFO: [ app_init ] --START--
INFO: Run Behavior\BuildLiteBehavior [ RunTime:0.000031s ]
INFO: [ app_init ] --END-- [ RunTime:0.000544s ]
INFO: [ app_begin ] --START--
INFO: Run Behavior\ReadHtmlCacheBehavior [ RunTime:0.000833s ]
INFO: [ app_begin ] --END-- [ RunTime:0.000886s ]
SQL: SHOW COLUMNS FROM `db_course` [ RunTime:0.0035s ]
SQL: SELECT * FROM `db_course`  [ RunTime:0.0002s ]

[ 2017-05-23T01:10:11+08:00 ] ::1 /eduWeb/API/index.php?m=course&c=Classify&a=getAllClassify
INFO: [ app_init ] --START--
INFO: Run Behavior\BuildLiteBehavior [ RunTime:0.000011s ]
INFO: [ app_init ] --END-- [ RunTime:0.000312s ]
INFO: [ app_begin ] --START--
INFO: Run Behavior\ReadHtmlCacheBehavior [ RunTime:0.000879s ]
INFO: [ app_begin ] --END-- [ RunTime:0.000929s ]
SQL: SHOW COLUMNS FROM `db_courseclassify` [ RunTime:0.0068s ]
SQL: SELECT * FROM `db_courseclassify`  [ RunTime:0.0002s ]

[ 2017-05-23T01:10:11+08:00 ] ::1 /eduWeb/API/index.php?m=course&c=course&a=getcourses&classifyId=0
INFO: [ app_init ] --START--
INFO: Run Behavior\BuildLiteBehavior [ RunTime:0.000012s ]
INFO: [ app_init ] --END-- [ RunTime:0.000336s ]
INFO: [ app_begin ] --START--
INFO: Run Behavior\ReadHtmlCacheBehavior [ RunTime:0.000626s ]
INFO: [ app_begin ] --END-- [ RunTime:0.000664s ]
SQL: SHOW COLUMNS FROM `db_course` [ RunTime:0.0039s ]
SQL: SELECT * FROM `db_course`  [ RunTime:0.0003s ]

[ 2017-05-23T01:10:11+08:00 ] ::1 /eduWeb/API/index.php?m=course&c=course&a=getcourses&classifyId=0
INFO: [ app_init ] --START--
INFO: Run Behavior\BuildLiteBehavior [ RunTime:0.000019s ]
INFO: [ app_init ] --END-- [ RunTime:0.000575s ]
INFO: [ app_begin ] --START--
INFO: Run Behavior\ReadHtmlCacheBehavior [ RunTime:0.001011s ]
INFO: [ app_begin ] --END-- [ RunTime:0.001088s ]
SQL: SHOW COLUMNS FROM `db_course` [ RunTime:0.0039s ]
SQL: SELECT * FROM `db_course`  [ RunTime:0.0002s ]

[ 2017-05-23T15:53:12+08:00 ] ::1 /eduWeb/API/index.php?m=course&c=course&a=getcourses&classifyId=0
INFO: [ app_init ] --START--
INFO: Run Behavior\BuildLiteBehavior [ RunTime:0.000019s ]
INFO: [ app_init ] --END-- [ RunTime:0.004077s ]
INFO: [ app_begin ] --START--
INFO: Run Behavior\ReadHtmlCacheBehavior [ RunTime:0.001204s ]
INFO: [ app_begin ] --END-- [ RunTime:0.001261s ]
SQL: SHOW COLUMNS FROM `db_course` [ RunTime:0.0049s ]
SQL: SELECT * FROM `db_course`  [ RunTime:0.0004s ]

[ 2017-05-23T15:54:34+08:00 ] ::1 /eduWeb/API/index.php?m=course&c=course&a=getcourses&classifyId=0
INFO: [ app_init ] --START--
INFO: Run Behavior\BuildLiteBehavior [ RunTime:0.000016s ]
INFO: [ app_init ] --END-- [ RunTime:0.000403s ]
INFO: [ app_begin ] --START--
INFO: Run Behavior\ReadHtmlCacheBehavior [ RunTime:0.000735s ]
INFO: [ app_begin ] --END-- [ RunTime:0.000828s ]
SQL: SHOW COLUMNS FROM `db_course` [ RunTime:0.0042s ]
SQL: SELECT * FROM `db_course`  [ RunTime:0.0005s ]

[ 2017-05-23T15:55:15+08:00 ] ::1 /eduWeb/API/index.php?m=course&c=course&a=getcourses&classifyId=0
INFO: [ app_init ] --START--
INFO: Run Behavior\BuildLiteBehavior [ RunTime:0.000025s ]
INFO: [ app_init ] --END-- [ RunTime:0.000485s ]
INFO: [ app_begin ] --START--
INFO: Run Behavior\ReadHtmlCacheBehavior [ RunTime:0.000795s ]
INFO: [ app_begin ] --END-- [ RunTime:0.000864s ]
SQL: SHOW COLUMNS FROM `db_course` [ RunTime:0.0055s ]
SQL: SELECT * FROM `db_course`  [ RunTime:0.0004s ]

[ 2017-05-23T15:55:18+08:00 ] ::1 /eduWeb/API/index.php?m=course&c=Classify&a=getAllClassify
INFO: [ app_init ] --START--
INFO: Run Behavior\BuildLiteBehavior [ RunTime:0.000014s ]
INFO: [ app_init ] --END-- [ RunTime:0.000381s ]
INFO: [ app_begin ] --START--
INFO: Run Behavior\ReadHtmlCacheBehavior [ RunTime:0.000574s ]
INFO: [ app_begin ] --END-- [ RunTime:0.000623s ]
SQL: SHOW COLUMNS FROM `db_courseclassify` [ RunTime:0.0057s ]
SQL: SELECT * FROM `db_courseclassify`  [ RunTime:0.0002s ]

[ 2017-05-23T15:55:18+08:00 ] ::1 /eduWeb/API/index.php?m=course&c=course&a=getcourses&classifyId=0
INFO: [ app_init ] --START--
INFO: Run Behavior\BuildLiteBehavior [ RunTime:0.000011s ]
INFO: [ app_init ] --END-- [ RunTime:0.000272s ]
INFO: [ app_begin ] --START--
INFO: Run Behavior\ReadHtmlCacheBehavior [ RunTime:0.000421s ]
INFO: [ app_begin ] --END-- [ RunTime:0.000456s ]
SQL: SHOW COLUMNS FROM `db_course` [ RunTime:0.0044s ]
SQL: SELECT * FROM `db_course`  [ RunTime:0.0003s ]

[ 2017-05-23T15:55:20+08:00 ] ::1 /eduWeb/API/index.php?m=course&c=course&a=getcourses&classifyId=2
INFO: [ app_init ] --START--
INFO: Run Behavior\BuildLiteBehavior [ RunTime:0.000011s ]
INFO: [ app_init ] --END-- [ RunTime:0.000283s ]
INFO: [ app_begin ] --START--
INFO: Run Behavior\ReadHtmlCacheBehavior [ RunTime:0.000559s ]
INFO: [ app_begin ] --END-- [ RunTime:0.000604s ]
SQL: SHOW COLUMNS FROM `db_course` [ RunTime:0.0032s ]
SQL: SELECT * FROM `db_course` WHERE ( classifyId=2 )  [ RunTime:0.0003s ]

[ 2017-05-23T15:55:21+08:00 ] ::1 /eduWeb/API/index.php?m=course&c=course&a=getcourses&classifyId=1
INFO: [ app_init ] --START--
INFO: Run Behavior\BuildLiteBehavior [ RunTime:0.000011s ]
INFO: [ app_init ] --END-- [ RunTime:0.000286s ]
INFO: [ app_begin ] --START--
INFO: Run Behavior\ReadHtmlCacheBehavior [ RunTime:0.000478s ]
INFO: [ app_begin ] --END-- [ RunTime:0.000519s ]
SQL: SHOW COLUMNS FROM `db_course` [ RunTime:0.0061s ]
SQL: SELECT * FROM `db_course` WHERE ( classifyId=1 )  [ RunTime:0.0003s ]

[ 2017-05-23T15:55:22+08:00 ] ::1 /eduWeb/API/index.php?m=course&c=course&a=getcourses&classifyId=3
INFO: [ app_init ] --START--
INFO: Run Behavior\BuildLiteBehavior [ RunTime:0.000015s ]
INFO: [ app_init ] --END-- [ RunTime:0.000362s ]
INFO: [ app_begin ] --START--
INFO: Run Behavior\ReadHtmlCacheBehavior [ RunTime:0.000412s ]
INFO: [ app_begin ] --END-- [ RunTime:0.000448s ]
SQL: SHOW COLUMNS FROM `db_course` [ RunTime:0.0074s ]
SQL: SELECT * FROM `db_course` WHERE ( classifyId=3 )  [ RunTime:0.0002s ]

[ 2017-05-23T15:55:22+08:00 ] ::1 /eduWeb/API/index.php?m=course&c=course&a=getcourses&classifyId=27
INFO: [ app_init ] --START--
INFO: Run Behavior\BuildLiteBehavior [ RunTime:0.000011s ]
INFO: [ app_init ] --END-- [ RunTime:0.000272s ]
INFO: [ app_begin ] --START--
INFO: Run Behavior\ReadHtmlCacheBehavior [ RunTime:0.000416s ]
INFO: [ app_begin ] --END-- [ RunTime:0.000450s ]
SQL: SHOW COLUMNS FROM `db_course` [ RunTime:0.0037s ]
SQL: SELECT * FROM `db_course` WHERE ( classifyId=27 )  [ RunTime:0.0002s ]

[ 2017-05-23T15:55:24+08:00 ] ::1 /eduWeb/API/index.php?m=course&c=course&a=getcourses&classifyId=0
INFO: [ app_init ] --START--
INFO: Run Behavior\BuildLiteBehavior [ RunTime:0.000012s ]
INFO: [ app_init ] --END-- [ RunTime:0.000279s ]
INFO: [ app_begin ] --START--
INFO: Run Behavior\ReadHtmlCacheBehavior [ RunTime:0.000410s ]
INFO: [ app_begin ] --END-- [ RunTime:0.000444s ]
SQL: SHOW COLUMNS FROM `db_course` [ RunTime:0.0028s ]
SQL: SELECT * FROM `db_course`  [ RunTime:0.0002s ]

[ 2017-05-23T15:55:26+08:00 ] ::1 /eduWeb/API/index.php?m=course&c=course&a=getCourseInfo&id=10
INFO: [ app_init ] --START--
INFO: Run Behavior\BuildLiteBehavior [ RunTime:0.000018s ]
INFO: [ app_init ] --END-- [ RunTime:0.000517s ]
INFO: [ app_begin ] --START--
INFO: Run Behavior\ReadHtmlCacheBehavior [ RunTime:0.000674s ]
INFO: [ app_begin ] --END-- [ RunTime:0.000722s ]
SQL: SHOW COLUMNS FROM `db_course` [ RunTime:0.0033s ]
SQL: SELECT * FROM `db_course` WHERE ( courseId=10 ) LIMIT 1   [ RunTime:0.0004s ]

[ 2017-05-23T15:55:26+08:00 ] ::1 /eduWeb/API/index.php?m=course&c=classify&a=getClassifyById&classifyId=1
INFO: [ app_init ] --START--
INFO: Run Behavior\BuildLiteBehavior [ RunTime:0.000018s ]
INFO: [ app_init ] --END-- [ RunTime:0.000409s ]
INFO: [ app_begin ] --START--
INFO: Run Behavior\ReadHtmlCacheBehavior [ RunTime:0.000571s ]
INFO: [ app_begin ] --END-- [ RunTime:0.000622s ]
SQL: SHOW COLUMNS FROM `db_courseclassify` [ RunTime:0.0028s ]
SQL: SELECT * FROM `db_courseclassify` WHERE ( objectId=1 ) LIMIT 1   [ RunTime:0.0002s ]

[ 2017-05-23T15:55:30+08:00 ] ::1 /eduWeb/API/index.php?m=course&c=course&a=getCourseContent&id=10&action=course
INFO: [ app_init ] --START--
INFO: Run Behavior\BuildLiteBehavior [ RunTime:0.000021s ]
INFO: [ app_init ] --END-- [ RunTime:0.000763s ]
INFO: [ app_begin ] --START--
INFO: Run Behavior\ReadHtmlCacheBehavior [ RunTime:0.000954s ]
INFO: [ app_begin ] --END-- [ RunTime:0.001021s ]
SQL: SHOW COLUMNS FROM `db_course` [ RunTime:0.0041s ]
SQL: SELECT * FROM `db_course` WHERE ( courseId=10 )  [ RunTime:0.0004s ]
SQL: UPDATE `db_course` SET `courseNumber`=courseNumber+1 WHERE ( courseId=10 ) [ RunTime:0.0006s ]

[ 2017-05-23T15:55:54+08:00 ] ::1 /eduWeb/API/index.php?m=course&c=course&a=getCourseContent&id=10&action=course
INFO: [ app_init ] --START--
INFO: Run Behavior\BuildLiteBehavior [ RunTime:0.000016s ]
INFO: [ app_init ] --END-- [ RunTime:0.000394s ]
INFO: [ app_begin ] --START--
INFO: Run Behavior\ReadHtmlCacheBehavior [ RunTime:0.000622s ]
INFO: [ app_begin ] --END-- [ RunTime:0.000765s ]
SQL: SHOW COLUMNS FROM `db_course` [ RunTime:0.0035s ]
SQL: SELECT * FROM `db_course` WHERE ( courseId=10 )  [ RunTime:0.0003s ]
SQL: UPDATE `db_course` SET `courseNumber`=courseNumber+1 WHERE ( courseId=10 ) [ RunTime:0.0002s ]

[ 2017-05-23T15:58:19+08:00 ] ::1 /eduWeb/API/index.php?m=course&c=Classify&a=getAllClassify
INFO: [ app_init ] --START--
INFO: Run Behavior\BuildLiteBehavior [ RunTime:0.000016s ]
INFO: [ app_init ] --END-- [ RunTime:0.000442s ]
INFO: [ app_begin ] --START--
INFO: Run Behavior\ReadHtmlCacheBehavior [ RunTime:0.001028s ]
INFO: [ app_begin ] --END-- [ RunTime:0.001157s ]
SQL: SHOW COLUMNS FROM `db_courseclassify` [ RunTime:0.0031s ]
SQL: SELECT * FROM `db_courseclassify`  [ RunTime:0.0002s ]

[ 2017-05-23T15:58:48+08:00 ] ::1 /eduWeb/API/index.php?m=course&c=course&a=getcourses&classifyId=0
INFO: [ app_init ] --START--
INFO: Run Behavior\BuildLiteBehavior [ RunTime:0.000031s ]
INFO: [ app_init ] --END-- [ RunTime:0.000484s ]
INFO: [ app_begin ] --START--
INFO: Run Behavior\ReadHtmlCacheBehavior [ RunTime:0.000667s ]
INFO: [ app_begin ] --END-- [ RunTime:0.000732s ]
SQL: SHOW COLUMNS FROM `db_course` [ RunTime:0.0080s ]
SQL: SELECT * FROM `db_course`  [ RunTime:0.0003s ]

[ 2017-05-23T15:58:50+08:00 ] ::1 /eduWeb/API/index.php?m=course&c=Classify&a=getAllClassify
INFO: [ app_init ] --START--
INFO: Run Behavior\BuildLiteBehavior [ RunTime:0.000018s ]
INFO: [ app_init ] --END-- [ RunTime:0.000445s ]
INFO: [ app_begin ] --START--
INFO: Run Behavior\ReadHtmlCacheBehavior [ RunTime:0.000650s ]
INFO: [ app_begin ] --END-- [ RunTime:0.000726s ]
SQL: SHOW COLUMNS FROM `db_courseclassify` [ RunTime:0.0072s ]
SQL: SELECT * FROM `db_courseclassify`  [ RunTime:0.0002s ]

[ 2017-05-23T15:58:50+08:00 ] ::1 /eduWeb/API/index.php?m=course&c=course&a=getcourses&classifyId=0
INFO: [ app_init ] --START--
INFO: Run Behavior\BuildLiteBehavior [ RunTime:0.000016s ]
INFO: [ app_init ] --END-- [ RunTime:0.000391s ]
INFO: [ app_begin ] --START--
INFO: Run Behavior\ReadHtmlCacheBehavior [ RunTime:0.000651s ]
INFO: [ app_begin ] --END-- [ RunTime:0.000722s ]
SQL: SHOW COLUMNS FROM `db_course` [ RunTime:0.0032s ]
SQL: SELECT * FROM `db_course`  [ RunTime:0.0002s ]

[ 2017-05-23T16:00:10+08:00 ] ::1 /eduWeb/API/index.php?m=course&c=course&a=getcourses&classifyId=0
INFO: [ app_init ] --START--
INFO: Run Behavior\BuildLiteBehavior [ RunTime:0.000018s ]
INFO: [ app_init ] --END-- [ RunTime:0.000501s ]
INFO: [ app_begin ] --START--
INFO: Run Behavior\ReadHtmlCacheBehavior [ RunTime:0.000719s ]
INFO: [ app_begin ] --END-- [ RunTime:0.000787s ]
SQL: SHOW COLUMNS FROM `db_course` [ RunTime:0.0030s ]
SQL: SELECT * FROM `db_course`  [ RunTime:0.0003s ]

[ 2017-05-23T16:03:13+08:00 ] ::1 /eduWeb/API/index.php?m=course&c=course&a=getcourses&classifyId=0
INFO: [ app_init ] --START--
INFO: Run Behavior\BuildLiteBehavior [ RunTime:0.000017s ]
INFO: [ app_init ] --END-- [ RunTime:0.000618s ]
INFO: [ app_begin ] --START--
INFO: Run Behavior\ReadHtmlCacheBehavior [ RunTime:0.001061s ]
INFO: [ app_begin ] --END-- [ RunTime:0.001158s ]
SQL: SHOW COLUMNS FROM `db_course` [ RunTime:0.0031s ]
SQL: SELECT * FROM `db_course`  [ RunTime:0.0003s ]

[ 2017-05-23T16:03:17+08:00 ] ::1 /eduWeb/API/index.php?m=course&c=Classify&a=getAllClassify
INFO: [ app_init ] --START--
INFO: Run Behavior\BuildLiteBehavior [ RunTime:0.000014s ]
INFO: [ app_init ] --END-- [ RunTime:0.000457s ]
INFO: [ app_begin ] --START--
INFO: Run Behavior\ReadHtmlCacheBehavior [ RunTime:0.001002s ]
INFO: [ app_begin ] --END-- [ RunTime:0.001060s ]
SQL: SHOW COLUMNS FROM `db_courseclassify` [ RunTime:0.0067s ]
SQL: SELECT * FROM `db_courseclassify`  [ RunTime:0.0005s ]

[ 2017-05-23T16:03:17+08:00 ] ::1 /eduWeb/API/index.php?m=course&c=course&a=getcourses&classifyId=0
INFO: [ app_init ] --START--
INFO: Run Behavior\BuildLiteBehavior [ RunTime:0.000014s ]
INFO: [ app_init ] --END-- [ RunTime:0.000407s ]
INFO: [ app_begin ] --START--
INFO: Run Behavior\ReadHtmlCacheBehavior [ RunTime:0.000593s ]
INFO: [ app_begin ] --END-- [ RunTime:0.000634s ]
SQL: SHOW COLUMNS FROM `db_course` [ RunTime:0.0030s ]
SQL: SELECT * FROM `db_course`  [ RunTime:0.0002s ]

[ 2017-05-23T16:03:25+08:00 ] ::1 /eduWeb/API/index.php?m=course&c=course&a=getCourse&id=4
INFO: [ app_init ] --START--
INFO: Run Behavior\BuildLiteBehavior [ RunTime:0.000011s ]
INFO: [ app_init ] --END-- [ RunTime:0.000269s ]
INFO: [ app_begin ] --START--
INFO: Run Behavior\ReadHtmlCacheBehavior [ RunTime:0.000416s ]
INFO: [ app_begin ] --END-- [ RunTime:0.000452s ]
SQL: SHOW COLUMNS FROM `db_course` [ RunTime:0.0027s ]
SQL: SELECT * FROM `db_course` WHERE ( authorId=4 )  [ RunTime:0.0003s ]

[ 2017-05-23T16:03:34+08:00 ] ::1 /eduWeb/API/index.php?m=course&c=Classify&a=getAllClassify
INFO: [ app_init ] --START--
INFO: Run Behavior\BuildLiteBehavior [ RunTime:0.000019s ]
INFO: [ app_init ] --END-- [ RunTime:0.000475s ]
INFO: [ app_begin ] --START--
INFO: Run Behavior\ReadHtmlCacheBehavior [ RunTime:0.000872s ]
INFO: [ app_begin ] --END-- [ RunTime:0.000934s ]
SQL: SHOW COLUMNS FROM `db_courseclassify` [ RunTime:0.0036s ]
SQL: SELECT * FROM `db_courseclassify`  [ RunTime:0.0003s ]

[ 2017-05-23T16:04:28+08:00 ] ::1 /eduWeb/API/index.php?m=course&c=course&a=getCourse&id=4
INFO: [ app_init ] --START--
INFO: Run Behavior\BuildLiteBehavior [ RunTime:0.000016s ]
INFO: [ app_init ] --END-- [ RunTime:0.000378s ]
INFO: [ app_begin ] --START--
INFO: Run Behavior\ReadHtmlCacheBehavior [ RunTime:0.000405s ]
INFO: [ app_begin ] --END-- [ RunTime:0.000442s ]
SQL: SHOW COLUMNS FROM `db_course` [ RunTime:0.0070s ]
SQL: SELECT * FROM `db_course` WHERE ( authorId=4 )  [ RunTime:0.0003s ]

[ 2017-05-23T16:04:29+08:00 ] ::1 /eduWeb/API/index.php?m=course&c=Classify&a=getAllClassify
INFO: [ app_init ] --START--
INFO: Run Behavior\BuildLiteBehavior [ RunTime:0.000020s ]
INFO: [ app_init ] --END-- [ RunTime:0.000375s ]
INFO: [ app_begin ] --START--
INFO: Run Behavior\ReadHtmlCacheBehavior [ RunTime:0.000630s ]
INFO: [ app_begin ] --END-- [ RunTime:0.000690s ]
SQL: SHOW COLUMNS FROM `db_courseclassify` [ RunTime:0.0072s ]
SQL: SELECT * FROM `db_courseclassify`  [ RunTime:0.0002s ]

[ 2017-05-23T16:04:29+08:00 ] ::1 /eduWeb/API/index.php?m=course&c=course&a=getcourses&classifyId=0
INFO: [ app_init ] --START--
INFO: Run Behavior\BuildLiteBehavior [ RunTime:0.000012s ]
INFO: [ app_init ] --END-- [ RunTime:0.000307s ]
INFO: [ app_begin ] --START--
INFO: Run Behavior\ReadHtmlCacheBehavior [ RunTime:0.000643s ]
INFO: [ app_begin ] --END-- [ RunTime:0.000682s ]
SQL: SHOW COLUMNS FROM `db_course` [ RunTime:0.0028s ]
SQL: SELECT * FROM `db_course`  [ RunTime:0.0002s ]

[ 2017-05-23T16:04:30+08:00 ] ::1 /eduWeb/API/index.php?m=course&c=course&a=getcourses&classifyId=0
INFO: [ app_init ] --START--
INFO: Run Behavior\BuildLiteBehavior [ RunTime:0.000019s ]
INFO: [ app_init ] --END-- [ RunTime:0.000686s ]
INFO: [ app_begin ] --START--
INFO: Run Behavior\ReadHtmlCacheBehavior [ RunTime:0.000699s ]
INFO: [ app_begin ] --END-- [ RunTime:0.000762s ]
SQL: SHOW COLUMNS FROM `db_course` [ RunTime:0.0075s ]
SQL: SELECT * FROM `db_course`  [ RunTime:0.0002s ]

[ 2017-05-23T16:04:30+08:00 ] ::1 /eduWeb/API/index.php?m=course&c=course&a=getcourses&classifyId=0
INFO: [ app_init ] --START--
INFO: Run Behavior\BuildLiteBehavior [ RunTime:0.000032s ]
INFO: [ app_init ] --END-- [ RunTime:0.000561s ]
INFO: [ app_begin ] --START--
INFO: Run Behavior\ReadHtmlCacheBehavior [ RunTime:0.001510s ]
INFO: [ app_begin ] --END-- [ RunTime:0.001587s ]
SQL: SHOW COLUMNS FROM `db_course` [ RunTime:0.0066s ]
SQL: SELECT * FROM `db_course`  [ RunTime:0.0002s ]

[ 2017-05-23T16:04:32+08:00 ] ::1 /eduWeb/API/index.php?m=course&c=Classify&a=getAllClassify
INFO: [ app_init ] --START--
INFO: Run Behavior\BuildLiteBehavior [ RunTime:0.000020s ]
INFO: [ app_init ] --END-- [ RunTime:0.000485s ]
INFO: [ app_begin ] --START--
INFO: Run Behavior\ReadHtmlCacheBehavior [ RunTime:0.001451s ]
INFO: [ app_begin ] --END-- [ RunTime:0.001535s ]
SQL: SHOW COLUMNS FROM `db_courseclassify` [ RunTime:0.0065s ]
SQL: SELECT * FROM `db_courseclassify`  [ RunTime:0.0002s ]

[ 2017-05-23T16:04:32+08:00 ] ::1 /eduWeb/API/index.php?m=course&c=course&a=getcourses&classifyId=0
INFO: [ app_init ] --START--
INFO: Run Behavior\BuildLiteBehavior [ RunTime:0.000011s ]
INFO: [ app_init ] --END-- [ RunTime:0.000319s ]
INFO: [ app_begin ] --START--
INFO: Run Behavior\ReadHtmlCacheBehavior [ RunTime:0.000614s ]
INFO: [ app_begin ] --END-- [ RunTime:0.000649s ]
SQL: SHOW COLUMNS FROM `db_course` [ RunTime:0.0037s ]
SQL: SELECT * FROM `db_course`  [ RunTime:0.0002s ]

[ 2017-05-23T16:04:53+08:00 ] ::1 /eduWeb/API/index.php?m=course&c=course&a=getcourses&classifyId=0
INFO: [ app_init ] --START--
INFO: Run Behavior\BuildLiteBehavior [ RunTime:0.000019s ]
INFO: [ app_init ] --END-- [ RunTime:0.000534s ]
INFO: [ app_begin ] --START--
INFO: Run Behavior\ReadHtmlCacheBehavior [ RunTime:0.001192s ]
INFO: [ app_begin ] --END-- [ RunTime:0.001277s ]
SQL: SHOW COLUMNS FROM `db_course` [ RunTime:0.0071s ]
SQL: SELECT * FROM `db_course`  [ RunTime:0.0003s ]

[ 2017-05-23T16:04:56+08:00 ] ::1 /eduWeb/API/index.php?m=course&c=course&a=getcourses&classifyId=0
INFO: [ app_init ] --START--
INFO: Run Behavior\BuildLiteBehavior [ RunTime:0.000016s ]
INFO: [ app_init ] --END-- [ RunTime:0.000398s ]
INFO: [ app_begin ] --START--
INFO: Run Behavior\ReadHtmlCacheBehavior [ RunTime:0.000773s ]
INFO: [ app_begin ] --END-- [ RunTime:0.000834s ]
SQL: SHOW COLUMNS FROM `db_course` [ RunTime:0.0048s ]
SQL: SELECT * FROM `db_course`  [ RunTime:0.0002s ]

[ 2017-05-23T16:06:10+08:00 ] ::1 /eduWeb/API/index.php?m=course&c=course&a=getcourses&classifyId=0
INFO: [ app_init ] --START--
INFO: Run Behavior\BuildLiteBehavior [ RunTime:0.000015s ]
INFO: [ app_init ] --END-- [ RunTime:0.000497s ]
INFO: [ app_begin ] --START--
INFO: Run Behavior\ReadHtmlCacheBehavior [ RunTime:0.002095s ]
INFO: [ app_begin ] --END-- [ RunTime:0.002378s ]
SQL: SHOW COLUMNS FROM `db_course` [ RunTime:0.0044s ]
SQL: SELECT * FROM `db_course`  [ RunTime:0.0003s ]

[ 2017-05-23T16:06:11+08:00 ] ::1 /eduWeb/API/index.php?m=course&c=course&a=getCourseInfo&id=10
INFO: [ app_init ] --START--
INFO: Run Behavior\BuildLiteBehavior [ RunTime:0.000018s ]
INFO: [ app_init ] --END-- [ RunTime:0.000447s ]
INFO: [ app_begin ] --START--
INFO: Run Behavior\ReadHtmlCacheBehavior [ RunTime:0.000451s ]
INFO: [ app_begin ] --END-- [ RunTime:0.000509s ]
SQL: SHOW COLUMNS FROM `db_course` [ RunTime:0.0084s ]
SQL: SELECT * FROM `db_course` WHERE ( courseId=10 ) LIMIT 1   [ RunTime:0.0003s ]

[ 2017-05-23T16:06:11+08:00 ] ::1 /eduWeb/API/index.php?m=course&c=classify&a=getClassifyById&classifyId=1
INFO: [ app_init ] --START--
INFO: Run Behavior\BuildLiteBehavior [ RunTime:0.000013s ]
INFO: [ app_init ] --END-- [ RunTime:0.000315s ]
INFO: [ app_begin ] --START--
INFO: Run Behavior\ReadHtmlCacheBehavior [ RunTime:0.000509s ]
INFO: [ app_begin ] --END-- [ RunTime:0.000565s ]
SQL: SHOW COLUMNS FROM `db_courseclassify` [ RunTime:0.0034s ]
SQL: SELECT * FROM `db_courseclassify` WHERE ( objectId=1 ) LIMIT 1   [ RunTime:0.0002s ]

[ 2017-05-23T16:06:12+08:00 ] ::1 /eduWeb/API/index.php?m=course&c=course&a=getCourseContent&id=10&action=course
INFO: [ app_init ] --START--
INFO: Run Behavior\BuildLiteBehavior [ RunTime:0.000015s ]
INFO: [ app_init ] --END-- [ RunTime:0.000373s ]
INFO: [ app_begin ] --START--
INFO: Run Behavior\ReadHtmlCacheBehavior [ RunTime:0.000662s ]
INFO: [ app_begin ] --END-- [ RunTime:0.000720s ]
SQL: SHOW COLUMNS FROM `db_course` [ RunTime:0.0032s ]
SQL: SELECT * FROM `db_course` WHERE ( courseId=10 )  [ RunTime:0.0005s ]
SQL: UPDATE `db_course` SET `courseNumber`=courseNumber+1 WHERE ( courseId=10 ) [ RunTime:0.0003s ]

[ 2017-05-23T16:06:13+08:00 ] ::1 /eduWeb/API/index.php?m=course&c=course&a=getCourseInfo&id=10
INFO: [ app_init ] --START--
INFO: Run Behavior\BuildLiteBehavior [ RunTime:0.000011s ]
INFO: [ app_init ] --END-- [ RunTime:0.000269s ]
INFO: [ app_begin ] --START--
INFO: Run Behavior\ReadHtmlCacheBehavior [ RunTime:0.000411s ]
INFO: [ app_begin ] --END-- [ RunTime:0.000448s ]
SQL: SHOW COLUMNS FROM `db_course` [ RunTime:0.0030s ]
SQL: SELECT * FROM `db_course` WHERE ( courseId=10 ) LIMIT 1   [ RunTime:0.0003s ]

[ 2017-05-23T16:06:13+08:00 ] ::1 /eduWeb/API/index.php?m=course&c=classify&a=getClassifyById&classifyId=1
INFO: [ app_init ] --START--
INFO: Run Behavior\BuildLiteBehavior [ RunTime:0.000016s ]
INFO: [ app_init ] --END-- [ RunTime:0.000281s ]
INFO: [ app_begin ] --START--
INFO: Run Behavior\ReadHtmlCacheBehavior [ RunTime:0.000400s ]
INFO: [ app_begin ] --END-- [ RunTime:0.000433s ]
SQL: SHOW COLUMNS FROM `db_courseclassify` [ RunTime:0.0032s ]
SQL: SELECT * FROM `db_courseclassify` WHERE ( objectId=1 ) LIMIT 1   [ RunTime:0.0002s ]

[ 2017-05-23T16:06:13+08:00 ] ::1 /eduWeb/API/index.php?m=course&c=course&a=getcourses&classifyId=0
INFO: [ app_init ] --START--
INFO: Run Behavior\BuildLiteBehavior [ RunTime:0.000017s ]
INFO: [ app_init ] --END-- [ RunTime:0.000412s ]
INFO: [ app_begin ] --START--
INFO: Run Behavior\ReadHtmlCacheBehavior [ RunTime:0.000602s ]
INFO: [ app_begin ] --END-- [ RunTime:0.000698s ]
SQL: SHOW COLUMNS FROM `db_course` [ RunTime:0.0030s ]
SQL: SELECT * FROM `db_course`  [ RunTime:0.0002s ]

[ 2017-05-23T16:07:23+08:00 ] ::1 /eduWeb/API/index.php?m=course&c=course&a=getcourses&classifyId=0
INFO: [ app_init ] --START--
INFO: Run Behavior\BuildLiteBehavior [ RunTime:0.000017s ]
INFO: [ app_init ] --END-- [ RunTime:0.000465s ]
INFO: [ app_begin ] --START--
INFO: Run Behavior\ReadHtmlCacheBehavior [ RunTime:0.000719s ]
INFO: [ app_begin ] --END-- [ RunTime:0.000781s ]
SQL: SHOW COLUMNS FROM `db_course` [ RunTime:0.0084s ]
SQL: SELECT * FROM `db_course`  [ RunTime:0.0003s ]

[ 2017-05-23T16:07:37+08:00 ] ::1 /eduWeb/API/index.php?m=course&c=course&a=getcourses&classifyId=0
INFO: [ app_init ] --START--
INFO: Run Behavior\BuildLiteBehavior [ RunTime:0.000022s ]
INFO: [ app_init ] --END-- [ RunTime:0.000710s ]
INFO: [ app_begin ] --START--
INFO: Run Behavior\ReadHtmlCacheBehavior [ RunTime:0.000695s ]
INFO: [ app_begin ] --END-- [ RunTime:0.000765s ]
SQL: SHOW COLUMNS FROM `db_course` [ RunTime:0.0167s ]
SQL: SELECT * FROM `db_course`  [ RunTime:0.0003s ]

[ 2017-05-23T16:08:19+08:00 ] ::1 /eduWeb/API/index.php?m=course&c=Classify&a=getAllClassify
INFO: [ app_init ] --START--
INFO: Run Behavior\BuildLiteBehavior [ RunTime:0.000016s ]
INFO: [ app_init ] --END-- [ RunTime:0.000414s ]
INFO: [ app_begin ] --START--
INFO: Run Behavior\ReadHtmlCacheBehavior [ RunTime:0.000550s ]
INFO: [ app_begin ] --END-- [ RunTime:0.000600s ]
SQL: SHOW COLUMNS FROM `db_courseclassify` [ RunTime:0.0048s ]
SQL: SELECT * FROM `db_courseclassify`  [ RunTime:0.0002s ]

[ 2017-05-23T16:08:20+08:00 ] ::1 /eduWeb/API/index.php?m=course&c=Classify&a=getAllClassify
INFO: [ app_init ] --START--
INFO: Run Behavior\BuildLiteBehavior [ RunTime:0.000015s ]
INFO: [ app_init ] --END-- [ RunTime:0.000416s ]
INFO: [ app_begin ] --START--
INFO: Run Behavior\ReadHtmlCacheBehavior [ RunTime:0.000770s ]
INFO: [ app_begin ] --END-- [ RunTime:0.000835s ]
SQL: SHOW COLUMNS FROM `db_courseclassify` [ RunTime:0.0028s ]
SQL: SELECT * FROM `db_courseclassify`  [ RunTime:0.0002s ]

[ 2017-05-23T16:08:36+08:00 ] ::1 /eduWeb/API/index.php?m=course&c=course&a=getcourses&classifyId=0
INFO: [ app_init ] --START--
INFO: Run Behavior\BuildLiteBehavior [ RunTime:0.000015s ]
INFO: [ app_init ] --END-- [ RunTime:0.000437s ]
INFO: [ app_begin ] --START--
INFO: Run Behavior\ReadHtmlCacheBehavior [ RunTime:0.000632s ]
INFO: [ app_begin ] --END-- [ RunTime:0.000698s ]
SQL: SHOW COLUMNS FROM `db_course` [ RunTime:0.0083s ]
SQL: SELECT * FROM `db_course`  [ RunTime:0.0003s ]

[ 2017-05-23T16:08:39+08:00 ] ::1 /eduWeb/API/index.php?m=course&c=Classify&a=getAllClassify
INFO: [ app_init ] --START--
INFO: Run Behavior\BuildLiteBehavior [ RunTime:0.000014s ]
INFO: [ app_init ] --END-- [ RunTime:0.000381s ]
INFO: [ app_begin ] --START--
INFO: Run Behavior\ReadHtmlCacheBehavior [ RunTime:0.000680s ]
INFO: [ app_begin ] --END-- [ RunTime:0.000744s ]
SQL: SHOW COLUMNS FROM `db_courseclassify` [ RunTime:0.0067s ]
SQL: SELECT * FROM `db_courseclassify`  [ RunTime:0.0002s ]

[ 2017-05-23T16:08:39+08:00 ] ::1 /eduWeb/API/index.php?m=course&c=course&a=getcourses&classifyId=0
INFO: [ app_init ] --START--
INFO: Run Behavior\BuildLiteBehavior [ RunTime:0.000013s ]
INFO: [ app_init ] --END-- [ RunTime:0.000299s ]
INFO: [ app_begin ] --START--
INFO: Run Behavior\ReadHtmlCacheBehavior [ RunTime:0.000432s ]
INFO: [ app_begin ] --END-- [ RunTime:0.000472s ]
SQL: SHOW COLUMNS FROM `db_course` [ RunTime:0.0031s ]
SQL: SELECT * FROM `db_course`  [ RunTime:0.0002s ]

[ 2017-05-23T16:08:40+08:00 ] ::1 /eduWeb/API/index.php?m=course&c=course&a=getCourseInfo&id=10
INFO: [ app_init ] --START--
INFO: Run Behavior\BuildLiteBehavior [ RunTime:0.000013s ]
INFO: [ app_init ] --END-- [ RunTime:0.000360s ]
INFO: [ app_begin ] --START--
INFO: Run Behavior\ReadHtmlCacheBehavior [ RunTime:0.000779s ]
INFO: [ app_begin ] --END-- [ RunTime:0.000845s ]
SQL: SHOW COLUMNS FROM `db_course` [ RunTime:0.0065s ]
SQL: SELECT * FROM `db_course` WHERE ( courseId=10 ) LIMIT 1   [ RunTime:0.0003s ]

[ 2017-05-23T16:08:41+08:00 ] ::1 /eduWeb/API/index.php?m=course&c=classify&a=getClassifyById&classifyId=1
INFO: [ app_init ] --START--
INFO: Run Behavior\BuildLiteBehavior [ RunTime:0.000017s ]
INFO: [ app_init ] --END-- [ RunTime:0.000422s ]
INFO: [ app_begin ] --START--
INFO: Run Behavior\ReadHtmlCacheBehavior [ RunTime:0.000601s ]
INFO: [ app_begin ] --END-- [ RunTime:0.000655s ]
SQL: SHOW COLUMNS FROM `db_courseclassify` [ RunTime:0.0027s ]
SQL: SELECT * FROM `db_courseclassify` WHERE ( objectId=1 ) LIMIT 1   [ RunTime:0.0002s ]

[ 2017-05-23T16:17:37+08:00 ] ::1 /eduWeb/API/index.php?m=course&c=course&a=getcourses&classifyId=0
INFO: [ app_init ] --START--
INFO: Run Behavior\BuildLiteBehavior [ RunTime:0.000012s ]
INFO: [ app_init ] --END-- [ RunTime:0.000367s ]
INFO: [ app_begin ] --START--
INFO: Run Behavior\ReadHtmlCacheBehavior [ RunTime:0.001346s ]
INFO: [ app_begin ] --END-- [ RunTime:0.001446s ]
SQL: SHOW COLUMNS FROM `db_course` [ RunTime:0.0071s ]
SQL: SELECT * FROM `db_course`  [ RunTime:0.0004s ]

[ 2017-05-23T16:17:52+08:00 ] ::1 /eduWeb/API/index.php?m=course&c=Classify&a=getAllClassify
INFO: [ app_init ] --START--
INFO: Run Behavior\BuildLiteBehavior [ RunTime:0.000021s ]
INFO: [ app_init ] --END-- [ RunTime:0.000533s ]
INFO: [ app_begin ] --START--
INFO: Run Behavior\ReadHtmlCacheBehavior [ RunTime:0.000774s ]
INFO: [ app_begin ] --END-- [ RunTime:0.000834s ]
SQL: SHOW COLUMNS FROM `db_courseclassify` [ RunTime:0.0070s ]
SQL: SELECT * FROM `db_courseclassify`  [ RunTime:0.0003s ]

[ 2017-05-23T16:17:52+08:00 ] ::1 /eduWeb/API/index.php?m=course&c=course&a=getcourses&classifyId=0
INFO: [ app_init ] --START--
INFO: Run Behavior\BuildLiteBehavior [ RunTime:0.000011s ]
INFO: [ app_init ] --END-- [ RunTime:0.000316s ]
INFO: [ app_begin ] --START--
INFO: Run Behavior\ReadHtmlCacheBehavior [ RunTime:0.000895s ]
INFO: [ app_begin ] --END-- [ RunTime:0.000960s ]
SQL: SHOW COLUMNS FROM `db_course` [ RunTime:0.0032s ]
SQL: SELECT * FROM `db_course`  [ RunTime:0.0002s ]

[ 2017-05-23T16:17:53+08:00 ] ::1 /eduWeb/API/index.php?m=course&c=course&a=getcourses&classifyId=0
INFO: [ app_init ] --START--
INFO: Run Behavior\BuildLiteBehavior [ RunTime:0.000018s ]
INFO: [ app_init ] --END-- [ RunTime:0.000435s ]
INFO: [ app_begin ] --START--
INFO: Run Behavior\ReadHtmlCacheBehavior [ RunTime:0.003926s ]
INFO: [ app_begin ] --END-- [ RunTime:0.004009s ]
SQL: SHOW COLUMNS FROM `db_course` [ RunTime:0.0072s ]
SQL: SELECT * FROM `db_course`  [ RunTime:0.0003s ]

[ 2017-05-23T16:17:55+08:00 ] ::1 /eduWeb/API/index.php?m=course&c=Classify&a=getAllClassify
INFO: [ app_init ] --START--
INFO: Run Behavior\BuildLiteBehavior [ RunTime:0.000016s ]
INFO: [ app_init ] --END-- [ RunTime:0.000364s ]
INFO: [ app_begin ] --START--
INFO: Run Behavior\ReadHtmlCacheBehavior [ RunTime:0.000641s ]
INFO: [ app_begin ] --END-- [ RunTime:0.000686s ]
SQL: SHOW COLUMNS FROM `db_courseclassify` [ RunTime:0.0066s ]
SQL: SELECT * FROM `db_courseclassify`  [ RunTime:0.0002s ]

[ 2017-05-23T16:17:55+08:00 ] ::1 /eduWeb/API/index.php?m=course&c=course&a=getcourses&classifyId=0
INFO: [ app_init ] --START--
INFO: Run Behavior\BuildLiteBehavior [ RunTime:0.000014s ]
INFO: [ app_init ] --END-- [ RunTime:0.000367s ]
INFO: [ app_begin ] --START--
INFO: Run Behavior\ReadHtmlCacheBehavior [ RunTime:0.000558s ]
INFO: [ app_begin ] --END-- [ RunTime:0.000601s ]
SQL: SHOW COLUMNS FROM `db_course` [ RunTime:0.0030s ]
SQL: SELECT * FROM `db_course`  [ RunTime:0.0003s ]

[ 2017-05-23T16:18:00+08:00 ] ::1 /eduWeb/API/index.php?m=course&c=course&a=getcourses&classifyId=0
INFO: [ app_init ] --START--
INFO: Run Behavior\BuildLiteBehavior [ RunTime:0.000018s ]
INFO: [ app_init ] --END-- [ RunTime:0.000565s ]
INFO: [ app_begin ] --START--
INFO: Run Behavior\ReadHtmlCacheBehavior [ RunTime:0.001040s ]
INFO: [ app_begin ] --END-- [ RunTime:0.001096s ]
SQL: SHOW COLUMNS FROM `db_course` [ RunTime:0.0039s ]
SQL: SELECT * FROM `db_course`  [ RunTime:0.0002s ]

[ 2017-05-23T16:18:01+08:00 ] ::1 /eduWeb/API/index.php?m=course&c=Classify&a=getAllClassify
INFO: [ app_init ] --START--
INFO: Run Behavior\BuildLiteBehavior [ RunTime:0.000011s ]
INFO: [ app_init ] --END-- [ RunTime:0.000310s ]
INFO: [ app_begin ] --START--
INFO: Run Behavior\ReadHtmlCacheBehavior [ RunTime:0.000575s ]
INFO: [ app_begin ] --END-- [ RunTime:0.000614s ]
SQL: SHOW COLUMNS FROM `db_courseclassify` [ RunTime:0.0068s ]
SQL: SELECT * FROM `db_courseclassify`  [ RunTime:0.0002s ]

[ 2017-05-23T16:18:01+08:00 ] ::1 /eduWeb/API/index.php?m=course&c=course&a=getcourses&classifyId=0
INFO: [ app_init ] --START--
INFO: Run Behavior\BuildLiteBehavior [ RunTime:0.000013s ]
INFO: [ app_init ] --END-- [ RunTime:0.000337s ]
INFO: [ app_begin ] --START--
INFO: Run Behavior\ReadHtmlCacheBehavior [ RunTime:0.000607s ]
INFO: [ app_begin ] --END-- [ RunTime:0.000648s ]
SQL: SHOW COLUMNS FROM `db_course` [ RunTime:0.0028s ]
SQL: SELECT * FROM `db_course`  [ RunTime:0.0003s ]

[ 2017-05-23T16:18:02+08:00 ] ::1 /eduWeb/API/index.php?m=course&c=course&a=getCourseInfo&id=10
INFO: [ app_init ] --START--
INFO: Run Behavior\BuildLiteBehavior [ RunTime:0.000012s ]
INFO: [ app_init ] --END-- [ RunTime:0.000295s ]
INFO: [ app_begin ] --START--
INFO: Run Behavior\ReadHtmlCacheBehavior [ RunTime:0.000586s ]
INFO: [ app_begin ] --END-- [ RunTime:0.000623s ]
SQL: SHOW COLUMNS FROM `db_course` [ RunTime:0.0069s ]
SQL: SELECT * FROM `db_course` WHERE ( courseId=10 ) LIMIT 1   [ RunTime:0.0003s ]

[ 2017-05-23T16:18:02+08:00 ] ::1 /eduWeb/API/index.php?m=course&c=classify&a=getClassifyById&classifyId=1
INFO: [ app_init ] --START--
INFO: Run Behavior\BuildLiteBehavior [ RunTime:0.000012s ]
INFO: [ app_init ] --END-- [ RunTime:0.000375s ]
INFO: [ app_begin ] --START--
INFO: Run Behavior\ReadHtmlCacheBehavior [ RunTime:0.000562s ]
INFO: [ app_begin ] --END-- [ RunTime:0.000602s ]
SQL: SHOW COLUMNS FROM `db_courseclassify` [ RunTime:0.0031s ]
SQL: SELECT * FROM `db_courseclassify` WHERE ( objectId=1 ) LIMIT 1   [ RunTime:0.0003s ]

[ 2017-05-23T16:18:03+08:00 ] ::1 /eduWeb/API/index.php?m=course&c=course&a=getCourseContent&id=10&action=course
INFO: [ app_init ] --START--
INFO: Run Behavior\BuildLiteBehavior [ RunTime:0.000018s ]
INFO: [ app_init ] --END-- [ RunTime:0.000424s ]
INFO: [ app_begin ] --START--
INFO: Run Behavior\ReadHtmlCacheBehavior [ RunTime:0.000905s ]
INFO: [ app_begin ] --END-- [ RunTime:0.000971s ]
SQL: SHOW COLUMNS FROM `db_course` [ RunTime:0.0073s ]
SQL: SELECT * FROM `db_course` WHERE ( courseId=10 )  [ RunTime:0.0003s ]
SQL: UPDATE `db_course` SET `courseNumber`=courseNumber+1 WHERE ( courseId=10 ) [ RunTime:0.0003s ]

[ 2017-05-23T16:18:05+08:00 ] ::1 /eduWeb/API/index.php?m=course&c=course&a=getCourseInfo&id=10
INFO: [ app_init ] --START--
INFO: Run Behavior\BuildLiteBehavior [ RunTime:0.000012s ]
INFO: [ app_init ] --END-- [ RunTime:0.000324s ]
INFO: [ app_begin ] --START--
INFO: Run Behavior\ReadHtmlCacheBehavior [ RunTime:0.000905s ]
INFO: [ app_begin ] --END-- [ RunTime:0.000974s ]
SQL: SHOW COLUMNS FROM `db_course` [ RunTime:0.0070s ]
SQL: SELECT * FROM `db_course` WHERE ( courseId=10 ) LIMIT 1   [ RunTime:0.0003s ]

[ 2017-05-23T16:18:05+08:00 ] ::1 /eduWeb/API/index.php?m=course&c=classify&a=getClassifyById&classifyId=1
INFO: [ app_init ] --START--
INFO: Run Behavior\BuildLiteBehavior [ RunTime:0.000012s ]
INFO: [ app_init ] --END-- [ RunTime:0.000341s ]
INFO: [ app_begin ] --START--
INFO: Run Behavior\ReadHtmlCacheBehavior [ RunTime:0.000621s ]
INFO: [ app_begin ] --END-- [ RunTime:0.000674s ]
SQL: SHOW COLUMNS FROM `db_courseclassify` [ RunTime:0.0035s ]
SQL: SELECT * FROM `db_courseclassify` WHERE ( objectId=1 ) LIMIT 1   [ RunTime:0.0005s ]

[ 2017-05-23T16:18:06+08:00 ] ::1 /eduWeb/API/index.php?m=course&c=course&a=getCourseContent&id=10&action=course
INFO: [ app_init ] --START--
INFO: Run Behavior\BuildLiteBehavior [ RunTime:0.000013s ]
INFO: [ app_init ] --END-- [ RunTime:0.000615s ]
INFO: [ app_begin ] --START--
INFO: Run Behavior\ReadHtmlCacheBehavior [ RunTime:0.002417s ]
INFO: [ app_begin ] --END-- [ RunTime:0.002474s ]
SQL: SHOW COLUMNS FROM `db_course` [ RunTime:0.0047s ]
SQL: SELECT * FROM `db_course` WHERE ( courseId=10 )  [ RunTime:0.0003s ]
SQL: UPDATE `db_course` SET `courseNumber`=courseNumber+1 WHERE ( courseId=10 ) [ RunTime:0.0004s ]

[ 2017-05-23T16:18:06+08:00 ] ::1 /eduWeb/API/index.php?m=course&c=course&a=getCourseInfo&id=10
INFO: [ app_init ] --START--
INFO: Run Behavior\BuildLiteBehavior [ RunTime:0.000011s ]
INFO: [ app_init ] --END-- [ RunTime:0.000317s ]
INFO: [ app_begin ] --START--
INFO: Run Behavior\ReadHtmlCacheBehavior [ RunTime:0.000765s ]
INFO: [ app_begin ] --END-- [ RunTime:0.000832s ]
SQL: SHOW COLUMNS FROM `db_course` [ RunTime:0.0068s ]
SQL: SELECT * FROM `db_course` WHERE ( courseId=10 ) LIMIT 1   [ RunTime:0.0003s ]

[ 2017-05-23T16:18:06+08:00 ] ::1 /eduWeb/API/index.php?m=course&c=classify&a=getClassifyById&classifyId=1
INFO: [ app_init ] --START--
INFO: Run Behavior\BuildLiteBehavior [ RunTime:0.000011s ]
INFO: [ app_init ] --END-- [ RunTime:0.000285s ]
INFO: [ app_begin ] --START--
INFO: Run Behavior\ReadHtmlCacheBehavior [ RunTime:0.000698s ]
INFO: [ app_begin ] --END-- [ RunTime:0.000749s ]
SQL: SHOW COLUMNS FROM `db_courseclassify` [ RunTime:0.0041s ]
SQL: SELECT * FROM `db_courseclassify` WHERE ( objectId=1 ) LIMIT 1   [ RunTime:0.0004s ]

[ 2017-05-23T16:18:09+08:00 ] ::1 /eduWeb/API/index.php?m=course&c=Classify&a=getAllClassify
INFO: [ app_init ] --START--
INFO: Run Behavior\BuildLiteBehavior [ RunTime:0.000011s ]
INFO: [ app_init ] --END-- [ RunTime:0.000532s ]
INFO: [ app_begin ] --START--
INFO: Run Behavior\ReadHtmlCacheBehavior [ RunTime:0.001680s ]
INFO: [ app_begin ] --END-- [ RunTime:0.001736s ]
SQL: SHOW COLUMNS FROM `db_courseclassify` [ RunTime:0.0028s ]
SQL: SELECT * FROM `db_courseclassify`  [ RunTime:0.0002s ]

[ 2017-05-23T16:18:09+08:00 ] ::1 /eduWeb/API/index.php?m=course&c=course&a=getcourses&classifyId=0
INFO: [ app_init ] --START--
INFO: Run Behavior\BuildLiteBehavior [ RunTime:0.000012s ]
INFO: [ app_init ] --END-- [ RunTime:0.000491s ]
INFO: [ app_begin ] --START--
INFO: Run Behavior\ReadHtmlCacheBehavior [ RunTime:0.001250s ]
INFO: [ app_begin ] --END-- [ RunTime:0.001294s ]
SQL: SHOW COLUMNS FROM `db_course` [ RunTime:0.0028s ]
SQL: SELECT * FROM `db_course`  [ RunTime:0.0002s ]

[ 2017-05-23T16:18:10+08:00 ] ::1 /eduWeb/API/index.php?m=course&c=Classify&a=getAllClassify
INFO: [ app_init ] --START--
INFO: Run Behavior\BuildLiteBehavior [ RunTime:0.000018s ]
INFO: [ app_init ] --END-- [ RunTime:0.000414s ]
INFO: [ app_begin ] --START--
INFO: Run Behavior\ReadHtmlCacheBehavior [ RunTime:0.000971s ]
INFO: [ app_begin ] --END-- [ RunTime:0.001042s ]
SQL: SHOW COLUMNS FROM `db_courseclassify` [ RunTime:0.0033s ]
SQL: SELECT * FROM `db_courseclassify`  [ RunTime:0.0002s ]

[ 2017-05-23T16:18:10+08:00 ] ::1 /eduWeb/API/index.php?m=course&c=course&a=getcourses&classifyId=0
INFO: [ app_init ] --START--
INFO: Run Behavior\BuildLiteBehavior [ RunTime:0.000013s ]
INFO: [ app_init ] --END-- [ RunTime:0.000439s ]
INFO: [ app_begin ] --START--
INFO: Run Behavior\ReadHtmlCacheBehavior [ RunTime:0.000713s ]
INFO: [ app_begin ] --END-- [ RunTime:0.000763s ]
SQL: SHOW COLUMNS FROM `db_course` [ RunTime:0.0034s ]
SQL: SELECT * FROM `db_course`  [ RunTime:0.0002s ]

[ 2017-05-23T16:18:10+08:00 ] ::1 /eduWeb/API/index.php?m=course&c=course&a=getcourses&classifyId=0
INFO: [ app_init ] --START--
INFO: Run Behavior\BuildLiteBehavior [ RunTime:0.000021s ]
INFO: [ app_init ] --END-- [ RunTime:0.000861s ]
INFO: [ app_begin ] --START--
INFO: Run Behavior\ReadHtmlCacheBehavior [ RunTime:0.001997s ]
INFO: [ app_begin ] --END-- [ RunTime:0.002104s ]
SQL: SHOW COLUMNS FROM `db_course` [ RunTime:0.0031s ]
SQL: SELECT * FROM `db_course`  [ RunTime:0.0003s ]

[ 2017-05-23T16:18:10+08:00 ] ::1 /eduWeb/API/index.php?m=course&c=Classify&a=getAllClassify
INFO: [ app_init ] --START--
INFO: Run Behavior\BuildLiteBehavior [ RunTime:0.000012s ]
INFO: [ app_init ] --END-- [ RunTime:0.000323s ]
INFO: [ app_begin ] --START--
INFO: Run Behavior\ReadHtmlCacheBehavior [ RunTime:0.000595s ]
INFO: [ app_begin ] --END-- [ RunTime:0.000638s ]
SQL: SHOW COLUMNS FROM `db_courseclassify` [ RunTime:0.0097s ]
SQL: SELECT * FROM `db_courseclassify`  [ RunTime:0.0002s ]

[ 2017-05-23T16:18:10+08:00 ] ::1 /eduWeb/API/index.php?m=course&c=course&a=getcourses&classifyId=0
INFO: [ app_init ] --START--
INFO: Run Behavior\BuildLiteBehavior [ RunTime:0.000011s ]
INFO: [ app_init ] --END-- [ RunTime:0.000284s ]
INFO: [ app_begin ] --START--
INFO: Run Behavior\ReadHtmlCacheBehavior [ RunTime:0.000545s ]
INFO: [ app_begin ] --END-- [ RunTime:0.000584s ]
SQL: SHOW COLUMNS FROM `db_course` [ RunTime:0.0038s ]
SQL: SELECT * FROM `db_course`  [ RunTime:0.0002s ]

[ 2017-05-23T16:18:11+08:00 ] ::1 /eduWeb/API/index.php?m=course&c=course&a=getcourses&classifyId=0
INFO: [ app_init ] --START--
INFO: Run Behavior\BuildLiteBehavior [ RunTime:0.000013s ]
INFO: [ app_init ] --END-- [ RunTime:0.000577s ]
INFO: [ app_begin ] --START--
INFO: Run Behavior\ReadHtmlCacheBehavior [ RunTime:0.001183s ]
INFO: [ app_begin ] --END-- [ RunTime:0.001221s ]
SQL: SHOW COLUMNS FROM `db_course` [ RunTime:0.0067s ]
SQL: SELECT * FROM `db_course`  [ RunTime:0.0003s ]

[ 2017-05-23T16:18:11+08:00 ] ::1 /eduWeb/API/index.php?m=course&c=Classify&a=getAllClassify
INFO: [ app_init ] --START--
INFO: Run Behavior\BuildLiteBehavior [ RunTime:0.000014s ]
INFO: [ app_init ] --END-- [ RunTime:0.000358s ]
INFO: [ app_begin ] --START--
INFO: Run Behavior\ReadHtmlCacheBehavior [ RunTime:0.000609s ]
INFO: [ app_begin ] --END-- [ RunTime:0.000653s ]
SQL: SHOW COLUMNS FROM `db_courseclassify` [ RunTime:0.0069s ]
SQL: SELECT * FROM `db_courseclassify`  [ RunTime:0.0002s ]

[ 2017-05-23T16:18:11+08:00 ] ::1 /eduWeb/API/index.php?m=course&c=course&a=getcourses&classifyId=0
INFO: [ app_init ] --START--
INFO: Run Behavior\BuildLiteBehavior [ RunTime:0.000012s ]
INFO: [ app_init ] --END-- [ RunTime:0.000279s ]
INFO: [ app_begin ] --START--
INFO: Run Behavior\ReadHtmlCacheBehavior [ RunTime:0.000623s ]
INFO: [ app_begin ] --END-- [ RunTime:0.000664s ]
SQL: SHOW COLUMNS FROM `db_course` [ RunTime:0.0030s ]
SQL: SELECT * FROM `db_course`  [ RunTime:0.0002s ]

[ 2017-05-23T16:18:11+08:00 ] ::1 /eduWeb/API/index.php?m=course&c=course&a=getcourses&classifyId=0
INFO: [ app_init ] --START--
INFO: Run Behavior\BuildLiteBehavior [ RunTime:0.000012s ]
INFO: [ app_init ] --END-- [ RunTime:0.000540s ]
INFO: [ app_begin ] --START--
INFO: Run Behavior\ReadHtmlCacheBehavior [ RunTime:0.001432s ]
INFO: [ app_begin ] --END-- [ RunTime:0.001508s ]
SQL: SHOW COLUMNS FROM `db_course` [ RunTime:0.0085s ]
SQL: SELECT * FROM `db_course`  [ RunTime:0.0002s ]

[ 2017-05-23T16:18:12+08:00 ] ::1 /eduWeb/API/index.php?m=course&c=course&a=getcourses&classifyId=0
INFO: [ app_init ] --START--
INFO: Run Behavior\BuildLiteBehavior [ RunTime:0.000011s ]
INFO: [ app_init ] --END-- [ RunTime:0.000291s ]
INFO: [ app_begin ] --START--
INFO: Run Behavior\ReadHtmlCacheBehavior [ RunTime:0.000812s ]
INFO: [ app_begin ] --END-- [ RunTime:0.000874s ]
SQL: SHOW COLUMNS FROM `db_course` [ RunTime:0.0064s ]
SQL: SELECT * FROM `db_course`  [ RunTime:0.0003s ]

[ 2017-05-23T16:18:12+08:00 ] ::1 /eduWeb/API/index.php?m=course&c=Classify&a=getAllClassify
INFO: [ app_init ] --START--
INFO: Run Behavior\BuildLiteBehavior [ RunTime:0.000012s ]
INFO: [ app_init ] --END-- [ RunTime:0.000310s ]
INFO: [ app_begin ] --START--
INFO: Run Behavior\ReadHtmlCacheBehavior [ RunTime:0.000669s ]
INFO: [ app_begin ] --END-- [ RunTime:0.000727s ]
SQL: SHOW COLUMNS FROM `db_courseclassify` [ RunTime:0.0065s ]
SQL: SELECT * FROM `db_courseclassify`  [ RunTime:0.0002s ]

[ 2017-05-23T16:18:12+08:00 ] ::1 /eduWeb/API/index.php?m=course&c=course&a=getcourses&classifyId=0
INFO: [ app_init ] --START--
INFO: Run Behavior\BuildLiteBehavior [ RunTime:0.000011s ]
INFO: [ app_init ] --END-- [ RunTime:0.000508s ]
INFO: [ app_begin ] --START--
INFO: Run Behavior\ReadHtmlCacheBehavior [ RunTime:0.001184s ]
INFO: [ app_begin ] --END-- [ RunTime:0.001223s ]
SQL: SHOW COLUMNS FROM `db_course` [ RunTime:0.0030s ]
SQL: SELECT * FROM `db_course`  [ RunTime:0.0002s ]

[ 2017-05-23T16:43:57+08:00 ] ::1 /eduWeb/API/index.php?m=course&c=Classify&a=getAllClassify
INFO: [ app_init ] --START--
INFO: Run Behavior\BuildLiteBehavior [ RunTime:0.000015s ]
INFO: [ app_init ] --END-- [ RunTime:0.000634s ]
INFO: [ app_begin ] --START--
INFO: Run Behavior\ReadHtmlCacheBehavior [ RunTime:0.000709s ]
INFO: [ app_begin ] --END-- [ RunTime:0.000748s ]
SQL: SHOW COLUMNS FROM `db_courseclassify` [ RunTime:0.0068s ]
SQL: SELECT * FROM `db_courseclassify`  [ RunTime:0.0002s ]

[ 2017-05-23T16:43:58+08:00 ] ::1 /eduWeb/API/index.php?m=course&c=course&a=getcourses&classifyId=0
INFO: [ app_init ] --START--
INFO: Run Behavior\BuildLiteBehavior [ RunTime:0.000011s ]
INFO: [ app_init ] --END-- [ RunTime:0.000314s ]
INFO: [ app_begin ] --START--
INFO: Run Behavior\ReadHtmlCacheBehavior [ RunTime:0.000620s ]
INFO: [ app_begin ] --END-- [ RunTime:0.000656s ]
SQL: SHOW COLUMNS FROM `db_course` [ RunTime:0.0029s ]
SQL: SELECT * FROM `db_course`  [ RunTime:0.0003s ]

[ 2017-05-23T16:44:00+08:00 ] ::1 /eduWeb/API/index.php?m=course&c=course&a=getCourseInfo&id=10
INFO: [ app_init ] --START--
INFO: Run Behavior\BuildLiteBehavior [ RunTime:0.000011s ]
INFO: [ app_init ] --END-- [ RunTime:0.000336s ]
INFO: [ app_begin ] --START--
INFO: Run Behavior\ReadHtmlCacheBehavior [ RunTime:0.000667s ]
INFO: [ app_begin ] --END-- [ RunTime:0.000713s ]
SQL: SHOW COLUMNS FROM `db_course` [ RunTime:0.0071s ]
SQL: SELECT * FROM `db_course` WHERE ( courseId=10 ) LIMIT 1   [ RunTime:0.0003s ]

[ 2017-05-23T16:44:00+08:00 ] ::1 /eduWeb/API/index.php?m=course&c=classify&a=getClassifyById&classifyId=1
INFO: [ app_init ] --START--
INFO: Run Behavior\BuildLiteBehavior [ RunTime:0.000012s ]
INFO: [ app_init ] --END-- [ RunTime:0.000316s ]
INFO: [ app_begin ] --START--
INFO: Run Behavior\ReadHtmlCacheBehavior [ RunTime:0.000608s ]
INFO: [ app_begin ] --END-- [ RunTime:0.000644s ]
SQL: SHOW COLUMNS FROM `db_courseclassify` [ RunTime:0.0031s ]
SQL: SELECT * FROM `db_courseclassify` WHERE ( objectId=1 ) LIMIT 1   [ RunTime:0.0003s ]

[ 2017-05-23T16:50:09+08:00 ] ::1 /eduWeb/API/index.php?m=course&c=Classify&a=getAllClassify
INFO: [ app_init ] --START--
INFO: Run Behavior\BuildLiteBehavior [ RunTime:0.000011s ]
INFO: [ app_init ] --END-- [ RunTime:0.000307s ]
INFO: [ app_begin ] --START--
INFO: Run Behavior\ReadHtmlCacheBehavior [ RunTime:0.000675s ]
INFO: [ app_begin ] --END-- [ RunTime:0.000719s ]
SQL: SHOW COLUMNS FROM `db_courseclassify` [ RunTime:0.0030s ]
SQL: SELECT * FROM `db_courseclassify`  [ RunTime:0.0002s ]

[ 2017-05-23T16:51:13+08:00 ] ::1 /eduWeb/API/index.php?m=course&c=course&a=getcourses&classifyId=0
INFO: [ app_init ] --START--
INFO: Run Behavior\BuildLiteBehavior [ RunTime:0.000023s ]
INFO: [ app_init ] --END-- [ RunTime:0.000567s ]
INFO: [ app_begin ] --START--
INFO: Run Behavior\ReadHtmlCacheBehavior [ RunTime:0.000931s ]
INFO: [ app_begin ] --END-- [ RunTime:0.001009s ]
SQL: SHOW COLUMNS FROM `db_course` [ RunTime:0.0074s ]
SQL: SELECT * FROM `db_course`  [ RunTime:0.0002s ]

[ 2017-05-23T16:51:21+08:00 ] ::1 /eduWeb/API/index.php?m=course&c=course&a=getcourses&classifyId=0
INFO: [ app_init ] --START--
INFO: Run Behavior\BuildLiteBehavior [ RunTime:0.000021s ]
INFO: [ app_init ] --END-- [ RunTime:0.000503s ]
INFO: [ app_begin ] --START--
INFO: Run Behavior\ReadHtmlCacheBehavior [ RunTime:0.000881s ]
INFO: [ app_begin ] --END-- [ RunTime:0.000954s ]
SQL: SHOW COLUMNS FROM `db_course` [ RunTime:0.0070s ]
SQL: SELECT * FROM `db_course`  [ RunTime:0.0003s ]

[ 2017-05-23T16:51:22+08:00 ] ::1 /eduWeb/API/index.php?m=course&c=course&a=getcourses&classifyId=0
INFO: [ app_init ] --START--
INFO: Run Behavior\BuildLiteBehavior [ RunTime:0.000016s ]
INFO: [ app_init ] --END-- [ RunTime:0.000432s ]
INFO: [ app_begin ] --START--
INFO: Run Behavior\ReadHtmlCacheBehavior [ RunTime:0.000846s ]
INFO: [ app_begin ] --END-- [ RunTime:0.000905s ]
SQL: SHOW COLUMNS FROM `db_course` [ RunTime:0.0072s ]
SQL: SELECT * FROM `db_course`  [ RunTime:0.0003s ]

[ 2017-05-23T16:51:33+08:00 ] ::1 /eduWeb/API/index.php?m=course&c=course&a=getcourses&classifyId=0
INFO: [ app_init ] --START--
INFO: Run Behavior\BuildLiteBehavior [ RunTime:0.000017s ]
INFO: [ app_init ] --END-- [ RunTime:0.000422s ]
INFO: [ app_begin ] --START--
INFO: Run Behavior\ReadHtmlCacheBehavior [ RunTime:0.000880s ]
INFO: [ app_begin ] --END-- [ RunTime:0.000941s ]
SQL: SHOW COLUMNS FROM `db_course` [ RunTime:0.0070s ]
SQL: SELECT * FROM `db_course`  [ RunTime:0.0002s ]

[ 2017-05-23T17:20:17+08:00 ] ::1 /eduWeb/API/index.php?m=course&c=Classify&a=getAllClassify
INFO: [ app_init ] --START--
INFO: Run Behavior\BuildLiteBehavior [ RunTime:0.000019s ]
INFO: [ app_init ] --END-- [ RunTime:0.000562s ]
INFO: [ app_begin ] --START--
INFO: Run Behavior\ReadHtmlCacheBehavior [ RunTime:0.000783s ]
INFO: [ app_begin ] --END-- [ RunTime:0.000871s ]
SQL: SHOW COLUMNS FROM `db_courseclassify` [ RunTime:0.0068s ]
SQL: SELECT * FROM `db_courseclassify`  [ RunTime:0.0003s ]

[ 2017-05-23T17:20:17+08:00 ] ::1 /eduWeb/API/index.php?m=course&c=course&a=getcourses&classifyId=0
INFO: [ app_init ] --START--
INFO: Run Behavior\BuildLiteBehavior [ RunTime:0.000011s ]
INFO: [ app_init ] --END-- [ RunTime:0.000302s ]
INFO: [ app_begin ] --START--
INFO: Run Behavior\ReadHtmlCacheBehavior [ RunTime:0.000545s ]
INFO: [ app_begin ] --END-- [ RunTime:0.000579s ]
SQL: SHOW COLUMNS FROM `db_course` [ RunTime:0.0029s ]
SQL: SELECT * FROM `db_course`  [ RunTime:0.0003s ]

[ 2017-05-23T17:20:18+08:00 ] ::1 /eduWeb/API/index.php?m=course&c=course&a=getcourses&classifyId=2
INFO: [ app_init ] --START--
INFO: Run Behavior\BuildLiteBehavior [ RunTime:0.000012s ]
INFO: [ app_init ] --END-- [ RunTime:0.000351s ]
INFO: [ app_begin ] --START--
INFO: Run Behavior\ReadHtmlCacheBehavior [ RunTime:0.000579s ]
INFO: [ app_begin ] --END-- [ RunTime:0.000621s ]
SQL: SHOW COLUMNS FROM `db_course` [ RunTime:0.0068s ]
SQL: SELECT * FROM `db_course` WHERE ( classifyId=2 )  [ RunTime:0.0003s ]

[ 2017-05-23T17:20:19+08:00 ] ::1 /eduWeb/API/index.php?m=course&c=course&a=getcourses&classifyId=1
INFO: [ app_init ] --START--
INFO: Run Behavior\BuildLiteBehavior [ RunTime:0.000013s ]
INFO: [ app_init ] --END-- [ RunTime:0.000375s ]
INFO: [ app_begin ] --START--
INFO: Run Behavior\ReadHtmlCacheBehavior [ RunTime:0.000697s ]
INFO: [ app_begin ] --END-- [ RunTime:0.000740s ]
SQL: SHOW COLUMNS FROM `db_course` [ RunTime:0.0066s ]
SQL: SELECT * FROM `db_course` WHERE ( classifyId=1 )  [ RunTime:0.0003s ]

[ 2017-05-23T17:20:19+08:00 ] ::1 /eduWeb/API/index.php?m=course&c=course&a=getcourses&classifyId=27
INFO: [ app_init ] --START--
INFO: Run Behavior\BuildLiteBehavior [ RunTime:0.000013s ]
INFO: [ app_init ] --END-- [ RunTime:0.000376s ]
INFO: [ app_begin ] --START--
INFO: Run Behavior\ReadHtmlCacheBehavior [ RunTime:0.000609s ]
INFO: [ app_begin ] --END-- [ RunTime:0.000648s ]
SQL: SHOW COLUMNS FROM `db_course` [ RunTime:0.0068s ]
SQL: SELECT * FROM `db_course` WHERE ( classifyId=27 )  [ RunTime:0.0002s ]

[ 2017-05-23T17:24:23+08:00 ] ::1 /eduWeb/API/index.php?m=course&c=Classify&a=getAllClassify
INFO: [ app_init ] --START--
INFO: Run Behavior\BuildLiteBehavior [ RunTime:0.000012s ]
INFO: [ app_init ] --END-- [ RunTime:0.000313s ]
INFO: [ app_begin ] --START--
INFO: Run Behavior\ReadHtmlCacheBehavior [ RunTime:0.000939s ]
INFO: [ app_begin ] --END-- [ RunTime:0.001008s ]
SQL: SHOW COLUMNS FROM `db_courseclassify` [ RunTime:0.0066s ]
SQL: SELECT * FROM `db_courseclassify`  [ RunTime:0.0002s ]

[ 2017-05-23T17:24:23+08:00 ] ::1 /eduWeb/API/index.php?m=course&c=course&a=getcourses&classifyId=0
INFO: [ app_init ] --START--
INFO: Run Behavior\BuildLiteBehavior [ RunTime:0.000011s ]
INFO: [ app_init ] --END-- [ RunTime:0.000304s ]
INFO: [ app_begin ] --START--
INFO: Run Behavior\ReadHtmlCacheBehavior [ RunTime:0.000622s ]
INFO: [ app_begin ] --END-- [ RunTime:0.000669s ]
SQL: SHOW COLUMNS FROM `db_course` [ RunTime:0.0030s ]
SQL: SELECT * FROM `db_course`  [ RunTime:0.0002s ]

[ 2017-05-23T17:24:26+08:00 ] ::1 /eduWeb/API/index.php?m=course&c=course&a=getCourseInfo&id=10
INFO: [ app_init ] --START--
INFO: Run Behavior\BuildLiteBehavior [ RunTime:0.000014s ]
INFO: [ app_init ] --END-- [ RunTime:0.000370s ]
INFO: [ app_begin ] --START--
INFO: Run Behavior\ReadHtmlCacheBehavior [ RunTime:0.000750s ]
INFO: [ app_begin ] --END-- [ RunTime:0.000827s ]
SQL: SHOW COLUMNS FROM `db_course` [ RunTime:0.0067s ]
SQL: SELECT * FROM `db_course` WHERE ( courseId=10 ) LIMIT 1   [ RunTime:0.0003s ]

[ 2017-05-23T17:24:26+08:00 ] ::1 /eduWeb/API/index.php?m=course&c=classify&a=getClassifyById&classifyId=1
INFO: [ app_init ] --START--
INFO: Run Behavior\BuildLiteBehavior [ RunTime:0.000013s ]
INFO: [ app_init ] --END-- [ RunTime:0.000373s ]
INFO: [ app_begin ] --START--
INFO: Run Behavior\ReadHtmlCacheBehavior [ RunTime:0.000812s ]
INFO: [ app_begin ] --END-- [ RunTime:0.000883s ]
SQL: SHOW COLUMNS FROM `db_courseclassify` [ RunTime:0.0028s ]
SQL: SELECT * FROM `db_courseclassify` WHERE ( objectId=1 ) LIMIT 1   [ RunTime:0.0003s ]

[ 2017-05-23T17:29:08+08:00 ] ::1 /eduWeb/API/?m=course&c=course&a=getCourseInfo&id=10
INFO: [ app_init ] --START--
INFO: Run Behavior\BuildLiteBehavior [ RunTime:0.000012s ]
INFO: [ app_init ] --END-- [ RunTime:0.000319s ]
INFO: [ app_begin ] --START--
INFO: Run Behavior\ReadHtmlCacheBehavior [ RunTime:0.000569s ]
INFO: [ app_begin ] --END-- [ RunTime:0.000617s ]
SQL: SHOW COLUMNS FROM `db_course` [ RunTime:0.0089s ]
SQL: SELECT * FROM `db_course` WHERE ( courseId=10 ) LIMIT 1   [ RunTime:0.0003s ]

[ 2017-05-23T17:30:05+08:00 ] ::1 /eduWeb/API/index.php?m=course&c=course&a=getCourseInfo&id=10
INFO: [ app_init ] --START--
INFO: Run Behavior\BuildLiteBehavior [ RunTime:0.000017s ]
INFO: [ app_init ] --END-- [ RunTime:0.000580s ]
INFO: [ app_begin ] --START--
INFO: Run Behavior\ReadHtmlCacheBehavior [ RunTime:0.000628s ]
INFO: [ app_begin ] --END-- [ RunTime:0.000668s ]
SQL: SHOW COLUMNS FROM `db_course` [ RunTime:0.0097s ]
SQL: SELECT * FROM `db_course` WHERE ( courseId=10 ) LIMIT 1   [ RunTime:0.0003s ]

[ 2017-05-23T17:30:05+08:00 ] ::1 /eduWeb/API/index.php?m=course&c=classify&a=getClassifyById&classifyId=1
INFO: [ app_init ] --START--
INFO: Run Behavior\BuildLiteBehavior [ RunTime:0.000011s ]
INFO: [ app_init ] --END-- [ RunTime:0.000300s ]
INFO: [ app_begin ] --START--
INFO: Run Behavior\ReadHtmlCacheBehavior [ RunTime:0.000652s ]
INFO: [ app_begin ] --END-- [ RunTime:0.000690s ]
SQL: SHOW COLUMNS FROM `db_courseclassify` [ RunTime:0.0057s ]
SQL: SELECT * FROM `db_courseclassify` WHERE ( objectId=1 ) LIMIT 1   [ RunTime:0.0002s ]

[ 2017-05-23T17:30:05+08:00 ] ::1 /eduWeb/API/index.php?m=course&c=course&a=getCourseInfo&id=10
INFO: [ app_init ] --START--
INFO: Run Behavior\BuildLiteBehavior [ RunTime:0.000018s ]
INFO: [ app_init ] --END-- [ RunTime:0.000421s ]
INFO: [ app_begin ] --START--
INFO: Run Behavior\ReadHtmlCacheBehavior [ RunTime:0.001034s ]
INFO: [ app_begin ] --END-- [ RunTime:0.001114s ]
SQL: SHOW COLUMNS FROM `db_course` [ RunTime:0.0097s ]
SQL: SELECT * FROM `db_course` WHERE ( courseId=10 ) LIMIT 1   [ RunTime:0.0002s ]

[ 2017-05-23T17:30:05+08:00 ] ::1 /eduWeb/API/index.php?m=course&c=classify&a=getClassifyById&classifyId=1
INFO: [ app_init ] --START--
INFO: Run Behavior\BuildLiteBehavior [ RunTime:0.000012s ]
INFO: [ app_init ] --END-- [ RunTime:0.000281s ]
INFO: [ app_begin ] --START--
INFO: Run Behavior\ReadHtmlCacheBehavior [ RunTime:0.000539s ]
INFO: [ app_begin ] --END-- [ RunTime:0.000574s ]
SQL: SHOW COLUMNS FROM `db_courseclassify` [ RunTime:0.0055s ]
SQL: SELECT * FROM `db_courseclassify` WHERE ( objectId=1 ) LIMIT 1   [ RunTime:0.0002s ]

[ 2017-05-23T17:30:06+08:00 ] ::1 /eduWeb/API/index.php?m=course&c=course&a=getCourseInfo&id=10
INFO: [ app_init ] --START--
INFO: Run Behavior\BuildLiteBehavior [ RunTime:0.000018s ]
INFO: [ app_init ] --END-- [ RunTime:0.000396s ]
INFO: [ app_begin ] --START--
INFO: Run Behavior\ReadHtmlCacheBehavior [ RunTime:0.000746s ]
INFO: [ app_begin ] --END-- [ RunTime:0.000801s ]
SQL: SHOW COLUMNS FROM `db_course` [ RunTime:0.0099s ]
SQL: SELECT * FROM `db_course` WHERE ( courseId=10 ) LIMIT 1   [ RunTime:0.0003s ]

[ 2017-05-23T17:30:06+08:00 ] ::1 /eduWeb/API/index.php?m=course&c=classify&a=getClassifyById&classifyId=1
INFO: [ app_init ] --START--
INFO: Run Behavior\BuildLiteBehavior [ RunTime:0.000012s ]
INFO: [ app_init ] --END-- [ RunTime:0.000355s ]
INFO: [ app_begin ] --START--
INFO: Run Behavior\ReadHtmlCacheBehavior [ RunTime:0.000594s ]
INFO: [ app_begin ] --END-- [ RunTime:0.000628s ]
SQL: SHOW COLUMNS FROM `db_courseclassify` [ RunTime:0.0055s ]
SQL: SELECT * FROM `db_courseclassify` WHERE ( objectId=1 ) LIMIT 1   [ RunTime:0.0002s ]

[ 2017-05-23T17:30:10+08:00 ] ::1 /eduWeb/API/?m=course&c=course&a=getCourseInfo&id=10
INFO: [ app_init ] --START--
INFO: Run Behavior\BuildLiteBehavior [ RunTime:0.000011s ]
INFO: [ app_init ] --END-- [ RunTime:0.000336s ]
INFO: [ app_begin ] --START--
INFO: Run Behavior\ReadHtmlCacheBehavior [ RunTime:0.000591s ]
INFO: [ app_begin ] --END-- [ RunTime:0.000628s ]
SQL: SHOW COLUMNS FROM `db_course` [ RunTime:0.0093s ]
SQL: SELECT * FROM `db_course` WHERE ( courseId=10 ) LIMIT 1   [ RunTime:0.0003s ]

[ 2017-05-23T17:30:10+08:00 ] ::1 /eduWeb/API/?m=course&c=course&a=getCourseInfo&id=10
INFO: [ app_init ] --START--
INFO: Run Behavior\BuildLiteBehavior [ RunTime:0.000015s ]
INFO: [ app_init ] --END-- [ RunTime:0.000428s ]
INFO: [ app_begin ] --START--
INFO: Run Behavior\ReadHtmlCacheBehavior [ RunTime:0.000664s ]
INFO: [ app_begin ] --END-- [ RunTime:0.000709s ]
SQL: SHOW COLUMNS FROM `db_course` [ RunTime:0.0095s ]
SQL: SELECT * FROM `db_course` WHERE ( courseId=10 ) LIMIT 1   [ RunTime:0.0003s ]

[ 2017-05-23T17:30:11+08:00 ] ::1 /eduWeb/API/?m=course&c=course&a=getCourseInfo&id=10
INFO: [ app_init ] --START--
INFO: Run Behavior\BuildLiteBehavior [ RunTime:0.000012s ]
INFO: [ app_init ] --END-- [ RunTime:0.000363s ]
INFO: [ app_begin ] --START--
INFO: Run Behavior\ReadHtmlCacheBehavior [ RunTime:0.000653s ]
INFO: [ app_begin ] --END-- [ RunTime:0.000695s ]
SQL: SHOW COLUMNS FROM `db_course` [ RunTime:0.0095s ]
SQL: SELECT * FROM `db_course` WHERE ( courseId=10 ) LIMIT 1   [ RunTime:0.0003s ]

[ 2017-05-23T17:30:11+08:00 ] ::1 /eduWeb/API/?m=course&c=course&a=getCourseInfo&id=10
INFO: [ app_init ] --START--
INFO: Run Behavior\BuildLiteBehavior [ RunTime:0.000012s ]
INFO: [ app_init ] --END-- [ RunTime:0.000379s ]
INFO: [ app_begin ] --START--
INFO: Run Behavior\ReadHtmlCacheBehavior [ RunTime:0.000658s ]
INFO: [ app_begin ] --END-- [ RunTime:0.000701s ]
SQL: SHOW COLUMNS FROM `db_course` [ RunTime:0.0095s ]
SQL: SELECT * FROM `db_course` WHERE ( courseId=10 ) LIMIT 1   [ RunTime:0.0003s ]

[ 2017-05-23T17:30:11+08:00 ] ::1 /eduWeb/API/?m=course&c=course&a=getCourseInfo&id=10
INFO: [ app_init ] --START--
INFO: Run Behavior\BuildLiteBehavior [ RunTime:0.000011s ]
INFO: [ app_init ] --END-- [ RunTime:0.000337s ]
INFO: [ app_begin ] --START--
INFO: Run Behavior\ReadHtmlCacheBehavior [ RunTime:0.000652s ]
INFO: [ app_begin ] --END-- [ RunTime:0.000692s ]
SQL: SHOW COLUMNS FROM `db_course` [ RunTime:0.0096s ]
SQL: SELECT * FROM `db_course` WHERE ( courseId=10 ) LIMIT 1   [ RunTime:0.0003s ]

[ 2017-05-23T17:30:13+08:00 ] ::1 /eduWeb/API/?m=course&c=course&a=getCourseInfo&id=10
INFO: [ app_init ] --START--
INFO: Run Behavior\BuildLiteBehavior [ RunTime:0.000012s ]
INFO: [ app_init ] --END-- [ RunTime:0.000365s ]
INFO: [ app_begin ] --START--
INFO: Run Behavior\ReadHtmlCacheBehavior [ RunTime:0.000736s ]
INFO: [ app_begin ] --END-- [ RunTime:0.000792s ]
SQL: SHOW COLUMNS FROM `db_course` [ RunTime:0.0093s ]
SQL: SELECT * FROM `db_course` WHERE ( courseId=10 ) LIMIT 1   [ RunTime:0.0003s ]

[ 2017-05-23T19:39:38+08:00 ] ::1 /eduWeb/API/index.php?m=course&c=course&a=getcourses&classifyId=0
INFO: [ app_init ] --START--
INFO: Run Behavior\BuildLiteBehavior [ RunTime:0.000024s ]
INFO: [ app_init ] --END-- [ RunTime:0.002611s ]
INFO: [ app_begin ] --START--
INFO: Run Behavior\ReadHtmlCacheBehavior [ RunTime:0.001283s ]
INFO: [ app_begin ] --END-- [ RunTime:0.001376s ]
SQL: SHOW COLUMNS FROM `db_course` [ RunTime:0.0054s ]
SQL: SELECT * FROM `db_course`  [ RunTime:0.0004s ]

[ 2017-05-23T19:39:58+08:00 ] ::1 /eduWeb/API/index.php?m=course&c=course&a=getcourses&classifyId=0
INFO: [ app_init ] --START--
INFO: Run Behavior\BuildLiteBehavior [ RunTime:0.000017s ]
INFO: [ app_init ] --END-- [ RunTime:0.000414s ]
INFO: [ app_begin ] --START--
INFO: Run Behavior\ReadHtmlCacheBehavior [ RunTime:0.000657s ]
INFO: [ app_begin ] --END-- [ RunTime:0.000716s ]
SQL: SHOW COLUMNS FROM `db_course` [ RunTime:0.0046s ]
SQL: SELECT * FROM `db_course`  [ RunTime:0.0002s ]

[ 2017-05-23T19:45:11+08:00 ] ::1 /eduWeb/API/index.php?m=course&c=course&a=getcourses&classifyId=0
INFO: [ app_init ] --START--
INFO: Run Behavior\BuildLiteBehavior [ RunTime:0.000016s ]
INFO: [ app_init ] --END-- [ RunTime:0.000434s ]
INFO: [ app_begin ] --START--
INFO: Run Behavior\ReadHtmlCacheBehavior [ RunTime:0.000753s ]
INFO: [ app_begin ] --END-- [ RunTime:0.000813s ]
SQL: SHOW COLUMNS FROM `db_course` [ RunTime:0.0028s ]
SQL: SELECT * FROM `db_course`  [ RunTime:0.0002s ]

[ 2017-05-23T19:46:01+08:00 ] ::1 /eduWeb/API/index.php?m=course&c=course&a=getcourses&classifyId=0
INFO: [ app_init ] --START--
INFO: Run Behavior\BuildLiteBehavior [ RunTime:0.000013s ]
INFO: [ app_init ] --END-- [ RunTime:0.000341s ]
INFO: [ app_begin ] --START--
INFO: Run Behavior\ReadHtmlCacheBehavior [ RunTime:0.000655s ]
INFO: [ app_begin ] --END-- [ RunTime:0.000721s ]
SQL: SHOW COLUMNS FROM `db_course` [ RunTime:0.0071s ]
SQL: SELECT * FROM `db_course`  [ RunTime:0.0002s ]

[ 2017-05-23T22:31:49+08:00 ] ::1 /eduWeb/API/?m=course&c=course&a=getcourse&classifyId=1
INFO: [ app_init ] --START--
INFO: Run Behavior\BuildLiteBehavior [ RunTime:0.000020s ]
INFO: [ app_init ] --END-- [ RunTime:0.003343s ]
INFO: [ app_begin ] --START--
INFO: Run Behavior\ReadHtmlCacheBehavior [ RunTime:0.001264s ]
INFO: [ app_begin ] --END-- [ RunTime:0.001326s ]

[ 2017-05-23T22:32:03+08:00 ] ::1 /eduWeb/API/?m=course&c=course&a=getCourseInfo&id=1
INFO: [ app_init ] --START--
INFO: Run Behavior\BuildLiteBehavior [ RunTime:0.000018s ]
INFO: [ app_init ] --END-- [ RunTime:0.000380s ]
INFO: [ app_begin ] --START--
INFO: Run Behavior\ReadHtmlCacheBehavior [ RunTime:0.000688s ]
INFO: [ app_begin ] --END-- [ RunTime:0.000755s ]
SQL: SHOW COLUMNS FROM `db_course` [ RunTime:0.0121s ]
SQL: SELECT * FROM `db_course` WHERE ( courseId=1 ) LIMIT 1   [ RunTime:0.0015s ]

[ 2017-05-23T22:32:16+08:00 ] ::1 /eduWeb/API/?m=course&c=course&a=getCourseInfo&id=2
INFO: [ app_init ] --START--
INFO: Run Behavior\BuildLiteBehavior [ RunTime:0.000011s ]
INFO: [ app_init ] --END-- [ RunTime:0.000312s ]
INFO: [ app_begin ] --START--
INFO: Run Behavior\ReadHtmlCacheBehavior [ RunTime:0.000489s ]
INFO: [ app_begin ] --END-- [ RunTime:0.000527s ]
SQL: SHOW COLUMNS FROM `db_course` [ RunTime:0.0032s ]
SQL: SELECT * FROM `db_course` WHERE ( courseId=2 ) LIMIT 1   [ RunTime:0.0003s ]

[ 2017-05-23T22:32:19+08:00 ] ::1 /eduWeb/API/?m=course&c=course&a=getCourseInfo&id=4
INFO: [ app_init ] --START--
INFO: Run Behavior\BuildLiteBehavior [ RunTime:0.000011s ]
INFO: [ app_init ] --END-- [ RunTime:0.000270s ]
INFO: [ app_begin ] --START--
INFO: Run Behavior\ReadHtmlCacheBehavior [ RunTime:0.000398s ]
INFO: [ app_begin ] --END-- [ RunTime:0.000435s ]
SQL: SHOW COLUMNS FROM `db_course` [ RunTime:0.0032s ]
SQL: SELECT * FROM `db_course` WHERE ( courseId=4 ) LIMIT 1   [ RunTime:0.0003s ]

[ 2017-05-23T22:32:23+08:00 ] ::1 /eduWeb/API/?m=course&c=course&a=getCourseInfo&id=10
INFO: [ app_init ] --START--
INFO: Run Behavior\BuildLiteBehavior [ RunTime:0.000010s ]
INFO: [ app_init ] --END-- [ RunTime:0.000274s ]
INFO: [ app_begin ] --START--
INFO: Run Behavior\ReadHtmlCacheBehavior [ RunTime:0.000399s ]
INFO: [ app_begin ] --END-- [ RunTime:0.000435s ]
SQL: SHOW COLUMNS FROM `db_course` [ RunTime:0.0042s ]
SQL: SELECT * FROM `db_course` WHERE ( courseId=10 ) LIMIT 1   [ RunTime:0.0003s ]

[ 2017-05-23T22:37:22+08:00 ] ::1 /eduWeb/API/?m=course&c=course&a=getCourseInfo&id=10
INFO: [ app_init ] --START--
INFO: Run Behavior\BuildLiteBehavior [ RunTime:0.000011s ]
INFO: [ app_init ] --END-- [ RunTime:0.000306s ]
INFO: [ app_begin ] --START--
INFO: Run Behavior\ReadHtmlCacheBehavior [ RunTime:0.000494s ]
INFO: [ app_begin ] --END-- [ RunTime:0.000534s ]
SQL: SHOW COLUMNS FROM `db_course` [ RunTime:0.0072s ]
SQL: SHOW COLUMNS FROM `db_user` [ RunTime:0.0063s ]
SQL: SELECT a.nickname as nickname,a.username as username,b.courseId as courseId,b.name as name,b.description as description,b.courseNumber as courseNumber,b.classifyId as classifyId,B.authorId as authorId,b.content as content,b.createAt as createAt,b.updateAt as updateAt FROM db_user as a INNER JOIN db_course as b on b.authorId = a.objectId  LIMIT 1   [ RunTime:0.0019s ]

[ 2017-05-23T22:37:30+08:00 ] ::1 /eduWeb/API/index.php?m=course&c=course&a=getcourses&classifyId=0
INFO: [ app_init ] --START--
INFO: Run Behavior\BuildLiteBehavior [ RunTime:0.000021s ]
INFO: [ app_init ] --END-- [ RunTime:0.000503s ]
INFO: [ app_begin ] --START--
INFO: Run Behavior\ReadHtmlCacheBehavior [ RunTime:0.001028s ]
INFO: [ app_begin ] --END-- [ RunTime:0.001141s ]
SQL: SHOW COLUMNS FROM `db_course` [ RunTime:0.0041s ]
SQL: SELECT * FROM `db_course`  [ RunTime:0.0003s ]

[ 2017-05-23T22:37:31+08:00 ] ::1 /eduWeb/API/index.php?m=course&c=Classify&a=getAllClassify
INFO: [ app_init ] --START--
INFO: Run Behavior\BuildLiteBehavior [ RunTime:0.000014s ]
INFO: [ app_init ] --END-- [ RunTime:0.000370s ]
INFO: [ app_begin ] --START--
INFO: Run Behavior\ReadHtmlCacheBehavior [ RunTime:0.000573s ]
INFO: [ app_begin ] --END-- [ RunTime:0.000628s ]
SQL: SHOW COLUMNS FROM `db_courseclassify` [ RunTime:0.0041s ]
SQL: SELECT * FROM `db_courseclassify`  [ RunTime:0.0002s ]

[ 2017-05-23T22:37:31+08:00 ] ::1 /eduWeb/API/index.php?m=course&c=course&a=getcourses&classifyId=0
INFO: [ app_init ] --START--
INFO: Run Behavior\BuildLiteBehavior [ RunTime:0.000014s ]
INFO: [ app_init ] --END-- [ RunTime:0.000363s ]
INFO: [ app_begin ] --START--
INFO: Run Behavior\ReadHtmlCacheBehavior [ RunTime:0.000687s ]
INFO: [ app_begin ] --END-- [ RunTime:0.000752s ]
SQL: SHOW COLUMNS FROM `db_course` [ RunTime:0.0032s ]
SQL: SELECT * FROM `db_course`  [ RunTime:0.0003s ]

[ 2017-05-23T22:37:33+08:00 ] ::1 /eduWeb/API/index.php?m=course&c=course&a=getCourseInfo&id=10
INFO: [ app_init ] --START--
INFO: Run Behavior\BuildLiteBehavior [ RunTime:0.000010s ]
INFO: [ app_init ] --END-- [ RunTime:0.000278s ]
INFO: [ app_begin ] --START--
INFO: Run Behavior\ReadHtmlCacheBehavior [ RunTime:0.000482s ]
INFO: [ app_begin ] --END-- [ RunTime:0.000530s ]
SQL: SHOW COLUMNS FROM `db_course` [ RunTime:0.0029s ]
SQL: SHOW COLUMNS FROM `db_user` [ RunTime:0.0029s ]
SQL: SELECT a.nickname as nickname,a.username as username,b.courseId as courseId,b.name as name,b.description as description,b.courseNumber as courseNumber,b.classifyId as classifyId,B.authorId as authorId,b.content as content,b.createAt as createAt,b.updateAt as updateAt FROM db_user as a INNER JOIN db_course as b on b.authorId = a.objectId  LIMIT 1   [ RunTime:0.0003s ]

[ 2017-05-23T22:37:33+08:00 ] ::1 /eduWeb/API/index.php?m=course&c=classify&a=getClassifyById&classifyId=1
INFO: [ app_init ] --START--
INFO: Run Behavior\BuildLiteBehavior [ RunTime:0.000016s ]
INFO: [ app_init ] --END-- [ RunTime:0.000402s ]
INFO: [ app_begin ] --START--
INFO: Run Behavior\ReadHtmlCacheBehavior [ RunTime:0.000473s ]
INFO: [ app_begin ] --END-- [ RunTime:0.000520s ]
SQL: SHOW COLUMNS FROM `db_courseclassify` [ RunTime:0.0031s ]
SQL: SELECT * FROM `db_courseclassify` WHERE ( objectId=1 ) LIMIT 1   [ RunTime:0.0002s ]

[ 2017-05-23T22:37:35+08:00 ] ::1 /eduWeb/API/index.php?m=course&c=course&a=getCourseContent&id=10&action=course
INFO: [ app_init ] --START--
INFO: Run Behavior\BuildLiteBehavior [ RunTime:0.000015s ]
INFO: [ app_init ] --END-- [ RunTime:0.000387s ]
INFO: [ app_begin ] --START--
INFO: Run Behavior\ReadHtmlCacheBehavior [ RunTime:0.000616s ]
INFO: [ app_begin ] --END-- [ RunTime:0.000675s ]
SQL: SHOW COLUMNS FROM `db_course` [ RunTime:0.0037s ]
SQL: SELECT * FROM `db_course` WHERE ( courseId=10 )  [ RunTime:0.0002s ]
SQL: UPDATE `db_course` SET `courseNumber`=courseNumber+1 WHERE ( courseId=10 ) [ RunTime:0.0010s ]

[ 2017-05-23T22:37:47+08:00 ] ::1 /eduWeb/API/index.php?m=course&c=course&a=getCourseInfo&id=10
INFO: [ app_init ] --START--
INFO: Run Behavior\BuildLiteBehavior [ RunTime:0.000018s ]
INFO: [ app_init ] --END-- [ RunTime:0.000420s ]
INFO: [ app_begin ] --START--
INFO: Run Behavior\ReadHtmlCacheBehavior [ RunTime:0.000594s ]
INFO: [ app_begin ] --END-- [ RunTime:0.000647s ]
SQL: SHOW COLUMNS FROM `db_course` [ RunTime:0.0074s ]
SQL: SHOW COLUMNS FROM `db_user` [ RunTime:0.0031s ]
SQL: SELECT a.nickname as nickname,a.username as username,b.courseId as courseId,b.name as name,b.description as description,b.courseNumber as courseNumber,b.classifyId as classifyId,B.authorId as authorId,b.content as content,b.createAt as createAt,b.updateAt as updateAt FROM db_user as a INNER JOIN db_course as b on b.authorId = a.objectId  LIMIT 1   [ RunTime:0.0003s ]

[ 2017-05-23T22:37:47+08:00 ] ::1 /eduWeb/API/index.php?m=course&c=classify&a=getClassifyById&classifyId=1
INFO: [ app_init ] --START--
INFO: Run Behavior\BuildLiteBehavior [ RunTime:0.000013s ]
INFO: [ app_init ] --END-- [ RunTime:0.000306s ]
INFO: [ app_begin ] --START--
INFO: Run Behavior\ReadHtmlCacheBehavior [ RunTime:0.000473s ]
INFO: [ app_begin ] --END-- [ RunTime:0.000518s ]
SQL: SHOW COLUMNS FROM `db_courseclassify` [ RunTime:0.0035s ]
SQL: SELECT * FROM `db_courseclassify` WHERE ( objectId=1 ) LIMIT 1   [ RunTime:0.0004s ]

[ 2017-05-23T22:37:53+08:00 ] ::1 /eduWeb/API/index.php?m=course&c=course&a=getCourseInfo&id=10
INFO: [ app_init ] --START--
INFO: Run Behavior\BuildLiteBehavior [ RunTime:0.000018s ]
INFO: [ app_init ] --END-- [ RunTime:0.000418s ]
INFO: [ app_begin ] --START--
INFO: Run Behavior\ReadHtmlCacheBehavior [ RunTime:0.000639s ]
INFO: [ app_begin ] --END-- [ RunTime:0.000703s ]
SQL: SHOW COLUMNS FROM `db_course` [ RunTime:0.0030s ]
SQL: SHOW COLUMNS FROM `db_user` [ RunTime:0.0029s ]
SQL: SELECT a.nickname as nickname,a.username as username,b.courseId as courseId,b.name as name,b.description as description,b.courseNumber as courseNumber,b.classifyId as classifyId,B.authorId as authorId,b.content as content,b.createAt as createAt,b.updateAt as updateAt FROM db_user as a INNER JOIN db_course as b on b.authorId = a.objectId  LIMIT 1   [ RunTime:0.0003s ]

[ 2017-05-23T22:37:53+08:00 ] ::1 /eduWeb/API/index.php?m=course&c=classify&a=getClassifyById&classifyId=1
INFO: [ app_init ] --START--
INFO: Run Behavior\BuildLiteBehavior [ RunTime:0.000012s ]
INFO: [ app_init ] --END-- [ RunTime:0.000336s ]
INFO: [ app_begin ] --START--
INFO: Run Behavior\ReadHtmlCacheBehavior [ RunTime:0.000443s ]
INFO: [ app_begin ] --END-- [ RunTime:0.000484s ]
SQL: SHOW COLUMNS FROM `db_courseclassify` [ RunTime:0.0026s ]
SQL: SELECT * FROM `db_courseclassify` WHERE ( objectId=1 ) LIMIT 1   [ RunTime:0.0003s ]

[ 2017-05-23T22:39:23+08:00 ] ::1 /eduWeb/API/index.php?m=course&c=course&a=getCourseInfo&id=10
INFO: [ app_init ] --START--
INFO: Run Behavior\BuildLiteBehavior [ RunTime:0.000017s ]
INFO: [ app_init ] --END-- [ RunTime:0.000393s ]
INFO: [ app_begin ] --START--
INFO: Run Behavior\ReadHtmlCacheBehavior [ RunTime:0.000636s ]
INFO: [ app_begin ] --END-- [ RunTime:0.000699s ]
SQL: SHOW COLUMNS FROM `db_course` [ RunTime:0.0037s ]
SQL: SHOW COLUMNS FROM `db_user` [ RunTime:0.0032s ]
SQL: SELECT a.nickname as nickname,a.username as username,b.courseId as courseId,b.name as name,b.description as description,b.courseNumber as courseNumber,b.classifyId as classifyId,B.authorId as authorId,b.content as content,b.createAt as createAt,b.updateAt as updateAt FROM db_user as a INNER JOIN db_course as b on b.authorId = a.objectId  LIMIT 1   [ RunTime:0.0003s ]

[ 2017-05-23T22:39:23+08:00 ] ::1 /eduWeb/API/index.php?m=course&c=classify&a=getClassifyById&classifyId=1
INFO: [ app_init ] --START--
INFO: Run Behavior\BuildLiteBehavior [ RunTime:0.000011s ]
INFO: [ app_init ] --END-- [ RunTime:0.000274s ]
INFO: [ app_begin ] --START--
INFO: Run Behavior\ReadHtmlCacheBehavior [ RunTime:0.000410s ]
INFO: [ app_begin ] --END-- [ RunTime:0.000443s ]
SQL: SHOW COLUMNS FROM `db_courseclassify` [ RunTime:0.0028s ]
SQL: SELECT * FROM `db_courseclassify` WHERE ( objectId=1 ) LIMIT 1   [ RunTime:0.0002s ]

[ 2017-05-23T22:39:31+08:00 ] ::1 /eduWeb/API/index.php?m=course&c=course&a=getCourseContent&id=10&action=course
INFO: [ app_init ] --START--
INFO: Run Behavior\BuildLiteBehavior [ RunTime:0.000017s ]
INFO: [ app_init ] --END-- [ RunTime:0.000421s ]
INFO: [ app_begin ] --START--
INFO: Run Behavior\ReadHtmlCacheBehavior [ RunTime:0.000982s ]
INFO: [ app_begin ] --END-- [ RunTime:0.001072s ]
SQL: SHOW COLUMNS FROM `db_course` [ RunTime:0.0030s ]
SQL: SELECT * FROM `db_course` WHERE ( courseId=10 )  [ RunTime:0.0003s ]
SQL: UPDATE `db_course` SET `courseNumber`=courseNumber+1 WHERE ( courseId=10 ) [ RunTime:0.0003s ]

[ 2017-05-23T22:39:36+08:00 ] ::1 /eduWeb/API/index.php?m=course&c=course&a=getCourseInfo&id=10
INFO: [ app_init ] --START--
INFO: Run Behavior\BuildLiteBehavior [ RunTime:0.000015s ]
INFO: [ app_init ] --END-- [ RunTime:0.000547s ]
INFO: [ app_begin ] --START--
INFO: Run Behavior\ReadHtmlCacheBehavior [ RunTime:0.000801s ]
INFO: [ app_begin ] --END-- [ RunTime:0.000876s ]
SQL: SHOW COLUMNS FROM `db_course` [ RunTime:0.0030s ]
SQL: SHOW COLUMNS FROM `db_user` [ RunTime:0.0042s ]
SQL: SELECT a.nickname as nickname,a.username as username,b.courseId as courseId,b.name as name,b.description as description,b.courseNumber as courseNumber,b.classifyId as classifyId,B.authorId as authorId,b.content as content,b.createAt as createAt,b.updateAt as updateAt FROM db_user as a INNER JOIN db_course as b on b.authorId = a.objectId  LIMIT 1   [ RunTime:0.0003s ]

[ 2017-05-23T22:39:36+08:00 ] ::1 /eduWeb/API/index.php?m=course&c=classify&a=getClassifyById&classifyId=1
INFO: [ app_init ] --START--
INFO: Run Behavior\BuildLiteBehavior [ RunTime:0.000012s ]
INFO: [ app_init ] --END-- [ RunTime:0.000302s ]
INFO: [ app_begin ] --START--
INFO: Run Behavior\ReadHtmlCacheBehavior [ RunTime:0.000477s ]
INFO: [ app_begin ] --END-- [ RunTime:0.000550s ]
SQL: SHOW COLUMNS FROM `db_courseclassify` [ RunTime:0.0034s ]
SQL: SELECT * FROM `db_courseclassify` WHERE ( objectId=1 ) LIMIT 1   [ RunTime:0.0004s ]

[ 2017-05-23T22:39:39+08:00 ] ::1 /eduWeb/API/index.php?m=course&c=course&a=getCourseContent&id=10&action=course
INFO: [ app_init ] --START--
INFO: Run Behavior\BuildLiteBehavior [ RunTime:0.000016s ]
INFO: [ app_init ] --END-- [ RunTime:0.000390s ]
INFO: [ app_begin ] --START--
INFO: Run Behavior\ReadHtmlCacheBehavior [ RunTime:0.000644s ]
INFO: [ app_begin ] --END-- [ RunTime:0.000709s ]
SQL: SHOW COLUMNS FROM `db_course` [ RunTime:0.0071s ]
SQL: SELECT * FROM `db_course` WHERE ( courseId=10 )  [ RunTime:0.0003s ]
SQL: UPDATE `db_course` SET `courseNumber`=courseNumber+1 WHERE ( courseId=10 ) [ RunTime:0.0002s ]

[ 2017-05-23T22:45:10+08:00 ] ::1 /eduWeb/API/index.php?m=course&c=course&a=getCourseInfo&id=10
INFO: [ app_init ] --START--
INFO: Run Behavior\BuildLiteBehavior [ RunTime:0.000011s ]
INFO: [ app_init ] --END-- [ RunTime:0.000301s ]
INFO: [ app_begin ] --START--
INFO: Run Behavior\ReadHtmlCacheBehavior [ RunTime:0.000486s ]
INFO: [ app_begin ] --END-- [ RunTime:0.000520s ]
SQL: SHOW COLUMNS FROM `db_course` [ RunTime:0.0030s ]
SQL: SHOW COLUMNS FROM `db_user` [ RunTime:0.0029s ]
SQL: SELECT a.nickname as nickname,a.username as username,b.courseId as courseId,b.name as name,b.description as description,b.courseNumber as courseNumber,b.classifyId as classifyId,B.authorId as authorId,b.content as content,b.createAt as createAt,b.updateAt as updateAt FROM db_user as a INNER JOIN db_course as b on b.authorId = a.objectId  LIMIT 1   [ RunTime:0.0003s ]

[ 2017-05-23T22:45:10+08:00 ] ::1 /eduWeb/API/index.php?m=course&c=classify&a=getClassifyById&classifyId=1
INFO: [ app_init ] --START--
INFO: Run Behavior\BuildLiteBehavior [ RunTime:0.000010s ]
INFO: [ app_init ] --END-- [ RunTime:0.000274s ]
INFO: [ app_begin ] --START--
INFO: Run Behavior\ReadHtmlCacheBehavior [ RunTime:0.000407s ]
INFO: [ app_begin ] --END-- [ RunTime:0.000441s ]
SQL: SHOW COLUMNS FROM `db_courseclassify` [ RunTime:0.0035s ]
SQL: SELECT * FROM `db_courseclassify` WHERE ( objectId=1 ) LIMIT 1   [ RunTime:0.0002s ]

[ 2017-05-23T22:45:12+08:00 ] ::1 /eduWeb/API/index.php?m=course&c=course&a=getCourseContent&id=10&action=course
INFO: [ app_init ] --START--
INFO: Run Behavior\BuildLiteBehavior [ RunTime:0.000019s ]
INFO: [ app_init ] --END-- [ RunTime:0.000482s ]
INFO: [ app_begin ] --START--
INFO: Run Behavior\ReadHtmlCacheBehavior [ RunTime:0.000582s ]
INFO: [ app_begin ] --END-- [ RunTime:0.000632s ]
SQL: SHOW COLUMNS FROM `db_course` [ RunTime:0.0069s ]
SQL: SELECT * FROM `db_course` WHERE ( courseId=10 )  [ RunTime:0.0003s ]
SQL: UPDATE `db_course` SET `courseNumber`=courseNumber+1 WHERE ( courseId=10 ) [ RunTime:0.0002s ]

[ 2017-05-23T22:46:15+08:00 ] ::1 /eduWeb/API/?m=course&c=course&a=getCourseContent&id=10
INFO: [ app_init ] --START--
INFO: Run Behavior\BuildLiteBehavior [ RunTime:0.000011s ]
INFO: [ app_init ] --END-- [ RunTime:0.000307s ]
INFO: [ app_begin ] --START--
INFO: Run Behavior\ReadHtmlCacheBehavior [ RunTime:0.000490s ]
INFO: [ app_begin ] --END-- [ RunTime:0.000529s ]

[ 2017-05-23T22:46:34+08:00 ] ::1 /eduWeb/API/?m=course&c=course&a=getCourseContent&id=10&action=course
INFO: [ app_init ] --START--
INFO: Run Behavior\BuildLiteBehavior [ RunTime:0.000011s ]
INFO: [ app_init ] --END-- [ RunTime:0.000266s ]
INFO: [ app_begin ] --START--
INFO: Run Behavior\ReadHtmlCacheBehavior [ RunTime:0.000398s ]
INFO: [ app_begin ] --END-- [ RunTime:0.000435s ]
SQL: SHOW COLUMNS FROM `db_course` [ RunTime:0.0030s ]
SQL: SELECT * FROM `db_course` WHERE ( courseId=10 )  [ RunTime:0.0003s ]
SQL: UPDATE `db_course` SET `courseNumber`=courseNumber+1 WHERE ( courseId=10 ) [ RunTime:0.0002s ]

[ 2017-05-23T22:46:58+08:00 ] ::1 /eduWeb/API/index.php?m=course&c=course&a=getCourseContent&id=10&action=course
INFO: [ app_init ] --START--
INFO: Run Behavior\BuildLiteBehavior [ RunTime:0.000015s ]
INFO: [ app_init ] --END-- [ RunTime:0.000436s ]
INFO: [ app_begin ] --START--
INFO: Run Behavior\ReadHtmlCacheBehavior [ RunTime:0.000651s ]
INFO: [ app_begin ] --END-- [ RunTime:0.000709s ]
SQL: SHOW COLUMNS FROM `db_course` [ RunTime:0.0029s ]
SQL: SELECT * FROM `db_course` WHERE ( courseId=10 )  [ RunTime:0.0002s ]
SQL: UPDATE `db_course` SET `courseNumber`=courseNumber+1 WHERE ( courseId=10 ) [ RunTime:0.0002s ]

[ 2017-05-23T22:47:08+08:00 ] ::1 /eduWeb/API/index.php?m=course&c=course&a=getCourseContent&id=10&action=course
INFO: [ app_init ] --START--
INFO: Run Behavior\BuildLiteBehavior [ RunTime:0.000016s ]
INFO: [ app_init ] --END-- [ RunTime:0.000381s ]
INFO: [ app_begin ] --START--
INFO: Run Behavior\ReadHtmlCacheBehavior [ RunTime:0.000605s ]
INFO: [ app_begin ] --END-- [ RunTime:0.000664s ]
SQL: SHOW COLUMNS FROM `db_course` [ RunTime:0.0035s ]
SQL: SELECT * FROM `db_course` WHERE ( courseId=10 )  [ RunTime:0.0003s ]
SQL: UPDATE `db_course` SET `courseNumber`=courseNumber+1 WHERE ( courseId=10 ) [ RunTime:0.0002s ]

[ 2017-05-23T22:47:37+08:00 ] ::1 /eduWeb/API/index.php?m=course&c=course&a=getCourseContent&id=10&action=course
INFO: [ app_init ] --START--
INFO: Run Behavior\BuildLiteBehavior [ RunTime:0.000010s ]
INFO: [ app_init ] --END-- [ RunTime:0.000303s ]
INFO: [ app_begin ] --START--
INFO: Run Behavior\ReadHtmlCacheBehavior [ RunTime:0.000724s ]
INFO: [ app_begin ] --END-- [ RunTime:0.000785s ]
SQL: SHOW COLUMNS FROM `db_course` [ RunTime:0.0032s ]
SQL: SELECT * FROM `db_course` WHERE ( courseId=10 )  [ RunTime:0.0003s ]
SQL: UPDATE `db_course` SET `courseNumber`=courseNumber+1 WHERE ( courseId=10 ) [ RunTime:0.0002s ]

[ 2017-05-23T22:47:45+08:00 ] ::1 /eduWeb/API/index.php?m=course&c=course&a=getCourseContent&id=10&action=course
INFO: [ app_init ] --START--
INFO: Run Behavior\BuildLiteBehavior [ RunTime:0.000017s ]
INFO: [ app_init ] --END-- [ RunTime:0.000482s ]
INFO: [ app_begin ] --START--
INFO: Run Behavior\ReadHtmlCacheBehavior [ RunTime:0.000778s ]
INFO: [ app_begin ] --END-- [ RunTime:0.000852s ]
SQL: SHOW COLUMNS FROM `db_course` [ RunTime:0.0034s ]
SQL: SELECT * FROM `db_course` WHERE ( courseId=10 )  [ RunTime:0.0003s ]
SQL: UPDATE `db_course` SET `courseNumber`=courseNumber+1 WHERE ( courseId=10 ) [ RunTime:0.0003s ]

[ 2017-05-23T22:47:50+08:00 ] ::1 /eduWeb/API/index.php?m=course&c=course&a=getcourses&classifyId=0
INFO: [ app_init ] --START--
INFO: Run Behavior\BuildLiteBehavior [ RunTime:0.000016s ]
INFO: [ app_init ] --END-- [ RunTime:0.000367s ]
INFO: [ app_begin ] --START--
INFO: Run Behavior\ReadHtmlCacheBehavior [ RunTime:0.000537s ]
INFO: [ app_begin ] --END-- [ RunTime:0.000592s ]
SQL: SHOW COLUMNS FROM `db_course` [ RunTime:0.0038s ]
SQL: SELECT * FROM `db_course`  [ RunTime:0.0003s ]

[ 2017-05-23T22:48:10+08:00 ] ::1 /eduWeb/API/index.php?m=course&c=course&a=getCourseInfo&id=
INFO: [ app_init ] --START--
INFO: Run Behavior\BuildLiteBehavior [ RunTime:0.000012s ]
INFO: [ app_init ] --END-- [ RunTime:0.000293s ]
INFO: [ app_begin ] --START--
INFO: Run Behavior\ReadHtmlCacheBehavior [ RunTime:0.000725s ]
INFO: [ app_begin ] --END-- [ RunTime:0.000864s ]

[ 2017-05-23T22:48:10+08:00 ] ::1 /eduWeb/API/index.php?m=course&c=Classify&a=getAllClassify
INFO: [ app_init ] --START--
INFO: Run Behavior\BuildLiteBehavior [ RunTime:0.000012s ]
INFO: [ app_init ] --END-- [ RunTime:0.000334s ]
INFO: [ app_begin ] --START--
INFO: Run Behavior\ReadHtmlCacheBehavior [ RunTime:0.000414s ]
INFO: [ app_begin ] --END-- [ RunTime:0.000449s ]
SQL: SHOW COLUMNS FROM `db_courseclassify` [ RunTime:0.0063s ]
SQL: SELECT * FROM `db_courseclassify`  [ RunTime:0.0002s ]

[ 2017-05-23T22:48:10+08:00 ] ::1 /eduWeb/API/index.php?m=course&c=course&a=getcourses&classifyId=0
INFO: [ app_init ] --START--
INFO: Run Behavior\BuildLiteBehavior [ RunTime:0.000011s ]
INFO: [ app_init ] --END-- [ RunTime:0.000267s ]
INFO: [ app_begin ] --START--
INFO: Run Behavior\ReadHtmlCacheBehavior [ RunTime:0.000438s ]
INFO: [ app_begin ] --END-- [ RunTime:0.000479s ]
SQL: SHOW COLUMNS FROM `db_course` [ RunTime:0.0029s ]
SQL: SELECT * FROM `db_course`  [ RunTime:0.0003s ]

