[ 2017-05-19T22:08:01+08:00 ] ::1 /eduWeb/API/index.php?m=comment&c=comment&a=getComment
INFO: [ app_init ] --START--
INFO: Run Behavior\BuildLiteBehavior [ RunTime:0.000012s ]
INFO: [ app_init ] --END-- [ RunTime:0.000328s ]
INFO: [ app_begin ] --START--
INFO: Run Behavior\ReadHtmlCacheBehavior [ RunTime:0.000896s ]
INFO: [ app_begin ] --END-- [ RunTime:0.000967s ]
INFO: [ app_end ] --START--
INFO: Run Behavior\ShowPageTraceBehavior [ RunTime:0.000655s ]
INFO: [ app_end ] --END-- [ RunTime:0.000701s ]

[ 2017-05-19T22:08:55+08:00 ] ::1 /eduWeb/API/index.php?m=comment&c=comment&a=getComment
INFO: [ app_init ] --START--
INFO: Run Behavior\BuildLiteBehavior [ RunTime:0.000012s ]
INFO: [ app_init ] --END-- [ RunTime:0.000327s ]
INFO: [ app_begin ] --START--
INFO: Run Behavior\ReadHtmlCacheBehavior [ RunTime:0.000874s ]
INFO: [ app_begin ] --END-- [ RunTime:0.000941s ]

[ 2017-05-19T22:09:51+08:00 ] ::1 /eduWeb/API/index.php?m=comment&c=comment&a=getComment&action=bbs&id=1
INFO: [ app_init ] --START--
INFO: Run Behavior\BuildLiteBehavior [ RunTime:0.000018s ]
INFO: [ app_init ] --END-- [ RunTime:0.000446s ]
INFO: [ app_begin ] --START--
INFO: Run Behavior\ReadHtmlCacheBehavior [ RunTime:0.000907s ]
INFO: [ app_begin ] --END-- [ RunTime:0.000985s ]
SQL: SHOW COLUMNS FROM `db_bbscomment` [ RunTime:0.0072s ]
SQL: SELECT * FROM `db_bbscomment` WHERE ( articleId=1 )  [ RunTime:0.0003s ]
INFO: [ app_end ] --START--
INFO: Run Behavior\ShowPageTraceBehavior [ RunTime:0.001127s ]
INFO: [ app_end ] --END-- [ RunTime:0.001220s ]

[ 2017-05-19T22:10:49+08:00 ] ::1 /eduWeb/API/index.php?m=comment&c=comment&a=getComment&action=bbs&id=1
INFO: [ app_init ] --START--
INFO: Run Behavior\BuildLiteBehavior [ RunTime:0.000012s ]
INFO: [ app_init ] --END-- [ RunTime:0.000323s ]
INFO: [ app_begin ] --START--
INFO: Run Behavior\ReadHtmlCacheBehavior [ RunTime:0.000740s ]
INFO: [ app_begin ] --END-- [ RunTime:0.000793s ]
SQL: SHOW COLUMNS FROM `db_bbscomment` [ RunTime:0.0090s ]
SQL: SELECT * FROM `db_bbscomment` WHERE ( articleid=1 )  [ RunTime:0.0003s ]
INFO: [ app_end ] --START--
INFO: Run Behavior\ShowPageTraceBehavior [ RunTime:0.000823s ]
INFO: [ app_end ] --END-- [ RunTime:0.000869s ]

[ 2017-05-19T22:10:49+08:00 ] ::1 /eduWeb/API/index.php?m=comment&c=comment&a=getComment&action=bbs&id=1
INFO: [ app_init ] --START--
INFO: Run Behavior\BuildLiteBehavior [ RunTime:0.000019s ]
INFO: [ app_init ] --END-- [ RunTime:0.000487s ]
INFO: [ app_begin ] --START--
INFO: Run Behavior\ReadHtmlCacheBehavior [ RunTime:0.000841s ]
INFO: [ app_begin ] --END-- [ RunTime:0.000903s ]
SQL: SHOW COLUMNS FROM `db_bbscomment` [ RunTime:0.0086s ]
SQL: SELECT * FROM `db_bbscomment` WHERE ( articleid=1 )  [ RunTime:0.0003s ]
INFO: [ app_end ] --START--
INFO: Run Behavior\ShowPageTraceBehavior [ RunTime:0.000989s ]
INFO: [ app_end ] --END-- [ RunTime:0.001054s ]

[ 2017-05-19T22:10:50+08:00 ] ::1 /eduWeb/API/index.php?m=comment&c=comment&a=getComment&action=bbs&id=1
INFO: [ app_init ] --START--
INFO: Run Behavior\BuildLiteBehavior [ RunTime:0.000020s ]
INFO: [ app_init ] --END-- [ RunTime:0.000785s ]
INFO: [ app_begin ] --START--
INFO: Run Behavior\ReadHtmlCacheBehavior [ RunTime:0.000759s ]
INFO: [ app_begin ] --END-- [ RunTime:0.000819s ]
SQL: SHOW COLUMNS FROM `db_bbscomment` [ RunTime:0.0085s ]
SQL: SELECT * FROM `db_bbscomment` WHERE ( articleid=1 )  [ RunTime:0.0002s ]
INFO: [ app_end ] --START--
INFO: Run Behavior\ShowPageTraceBehavior [ RunTime:0.000741s ]
INFO: [ app_end ] --END-- [ RunTime:0.000782s ]

[ 2017-05-19T22:10:50+08:00 ] ::1 /eduWeb/API/index.php?m=comment&c=comment&a=getComment&action=bbs&id=1
INFO: [ app_init ] --START--
INFO: Run Behavior\BuildLiteBehavior [ RunTime:0.000017s ]
INFO: [ app_init ] --END-- [ RunTime:0.000484s ]
INFO: [ app_begin ] --START--
INFO: Run Behavior\ReadHtmlCacheBehavior [ RunTime:0.000778s ]
INFO: [ app_begin ] --END-- [ RunTime:0.000837s ]
SQL: SHOW COLUMNS FROM `db_bbscomment` [ RunTime:0.0097s ]
SQL: SELECT * FROM `db_bbscomment` WHERE ( articleid=1 )  [ RunTime:0.0003s ]
INFO: [ app_end ] --START--
INFO: Run Behavior\ShowPageTraceBehavior [ RunTime:0.000938s ]
INFO: [ app_end ] --END-- [ RunTime:0.000993s ]

[ 2017-05-19T22:10:50+08:00 ] ::1 /eduWeb/API/index.php?m=comment&c=comment&a=getComment&action=bbs&id=1
INFO: [ app_init ] --START--
INFO: Run Behavior\BuildLiteBehavior [ RunTime:0.000012s ]
INFO: [ app_init ] --END-- [ RunTime:0.000328s ]
INFO: [ app_begin ] --START--
INFO: Run Behavior\ReadHtmlCacheBehavior [ RunTime:0.000793s ]
INFO: [ app_begin ] --END-- [ RunTime:0.000856s ]
SQL: SHOW COLUMNS FROM `db_bbscomment` [ RunTime:0.0091s ]
SQL: SELECT * FROM `db_bbscomment` WHERE ( articleid=1 )  [ RunTime:0.0004s ]
INFO: [ app_end ] --START--
INFO: Run Behavior\ShowPageTraceBehavior [ RunTime:0.001015s ]
INFO: [ app_end ] --END-- [ RunTime:0.001076s ]

[ 2017-05-19T22:10:50+08:00 ] ::1 /eduWeb/API/index.php?m=comment&c=comment&a=getComment&action=bbs&id=1
INFO: [ app_init ] --START--
INFO: Run Behavior\BuildLiteBehavior [ RunTime:0.000038s ]
INFO: [ app_init ] --END-- [ RunTime:0.000978s ]
INFO: [ app_begin ] --START--
INFO: Run Behavior\ReadHtmlCacheBehavior [ RunTime:0.000835s ]
INFO: [ app_begin ] --END-- [ RunTime:0.000902s ]
SQL: SHOW COLUMNS FROM `db_bbscomment` [ RunTime:0.0089s ]
SQL: SELECT * FROM `db_bbscomment` WHERE ( articleid=1 )  [ RunTime:0.0003s ]
INFO: [ app_end ] --START--
INFO: Run Behavior\ShowPageTraceBehavior [ RunTime:0.000730s ]
INFO: [ app_end ] --END-- [ RunTime:0.000769s ]

[ 2017-05-19T22:10:50+08:00 ] ::1 /eduWeb/API/index.php?m=comment&c=comment&a=getComment&action=bbs&id=1
INFO: [ app_init ] --START--
INFO: Run Behavior\BuildLiteBehavior [ RunTime:0.000016s ]
INFO: [ app_init ] --END-- [ RunTime:0.000451s ]
INFO: [ app_begin ] --START--
INFO: Run Behavior\ReadHtmlCacheBehavior [ RunTime:0.000785s ]
INFO: [ app_begin ] --END-- [ RunTime:0.000849s ]
SQL: SHOW COLUMNS FROM `db_bbscomment` [ RunTime:0.0092s ]
SQL: SELECT * FROM `db_bbscomment` WHERE ( articleid=1 )  [ RunTime:0.0003s ]
INFO: [ app_end ] --START--
INFO: Run Behavior\ShowPageTraceBehavior [ RunTime:0.000907s ]
INFO: [ app_end ] --END-- [ RunTime:0.000972s ]

[ 2017-05-19T22:10:50+08:00 ] ::1 /eduWeb/API/index.php?m=comment&c=comment&a=getComment&action=bbs&id=1
INFO: [ app_init ] --START--
INFO: Run Behavior\BuildLiteBehavior [ RunTime:0.000019s ]
INFO: [ app_init ] --END-- [ RunTime:0.000768s ]
INFO: [ app_begin ] --START--
INFO: Run Behavior\ReadHtmlCacheBehavior [ RunTime:0.000825s ]
INFO: [ app_begin ] --END-- [ RunTime:0.000897s ]
SQL: SHOW COLUMNS FROM `db_bbscomment` [ RunTime:0.0095s ]
SQL: SELECT * FROM `db_bbscomment` WHERE ( articleid=1 )  [ RunTime:0.0002s ]
INFO: [ app_end ] --START--
INFO: Run Behavior\ShowPageTraceBehavior [ RunTime:0.000683s ]
INFO: [ app_end ] --END-- [ RunTime:0.000721s ]

[ 2017-05-19T22:10:53+08:00 ] ::1 /eduWeb/API/index.php?m=comment&c=comment&a=getComment&action=bbs&id=1
INFO: [ app_init ] --START--
INFO: Run Behavior\BuildLiteBehavior [ RunTime:0.000013s ]
INFO: [ app_init ] --END-- [ RunTime:0.000321s ]
INFO: [ app_begin ] --START--
INFO: Run Behavior\ReadHtmlCacheBehavior [ RunTime:0.000752s ]
INFO: [ app_begin ] --END-- [ RunTime:0.000810s ]
SQL: SHOW COLUMNS FROM `db_bbscomment` [ RunTime:0.0081s ]
SQL: SELECT * FROM `db_bbscomment` WHERE ( articleId=1 )  [ RunTime:0.0002s ]
INFO: [ app_end ] --START--
INFO: Run Behavior\ShowPageTraceBehavior [ RunTime:0.000780s ]
INFO: [ app_end ] --END-- [ RunTime:0.000826s ]

[ 2017-05-19T22:10:53+08:00 ] ::1 /eduWeb/API/index.php?m=comment&c=comment&a=getComment&action=bbs&id=1
INFO: [ app_init ] --START--
INFO: Run Behavior\BuildLiteBehavior [ RunTime:0.000012s ]
INFO: [ app_init ] --END-- [ RunTime:0.000354s ]
INFO: [ app_begin ] --START--
INFO: Run Behavior\ReadHtmlCacheBehavior [ RunTime:0.000608s ]
INFO: [ app_begin ] --END-- [ RunTime:0.000658s ]
SQL: SHOW COLUMNS FROM `db_bbscomment` [ RunTime:0.0086s ]
SQL: SELECT * FROM `db_bbscomment` WHERE ( articleId=1 )  [ RunTime:0.0003s ]
INFO: [ app_end ] --START--
INFO: Run Behavior\ShowPageTraceBehavior [ RunTime:0.000704s ]
INFO: [ app_end ] --END-- [ RunTime:0.000745s ]

[ 2017-05-19T22:10:53+08:00 ] ::1 /eduWeb/API/index.php?m=comment&c=comment&a=getComment&action=bbs&id=1
INFO: [ app_init ] --START--
INFO: Run Behavior\BuildLiteBehavior [ RunTime:0.000013s ]
INFO: [ app_init ] --END-- [ RunTime:0.000496s ]
INFO: [ app_begin ] --START--
INFO: Run Behavior\ReadHtmlCacheBehavior [ RunTime:0.000824s ]
INFO: [ app_begin ] --END-- [ RunTime:0.000878s ]
SQL: SHOW COLUMNS FROM `db_bbscomment` [ RunTime:0.0089s ]
SQL: SELECT * FROM `db_bbscomment` WHERE ( articleId=1 )  [ RunTime:0.0003s ]
INFO: [ app_end ] --START--
INFO: Run Behavior\ShowPageTraceBehavior [ RunTime:0.000712s ]
INFO: [ app_end ] --END-- [ RunTime:0.000757s ]

[ 2017-05-19T22:10:53+08:00 ] ::1 /eduWeb/API/index.php?m=comment&c=comment&a=getComment&action=bbs&id=1
INFO: [ app_init ] --START--
INFO: Run Behavior\BuildLiteBehavior [ RunTime:0.000017s ]
INFO: [ app_init ] --END-- [ RunTime:0.000544s ]
INFO: [ app_begin ] --START--
INFO: Run Behavior\ReadHtmlCacheBehavior [ RunTime:0.001192s ]
INFO: [ app_begin ] --END-- [ RunTime:0.001272s ]
SQL: SHOW COLUMNS FROM `db_bbscomment` [ RunTime:0.0044s ]
SQL: SELECT * FROM `db_bbscomment` WHERE ( articleId=1 )  [ RunTime:0.0003s ]
INFO: [ app_end ] --START--
INFO: Run Behavior\ShowPageTraceBehavior [ RunTime:0.000741s ]
INFO: [ app_end ] --END-- [ RunTime:0.000780s ]

[ 2017-05-19T22:11:44+08:00 ] ::1 /eduWeb/API/index.php?m=comment&c=comment&a=getComment&action=bbs&id=1
INFO: [ app_init ] --START--
INFO: Run Behavior\BuildLiteBehavior [ RunTime:0.000016s ]
INFO: [ app_init ] --END-- [ RunTime:0.000538s ]
INFO: [ app_begin ] --START--
INFO: Run Behavior\ReadHtmlCacheBehavior [ RunTime:0.000701s ]
INFO: [ app_begin ] --END-- [ RunTime:0.000754s ]
SQL: SHOW COLUMNS FROM `db_bbscomment` [ RunTime:0.0069s ]
SQL: SELECT * FROM `db_bbscomment` WHERE ( articleId=1 )  [ RunTime:0.0003s ]
INFO: [ app_end ] --START--
INFO: Run Behavior\ShowPageTraceBehavior [ RunTime:0.001024s ]
INFO: [ app_end ] --END-- [ RunTime:0.001080s ]

[ 2017-05-19T22:11:44+08:00 ] ::1 /eduWeb/API/index.php?m=comment&c=comment&a=getComment&action=bbs&id=1
INFO: [ app_init ] --START--
INFO: Run Behavior\BuildLiteBehavior [ RunTime:0.000017s ]
INFO: [ app_init ] --END-- [ RunTime:0.000486s ]
INFO: [ app_begin ] --START--
INFO: Run Behavior\ReadHtmlCacheBehavior [ RunTime:0.000992s ]
INFO: [ app_begin ] --END-- [ RunTime:0.001056s ]
SQL: SHOW COLUMNS FROM `db_bbscomment` [ RunTime:0.0080s ]
SQL: SELECT * FROM `db_bbscomment` WHERE ( articleId=1 )  [ RunTime:0.0002s ]
INFO: [ app_end ] --START--
INFO: Run Behavior\ShowPageTraceBehavior [ RunTime:0.001053s ]
INFO: [ app_end ] --END-- [ RunTime:0.001112s ]

[ 2017-05-19T22:11:45+08:00 ] ::1 /eduWeb/API/index.php?m=comment&c=comment&a=getComment&action=bbs&id=1
INFO: [ app_init ] --START--
INFO: Run Behavior\BuildLiteBehavior [ RunTime:0.000023s ]
INFO: [ app_init ] --END-- [ RunTime:0.000569s ]
INFO: [ app_begin ] --START--
INFO: Run Behavior\ReadHtmlCacheBehavior [ RunTime:0.002023s ]
INFO: [ app_begin ] --END-- [ RunTime:0.002129s ]
SQL: SHOW COLUMNS FROM `db_bbscomment` [ RunTime:0.0037s ]
SQL: SELECT * FROM `db_bbscomment` WHERE ( articleId=1 )  [ RunTime:0.0002s ]
INFO: [ app_end ] --START--
INFO: Run Behavior\ShowPageTraceBehavior [ RunTime:0.001041s ]
INFO: [ app_end ] --END-- [ RunTime:0.001094s ]

[ 2017-05-19T22:11:45+08:00 ] ::1 /eduWeb/API/index.php?m=comment&c=comment&a=getComment&action=bbs&id=1
INFO: [ app_init ] --START--
INFO: Run Behavior\BuildLiteBehavior [ RunTime:0.000016s ]
INFO: [ app_init ] --END-- [ RunTime:0.000474s ]
INFO: [ app_begin ] --START--
INFO: Run Behavior\ReadHtmlCacheBehavior [ RunTime:0.000671s ]
INFO: [ app_begin ] --END-- [ RunTime:0.000717s ]
SQL: SHOW COLUMNS FROM `db_bbscomment` [ RunTime:0.0065s ]
SQL: SELECT * FROM `db_bbscomment` WHERE ( articleId=1 )  [ RunTime:0.0002s ]
INFO: [ app_end ] --START--
INFO: Run Behavior\ShowPageTraceBehavior [ RunTime:0.000776s ]
INFO: [ app_end ] --END-- [ RunTime:0.000813s ]

[ 2017-05-19T22:11:46+08:00 ] ::1 /eduWeb/API/index.php?m=comment&c=comment&a=getComment&action=bbs&id=1
INFO: [ app_init ] --START--
INFO: Run Behavior\BuildLiteBehavior [ RunTime:0.000019s ]
INFO: [ app_init ] --END-- [ RunTime:0.000520s ]
INFO: [ app_begin ] --START--
INFO: Run Behavior\ReadHtmlCacheBehavior [ RunTime:0.000777s ]
INFO: [ app_begin ] --END-- [ RunTime:0.000832s ]
SQL: SHOW COLUMNS FROM `db_bbscomment` [ RunTime:0.0069s ]
SQL: SELECT * FROM `db_bbscomment` WHERE ( articleId=1 )  [ RunTime:0.0003s ]
INFO: [ app_end ] --START--
INFO: Run Behavior\ShowPageTraceBehavior [ RunTime:0.001099s ]
INFO: [ app_end ] --END-- [ RunTime:0.001146s ]

[ 2017-05-19T22:12:20+08:00 ] ::1 /eduWeb/API/index.php?m=comment&c=comment&a=getComment&action=bbs&id=1
INFO: [ app_init ] --START--
INFO: Run Behavior\BuildLiteBehavior [ RunTime:0.000028s ]
INFO: [ app_init ] --END-- [ RunTime:0.000759s ]
INFO: [ app_begin ] --START--
INFO: Run Behavior\ReadHtmlCacheBehavior [ RunTime:0.000837s ]
INFO: [ app_begin ] --END-- [ RunTime:0.000903s ]
SQL: SHOW COLUMNS FROM `db_bbscomment` [ RunTime:0.0071s ]
SQL: SELECT * FROM `db_bbscomment` WHERE ( articleId=1 )  [ RunTime:0.0003s ]
INFO: [ app_end ] --START--
INFO: Run Behavior\ShowPageTraceBehavior [ RunTime:0.000880s ]
INFO: [ app_end ] --END-- [ RunTime:0.000928s ]

[ 2017-05-19T22:12:22+08:00 ] ::1 /eduWeb/API/index.php?m=comment&c=comment&a=getComment&action=bbs
INFO: [ app_init ] --START--
INFO: Run Behavior\BuildLiteBehavior [ RunTime:0.000019s ]
INFO: [ app_init ] --END-- [ RunTime:0.000524s ]
INFO: [ app_begin ] --START--
INFO: Run Behavior\ReadHtmlCacheBehavior [ RunTime:0.001008s ]
INFO: [ app_begin ] --END-- [ RunTime:0.001082s ]

[ 2017-05-19T22:12:28+08:00 ] ::1 /eduWeb/API/index.php?m=comment&c=comment&a=getComment&action=bbs&id=1
INFO: [ app_init ] --START--
INFO: Run Behavior\BuildLiteBehavior [ RunTime:0.000020s ]
INFO: [ app_init ] --END-- [ RunTime:0.000510s ]
INFO: [ app_begin ] --START--
INFO: Run Behavior\ReadHtmlCacheBehavior [ RunTime:0.001225s ]
INFO: [ app_begin ] --END-- [ RunTime:0.001295s ]
SQL: SHOW COLUMNS FROM `db_bbscomment` [ RunTime:0.0053s ]
SQL: SELECT * FROM `db_bbscomment` WHERE ( articleId=1 )  [ RunTime:0.0002s ]
INFO: [ app_end ] --START--
INFO: Run Behavior\ShowPageTraceBehavior [ RunTime:0.001030s ]
INFO: [ app_end ] --END-- [ RunTime:0.001090s ]

[ 2017-05-19T22:13:38+08:00 ] ::1 /eduWeb/API/index.php?m=comment&c=comment&a=getComment&action=bbs&id=1
INFO: [ app_init ] --START--
INFO: Run Behavior\BuildLiteBehavior [ RunTime:0.000019s ]
INFO: [ app_init ] --END-- [ RunTime:0.000421s ]
INFO: [ app_begin ] --START--
INFO: Run Behavior\ReadHtmlCacheBehavior [ RunTime:0.001195s ]
INFO: [ app_begin ] --END-- [ RunTime:0.001292s ]
SQL: SHOW COLUMNS FROM `db_bbscomment` [ RunTime:0.0077s ]
SQL: SELECT * FROM `db_bbscomment` WHERE ( articleId=1 )  [ RunTime:0.0003s ]

[ 2017-05-19T22:14:07+08:00 ] ::1 /eduWeb/API/index.php?m=comment&c=comment&a=getComment&action=%27bbs%27&id=1
INFO: [ app_init ] --START--
INFO: Run Behavior\BuildLiteBehavior [ RunTime:0.000023s ]
INFO: [ app_init ] --END-- [ RunTime:0.000748s ]
INFO: [ app_begin ] --START--
INFO: Run Behavior\ReadHtmlCacheBehavior [ RunTime:0.000848s ]
INFO: [ app_begin ] --END-- [ RunTime:0.000931s ]
NOTIC: [8] Undefined variable: data D:\Tool\phpStudy\WWW\eduWeb\API\Application\Comment\Controller\CommentController.class.php 第 16 行.

[ 2017-05-19T22:14:15+08:00 ] ::1 /eduWeb/API/index.php?m=comment&c=comment&a=getComment&action=bbs&id=1
INFO: [ app_init ] --START--
INFO: Run Behavior\BuildLiteBehavior [ RunTime:0.000019s ]
INFO: [ app_init ] --END-- [ RunTime:0.000482s ]
INFO: [ app_begin ] --START--
INFO: Run Behavior\ReadHtmlCacheBehavior [ RunTime:0.000970s ]
INFO: [ app_begin ] --END-- [ RunTime:0.001074s ]
SQL: SHOW COLUMNS FROM `db_bbscomment` [ RunTime:0.0034s ]
SQL: SELECT * FROM `db_bbscomment` WHERE ( articleId=1 )  [ RunTime:0.0002s ]

[ 2017-05-19T22:14:29+08:00 ] ::1 /eduWeb/API/index.php?m=comment&c=comment&a=getComment&action=bbs&id=1
INFO: [ app_init ] --START--
INFO: Run Behavior\BuildLiteBehavior [ RunTime:0.000020s ]
INFO: [ app_init ] --END-- [ RunTime:0.000593s ]
INFO: [ app_begin ] --START--
INFO: Run Behavior\ReadHtmlCacheBehavior [ RunTime:0.000937s ]
INFO: [ app_begin ] --END-- [ RunTime:0.000996s ]
ERR: 1146:Table 'itedu.db_comment' doesn't exist
 [ SQL语句 ] : SHOW COLUMNS FROM `db_comment`
ERR: 1146:Table 'itedu.db_comment' doesn't exist
 [ SQL语句 ] : SHOW COLUMNS FROM `db_comment`

[ 2017-05-19T22:15:13+08:00 ] ::1 /eduWeb/API/index.php?m=comment&c=comment&a=getComment&action=bbs&id=1
INFO: [ app_init ] --START--
INFO: Run Behavior\BuildLiteBehavior [ RunTime:0.000019s ]
INFO: [ app_init ] --END-- [ RunTime:0.000525s ]
INFO: [ app_begin ] --START--
INFO: Run Behavior\ReadHtmlCacheBehavior [ RunTime:0.000911s ]
INFO: [ app_begin ] --END-- [ RunTime:0.000980s ]
ERR: 1146:Table 'itedu.db_comment' doesn't exist
 [ SQL语句 ] : SHOW COLUMNS FROM `db_comment`
ERR: 1146:Table 'itedu.db_comment' doesn't exist
 [ SQL语句 ] : SHOW COLUMNS FROM `db_comment`

[ 2017-05-19T22:15:14+08:00 ] ::1 /eduWeb/API/index.php?m=comment&c=comment&a=getComment&action=bbs&id=1
INFO: [ app_init ] --START--
INFO: Run Behavior\BuildLiteBehavior [ RunTime:0.000013s ]
INFO: [ app_init ] --END-- [ RunTime:0.000407s ]
INFO: [ app_begin ] --START--
INFO: Run Behavior\ReadHtmlCacheBehavior [ RunTime:0.000945s ]
INFO: [ app_begin ] --END-- [ RunTime:0.001012s ]
ERR: 1146:Table 'itedu.db_comment' doesn't exist
 [ SQL语句 ] : SHOW COLUMNS FROM `db_comment`
ERR: 1146:Table 'itedu.db_comment' doesn't exist
 [ SQL语句 ] : SHOW COLUMNS FROM `db_comment`

[ 2017-05-19T22:15:14+08:00 ] ::1 /eduWeb/API/index.php?m=comment&c=comment&a=getComment&action=bbs&id=1
INFO: [ app_init ] --START--
INFO: Run Behavior\BuildLiteBehavior [ RunTime:0.000014s ]
INFO: [ app_init ] --END-- [ RunTime:0.000404s ]
INFO: [ app_begin ] --START--
INFO: Run Behavior\ReadHtmlCacheBehavior [ RunTime:0.000851s ]
INFO: [ app_begin ] --END-- [ RunTime:0.000913s ]
ERR: 1146:Table 'itedu.db_comment' doesn't exist
 [ SQL语句 ] : SHOW COLUMNS FROM `db_comment`
ERR: 1146:Table 'itedu.db_comment' doesn't exist
 [ SQL语句 ] : SHOW COLUMNS FROM `db_comment`

[ 2017-05-19T22:15:15+08:00 ] ::1 /eduWeb/API/index.php?m=comment&c=comment&a=getComment&action=bbs&id=1
INFO: [ app_init ] --START--
INFO: Run Behavior\BuildLiteBehavior [ RunTime:0.000021s ]
INFO: [ app_init ] --END-- [ RunTime:0.000464s ]
INFO: [ app_begin ] --START--
INFO: Run Behavior\ReadHtmlCacheBehavior [ RunTime:0.001050s ]
INFO: [ app_begin ] --END-- [ RunTime:0.001158s ]
ERR: 1146:Table 'itedu.db_comment' doesn't exist
 [ SQL语句 ] : SHOW COLUMNS FROM `db_comment`
ERR: 1146:Table 'itedu.db_comment' doesn't exist
 [ SQL语句 ] : SHOW COLUMNS FROM `db_comment`

[ 2017-05-19T22:15:27+08:00 ] ::1 /eduWeb/API/index.php?m=comment&c=comment&a=getComment&action=bbs&id=1
INFO: [ app_init ] --START--
INFO: Run Behavior\BuildLiteBehavior [ RunTime:0.000019s ]
INFO: [ app_init ] --END-- [ RunTime:0.000550s ]
INFO: [ app_begin ] --START--
INFO: Run Behavior\ReadHtmlCacheBehavior [ RunTime:0.000744s ]
INFO: [ app_begin ] --END-- [ RunTime:0.000801s ]
SQL: SHOW COLUMNS FROM `db_bbscomment` [ RunTime:0.0075s ]
SQL: SELECT * FROM `db_bbscomment` WHERE ( articleId=1 )  [ RunTime:0.0003s ]

[ 2017-05-19T22:15:44+08:00 ] ::1 /eduWeb/API/index.php?m=comment&c=comment&a=getComment&action=bbs&id=2
INFO: [ app_init ] --START--
INFO: Run Behavior\BuildLiteBehavior [ RunTime:0.000012s ]
INFO: [ app_init ] --END-- [ RunTime:0.000342s ]
INFO: [ app_begin ] --START--
INFO: Run Behavior\ReadHtmlCacheBehavior [ RunTime:0.001554s ]
INFO: [ app_begin ] --END-- [ RunTime:0.001650s ]
SQL: SHOW COLUMNS FROM `db_bbscomment` [ RunTime:0.0050s ]
SQL: SELECT * FROM `db_bbscomment` WHERE ( articleId=2 )  [ RunTime:0.0008s ]

[ 2017-05-19T22:30:14+08:00 ] ::1 /eduWeb/API/index.php?m=comment&c=comment&a=getComment&action=bbs&id=2
INFO: [ app_init ] --START--
INFO: Run Behavior\BuildLiteBehavior [ RunTime:0.000018s ]
INFO: [ app_init ] --END-- [ RunTime:0.000486s ]
INFO: [ app_begin ] --START--
INFO: Run Behavior\ReadHtmlCacheBehavior [ RunTime:0.000997s ]
INFO: [ app_begin ] --END-- [ RunTime:0.001072s ]
SQL: SHOW COLUMNS FROM `db_bbscomment` [ RunTime:0.0086s ]
SQL: SHOW COLUMNS FROM `db_user` [ RunTime:0.0061s ]
ERR: 1146:Table 'itedu.db_article' doesn't exist
 [ SQL语句 ] : SELECT a.username as username,b.commentId as commentId,b.content as content,b.createAt as createAt FROM db_user  as  a INNER JOIN db_article  as  b  on  b.objectId = a.objectId  WHERE ( a.articleId=2 ) 
ERR: 1146:Table 'itedu.db_article' doesn't exist
 [ SQL语句 ] : SELECT a.username as username,b.commentId as commentId,b.content as content,b.createAt as createAt FROM db_user  as  a INNER JOIN db_article  as  b  on  b.objectId = a.objectId  WHERE ( a.articleId=2 ) 

[ 2017-05-19T22:30:55+08:00 ] ::1 /eduWeb/API/index.php?m=comment&c=comment&a=getComment&action=bbs&id=2
INFO: [ app_init ] --START--
INFO: Run Behavior\BuildLiteBehavior [ RunTime:0.000012s ]
INFO: [ app_init ] --END-- [ RunTime:0.000354s ]
INFO: [ app_begin ] --START--
INFO: Run Behavior\ReadHtmlCacheBehavior [ RunTime:0.000669s ]
INFO: [ app_begin ] --END-- [ RunTime:0.000708s ]
SQL: SHOW COLUMNS FROM `db_bbscomment` [ RunTime:0.0034s ]
SQL: SHOW COLUMNS FROM `db_user` [ RunTime:0.0036s ]
ERR: 1146:Table 'itedu.db_article' doesn't exist
 [ SQL语句 ] : SELECT a.username as username,b.commentId as commentId,b.content as content,b.createAt as createAt FROM db_user as a INNER JOIN db_article as b on b.objectId = a.objectId  WHERE ( a.articleId=2 ) 
ERR: 1146:Table 'itedu.db_article' doesn't exist
 [ SQL语句 ] : SELECT a.username as username,b.commentId as commentId,b.content as content,b.createAt as createAt FROM db_user as a INNER JOIN db_article as b on b.objectId = a.objectId  WHERE ( a.articleId=2 ) 

[ 2017-05-19T22:31:29+08:00 ] ::1 /eduWeb/API/index.php?m=comment&c=comment&a=getComment&action=bbs&id=2
INFO: [ app_init ] --START--
INFO: Run Behavior\BuildLiteBehavior [ RunTime:0.000021s ]
INFO: [ app_init ] --END-- [ RunTime:0.000882s ]
INFO: [ app_begin ] --START--
INFO: Run Behavior\ReadHtmlCacheBehavior [ RunTime:0.001253s ]
INFO: [ app_begin ] --END-- [ RunTime:0.001322s ]
SQL: SHOW COLUMNS FROM `db_bbscomment` [ RunTime:0.0094s ]
SQL: SHOW COLUMNS FROM `db_user` [ RunTime:0.0042s ]
ERR: 1146:Table 'itedu.db_article' doesn't exist
 [ SQL语句 ] : SELECT a.username as username,b.commentId as commentId,b.content as content,b.createAt as createAt FROM db_user as a INNER JOIN db_article as b on b.objectId = a.objectId  WHERE ( a.articleId=2 ) 
ERR: 1146:Table 'itedu.db_article' doesn't exist
 [ SQL语句 ] : SELECT a.username as username,b.commentId as commentId,b.content as content,b.createAt as createAt FROM db_user as a INNER JOIN db_article as b on b.objectId = a.objectId  WHERE ( a.articleId=2 ) 

[ 2017-05-19T22:31:30+08:00 ] ::1 /eduWeb/API/index.php?m=comment&c=comment&a=getComment&action=bbs&id=2
INFO: [ app_init ] --START--
INFO: Run Behavior\BuildLiteBehavior [ RunTime:0.000012s ]
INFO: [ app_init ] --END-- [ RunTime:0.000329s ]
INFO: [ app_begin ] --START--
INFO: Run Behavior\ReadHtmlCacheBehavior [ RunTime:0.001238s ]
INFO: [ app_begin ] --END-- [ RunTime:0.001351s ]
SQL: SHOW COLUMNS FROM `db_bbscomment` [ RunTime:0.0076s ]
SQL: SHOW COLUMNS FROM `db_user` [ RunTime:0.0034s ]
ERR: 1146:Table 'itedu.db_article' doesn't exist
 [ SQL语句 ] : SELECT a.username as username,b.commentId as commentId,b.content as content,b.createAt as createAt FROM db_user as a INNER JOIN db_article as b on b.objectId = a.objectId  WHERE ( a.articleId=2 ) 
ERR: 1146:Table 'itedu.db_article' doesn't exist
 [ SQL语句 ] : SELECT a.username as username,b.commentId as commentId,b.content as content,b.createAt as createAt FROM db_user as a INNER JOIN db_article as b on b.objectId = a.objectId  WHERE ( a.articleId=2 ) 

[ 2017-05-19T22:31:30+08:00 ] ::1 /eduWeb/API/index.php?m=comment&c=comment&a=getComment&action=bbs&id=2
INFO: [ app_init ] --START--
INFO: Run Behavior\BuildLiteBehavior [ RunTime:0.000017s ]
INFO: [ app_init ] --END-- [ RunTime:0.000485s ]
INFO: [ app_begin ] --START--
INFO: Run Behavior\ReadHtmlCacheBehavior [ RunTime:0.000674s ]
INFO: [ app_begin ] --END-- [ RunTime:0.000721s ]
SQL: SHOW COLUMNS FROM `db_bbscomment` [ RunTime:0.0070s ]
SQL: SHOW COLUMNS FROM `db_user` [ RunTime:0.0033s ]
ERR: 1146:Table 'itedu.db_article' doesn't exist
 [ SQL语句 ] : SELECT a.username as username,b.commentId as commentId,b.content as content,b.createAt as createAt FROM db_user as a INNER JOIN db_article as b on b.objectId = a.objectId  WHERE ( a.articleId=2 ) 
ERR: 1146:Table 'itedu.db_article' doesn't exist
 [ SQL语句 ] : SELECT a.username as username,b.commentId as commentId,b.content as content,b.createAt as createAt FROM db_user as a INNER JOIN db_article as b on b.objectId = a.objectId  WHERE ( a.articleId=2 ) 

[ 2017-05-19T22:31:30+08:00 ] ::1 /eduWeb/API/index.php?m=comment&c=comment&a=getComment&action=bbs&id=2
INFO: [ app_init ] --START--
INFO: Run Behavior\BuildLiteBehavior [ RunTime:0.000018s ]
INFO: [ app_init ] --END-- [ RunTime:0.000563s ]
INFO: [ app_begin ] --START--
INFO: Run Behavior\ReadHtmlCacheBehavior [ RunTime:0.001064s ]
INFO: [ app_begin ] --END-- [ RunTime:0.001142s ]
SQL: SHOW COLUMNS FROM `db_bbscomment` [ RunTime:0.0039s ]
SQL: SHOW COLUMNS FROM `db_user` [ RunTime:0.0038s ]
ERR: 1146:Table 'itedu.db_article' doesn't exist
 [ SQL语句 ] : SELECT a.username as username,b.commentId as commentId,b.content as content,b.createAt as createAt FROM db_user as a INNER JOIN db_article as b on b.objectId = a.objectId  WHERE ( a.articleId=2 ) 
ERR: 1146:Table 'itedu.db_article' doesn't exist
 [ SQL语句 ] : SELECT a.username as username,b.commentId as commentId,b.content as content,b.createAt as createAt FROM db_user as a INNER JOIN db_article as b on b.objectId = a.objectId  WHERE ( a.articleId=2 ) 

[ 2017-05-19T22:31:31+08:00 ] ::1 /eduWeb/API/index.php?m=comment&c=comment&a=getComment&action=bbs&id=2
INFO: [ app_init ] --START--
INFO: Run Behavior\BuildLiteBehavior [ RunTime:0.000011s ]
INFO: [ app_init ] --END-- [ RunTime:0.000304s ]
INFO: [ app_begin ] --START--
INFO: Run Behavior\ReadHtmlCacheBehavior [ RunTime:0.000644s ]
INFO: [ app_begin ] --END-- [ RunTime:0.000684s ]
SQL: SHOW COLUMNS FROM `db_bbscomment` [ RunTime:0.0069s ]
SQL: SHOW COLUMNS FROM `db_user` [ RunTime:0.0065s ]
ERR: 1146:Table 'itedu.db_article' doesn't exist
 [ SQL语句 ] : SELECT a.username as username,b.commentId as commentId,b.content as content,b.createAt as createAt FROM db_user as a INNER JOIN db_article as b on b.objectId = a.objectId  WHERE ( a.articleId=2 ) 
ERR: 1146:Table 'itedu.db_article' doesn't exist
 [ SQL语句 ] : SELECT a.username as username,b.commentId as commentId,b.content as content,b.createAt as createAt FROM db_user as a INNER JOIN db_article as b on b.objectId = a.objectId  WHERE ( a.articleId=2 ) 

[ 2017-05-19T22:31:31+08:00 ] ::1 /eduWeb/API/index.php?m=comment&c=comment&a=getComment&action=bbs&id=2
INFO: [ app_init ] --START--
INFO: Run Behavior\BuildLiteBehavior [ RunTime:0.000021s ]
INFO: [ app_init ] --END-- [ RunTime:0.000550s ]
INFO: [ app_begin ] --START--
INFO: Run Behavior\ReadHtmlCacheBehavior [ RunTime:0.001550s ]
INFO: [ app_begin ] --END-- [ RunTime:0.001674s ]
SQL: SHOW COLUMNS FROM `db_bbscomment` [ RunTime:0.0070s ]
SQL: SHOW COLUMNS FROM `db_user` [ RunTime:0.0037s ]
ERR: 1146:Table 'itedu.db_article' doesn't exist
 [ SQL语句 ] : SELECT a.username as username,b.commentId as commentId,b.content as content,b.createAt as createAt FROM db_user as a INNER JOIN db_article as b on b.objectId = a.objectId  WHERE ( a.articleId=2 ) 
ERR: 1146:Table 'itedu.db_article' doesn't exist
 [ SQL语句 ] : SELECT a.username as username,b.commentId as commentId,b.content as content,b.createAt as createAt FROM db_user as a INNER JOIN db_article as b on b.objectId = a.objectId  WHERE ( a.articleId=2 ) 

[ 2017-05-19T22:31:50+08:00 ] ::1 /eduWeb/API/index.php?m=comment&c=comment&a=getComment&action=bbs&id=2
INFO: [ app_init ] --START--
INFO: Run Behavior\BuildLiteBehavior [ RunTime:0.000016s ]
INFO: [ app_init ] --END-- [ RunTime:0.000467s ]
INFO: [ app_begin ] --START--
INFO: Run Behavior\ReadHtmlCacheBehavior [ RunTime:0.000850s ]
INFO: [ app_begin ] --END-- [ RunTime:0.000900s ]
SQL: SHOW COLUMNS FROM `db_bbscomment` [ RunTime:0.0070s ]
SQL: SHOW COLUMNS FROM `db_user` [ RunTime:0.0031s ]
ERR: 1054:Unknown column 'a.articleId' in 'where clause'
 [ SQL语句 ] : SELECT a.username as username,b.commentId as commentId,b.content as content,b.createAt as createAt FROM db_user as a INNER JOIN db_bbscomment as b on b.objectId = a.objectId  WHERE ( a.articleId=2 ) 
ERR: 1054:Unknown column 'a.articleId' in 'where clause'
 [ SQL语句 ] : SELECT a.username as username,b.commentId as commentId,b.content as content,b.createAt as createAt FROM db_user as a INNER JOIN db_bbscomment as b on b.objectId = a.objectId  WHERE ( a.articleId=2 ) 

[ 2017-05-19T22:33:34+08:00 ] ::1 /eduWeb/API/index.php?m=comment&c=comment&a=getComment&action=bbs&id=2
INFO: [ app_init ] --START--
INFO: Run Behavior\BuildLiteBehavior [ RunTime:0.000018s ]
INFO: [ app_init ] --END-- [ RunTime:0.000469s ]
INFO: [ app_begin ] --START--
INFO: Run Behavior\ReadHtmlCacheBehavior [ RunTime:0.000980s ]
INFO: [ app_begin ] --END-- [ RunTime:0.001049s ]
SQL: SHOW COLUMNS FROM `db_bbscomment` [ RunTime:0.0075s ]
SQL: SHOW COLUMNS FROM `db_user` [ RunTime:0.0037s ]
SQL: SELECT a.username as username,b.commentId as commentId,b.content as content,b.createAt as createAt FROM db_user as a INNER JOIN db_bbscomment as b on b.objectId = a.objectId  WHERE ( b.articleId=2 )  [ RunTime:0.0004s ]

[ 2017-05-19T22:42:54+08:00 ] ::1 /eduWeb/API/index.php?m=comment&c=comment&a=getComment&action=bbs&id=2
INFO: [ app_init ] --START--
INFO: Run Behavior\BuildLiteBehavior [ RunTime:0.000018s ]
INFO: [ app_init ] --END-- [ RunTime:0.000513s ]
INFO: [ app_begin ] --START--
INFO: Run Behavior\ReadHtmlCacheBehavior [ RunTime:0.001066s ]
INFO: [ app_begin ] --END-- [ RunTime:0.001128s ]
SQL: SHOW COLUMNS FROM `db_bbscomment` [ RunTime:0.0081s ]
SQL: SHOW COLUMNS FROM `db_user` [ RunTime:0.0042s ]
SQL: SELECT a.username as username,b.commentId as commentId,b.content as content,b.createAt as createAt FROM db_user as a INNER JOIN db_bbscomment as b on b.objectId = a.objectId  WHERE ( b.articleId=2 )  [ RunTime:0.0004s ]

[ 2017-05-19T22:43:42+08:00 ] ::1 /eduWeb/API/index.php?m=comment&c=comment&a=getComment
INFO: [ app_init ] --START--
INFO: Run Behavior\BuildLiteBehavior [ RunTime:0.000021s ]
INFO: [ app_init ] --END-- [ RunTime:0.000691s ]
INFO: [ app_begin ] --START--
INFO: Run Behavior\ReadHtmlCacheBehavior [ RunTime:0.001077s ]
INFO: [ app_begin ] --END-- [ RunTime:0.001163s ]

[ 2017-05-19T22:44:10+08:00 ] ::1 /eduWeb/API/index.php?m=comment&c=comment&action=bbs&id=2
INFO: [ app_init ] --START--
INFO: Run Behavior\BuildLiteBehavior [ RunTime:0.000020s ]
INFO: [ app_init ] --END-- [ RunTime:0.001079s ]
INFO: [ app_begin ] --START--
INFO: Run Behavior\ReadHtmlCacheBehavior [ RunTime:0.000972s ]
INFO: [ app_begin ] --END-- [ RunTime:0.001042s ]
ERR: 非法操作:index

[ 2017-05-19T22:44:13+08:00 ] ::1 /eduWeb/API/index.php?m=comment&c=comment&action=bbs&id=2
INFO: [ app_init ] --START--
INFO: Run Behavior\BuildLiteBehavior [ RunTime:0.000049s ]
INFO: [ app_init ] --END-- [ RunTime:0.000892s ]
INFO: [ app_begin ] --START--
INFO: Run Behavior\ReadHtmlCacheBehavior [ RunTime:0.001580s ]
INFO: [ app_begin ] --END-- [ RunTime:0.001780s ]
ERR: 非法操作:index

[ 2017-05-19T22:44:35+08:00 ] ::1 /eduWeb/API/index.php?m=comment&c=comment&a=getComment&action=bbs&id=2
INFO: [ app_init ] --START--
INFO: Run Behavior\BuildLiteBehavior [ RunTime:0.000020s ]
INFO: [ app_init ] --END-- [ RunTime:0.005530s ]
INFO: [ app_begin ] --START--
INFO: Run Behavior\ReadHtmlCacheBehavior [ RunTime:0.001232s ]
INFO: [ app_begin ] --END-- [ RunTime:0.001352s ]
SQL: SHOW COLUMNS FROM `db_bbscomment` [ RunTime:0.0043s ]
SQL: SHOW COLUMNS FROM `db_user` [ RunTime:0.0045s ]
SQL: SELECT a.username as username,b.commentId as commentId,b.content as content,b.createAt as createAt FROM db_user as a INNER JOIN db_bbscomment as b on b.objectId = a.objectId  WHERE ( b.articleId=2 )  [ RunTime:0.0003s ]

[ 2017-05-19T22:44:41+08:00 ] ::1 /eduWeb/API/index.php?m=comment&c=comment&a=getComment&action=bbs&id=2
INFO: [ app_init ] --START--
INFO: Run Behavior\BuildLiteBehavior [ RunTime:0.000020s ]
INFO: [ app_init ] --END-- [ RunTime:0.000678s ]
INFO: [ app_begin ] --START--
INFO: Run Behavior\ReadHtmlCacheBehavior [ RunTime:0.001004s ]
INFO: [ app_begin ] --END-- [ RunTime:0.001072s ]
SQL: SHOW COLUMNS FROM `db_bbscomment` [ RunTime:0.0038s ]
SQL: SHOW COLUMNS FROM `db_user` [ RunTime:0.0046s ]
SQL: SELECT a.username as username,b.commentId as commentId,b.content as content,b.createAt as createAt FROM db_user as a INNER JOIN db_bbscomment as b on b.objectId = a.objectId  WHERE ( b.articleId=2 )  [ RunTime:0.0004s ]

[ 2017-05-19T22:45:56+08:00 ] ::1 /eduWeb/API/index.php?m=comment&c=comment&a=getComment&action=bbs&id=2
INFO: [ app_init ] --START--
INFO: Run Behavior\BuildLiteBehavior [ RunTime:0.000045s ]
INFO: [ app_init ] --END-- [ RunTime:0.000883s ]
INFO: [ app_begin ] --START--
INFO: Run Behavior\ReadHtmlCacheBehavior [ RunTime:0.001012s ]
INFO: [ app_begin ] --END-- [ RunTime:0.001064s ]
SQL: SHOW COLUMNS FROM `db_bbscomment` [ RunTime:0.0054s ]
SQL: SHOW COLUMNS FROM `db_user` [ RunTime:0.0070s ]
SQL: SELECT a.username as username,b.commentId as commentId,b.content as content,b.createAt as createAt FROM db_user as a INNER JOIN db_bbscomment as b on b.objectId = a.objectId  WHERE ( b.articleId=2 )  [ RunTime:0.0005s ]

[ 2017-05-19T22:50:14+08:00 ] ::1 /eduWeb/API/index.php?m=comment&c=comment&a=getComment&action=bbs&id=2
INFO: [ app_init ] --START--
INFO: Run Behavior\BuildLiteBehavior [ RunTime:0.000016s ]
INFO: [ app_init ] --END-- [ RunTime:0.000536s ]
INFO: [ app_begin ] --START--
INFO: Run Behavior\ReadHtmlCacheBehavior [ RunTime:0.002249s ]
INFO: [ app_begin ] --END-- [ RunTime:0.002403s ]
SQL: SHOW COLUMNS FROM `db_bbscomment` [ RunTime:0.0068s ]
SQL: SHOW COLUMNS FROM `db_user` [ RunTime:0.0033s ]
SQL: SELECT a.username as username,b.commentId as commentId,b.content as content,b.createAt as createAt FROM db_user as a INNER JOIN db_bbscomment as b on b.objectId = a.objectId  WHERE ( b.articleId=2 )  [ RunTime:0.0003s ]

[ 2017-05-19T22:50:46+08:00 ] ::1 /eduWeb/API/index.php?m=comment&c=comment&a=getComment&action=bbs&id=2
INFO: [ app_init ] --START--
INFO: Run Behavior\BuildLiteBehavior [ RunTime:0.000019s ]
INFO: [ app_init ] --END-- [ RunTime:0.000523s ]
INFO: [ app_begin ] --START--
INFO: Run Behavior\ReadHtmlCacheBehavior [ RunTime:0.001226s ]
INFO: [ app_begin ] --END-- [ RunTime:0.001308s ]
SQL: SHOW COLUMNS FROM `db_bbscomment` [ RunTime:0.0064s ]
SQL: SHOW COLUMNS FROM `db_user` [ RunTime:0.0039s ]
SQL: SELECT a.username as username,b.commentId as commentId,b.content as content,b.createAt as createAt FROM db_user as a INNER JOIN db_bbscomment as b on b.objectId = a.objectId  WHERE ( b.articleId=2 )  [ RunTime:0.0003s ]

[ 2017-05-19T22:51:31+08:00 ] ::1 /eduWeb/API/index.php?m=comment&c=comment&a=getComment&action=bbs&id=2
INFO: [ app_init ] --START--
INFO: Run Behavior\BuildLiteBehavior [ RunTime:0.000017s ]
INFO: [ app_init ] --END-- [ RunTime:0.000466s ]
INFO: [ app_begin ] --START--
INFO: Run Behavior\ReadHtmlCacheBehavior [ RunTime:0.000908s ]
INFO: [ app_begin ] --END-- [ RunTime:0.000970s ]
SQL: SHOW COLUMNS FROM `db_bbscomment` [ RunTime:0.0056s ]
SQL: SHOW COLUMNS FROM `db_user` [ RunTime:0.0040s ]
SQL: SELECT a.username as username,b.commentId as commentId,b.content as content,b.createAt as createAt FROM db_user as a INNER JOIN db_bbscomment as b on b.objectId = a.objectId  WHERE ( b.articleId=2 )  [ RunTime:0.0004s ]

[ 2017-05-19T22:51:33+08:00 ] ::1 /eduWeb/API/index.php?m=comment&c=comment&a=getComment&action=bbs&id=2
INFO: [ app_init ] --START--
INFO: Run Behavior\BuildLiteBehavior [ RunTime:0.000019s ]
INFO: [ app_init ] --END-- [ RunTime:0.001827s ]
INFO: [ app_begin ] --START--
INFO: Run Behavior\ReadHtmlCacheBehavior [ RunTime:0.000978s ]
INFO: [ app_begin ] --END-- [ RunTime:0.001042s ]
SQL: SHOW COLUMNS FROM `db_bbscomment` [ RunTime:0.0030s ]
SQL: SHOW COLUMNS FROM `db_user` [ RunTime:0.0054s ]
SQL: SELECT a.username as username,b.commentId as commentId,b.content as content,b.createAt as createAt FROM db_user as a INNER JOIN db_bbscomment as b on b.objectId = a.objectId  WHERE ( b.articleId=2 )  [ RunTime:0.0002s ]

[ 2017-05-19T22:52:01+08:00 ] ::1 /eduWeb/API/index.php?m=comment&c=comment&a=getComment&action=bbs&id=2
INFO: [ app_init ] --START--
INFO: Run Behavior\BuildLiteBehavior [ RunTime:0.000048s ]
INFO: [ app_init ] --END-- [ RunTime:0.001215s ]
INFO: [ app_begin ] --START--
INFO: Run Behavior\ReadHtmlCacheBehavior [ RunTime:0.001000s ]
INFO: [ app_begin ] --END-- [ RunTime:0.001058s ]
SQL: SHOW COLUMNS FROM `db_bbscomment` [ RunTime:0.0065s ]
SQL: SHOW COLUMNS FROM `db_user` [ RunTime:0.0060s ]
SQL: SELECT a.username as username,b.commentId as commentId,b.content as content,b.createAt as createAt FROM db_user as a INNER JOIN db_bbscomment as b on b.objectId = a.objectId  WHERE ( b.articleId=2 )  [ RunTime:0.0004s ]

[ 2017-05-19T22:52:40+08:00 ] ::1 /eduWeb/API/index.php?m=comment&c=comment&a=getComment&action=bbs&id=1
INFO: [ app_init ] --START--
INFO: Run Behavior\BuildLiteBehavior [ RunTime:0.000021s ]
INFO: [ app_init ] --END-- [ RunTime:0.001636s ]
INFO: [ app_begin ] --START--
INFO: Run Behavior\ReadHtmlCacheBehavior [ RunTime:0.001045s ]
INFO: [ app_begin ] --END-- [ RunTime:0.001122s ]
SQL: SHOW COLUMNS FROM `db_bbscomment` [ RunTime:0.0064s ]
SQL: SHOW COLUMNS FROM `db_user` [ RunTime:0.0030s ]
SQL: SELECT a.username as username,b.commentId as commentId,b.content as content,b.createAt as createAt FROM db_user as a INNER JOIN db_bbscomment as b on b.objectId = a.objectId  WHERE ( b.articleId=1 )  [ RunTime:0.0005s ]

[ 2017-05-19T22:53:37+08:00 ] ::1 /eduWeb/API/index.php?m=comment&c=comment&a=getComment&action=bbs&id=1
INFO: [ app_init ] --START--
INFO: Run Behavior\BuildLiteBehavior [ RunTime:0.000026s ]
INFO: [ app_init ] --END-- [ RunTime:0.001162s ]
INFO: [ app_begin ] --START--
INFO: Run Behavior\ReadHtmlCacheBehavior [ RunTime:0.001151s ]
INFO: [ app_begin ] --END-- [ RunTime:0.001229s ]
SQL: SHOW COLUMNS FROM `db_bbscomment` [ RunTime:0.0071s ]
SQL: SHOW COLUMNS FROM `db_user` [ RunTime:0.0043s ]
SQL: SELECT a.username as username,b.commentId as commentId,b.content as content,b.createAt as createAt FROM db_user as a INNER JOIN db_bbscomment as b on b.objectId = a.objectId  WHERE ( b.articleId=1 )  [ RunTime:0.0002s ]

[ 2017-05-19T22:53:42+08:00 ] ::1 /eduWeb/API/index.php?m=comment&c=comment&a=getComment&action=bbs&id=2
INFO: [ app_init ] --START--
INFO: Run Behavior\BuildLiteBehavior [ RunTime:0.000017s ]
INFO: [ app_init ] --END-- [ RunTime:0.000546s ]
INFO: [ app_begin ] --START--
INFO: Run Behavior\ReadHtmlCacheBehavior [ RunTime:0.000995s ]
INFO: [ app_begin ] --END-- [ RunTime:0.001056s ]
SQL: SHOW COLUMNS FROM `db_bbscomment` [ RunTime:0.0037s ]
SQL: SHOW COLUMNS FROM `db_user` [ RunTime:0.0037s ]
SQL: SELECT a.username as username,b.commentId as commentId,b.content as content,b.createAt as createAt FROM db_user as a INNER JOIN db_bbscomment as b on b.objectId = a.objectId  WHERE ( b.articleId=2 )  [ RunTime:0.0004s ]

[ 2017-05-19T22:53:46+08:00 ] ::1 /eduWeb/API/index.php?m=comment&c=comment&a=getComment&action=bbs&id=1
INFO: [ app_init ] --START--
INFO: Run Behavior\BuildLiteBehavior [ RunTime:0.000017s ]
INFO: [ app_init ] --END-- [ RunTime:0.000554s ]
INFO: [ app_begin ] --START--
INFO: Run Behavior\ReadHtmlCacheBehavior [ RunTime:0.002088s ]
INFO: [ app_begin ] --END-- [ RunTime:0.002218s ]
SQL: SHOW COLUMNS FROM `db_bbscomment` [ RunTime:0.0066s ]
SQL: SHOW COLUMNS FROM `db_user` [ RunTime:0.0032s ]
SQL: SELECT a.username as username,b.commentId as commentId,b.content as content,b.createAt as createAt FROM db_user as a INNER JOIN db_bbscomment as b on b.objectId = a.objectId  WHERE ( b.articleId=1 )  [ RunTime:0.0003s ]

[ 2017-05-19T22:55:02+08:00 ] ::1 /eduWeb/API/index.php?m=comment&c=comment&a=getComment&action=bbs&id=2
INFO: [ app_init ] --START--
INFO: Run Behavior\BuildLiteBehavior [ RunTime:0.000018s ]
INFO: [ app_init ] --END-- [ RunTime:0.000508s ]
INFO: [ app_begin ] --START--
INFO: Run Behavior\ReadHtmlCacheBehavior [ RunTime:0.001540s ]
INFO: [ app_begin ] --END-- [ RunTime:0.001666s ]
SQL: SHOW COLUMNS FROM `db_bbscomment` [ RunTime:0.0051s ]
SQL: SHOW COLUMNS FROM `db_user` [ RunTime:0.0058s ]
SQL: SELECT a.username as username,b.commentId as commentId,b.content as content,b.createAt as createAt FROM db_user as a INNER JOIN db_bbscomment as b on b.objectId = a.objectId  WHERE ( b.articleId=2 )  [ RunTime:0.0006s ]

[ 2017-05-19T22:55:08+08:00 ] ::1 /eduWeb/API/index.php?m=comment&c=comment&a=getComment&action=bbs&id=1
INFO: [ app_init ] --START--
INFO: Run Behavior\BuildLiteBehavior [ RunTime:0.000017s ]
INFO: [ app_init ] --END-- [ RunTime:0.000500s ]
INFO: [ app_begin ] --START--
INFO: Run Behavior\ReadHtmlCacheBehavior [ RunTime:0.000887s ]
INFO: [ app_begin ] --END-- [ RunTime:0.000945s ]
SQL: SHOW COLUMNS FROM `db_bbscomment` [ RunTime:0.0058s ]
SQL: SHOW COLUMNS FROM `db_user` [ RunTime:0.0054s ]
SQL: SELECT a.username as username,b.commentId as commentId,b.content as content,b.createAt as createAt FROM db_user as a INNER JOIN db_bbscomment as b on b.objectId = a.objectId  WHERE ( b.articleId=1 )  [ RunTime:0.0006s ]

[ 2017-05-19T22:56:07+08:00 ] ::1 /eduWeb/API/index.php?m=comment&c=comment&a=getComment&action=bbs&id=2
INFO: [ app_init ] --START--
INFO: Run Behavior\BuildLiteBehavior [ RunTime:0.000014s ]
INFO: [ app_init ] --END-- [ RunTime:0.000474s ]
INFO: [ app_begin ] --START--
INFO: Run Behavior\ReadHtmlCacheBehavior [ RunTime:0.001292s ]
INFO: [ app_begin ] --END-- [ RunTime:0.001390s ]
SQL: SHOW COLUMNS FROM `db_bbscomment` [ RunTime:0.0037s ]
SQL: SHOW COLUMNS FROM `db_user` [ RunTime:0.0064s ]
SQL: SELECT a.username as username,b.commentId as commentId,b.content as content,b.createAt as createAt FROM db_user as a INNER JOIN db_bbscomment as b on b.objectId = a.objectId  WHERE ( b.articleId=2 )  [ RunTime:0.0004s ]

[ 2017-05-19T22:56:11+08:00 ] ::1 /eduWeb/API/index.php?m=comment&c=comment&a=getComment&action=bbs&id=1
INFO: [ app_init ] --START--
INFO: Run Behavior\BuildLiteBehavior [ RunTime:0.000020s ]
INFO: [ app_init ] --END-- [ RunTime:0.000989s ]
INFO: [ app_begin ] --START--
INFO: Run Behavior\ReadHtmlCacheBehavior [ RunTime:0.001254s ]
INFO: [ app_begin ] --END-- [ RunTime:0.001330s ]
SQL: SHOW COLUMNS FROM `db_bbscomment` [ RunTime:0.0040s ]
SQL: SHOW COLUMNS FROM `db_user` [ RunTime:0.0049s ]
SQL: SELECT a.username as username,b.commentId as commentId,b.content as content,b.createAt as createAt FROM db_user as a INNER JOIN db_bbscomment as b on b.objectId = a.objectId  WHERE ( b.articleId=1 )  [ RunTime:0.0011s ]

[ 2017-05-19T22:57:23+08:00 ] ::1 /eduWeb/API/index.php?m=comment&c=comment&a=getComment&action=bbs&id=2
INFO: [ app_init ] --START--
INFO: Run Behavior\BuildLiteBehavior [ RunTime:0.000023s ]
INFO: [ app_init ] --END-- [ RunTime:0.001004s ]
INFO: [ app_begin ] --START--
INFO: Run Behavior\ReadHtmlCacheBehavior [ RunTime:0.004278s ]
INFO: [ app_begin ] --END-- [ RunTime:0.004381s ]
SQL: SHOW COLUMNS FROM `db_bbscomment` [ RunTime:0.0038s ]
SQL: SHOW COLUMNS FROM `db_user` [ RunTime:0.0029s ]
SQL: SELECT a.username as username,b.commentId as commentId,b.content as content,b.createAt as createAt FROM db_user as a INNER JOIN db_bbscomment as b on b.objectId = a.objectId  WHERE ( b.articleId=2 )  [ RunTime:0.0002s ]

[ 2017-05-19T23:21:07+08:00 ] ::1 /eduWeb/API/index.php?m=comment&c=comment&a=getComment&action=bbs&id=1
INFO: [ app_init ] --START--
INFO: Run Behavior\BuildLiteBehavior [ RunTime:0.000048s ]
INFO: [ app_init ] --END-- [ RunTime:0.000816s ]
INFO: [ app_begin ] --START--
INFO: Run Behavior\ReadHtmlCacheBehavior [ RunTime:0.001117s ]
INFO: [ app_begin ] --END-- [ RunTime:0.001223s ]
SQL: SHOW COLUMNS FROM `db_bbscomment` [ RunTime:0.0080s ]
SQL: SHOW COLUMNS FROM `db_user` [ RunTime:0.0032s ]
SQL: SELECT a.username as username,b.commentId as commentId,b.content as content,b.createAt as createAt FROM db_user as a INNER JOIN db_bbscomment as b on b.objectId = a.objectId  WHERE ( b.articleId=1 )  [ RunTime:0.0004s ]

[ 2017-05-19T23:21:26+08:00 ] ::1 /eduWeb/API/index.php?m=comment&c=comment&a=getComment&action=bbs&id=2
INFO: [ app_init ] --START--
INFO: Run Behavior\BuildLiteBehavior [ RunTime:0.000014s ]
INFO: [ app_init ] --END-- [ RunTime:0.000347s ]
INFO: [ app_begin ] --START--
INFO: Run Behavior\ReadHtmlCacheBehavior [ RunTime:0.001379s ]
INFO: [ app_begin ] --END-- [ RunTime:0.001446s ]
SQL: SHOW COLUMNS FROM `db_bbscomment` [ RunTime:0.0031s ]
SQL: SHOW COLUMNS FROM `db_user` [ RunTime:0.0030s ]
SQL: SELECT a.username as username,b.commentId as commentId,b.content as content,b.createAt as createAt FROM db_user as a INNER JOIN db_bbscomment as b on b.objectId = a.objectId  WHERE ( b.articleId=2 )  [ RunTime:0.0003s ]

[ 2017-05-19T23:22:30+08:00 ] ::1 /eduWeb/API/index.php?m=comment&c=comment&a=getComment&action=bbs&id=2
INFO: [ app_init ] --START--
INFO: Run Behavior\BuildLiteBehavior [ RunTime:0.000011s ]
INFO: [ app_init ] --END-- [ RunTime:0.000328s ]
INFO: [ app_begin ] --START--
INFO: Run Behavior\ReadHtmlCacheBehavior [ RunTime:0.000814s ]
INFO: [ app_begin ] --END-- [ RunTime:0.000863s ]
SQL: SHOW COLUMNS FROM `db_bbscomment` [ RunTime:0.0072s ]
SQL: SHOW COLUMNS FROM `db_user` [ RunTime:0.0030s ]
SQL: SELECT a.username as username,b.commentId as commentId,b.content as content,b.createAt as createAt FROM db_user as a INNER JOIN db_bbscomment as b on b.objectId = a.objectId  WHERE ( b.articleId=2 )  [ RunTime:0.0003s ]

