[ 2017-05-21T18:10:13+08:00 ] ::1 /eduWeb/API/index.php?m=comment&c=comment&a=getComment&action=course&id=1
INFO: [ app_init ] --START--
INFO: Run Behavior\BuildLiteBehavior [ RunTime:0.000017s ]
INFO: [ app_init ] --END-- [ RunTime:0.000474s ]
INFO: [ app_begin ] --START--
INFO: Run Behavior\ReadHtmlCacheBehavior [ RunTime:0.001009s ]
INFO: [ app_begin ] --END-- [ RunTime:0.001076s ]
SQL: SHOW COLUMNS FROM `db_bbscomment` [ RunTime:0.0035s ]
SQL: SHOW COLUMNS FROM `db_user` [ RunTime:0.0041s ]
SQL: SELECT a.username as username,b.commentId as commentId,b.content as content,b.createAt as createAt FROM db_user as a INNER JOIN db_coursecomment as b on b.objectId = a.objectId  WHERE ( b.articleId=1 )  [ RunTime:0.0003s ]

[ 2017-05-21T18:11:06+08:00 ] ::1 /eduWeb/API/index.php?m=comment&c=comment&a=getComment&action=course&id=1
INFO: [ app_init ] --START--
INFO: Run Behavior\BuildLiteBehavior [ RunTime:0.000016s ]
INFO: [ app_init ] --END-- [ RunTime:0.000428s ]
INFO: [ app_begin ] --START--
INFO: Run Behavior\ReadHtmlCacheBehavior [ RunTime:0.000867s ]
INFO: [ app_begin ] --END-- [ RunTime:0.000936s ]
SQL: SHOW COLUMNS FROM `db_bbscomment` [ RunTime:0.0047s ]
SQL: SHOW COLUMNS FROM `db_user` [ RunTime:0.0039s ]
SQL: SELECT a.username as username,b.commentId as commentId,b.content as content,b.createAt as createAt FROM db_user as a INNER JOIN db_coursecomment as b on b.objectId = a.objectId  WHERE ( b.articleId=1 )  [ RunTime:0.0003s ]

[ 2017-05-21T18:11:31+08:00 ] ::1 /eduWeb/API/index.php?m=comment&c=comment&a=getComment&action=course&id=1
INFO: [ app_init ] --START--
INFO: Run Behavior\BuildLiteBehavior [ RunTime:0.000016s ]
INFO: [ app_init ] --END-- [ RunTime:0.000437s ]
INFO: [ app_begin ] --START--
INFO: Run Behavior\ReadHtmlCacheBehavior [ RunTime:0.007432s ]
INFO: [ app_begin ] --END-- [ RunTime:0.007489s ]
SQL: SHOW COLUMNS FROM `db_bbscomment` [ RunTime:0.0039s ]
SQL: SHOW COLUMNS FROM `db_user` [ RunTime:0.0039s ]
SQL: SELECT a.username as username,b.commentId as commentId,b.content as content,b.createAt as createAt FROM db_user as a INNER JOIN db_coursecomment as b on b.objectId = a.objectId  WHERE ( b.articleId=1 )  [ RunTime:0.0003s ]

[ 2017-05-21T18:12:03+08:00 ] ::1 /eduWeb/API/index.php?m=comment&c=comment&a=getComment&action=course&id=1
INFO: [ app_init ] --START--
INFO: Run Behavior\BuildLiteBehavior [ RunTime:0.000017s ]
INFO: [ app_init ] --END-- [ RunTime:0.000463s ]
INFO: [ app_begin ] --START--
INFO: Run Behavior\ReadHtmlCacheBehavior [ RunTime:0.000840s ]
INFO: [ app_begin ] --END-- [ RunTime:0.000902s ]
SQL: SHOW COLUMNS FROM `db_bbscomment` [ RunTime:0.0077s ]
SQL: SHOW COLUMNS FROM `db_user` [ RunTime:0.0039s ]
SQL: SELECT a.username as username,b.commentId as commentId,b.content as content,b.createAt as createAt FROM db_user as a INNER JOIN db_coursecomment as b on b.objectId = a.objectId  WHERE ( b.articleId=1 )  [ RunTime:0.0003s ]

[ 2017-05-21T18:12:07+08:00 ] ::1 /eduWeb/API/index.php?m=comment&c=comment&a=getComment&action=course&id=1
INFO: [ app_init ] --START--
INFO: Run Behavior\BuildLiteBehavior [ RunTime:0.000019s ]
INFO: [ app_init ] --END-- [ RunTime:0.000624s ]
INFO: [ app_begin ] --START--
INFO: Run Behavior\ReadHtmlCacheBehavior [ RunTime:0.000889s ]
INFO: [ app_begin ] --END-- [ RunTime:0.000949s ]
SQL: SHOW COLUMNS FROM `db_bbscomment` [ RunTime:0.0031s ]
SQL: SHOW COLUMNS FROM `db_user` [ RunTime:0.0038s ]
SQL: SELECT a.username as username,b.commentId as commentId,b.content as content,b.createAt as createAt FROM db_user as a INNER JOIN db_coursecomment as b on b.objectId = a.objectId  WHERE ( b.articleId=1 )  [ RunTime:0.0003s ]

[ 2017-05-21T18:12:13+08:00 ] ::1 /eduWeb/API/index.php?m=comment&c=comment&a=getComment&action=course&id=2
INFO: [ app_init ] --START--
INFO: Run Behavior\BuildLiteBehavior [ RunTime:0.000016s ]
INFO: [ app_init ] --END-- [ RunTime:0.000385s ]
INFO: [ app_begin ] --START--
INFO: Run Behavior\ReadHtmlCacheBehavior [ RunTime:0.000737s ]
INFO: [ app_begin ] --END-- [ RunTime:0.000785s ]
SQL: SHOW COLUMNS FROM `db_bbscomment` [ RunTime:0.0042s ]
SQL: SHOW COLUMNS FROM `db_user` [ RunTime:0.0037s ]
SQL: SELECT a.username as username,b.commentId as commentId,b.content as content,b.createAt as createAt FROM db_user as a INNER JOIN db_coursecomment as b on b.objectId = a.objectId  WHERE ( b.articleId=2 )  [ RunTime:0.0003s ]

[ 2017-05-21T18:12:28+08:00 ] ::1 /eduWeb/API/index.php?m=comment&c=comment&a=getComment&action=course&id=1
INFO: [ app_init ] --START--
INFO: Run Behavior\BuildLiteBehavior [ RunTime:0.000018s ]
INFO: [ app_init ] --END-- [ RunTime:0.000741s ]
INFO: [ app_begin ] --START--
INFO: Run Behavior\ReadHtmlCacheBehavior [ RunTime:0.001182s ]
INFO: [ app_begin ] --END-- [ RunTime:0.001385s ]
SQL: SHOW COLUMNS FROM `db_bbscomment` [ RunTime:0.0027s ]
SQL: SHOW COLUMNS FROM `db_user` [ RunTime:0.0028s ]
SQL: SELECT a.username as username,b.commentId as commentId,b.content as content,b.createAt as createAt FROM db_user as a INNER JOIN db_coursecomment as b on b.objectId = a.objectId  WHERE ( b.articleId=1 )  [ RunTime:0.0002s ]

[ 2017-05-21T18:13:40+08:00 ] ::1 /eduWeb/API/index.php?m=comment&c=comment&a=getComment&action=course&id=1
INFO: [ app_init ] --START--
INFO: Run Behavior\BuildLiteBehavior [ RunTime:0.000017s ]
INFO: [ app_init ] --END-- [ RunTime:0.000461s ]
INFO: [ app_begin ] --START--
INFO: Run Behavior\ReadHtmlCacheBehavior [ RunTime:0.001049s ]
INFO: [ app_begin ] --END-- [ RunTime:0.001125s ]
SQL: SHOW COLUMNS FROM `db_bbscomment` [ RunTime:0.0066s ]
SQL: SHOW COLUMNS FROM `db_user` [ RunTime:0.0027s ]
SQL: SELECT a.username as username,b.commentId as commentId,b.content as content,b.createAt as createAt FROM db_user as a INNER JOIN db_coursecomment as b on b.objectId = a.objectId  WHERE ( b.articleId=1 )  [ RunTime:0.0002s ]

[ 2017-05-21T18:13:44+08:00 ] ::1 /eduWeb/API/index.php?m=comment&c=comment&a=getComment&action=course&id=1
INFO: [ app_init ] --START--
INFO: Run Behavior\BuildLiteBehavior [ RunTime:0.000018s ]
INFO: [ app_init ] --END-- [ RunTime:0.000482s ]
INFO: [ app_begin ] --START--
INFO: Run Behavior\ReadHtmlCacheBehavior [ RunTime:0.001203s ]
INFO: [ app_begin ] --END-- [ RunTime:0.001299s ]
SQL: SHOW COLUMNS FROM `db_bbscomment` [ RunTime:0.0073s ]
SQL: SHOW COLUMNS FROM `db_user` [ RunTime:0.0032s ]
SQL: SELECT a.username as username,b.commentId as commentId,b.content as content,b.createAt as createAt FROM db_user as a INNER JOIN db_coursecomment as b on b.objectId = a.objectId  WHERE ( b.articleId=1 )  [ RunTime:0.0003s ]

[ 2017-05-21T18:13:49+08:00 ] ::1 /eduWeb/API/index.php?m=comment&c=comment&a=getComment&action=course&id=1
INFO: [ app_init ] --START--
INFO: Run Behavior\BuildLiteBehavior [ RunTime:0.000120s ]
INFO: [ app_init ] --END-- [ RunTime:0.000813s ]
INFO: [ app_begin ] --START--
INFO: Run Behavior\ReadHtmlCacheBehavior [ RunTime:0.000970s ]
INFO: [ app_begin ] --END-- [ RunTime:0.001037s ]
SQL: SHOW COLUMNS FROM `db_bbscomment` [ RunTime:0.0041s ]
SQL: SHOW COLUMNS FROM `db_user` [ RunTime:0.0031s ]
SQL: SELECT a.username as username,b.commentId as commentId,b.content as content,b.createAt as createAt FROM db_user as a INNER JOIN db_coursecomment as b on b.objectId = a.objectId  WHERE ( b.articleId=1 )  [ RunTime:0.0004s ]

[ 2017-05-21T18:13:56+08:00 ] ::1 /eduWeb/API/index.php?m=comment&c=comment&a=getComment&action=course&id=2
INFO: [ app_init ] --START--
INFO: Run Behavior\BuildLiteBehavior [ RunTime:0.000014s ]
INFO: [ app_init ] --END-- [ RunTime:0.000461s ]
INFO: [ app_begin ] --START--
INFO: Run Behavior\ReadHtmlCacheBehavior [ RunTime:0.000655s ]
INFO: [ app_begin ] --END-- [ RunTime:0.000696s ]
SQL: SHOW COLUMNS FROM `db_bbscomment` [ RunTime:0.0038s ]
SQL: SHOW COLUMNS FROM `db_user` [ RunTime:0.0031s ]
SQL: SELECT a.username as username,b.commentId as commentId,b.content as content,b.createAt as createAt FROM db_user as a INNER JOIN db_coursecomment as b on b.objectId = a.objectId  WHERE ( b.articleId=2 )  [ RunTime:0.0003s ]

[ 2017-05-21T18:14:42+08:00 ] ::1 /eduWeb/API/index.php?m=comment&c=comment&a=getComment&action=course&id=1
INFO: [ app_init ] --START--
INFO: Run Behavior\BuildLiteBehavior [ RunTime:0.000016s ]
INFO: [ app_init ] --END-- [ RunTime:0.000429s ]
INFO: [ app_begin ] --START--
INFO: Run Behavior\ReadHtmlCacheBehavior [ RunTime:0.000880s ]
INFO: [ app_begin ] --END-- [ RunTime:0.000935s ]
SQL: SHOW COLUMNS FROM `db_bbscomment` [ RunTime:0.0035s ]
SQL: SHOW COLUMNS FROM `db_user` [ RunTime:0.0031s ]
SQL: SELECT a.username as username,b.commentId as commentId,b.content as content,b.createAt as createAt FROM db_user as a INNER JOIN db_coursecomment as b on b.objectId = a.objectId  WHERE ( b.articleId=1 )  [ RunTime:0.0004s ]

[ 2017-05-21T18:15:31+08:00 ] ::1 /eduWeb/API/index.php?m=comment&c=comment&a=getComment&action=course&id=1
INFO: [ app_init ] --START--
INFO: Run Behavior\BuildLiteBehavior [ RunTime:0.000029s ]
INFO: [ app_init ] --END-- [ RunTime:0.001031s ]
INFO: [ app_begin ] --START--
INFO: Run Behavior\ReadHtmlCacheBehavior [ RunTime:0.000933s ]
INFO: [ app_begin ] --END-- [ RunTime:0.000993s ]
SQL: SHOW COLUMNS FROM `db_bbscomment` [ RunTime:0.0043s ]
SQL: SHOW COLUMNS FROM `db_user` [ RunTime:0.0041s ]
SQL: SELECT a.username as username,b.commentId as commentId,b.content as content,b.createAt as createAt FROM db_user as a INNER JOIN db_coursecomment as b on b.objectId = a.objectId  WHERE ( b.articleId=1 )  [ RunTime:0.0003s ]

[ 2017-05-21T18:18:12+08:00 ] ::1 /eduWeb/API/index.php?m=comment&c=comment&a=getComment&action=course&id=1
INFO: [ app_init ] --START--
INFO: Run Behavior\BuildLiteBehavior [ RunTime:0.000021s ]
INFO: [ app_init ] --END-- [ RunTime:0.000650s ]
INFO: [ app_begin ] --START--
INFO: Run Behavior\ReadHtmlCacheBehavior [ RunTime:0.000654s ]
INFO: [ app_begin ] --END-- [ RunTime:0.000694s ]
SQL: SHOW COLUMNS FROM `db_bbscomment` [ RunTime:0.0043s ]
SQL: SHOW COLUMNS FROM `db_user` [ RunTime:0.0031s ]
SQL: SELECT a.username as username,b.commentId as commentId,b.content as content,b.createAt as createAt FROM db_user as a INNER JOIN db_coursecomment as b on b.objectId = a.objectId  WHERE ( b.articleId=1 )  [ RunTime:0.0003s ]

[ 2017-05-21T18:33:37+08:00 ] ::1 /eduWeb/API/index.php?m=comment&c=comment&a=getComment&action=course&id=1
INFO: [ app_init ] --START--
INFO: Run Behavior\BuildLiteBehavior [ RunTime:0.000012s ]
INFO: [ app_init ] --END-- [ RunTime:0.000340s ]
INFO: [ app_begin ] --START--
INFO: Run Behavior\ReadHtmlCacheBehavior [ RunTime:0.000659s ]
INFO: [ app_begin ] --END-- [ RunTime:0.000695s ]
SQL: SHOW COLUMNS FROM `db_bbscomment` [ RunTime:0.0030s ]
SQL: SHOW COLUMNS FROM `db_user` [ RunTime:0.0047s ]
SQL: SELECT a.username as username,b.commentId as commentId,b.content as content,b.createAt as createAt FROM db_user as a INNER JOIN db_coursecomment as b on b.objectId = a.objectId  WHERE ( b.articleId=1 )  [ RunTime:0.0004s ]

[ 2017-05-21T18:35:31+08:00 ] ::1 /eduWeb/API/index.php?m=comment&c=comment&a=getComment&action=course&id=1
INFO: [ app_init ] --START--
INFO: Run Behavior\BuildLiteBehavior [ RunTime:0.000016s ]
INFO: [ app_init ] --END-- [ RunTime:0.000448s ]
INFO: [ app_begin ] --START--
INFO: Run Behavior\ReadHtmlCacheBehavior [ RunTime:0.000957s ]
INFO: [ app_begin ] --END-- [ RunTime:0.001020s ]
SQL: SHOW COLUMNS FROM `db_bbscomment` [ RunTime:0.0046s ]
SQL: SHOW COLUMNS FROM `db_user` [ RunTime:0.0036s ]
SQL: SELECT a.username as username,b.commentId as commentId,b.content as content,b.createAt as createAt FROM db_user as a INNER JOIN db_coursecomment as b on b.objectId = a.objectId  WHERE ( b.articleId=1 )  [ RunTime:0.0004s ]

[ 2017-05-21T18:35:42+08:00 ] ::1 /eduWeb/API/index.php?m=comment&c=comment&a=getComment&action=course&id=1
INFO: [ app_init ] --START--
INFO: Run Behavior\BuildLiteBehavior [ RunTime:0.000023s ]
INFO: [ app_init ] --END-- [ RunTime:0.000545s ]
INFO: [ app_begin ] --START--
INFO: Run Behavior\ReadHtmlCacheBehavior [ RunTime:0.000968s ]
INFO: [ app_begin ] --END-- [ RunTime:0.001031s ]
SQL: SHOW COLUMNS FROM `db_bbscomment` [ RunTime:0.0041s ]
SQL: SHOW COLUMNS FROM `db_user` [ RunTime:0.0052s ]
SQL: SELECT a.username as username,b.commentId as commentId,b.content as content,b.createAt as createAt FROM db_user as a INNER JOIN db_coursecomment as b on b.objectId = a.objectId  WHERE ( b.articleId=1 )  [ RunTime:0.0005s ]

[ 2017-05-21T19:07:15+08:00 ] ::1 /eduWeb/API/index.php?m=comment&c=comment&a=getComment&action=course&id=4
INFO: [ app_init ] --START--
INFO: Run Behavior\BuildLiteBehavior [ RunTime:0.000020s ]
INFO: [ app_init ] --END-- [ RunTime:0.000552s ]
INFO: [ app_begin ] --START--
INFO: Run Behavior\ReadHtmlCacheBehavior [ RunTime:0.001056s ]
INFO: [ app_begin ] --END-- [ RunTime:0.001125s ]
SQL: SHOW COLUMNS FROM `db_bbscomment` [ RunTime:0.0030s ]
SQL: SHOW COLUMNS FROM `db_user` [ RunTime:0.0040s ]
SQL: SELECT a.username as username,b.commentId as commentId,b.content as content,b.createAt as createAt FROM db_user as a INNER JOIN db_coursecomment as b on b.objectId = a.objectId  WHERE ( b.articleId=4 )  [ RunTime:0.0004s ]

[ 2017-05-21T19:07:24+08:00 ] ::1 /eduWeb/API/index.php?m=comment&c=comment&a=getComment&action=course&id=1
INFO: [ app_init ] --START--
INFO: Run Behavior\BuildLiteBehavior [ RunTime:0.000019s ]
INFO: [ app_init ] --END-- [ RunTime:0.000691s ]
INFO: [ app_begin ] --START--
INFO: Run Behavior\ReadHtmlCacheBehavior [ RunTime:0.001012s ]
INFO: [ app_begin ] --END-- [ RunTime:0.001088s ]
SQL: SHOW COLUMNS FROM `db_bbscomment` [ RunTime:0.0081s ]
SQL: SHOW COLUMNS FROM `db_user` [ RunTime:0.0038s ]
SQL: SELECT a.username as username,b.commentId as commentId,b.content as content,b.createAt as createAt FROM db_user as a INNER JOIN db_coursecomment as b on b.objectId = a.objectId  WHERE ( b.articleId=1 )  [ RunTime:0.0003s ]

[ 2017-05-21T19:07:29+08:00 ] ::1 /eduWeb/API/index.php?m=comment&c=comment&a=getComment&action=course&id=4
INFO: [ app_init ] --START--
INFO: Run Behavior\BuildLiteBehavior [ RunTime:0.000011s ]
INFO: [ app_init ] --END-- [ RunTime:0.000308s ]
INFO: [ app_begin ] --START--
INFO: Run Behavior\ReadHtmlCacheBehavior [ RunTime:0.000585s ]
INFO: [ app_begin ] --END-- [ RunTime:0.000620s ]
SQL: SHOW COLUMNS FROM `db_bbscomment` [ RunTime:0.0030s ]
SQL: SHOW COLUMNS FROM `db_user` [ RunTime:0.0030s ]
SQL: SELECT a.username as username,b.commentId as commentId,b.content as content,b.createAt as createAt FROM db_user as a INNER JOIN db_coursecomment as b on b.objectId = a.objectId  WHERE ( b.articleId=4 )  [ RunTime:0.0002s ]

[ 2017-05-21T19:07:36+08:00 ] ::1 /eduWeb/API/index.php?m=comment&c=comment&a=getComment&action=course&id=1
INFO: [ app_init ] --START--
INFO: Run Behavior\BuildLiteBehavior [ RunTime:0.000017s ]
INFO: [ app_init ] --END-- [ RunTime:0.000463s ]
INFO: [ app_begin ] --START--
INFO: Run Behavior\ReadHtmlCacheBehavior [ RunTime:0.000914s ]
INFO: [ app_begin ] --END-- [ RunTime:0.000967s ]
SQL: SHOW COLUMNS FROM `db_bbscomment` [ RunTime:0.0045s ]
SQL: SHOW COLUMNS FROM `db_user` [ RunTime:0.0038s ]
SQL: SELECT a.username as username,b.commentId as commentId,b.content as content,b.createAt as createAt FROM db_user as a INNER JOIN db_coursecomment as b on b.objectId = a.objectId  WHERE ( b.articleId=1 )  [ RunTime:0.0003s ]

[ 2017-05-21T19:07:40+08:00 ] ::1 /eduWeb/API/index.php?m=comment&c=comment&a=getComment&action=course&id=4
INFO: [ app_init ] --START--
INFO: Run Behavior\BuildLiteBehavior [ RunTime:0.000054s ]
INFO: [ app_init ] --END-- [ RunTime:0.001045s ]
INFO: [ app_begin ] --START--
INFO: Run Behavior\ReadHtmlCacheBehavior [ RunTime:0.000967s ]
INFO: [ app_begin ] --END-- [ RunTime:0.001022s ]
SQL: SHOW COLUMNS FROM `db_bbscomment` [ RunTime:0.0030s ]
SQL: SHOW COLUMNS FROM `db_user` [ RunTime:0.0028s ]
SQL: SELECT a.username as username,b.commentId as commentId,b.content as content,b.createAt as createAt FROM db_user as a INNER JOIN db_coursecomment as b on b.objectId = a.objectId  WHERE ( b.articleId=4 )  [ RunTime:0.0002s ]

[ 2017-05-21T19:07:41+08:00 ] ::1 /eduWeb/API/index.php?m=comment&c=comment&a=getComment&action=course&id=4
INFO: [ app_init ] --START--
INFO: Run Behavior\BuildLiteBehavior [ RunTime:0.000018s ]
INFO: [ app_init ] --END-- [ RunTime:0.000446s ]
INFO: [ app_begin ] --START--
INFO: Run Behavior\ReadHtmlCacheBehavior [ RunTime:0.000858s ]
INFO: [ app_begin ] --END-- [ RunTime:0.000917s ]
SQL: SHOW COLUMNS FROM `db_bbscomment` [ RunTime:0.0065s ]
SQL: SHOW COLUMNS FROM `db_user` [ RunTime:0.0028s ]
SQL: SELECT a.username as username,b.commentId as commentId,b.content as content,b.createAt as createAt FROM db_user as a INNER JOIN db_coursecomment as b on b.objectId = a.objectId  WHERE ( b.articleId=4 )  [ RunTime:0.0002s ]

[ 2017-05-21T19:07:41+08:00 ] ::1 /eduWeb/API/index.php?m=comment&c=comment&a=getComment&action=course&id=4
INFO: [ app_init ] --START--
INFO: Run Behavior\BuildLiteBehavior [ RunTime:0.000018s ]
INFO: [ app_init ] --END-- [ RunTime:0.000485s ]
INFO: [ app_begin ] --START--
INFO: Run Behavior\ReadHtmlCacheBehavior [ RunTime:0.000951s ]
INFO: [ app_begin ] --END-- [ RunTime:0.001050s ]
SQL: SHOW COLUMNS FROM `db_bbscomment` [ RunTime:0.0077s ]
SQL: SHOW COLUMNS FROM `db_user` [ RunTime:0.0033s ]
SQL: SELECT a.username as username,b.commentId as commentId,b.content as content,b.createAt as createAt FROM db_user as a INNER JOIN db_coursecomment as b on b.objectId = a.objectId  WHERE ( b.articleId=4 )  [ RunTime:0.0003s ]

[ 2017-05-21T19:07:42+08:00 ] ::1 /eduWeb/API/index.php?m=comment&c=comment&a=getComment&action=course&id=4
INFO: [ app_init ] --START--
INFO: Run Behavior\BuildLiteBehavior [ RunTime:0.000019s ]
INFO: [ app_init ] --END-- [ RunTime:0.000713s ]
INFO: [ app_begin ] --START--
INFO: Run Behavior\ReadHtmlCacheBehavior [ RunTime:0.000883s ]
INFO: [ app_begin ] --END-- [ RunTime:0.000964s ]
SQL: SHOW COLUMNS FROM `db_bbscomment` [ RunTime:0.0037s ]
SQL: SHOW COLUMNS FROM `db_user` [ RunTime:0.0030s ]
SQL: SELECT a.username as username,b.commentId as commentId,b.content as content,b.createAt as createAt FROM db_user as a INNER JOIN db_coursecomment as b on b.objectId = a.objectId  WHERE ( b.articleId=4 )  [ RunTime:0.0005s ]

[ 2017-05-21T19:11:43+08:00 ] ::1 /eduWeb/API/index.php?m=comment&c=comment&a=getComment&action=course&id=5
INFO: [ app_init ] --START--
INFO: Run Behavior\BuildLiteBehavior [ RunTime:0.000021s ]
INFO: [ app_init ] --END-- [ RunTime:0.000490s ]
INFO: [ app_begin ] --START--
INFO: Run Behavior\ReadHtmlCacheBehavior [ RunTime:0.000990s ]
INFO: [ app_begin ] --END-- [ RunTime:0.001056s ]
SQL: SHOW COLUMNS FROM `db_bbscomment` [ RunTime:0.0030s ]
SQL: SHOW COLUMNS FROM `db_user` [ RunTime:0.0031s ]
SQL: SELECT a.username as username,b.commentId as commentId,b.content as content,b.createAt as createAt FROM db_user as a INNER JOIN db_coursecomment as b on b.objectId = a.objectId  WHERE ( b.articleId=5 )  [ RunTime:0.0003s ]

[ 2017-05-21T19:15:38+08:00 ] ::1 /eduWeb/API/index.php?m=comment&c=comment&a=getComment&action=course&id=6
INFO: [ app_init ] --START--
INFO: Run Behavior\BuildLiteBehavior [ RunTime:0.000036s ]
INFO: [ app_init ] --END-- [ RunTime:0.000765s ]
INFO: [ app_begin ] --START--
INFO: Run Behavior\ReadHtmlCacheBehavior [ RunTime:0.000824s ]
INFO: [ app_begin ] --END-- [ RunTime:0.000881s ]
SQL: SHOW COLUMNS FROM `db_bbscomment` [ RunTime:0.0039s ]
SQL: SHOW COLUMNS FROM `db_user` [ RunTime:0.0038s ]
SQL: SELECT a.username as username,b.commentId as commentId,b.content as content,b.createAt as createAt FROM db_user as a INNER JOIN db_coursecomment as b on b.objectId = a.objectId  WHERE ( b.articleId=6 )  [ RunTime:0.0003s ]

[ 2017-05-21T19:21:41+08:00 ] ::1 /eduWeb/API/index.php?m=comment&c=comment&a=getComment&action=course&id=7
INFO: [ app_init ] --START--
INFO: Run Behavior\BuildLiteBehavior [ RunTime:0.000020s ]
INFO: [ app_init ] --END-- [ RunTime:0.000504s ]
INFO: [ app_begin ] --START--
INFO: Run Behavior\ReadHtmlCacheBehavior [ RunTime:0.001117s ]
INFO: [ app_begin ] --END-- [ RunTime:0.001184s ]
SQL: SHOW COLUMNS FROM `db_bbscomment` [ RunTime:0.0066s ]
SQL: SHOW COLUMNS FROM `db_user` [ RunTime:0.0030s ]
SQL: SELECT a.username as username,b.commentId as commentId,b.content as content,b.createAt as createAt FROM db_user as a INNER JOIN db_coursecomment as b on b.objectId = a.objectId  WHERE ( b.articleId=7 )  [ RunTime:0.0002s ]

[ 2017-05-21T19:23:24+08:00 ] ::1 /eduWeb/API/index.php?m=comment&c=comment&a=getComment&action=course&id=8
INFO: [ app_init ] --START--
INFO: Run Behavior\BuildLiteBehavior [ RunTime:0.000016s ]
INFO: [ app_init ] --END-- [ RunTime:0.000449s ]
INFO: [ app_begin ] --START--
INFO: Run Behavior\ReadHtmlCacheBehavior [ RunTime:0.001142s ]
INFO: [ app_begin ] --END-- [ RunTime:0.001199s ]
SQL: SHOW COLUMNS FROM `db_bbscomment` [ RunTime:0.0037s ]
SQL: SHOW COLUMNS FROM `db_user` [ RunTime:0.0043s ]
SQL: SELECT a.username as username,b.commentId as commentId,b.content as content,b.createAt as createAt FROM db_user as a INNER JOIN db_coursecomment as b on b.objectId = a.objectId  WHERE ( b.articleId=8 )  [ RunTime:0.0003s ]

[ 2017-05-21T19:24:46+08:00 ] ::1 /eduWeb/API/index.php?m=comment&c=comment&a=getComment&action=course&id=8
INFO: [ app_init ] --START--
INFO: Run Behavior\BuildLiteBehavior [ RunTime:0.000017s ]
INFO: [ app_init ] --END-- [ RunTime:0.000519s ]
INFO: [ app_begin ] --START--
INFO: Run Behavior\ReadHtmlCacheBehavior [ RunTime:0.000865s ]
INFO: [ app_begin ] --END-- [ RunTime:0.000926s ]
SQL: SHOW COLUMNS FROM `db_bbscomment` [ RunTime:0.0045s ]
SQL: SHOW COLUMNS FROM `db_user` [ RunTime:0.0054s ]
SQL: SELECT a.username as username,b.commentId as commentId,b.content as content,b.createAt as createAt FROM db_user as a INNER JOIN db_coursecomment as b on b.objectId = a.objectId  WHERE ( b.articleId=8 )  [ RunTime:0.0006s ]

[ 2017-05-21T19:24:59+08:00 ] ::1 /eduWeb/API/index.php?m=comment&c=comment&a=getComment&action=course&id=8
INFO: [ app_init ] --START--
INFO: Run Behavior\BuildLiteBehavior [ RunTime:0.000019s ]
INFO: [ app_init ] --END-- [ RunTime:0.000512s ]
INFO: [ app_begin ] --START--
INFO: Run Behavior\ReadHtmlCacheBehavior [ RunTime:0.000977s ]
INFO: [ app_begin ] --END-- [ RunTime:0.001048s ]
SQL: SHOW COLUMNS FROM `db_bbscomment` [ RunTime:0.0075s ]
SQL: SHOW COLUMNS FROM `db_user` [ RunTime:0.0257s ]
SQL: SELECT a.username as username,b.commentId as commentId,b.content as content,b.createAt as createAt FROM db_user as a INNER JOIN db_coursecomment as b on b.objectId = a.objectId  WHERE ( b.articleId=8 )  [ RunTime:0.0003s ]

[ 2017-05-21T19:25:08+08:00 ] ::1 /eduWeb/API/index.php?m=comment&c=comment&a=getComment&action=course&id=8
INFO: [ app_init ] --START--
INFO: Run Behavior\BuildLiteBehavior [ RunTime:0.000019s ]
INFO: [ app_init ] --END-- [ RunTime:0.000794s ]
INFO: [ app_begin ] --START--
INFO: Run Behavior\ReadHtmlCacheBehavior [ RunTime:0.001077s ]
INFO: [ app_begin ] --END-- [ RunTime:0.001146s ]
SQL: SHOW COLUMNS FROM `db_bbscomment` [ RunTime:0.0039s ]
SQL: SHOW COLUMNS FROM `db_user` [ RunTime:0.0037s ]
SQL: SELECT a.username as username,b.commentId as commentId,b.content as content,b.createAt as createAt FROM db_user as a INNER JOIN db_coursecomment as b on b.objectId = a.objectId  WHERE ( b.articleId=8 )  [ RunTime:0.0004s ]

[ 2017-05-21T19:25:17+08:00 ] ::1 /eduWeb/API/index.php?m=comment&c=comment&a=getComment&action=course&id=8
INFO: [ app_init ] --START--
INFO: Run Behavior\BuildLiteBehavior [ RunTime:0.000017s ]
INFO: [ app_init ] --END-- [ RunTime:0.000493s ]
INFO: [ app_begin ] --START--
INFO: Run Behavior\ReadHtmlCacheBehavior [ RunTime:0.000875s ]
INFO: [ app_begin ] --END-- [ RunTime:0.000936s ]
SQL: SHOW COLUMNS FROM `db_bbscomment` [ RunTime:0.0131s ]
SQL: SHOW COLUMNS FROM `db_user` [ RunTime:0.0045s ]
SQL: SELECT a.username as username,b.commentId as commentId,b.content as content,b.createAt as createAt FROM db_user as a INNER JOIN db_coursecomment as b on b.objectId = a.objectId  WHERE ( b.articleId=8 )  [ RunTime:0.0007s ]

[ 2017-05-21T19:25:21+08:00 ] ::1 /eduWeb/API/index.php?m=comment&c=comment&a=getComment&action=course&id=8
INFO: [ app_init ] --START--
INFO: Run Behavior\BuildLiteBehavior [ RunTime:0.000019s ]
INFO: [ app_init ] --END-- [ RunTime:0.000525s ]
INFO: [ app_begin ] --START--
INFO: Run Behavior\ReadHtmlCacheBehavior [ RunTime:0.001138s ]
INFO: [ app_begin ] --END-- [ RunTime:0.001287s ]
SQL: SHOW COLUMNS FROM `db_bbscomment` [ RunTime:0.0037s ]
SQL: SHOW COLUMNS FROM `db_user` [ RunTime:0.0037s ]
SQL: SELECT a.username as username,b.commentId as commentId,b.content as content,b.createAt as createAt FROM db_user as a INNER JOIN db_coursecomment as b on b.objectId = a.objectId  WHERE ( b.articleId=8 )  [ RunTime:0.0004s ]

[ 2017-05-21T19:25:30+08:00 ] ::1 /eduWeb/API/index.php?m=comment&c=comment&a=getComment&action=course&id=8
INFO: [ app_init ] --START--
INFO: Run Behavior\BuildLiteBehavior [ RunTime:0.000032s ]
INFO: [ app_init ] --END-- [ RunTime:0.000615s ]
INFO: [ app_begin ] --START--
INFO: Run Behavior\ReadHtmlCacheBehavior [ RunTime:0.000882s ]
INFO: [ app_begin ] --END-- [ RunTime:0.000952s ]
SQL: SHOW COLUMNS FROM `db_bbscomment` [ RunTime:0.0038s ]
SQL: SHOW COLUMNS FROM `db_user` [ RunTime:0.0040s ]
SQL: SELECT a.username as username,b.commentId as commentId,b.content as content,b.createAt as createAt FROM db_user as a INNER JOIN db_coursecomment as b on b.objectId = a.objectId  WHERE ( b.articleId=8 )  [ RunTime:0.0009s ]

[ 2017-05-21T19:25:35+08:00 ] ::1 /eduWeb/API/index.php?m=comment&c=comment&a=getComment&action=course&id=8
INFO: [ app_init ] --START--
INFO: Run Behavior\BuildLiteBehavior [ RunTime:0.000022s ]
INFO: [ app_init ] --END-- [ RunTime:0.000638s ]
INFO: [ app_begin ] --START--
INFO: Run Behavior\ReadHtmlCacheBehavior [ RunTime:0.001092s ]
INFO: [ app_begin ] --END-- [ RunTime:0.001164s ]
SQL: SHOW COLUMNS FROM `db_bbscomment` [ RunTime:0.0055s ]
SQL: SHOW COLUMNS FROM `db_user` [ RunTime:0.0039s ]
SQL: SELECT a.username as username,b.commentId as commentId,b.content as content,b.createAt as createAt FROM db_user as a INNER JOIN db_coursecomment as b on b.objectId = a.objectId  WHERE ( b.articleId=8 )  [ RunTime:0.0003s ]

[ 2017-05-21T19:25:38+08:00 ] ::1 /eduWeb/API/index.php?m=comment&c=comment&a=getComment&action=course&id=8
INFO: [ app_init ] --START--
INFO: Run Behavior\BuildLiteBehavior [ RunTime:0.000020s ]
INFO: [ app_init ] --END-- [ RunTime:0.000531s ]
INFO: [ app_begin ] --START--
INFO: Run Behavior\ReadHtmlCacheBehavior [ RunTime:0.000907s ]
INFO: [ app_begin ] --END-- [ RunTime:0.000975s ]
SQL: SHOW COLUMNS FROM `db_bbscomment` [ RunTime:0.0073s ]
SQL: SHOW COLUMNS FROM `db_user` [ RunTime:0.0061s ]
SQL: SELECT a.username as username,b.commentId as commentId,b.content as content,b.createAt as createAt FROM db_user as a INNER JOIN db_coursecomment as b on b.objectId = a.objectId  WHERE ( b.articleId=8 )  [ RunTime:0.0004s ]

[ 2017-05-21T19:25:42+08:00 ] ::1 /eduWeb/API/index.php?m=comment&c=comment&a=getComment&action=course&id=8
INFO: [ app_init ] --START--
INFO: Run Behavior\BuildLiteBehavior [ RunTime:0.000017s ]
INFO: [ app_init ] --END-- [ RunTime:0.000481s ]
INFO: [ app_begin ] --START--
INFO: Run Behavior\ReadHtmlCacheBehavior [ RunTime:0.001036s ]
INFO: [ app_begin ] --END-- [ RunTime:0.001108s ]
SQL: SHOW COLUMNS FROM `db_bbscomment` [ RunTime:0.0037s ]
SQL: SHOW COLUMNS FROM `db_user` [ RunTime:0.0053s ]
SQL: SELECT a.username as username,b.commentId as commentId,b.content as content,b.createAt as createAt FROM db_user as a INNER JOIN db_coursecomment as b on b.objectId = a.objectId  WHERE ( b.articleId=8 )  [ RunTime:0.0012s ]

[ 2017-05-21T19:26:46+08:00 ] ::1 /eduWeb/API/index.php?m=comment&c=comment&a=getComment&action=course&id=8
INFO: [ app_init ] --START--
INFO: Run Behavior\BuildLiteBehavior [ RunTime:0.000189s ]
INFO: [ app_init ] --END-- [ RunTime:0.001204s ]
INFO: [ app_begin ] --START--
INFO: Run Behavior\ReadHtmlCacheBehavior [ RunTime:0.007659s ]
INFO: [ app_begin ] --END-- [ RunTime:0.007832s ]
SQL: SHOW COLUMNS FROM `db_bbscomment` [ RunTime:0.0035s ]
SQL: SHOW COLUMNS FROM `db_user` [ RunTime:0.0048s ]
SQL: SELECT a.username as username,b.commentId as commentId,b.content as content,b.createAt as createAt FROM db_user as a INNER JOIN db_coursecomment as b on b.objectId = a.objectId  WHERE ( b.articleId=8 )  [ RunTime:0.0008s ]

[ 2017-05-21T19:27:08+08:00 ] ::1 /eduWeb/API/index.php?m=comment&c=comment&a=getComment&action=course&id=8
INFO: [ app_init ] --START--
INFO: Run Behavior\BuildLiteBehavior [ RunTime:0.000013s ]
INFO: [ app_init ] --END-- [ RunTime:0.000362s ]
INFO: [ app_begin ] --START--
INFO: Run Behavior\ReadHtmlCacheBehavior [ RunTime:0.001211s ]
INFO: [ app_begin ] --END-- [ RunTime:0.001295s ]
SQL: SHOW COLUMNS FROM `db_bbscomment` [ RunTime:0.0036s ]
SQL: SHOW COLUMNS FROM `db_user` [ RunTime:0.0052s ]
SQL: SELECT a.username as username,b.commentId as commentId,b.content as content,b.createAt as createAt FROM db_user as a INNER JOIN db_coursecomment as b on b.objectId = a.objectId  WHERE ( b.articleId=8 )  [ RunTime:0.0008s ]

[ 2017-05-21T19:27:08+08:00 ] ::1 /eduWeb/API/index.php?m=comment&c=comment&a=getComment&action=course&id=8
INFO: [ app_init ] --START--
INFO: Run Behavior\BuildLiteBehavior [ RunTime:0.000018s ]
INFO: [ app_init ] --END-- [ RunTime:0.000513s ]
INFO: [ app_begin ] --START--
INFO: Run Behavior\ReadHtmlCacheBehavior [ RunTime:0.000824s ]
INFO: [ app_begin ] --END-- [ RunTime:0.000892s ]
SQL: SHOW COLUMNS FROM `db_bbscomment` [ RunTime:0.0037s ]
SQL: SHOW COLUMNS FROM `db_user` [ RunTime:0.0042s ]
SQL: SELECT a.username as username,b.commentId as commentId,b.content as content,b.createAt as createAt FROM db_user as a INNER JOIN db_coursecomment as b on b.objectId = a.objectId  WHERE ( b.articleId=8 )  [ RunTime:0.0003s ]

[ 2017-05-21T19:27:57+08:00 ] ::1 /eduWeb/API/index.php?m=comment&c=comment&a=getComment&action=course&id=8
INFO: [ app_init ] --START--
INFO: Run Behavior\BuildLiteBehavior [ RunTime:0.000017s ]
INFO: [ app_init ] --END-- [ RunTime:0.000452s ]
INFO: [ app_begin ] --START--
INFO: Run Behavior\ReadHtmlCacheBehavior [ RunTime:0.001239s ]
INFO: [ app_begin ] --END-- [ RunTime:0.001320s ]
SQL: SHOW COLUMNS FROM `db_bbscomment` [ RunTime:0.0098s ]
SQL: SHOW COLUMNS FROM `db_user` [ RunTime:0.0039s ]
SQL: SELECT a.username as username,b.commentId as commentId,b.content as content,b.createAt as createAt FROM db_user as a INNER JOIN db_coursecomment as b on b.objectId = a.objectId  WHERE ( b.articleId=8 )  [ RunTime:0.0003s ]

[ 2017-05-21T19:29:17+08:00 ] ::1 /eduWeb/API/index.php?m=comment&c=comment&a=getComment&action=course&id=8
INFO: [ app_init ] --START--
INFO: Run Behavior\BuildLiteBehavior [ RunTime:0.000024s ]
INFO: [ app_init ] --END-- [ RunTime:0.000620s ]
INFO: [ app_begin ] --START--
INFO: Run Behavior\ReadHtmlCacheBehavior [ RunTime:0.001115s ]
INFO: [ app_begin ] --END-- [ RunTime:0.001180s ]
SQL: SHOW COLUMNS FROM `db_bbscomment` [ RunTime:0.0042s ]
SQL: SHOW COLUMNS FROM `db_user` [ RunTime:0.0050s ]
SQL: SELECT a.username as username,b.commentId as commentId,b.content as content,b.createAt as createAt FROM db_user as a INNER JOIN db_coursecomment as b on b.objectId = a.objectId  WHERE ( b.articleId=8 )  [ RunTime:0.0004s ]

[ 2017-05-21T19:29:41+08:00 ] ::1 /eduWeb/API/index.php?m=comment&c=comment&a=getComment&action=course&id=8
INFO: [ app_init ] --START--
INFO: Run Behavior\BuildLiteBehavior [ RunTime:0.000020s ]
INFO: [ app_init ] --END-- [ RunTime:0.000464s ]
INFO: [ app_begin ] --START--
INFO: Run Behavior\ReadHtmlCacheBehavior [ RunTime:0.001561s ]
INFO: [ app_begin ] --END-- [ RunTime:0.001631s ]
SQL: SHOW COLUMNS FROM `db_bbscomment` [ RunTime:0.0042s ]
SQL: SHOW COLUMNS FROM `db_user` [ RunTime:0.0039s ]
SQL: SELECT a.username as username,b.commentId as commentId,b.content as content,b.createAt as createAt FROM db_user as a INNER JOIN db_coursecomment as b on b.objectId = a.objectId  WHERE ( b.articleId=8 )  [ RunTime:0.0003s ]

[ 2017-05-21T19:29:55+08:00 ] ::1 /eduWeb/API/index.php?m=comment&c=comment&a=getComment&action=course&id=8
INFO: [ app_init ] --START--
INFO: Run Behavior\BuildLiteBehavior [ RunTime:0.000018s ]
INFO: [ app_init ] --END-- [ RunTime:0.000506s ]
INFO: [ app_begin ] --START--
INFO: Run Behavior\ReadHtmlCacheBehavior [ RunTime:0.000865s ]
INFO: [ app_begin ] --END-- [ RunTime:0.000934s ]
SQL: SHOW COLUMNS FROM `db_bbscomment` [ RunTime:0.0221s ]
SQL: SHOW COLUMNS FROM `db_user` [ RunTime:0.0052s ]
SQL: SELECT a.username as username,b.commentId as commentId,b.content as content,b.createAt as createAt FROM db_user as a INNER JOIN db_coursecomment as b on b.objectId = a.objectId  WHERE ( b.articleId=8 )  [ RunTime:0.0003s ]

[ 2017-05-21T19:29:56+08:00 ] ::1 /eduWeb/API/index.php?m=comment&c=comment&a=getComment&action=course&id=8
INFO: [ app_init ] --START--
INFO: Run Behavior\BuildLiteBehavior [ RunTime:0.000027s ]
INFO: [ app_init ] --END-- [ RunTime:0.000854s ]
INFO: [ app_begin ] --START--
INFO: Run Behavior\ReadHtmlCacheBehavior [ RunTime:0.000941s ]
INFO: [ app_begin ] --END-- [ RunTime:0.001005s ]
SQL: SHOW COLUMNS FROM `db_bbscomment` [ RunTime:0.0039s ]
SQL: SHOW COLUMNS FROM `db_user` [ RunTime:0.0039s ]
SQL: SELECT a.username as username,b.commentId as commentId,b.content as content,b.createAt as createAt FROM db_user as a INNER JOIN db_coursecomment as b on b.objectId = a.objectId  WHERE ( b.articleId=8 )  [ RunTime:0.0003s ]

[ 2017-05-21T19:29:56+08:00 ] ::1 /eduWeb/API/index.php?m=comment&c=comment&a=getComment&action=course&id=8
INFO: [ app_init ] --START--
INFO: Run Behavior\BuildLiteBehavior [ RunTime:0.000021s ]
INFO: [ app_init ] --END-- [ RunTime:0.000520s ]
INFO: [ app_begin ] --START--
INFO: Run Behavior\ReadHtmlCacheBehavior [ RunTime:0.007770s ]
INFO: [ app_begin ] --END-- [ RunTime:0.007833s ]
SQL: SHOW COLUMNS FROM `db_bbscomment` [ RunTime:0.0033s ]
SQL: SHOW COLUMNS FROM `db_user` [ RunTime:0.0034s ]
SQL: SELECT a.username as username,b.commentId as commentId,b.content as content,b.createAt as createAt FROM db_user as a INNER JOIN db_coursecomment as b on b.objectId = a.objectId  WHERE ( b.articleId=8 )  [ RunTime:0.0003s ]

[ 2017-05-21T19:29:57+08:00 ] ::1 /eduWeb/API/index.php?m=comment&c=comment&a=getComment&action=course&id=8
INFO: [ app_init ] --START--
INFO: Run Behavior\BuildLiteBehavior [ RunTime:0.000016s ]
INFO: [ app_init ] --END-- [ RunTime:0.000475s ]
INFO: [ app_begin ] --START--
INFO: Run Behavior\ReadHtmlCacheBehavior [ RunTime:0.000819s ]
INFO: [ app_begin ] --END-- [ RunTime:0.000881s ]
SQL: SHOW COLUMNS FROM `db_bbscomment` [ RunTime:0.0048s ]
SQL: SHOW COLUMNS FROM `db_user` [ RunTime:0.0054s ]
SQL: SELECT a.username as username,b.commentId as commentId,b.content as content,b.createAt as createAt FROM db_user as a INNER JOIN db_coursecomment as b on b.objectId = a.objectId  WHERE ( b.articleId=8 )  [ RunTime:0.0004s ]

[ 2017-05-21T19:29:57+08:00 ] ::1 /eduWeb/API/index.php?m=comment&c=comment&a=getComment&action=course&id=8
INFO: [ app_init ] --START--
INFO: Run Behavior\BuildLiteBehavior [ RunTime:0.000017s ]
INFO: [ app_init ] --END-- [ RunTime:0.000535s ]
INFO: [ app_begin ] --START--
INFO: Run Behavior\ReadHtmlCacheBehavior [ RunTime:0.000892s ]
INFO: [ app_begin ] --END-- [ RunTime:0.000961s ]
SQL: SHOW COLUMNS FROM `db_bbscomment` [ RunTime:0.0042s ]
SQL: SHOW COLUMNS FROM `db_user` [ RunTime:0.0047s ]
SQL: SELECT a.username as username,b.commentId as commentId,b.content as content,b.createAt as createAt FROM db_user as a INNER JOIN db_coursecomment as b on b.objectId = a.objectId  WHERE ( b.articleId=8 )  [ RunTime:0.0004s ]

[ 2017-05-21T19:29:58+08:00 ] ::1 /eduWeb/API/index.php?m=comment&c=comment&a=getComment&action=course&id=8
INFO: [ app_init ] --START--
INFO: Run Behavior\BuildLiteBehavior [ RunTime:0.000016s ]
INFO: [ app_init ] --END-- [ RunTime:0.000709s ]
INFO: [ app_begin ] --START--
INFO: Run Behavior\ReadHtmlCacheBehavior [ RunTime:0.001062s ]
INFO: [ app_begin ] --END-- [ RunTime:0.001618s ]
SQL: SHOW COLUMNS FROM `db_bbscomment` [ RunTime:0.0051s ]
SQL: SHOW COLUMNS FROM `db_user` [ RunTime:0.0036s ]
SQL: SELECT a.username as username,b.commentId as commentId,b.content as content,b.createAt as createAt FROM db_user as a INNER JOIN db_coursecomment as b on b.objectId = a.objectId  WHERE ( b.articleId=8 )  [ RunTime:0.0002s ]

[ 2017-05-21T19:30:39+08:00 ] ::1 /eduWeb/API/index.php?m=comment&c=comment&a=getComment&action=course&id=8
INFO: [ app_init ] --START--
INFO: Run Behavior\BuildLiteBehavior [ RunTime:0.000016s ]
INFO: [ app_init ] --END-- [ RunTime:0.000638s ]
INFO: [ app_begin ] --START--
INFO: Run Behavior\ReadHtmlCacheBehavior [ RunTime:0.003551s ]
INFO: [ app_begin ] --END-- [ RunTime:0.003619s ]
SQL: SHOW COLUMNS FROM `db_bbscomment` [ RunTime:0.0041s ]
SQL: SHOW COLUMNS FROM `db_user` [ RunTime:0.0031s ]
SQL: SELECT a.username as username,b.commentId as commentId,b.content as content,b.createAt as createAt FROM db_user as a INNER JOIN db_coursecomment as b on b.objectId = a.objectId  WHERE ( b.articleId=8 )  [ RunTime:0.0006s ]

[ 2017-05-21T19:31:00+08:00 ] ::1 /eduWeb/API/index.php?m=comment&c=comment&a=getComment&action=course&id=8
INFO: [ app_init ] --START--
INFO: Run Behavior\BuildLiteBehavior [ RunTime:0.000019s ]
INFO: [ app_init ] --END-- [ RunTime:0.001435s ]
INFO: [ app_begin ] --START--
INFO: Run Behavior\ReadHtmlCacheBehavior [ RunTime:0.001791s ]
INFO: [ app_begin ] --END-- [ RunTime:0.001882s ]
SQL: SHOW COLUMNS FROM `db_bbscomment` [ RunTime:0.0037s ]
SQL: SHOW COLUMNS FROM `db_user` [ RunTime:0.0028s ]
SQL: SELECT a.username as username,b.commentId as commentId,b.content as content,b.createAt as createAt FROM db_user as a INNER JOIN db_coursecomment as b on b.objectId = a.objectId  WHERE ( b.articleId=8 )  [ RunTime:0.0003s ]

[ 2017-05-21T19:31:05+08:00 ] ::1 /eduWeb/API/index.php?m=comment&c=comment&a=getComment&action=course&id=8
INFO: [ app_init ] --START--
INFO: Run Behavior\BuildLiteBehavior [ RunTime:0.000022s ]
INFO: [ app_init ] --END-- [ RunTime:0.000832s ]
INFO: [ app_begin ] --START--
INFO: Run Behavior\ReadHtmlCacheBehavior [ RunTime:0.002238s ]
INFO: [ app_begin ] --END-- [ RunTime:0.002306s ]
SQL: SHOW COLUMNS FROM `db_bbscomment` [ RunTime:0.0050s ]
SQL: SHOW COLUMNS FROM `db_user` [ RunTime:0.0041s ]
SQL: SELECT a.username as username,b.commentId as commentId,b.content as content,b.createAt as createAt FROM db_user as a INNER JOIN db_coursecomment as b on b.objectId = a.objectId  WHERE ( b.articleId=8 )  [ RunTime:0.0004s ]

[ 2017-05-21T19:31:05+08:00 ] ::1 /eduWeb/API/index.php?m=comment&c=comment&a=getComment&action=course&id=8
INFO: [ app_init ] --START--
INFO: Run Behavior\BuildLiteBehavior [ RunTime:0.000019s ]
INFO: [ app_init ] --END-- [ RunTime:0.000521s ]
INFO: [ app_begin ] --START--
INFO: Run Behavior\ReadHtmlCacheBehavior [ RunTime:0.001094s ]
INFO: [ app_begin ] --END-- [ RunTime:0.001189s ]
SQL: SHOW COLUMNS FROM `db_bbscomment` [ RunTime:0.0078s ]
SQL: SHOW COLUMNS FROM `db_user` [ RunTime:0.0036s ]
SQL: SELECT a.username as username,b.commentId as commentId,b.content as content,b.createAt as createAt FROM db_user as a INNER JOIN db_coursecomment as b on b.objectId = a.objectId  WHERE ( b.articleId=8 )  [ RunTime:0.0004s ]

[ 2017-05-21T19:31:05+08:00 ] ::1 /eduWeb/API/index.php?m=comment&c=comment&a=getComment&action=course&id=8
INFO: [ app_init ] --START--
INFO: Run Behavior\BuildLiteBehavior [ RunTime:0.000016s ]
INFO: [ app_init ] --END-- [ RunTime:0.000432s ]
INFO: [ app_begin ] --START--
INFO: Run Behavior\ReadHtmlCacheBehavior [ RunTime:0.000846s ]
INFO: [ app_begin ] --END-- [ RunTime:0.000914s ]
SQL: SHOW COLUMNS FROM `db_bbscomment` [ RunTime:0.0071s ]
SQL: SHOW COLUMNS FROM `db_user` [ RunTime:0.0044s ]
SQL: SELECT a.username as username,b.commentId as commentId,b.content as content,b.createAt as createAt FROM db_user as a INNER JOIN db_coursecomment as b on b.objectId = a.objectId  WHERE ( b.articleId=8 )  [ RunTime:0.0005s ]

[ 2017-05-21T19:31:30+08:00 ] ::1 /eduWeb/API/index.php?m=comment&c=comment&a=getComment&action=course&id=8
INFO: [ app_init ] --START--
INFO: Run Behavior\BuildLiteBehavior [ RunTime:0.000019s ]
INFO: [ app_init ] --END-- [ RunTime:0.000557s ]
INFO: [ app_begin ] --START--
INFO: Run Behavior\ReadHtmlCacheBehavior [ RunTime:0.002057s ]
INFO: [ app_begin ] --END-- [ RunTime:0.002164s ]
SQL: SHOW COLUMNS FROM `db_bbscomment` [ RunTime:0.0045s ]
SQL: SHOW COLUMNS FROM `db_user` [ RunTime:0.0027s ]
SQL: SELECT a.username as username,b.commentId as commentId,b.content as content,b.createAt as createAt FROM db_user as a INNER JOIN db_coursecomment as b on b.objectId = a.objectId  WHERE ( b.articleId=8 )  [ RunTime:0.0002s ]

[ 2017-05-21T19:31:35+08:00 ] ::1 /eduWeb/API/index.php?m=comment&c=comment&a=getComment&action=course&id=8
INFO: [ app_init ] --START--
INFO: Run Behavior\BuildLiteBehavior [ RunTime:0.000012s ]
INFO: [ app_init ] --END-- [ RunTime:0.000338s ]
INFO: [ app_begin ] --START--
INFO: Run Behavior\ReadHtmlCacheBehavior [ RunTime:0.001430s ]
INFO: [ app_begin ] --END-- [ RunTime:0.001541s ]
SQL: SHOW COLUMNS FROM `db_bbscomment` [ RunTime:0.0048s ]
SQL: SHOW COLUMNS FROM `db_user` [ RunTime:0.0045s ]
SQL: SELECT a.username as username,b.commentId as commentId,b.content as content,b.createAt as createAt FROM db_user as a INNER JOIN db_coursecomment as b on b.objectId = a.objectId  WHERE ( b.articleId=8 )  [ RunTime:0.0004s ]

[ 2017-05-21T19:32:01+08:00 ] ::1 /eduWeb/API/index.php?m=comment&c=comment&a=getComment&action=course&id=8
INFO: [ app_init ] --START--
INFO: Run Behavior\BuildLiteBehavior [ RunTime:0.000018s ]
INFO: [ app_init ] --END-- [ RunTime:0.000473s ]
INFO: [ app_begin ] --START--
INFO: Run Behavior\ReadHtmlCacheBehavior [ RunTime:0.000896s ]
INFO: [ app_begin ] --END-- [ RunTime:0.000958s ]
SQL: SHOW COLUMNS FROM `db_bbscomment` [ RunTime:0.0044s ]
SQL: SHOW COLUMNS FROM `db_user` [ RunTime:0.0034s ]
SQL: SELECT a.username as username,b.commentId as commentId,b.content as content,b.createAt as createAt FROM db_user as a INNER JOIN db_coursecomment as b on b.objectId = a.objectId  WHERE ( b.articleId=8 )  [ RunTime:0.0003s ]

[ 2017-05-21T19:33:10+08:00 ] ::1 /eduWeb/API/index.php?m=comment&c=comment&a=getComment&action=course&id=8
INFO: [ app_init ] --START--
INFO: Run Behavior\BuildLiteBehavior [ RunTime:0.000019s ]
INFO: [ app_init ] --END-- [ RunTime:0.000503s ]
INFO: [ app_begin ] --START--
INFO: Run Behavior\ReadHtmlCacheBehavior [ RunTime:0.000865s ]
INFO: [ app_begin ] --END-- [ RunTime:0.000928s ]
SQL: SHOW COLUMNS FROM `db_bbscomment` [ RunTime:0.0040s ]
SQL: SHOW COLUMNS FROM `db_user` [ RunTime:0.0114s ]
SQL: SELECT a.username as username,b.commentId as commentId,b.content as content,b.createAt as createAt FROM db_user as a INNER JOIN db_coursecomment as b on b.objectId = a.objectId  WHERE ( b.articleId=8 )  [ RunTime:0.0005s ]

[ 2017-05-21T19:33:14+08:00 ] ::1 /eduWeb/API/index.php?m=comment&c=comment&a=getComment&action=course&id=8
INFO: [ app_init ] --START--
INFO: Run Behavior\BuildLiteBehavior [ RunTime:0.000015s ]
INFO: [ app_init ] --END-- [ RunTime:0.000413s ]
INFO: [ app_begin ] --START--
INFO: Run Behavior\ReadHtmlCacheBehavior [ RunTime:0.000916s ]
INFO: [ app_begin ] --END-- [ RunTime:0.000977s ]
SQL: SHOW COLUMNS FROM `db_bbscomment` [ RunTime:0.0077s ]
SQL: SHOW COLUMNS FROM `db_user` [ RunTime:0.0040s ]
SQL: SELECT a.username as username,b.commentId as commentId,b.content as content,b.createAt as createAt FROM db_user as a INNER JOIN db_coursecomment as b on b.objectId = a.objectId  WHERE ( b.articleId=8 )  [ RunTime:0.0004s ]

[ 2017-05-21T19:33:20+08:00 ] ::1 /eduWeb/API/index.php?m=comment&c=comment&a=getComment&action=course&id=8
INFO: [ app_init ] --START--
INFO: Run Behavior\BuildLiteBehavior [ RunTime:0.000018s ]
INFO: [ app_init ] --END-- [ RunTime:0.000534s ]
INFO: [ app_begin ] --START--
INFO: Run Behavior\ReadHtmlCacheBehavior [ RunTime:0.000932s ]
INFO: [ app_begin ] --END-- [ RunTime:0.000997s ]
SQL: SHOW COLUMNS FROM `db_bbscomment` [ RunTime:0.0036s ]
SQL: SHOW COLUMNS FROM `db_user` [ RunTime:0.0041s ]
SQL: SELECT a.username as username,b.commentId as commentId,b.content as content,b.createAt as createAt FROM db_user as a INNER JOIN db_coursecomment as b on b.objectId = a.objectId  WHERE ( b.articleId=8 )  [ RunTime:0.0003s ]

[ 2017-05-21T19:33:28+08:00 ] ::1 /eduWeb/API/index.php?m=comment&c=comment&a=getComment&action=course&id=8
INFO: [ app_init ] --START--
INFO: Run Behavior\BuildLiteBehavior [ RunTime:0.000018s ]
INFO: [ app_init ] --END-- [ RunTime:0.000472s ]
INFO: [ app_begin ] --START--
INFO: Run Behavior\ReadHtmlCacheBehavior [ RunTime:0.000912s ]
INFO: [ app_begin ] --END-- [ RunTime:0.000976s ]
SQL: SHOW COLUMNS FROM `db_bbscomment` [ RunTime:0.0030s ]
SQL: SHOW COLUMNS FROM `db_user` [ RunTime:0.0029s ]
SQL: SELECT a.username as username,b.commentId as commentId,b.content as content,b.createAt as createAt FROM db_user as a INNER JOIN db_coursecomment as b on b.objectId = a.objectId  WHERE ( b.articleId=8 )  [ RunTime:0.0003s ]

[ 2017-05-21T19:36:23+08:00 ] ::1 /eduWeb/API/index.php?m=comment&c=comment&a=getComment&action=course&id=8
INFO: [ app_init ] --START--
INFO: Run Behavior\BuildLiteBehavior [ RunTime:0.000015s ]
INFO: [ app_init ] --END-- [ RunTime:0.000489s ]
INFO: [ app_begin ] --START--
INFO: Run Behavior\ReadHtmlCacheBehavior [ RunTime:0.000935s ]
INFO: [ app_begin ] --END-- [ RunTime:0.000992s ]
SQL: SHOW COLUMNS FROM `db_bbscomment` [ RunTime:0.0030s ]
SQL: SHOW COLUMNS FROM `db_user` [ RunTime:0.0034s ]
SQL: SELECT a.username as username,b.commentId as commentId,b.content as content,b.createAt as createAt FROM db_user as a INNER JOIN db_coursecomment as b on b.objectId = a.objectId  WHERE ( b.articleId=8 )  [ RunTime:0.0003s ]

[ 2017-05-21T19:36:25+08:00 ] ::1 /eduWeb/API/index.php?m=comment&c=comment&a=getComment&action=course&id=8
INFO: [ app_init ] --START--
INFO: Run Behavior\BuildLiteBehavior [ RunTime:0.000018s ]
INFO: [ app_init ] --END-- [ RunTime:0.000474s ]
INFO: [ app_begin ] --START--
INFO: Run Behavior\ReadHtmlCacheBehavior [ RunTime:0.000933s ]
INFO: [ app_begin ] --END-- [ RunTime:0.001020s ]
SQL: SHOW COLUMNS FROM `db_bbscomment` [ RunTime:0.0078s ]
SQL: SHOW COLUMNS FROM `db_user` [ RunTime:0.0044s ]
SQL: SELECT a.username as username,b.commentId as commentId,b.content as content,b.createAt as createAt FROM db_user as a INNER JOIN db_coursecomment as b on b.objectId = a.objectId  WHERE ( b.articleId=8 )  [ RunTime:0.0004s ]

[ 2017-05-21T19:36:26+08:00 ] ::1 /eduWeb/API/index.php?m=comment&c=comment&a=getComment&action=course&id=8
INFO: [ app_init ] --START--
INFO: Run Behavior\BuildLiteBehavior [ RunTime:0.000016s ]
INFO: [ app_init ] --END-- [ RunTime:0.000456s ]
INFO: [ app_begin ] --START--
INFO: Run Behavior\ReadHtmlCacheBehavior [ RunTime:0.000907s ]
INFO: [ app_begin ] --END-- [ RunTime:0.000967s ]
SQL: SHOW COLUMNS FROM `db_bbscomment` [ RunTime:0.0077s ]
SQL: SHOW COLUMNS FROM `db_user` [ RunTime:0.0040s ]
SQL: SELECT a.username as username,b.commentId as commentId,b.content as content,b.createAt as createAt FROM db_user as a INNER JOIN db_coursecomment as b on b.objectId = a.objectId  WHERE ( b.articleId=8 )  [ RunTime:0.0003s ]

[ 2017-05-21T19:36:36+08:00 ] ::1 /eduWeb/API/index.php?m=comment&c=comment&a=getComment&action=course&id=8
INFO: [ app_init ] --START--
INFO: Run Behavior\BuildLiteBehavior [ RunTime:0.000018s ]
INFO: [ app_init ] --END-- [ RunTime:0.000507s ]
INFO: [ app_begin ] --START--
INFO: Run Behavior\ReadHtmlCacheBehavior [ RunTime:0.000952s ]
INFO: [ app_begin ] --END-- [ RunTime:0.001012s ]
SQL: SHOW COLUMNS FROM `db_bbscomment` [ RunTime:0.0035s ]
SQL: SHOW COLUMNS FROM `db_user` [ RunTime:0.0028s ]
SQL: SELECT a.username as username,b.commentId as commentId,b.content as content,b.createAt as createAt FROM db_user as a INNER JOIN db_coursecomment as b on b.objectId = a.objectId  WHERE ( b.articleId=8 )  [ RunTime:0.0002s ]

[ 2017-05-21T19:36:49+08:00 ] ::1 /eduWeb/API/index.php?m=comment&c=comment&a=getComment&action=course&id=8
INFO: [ app_init ] --START--
INFO: Run Behavior\BuildLiteBehavior [ RunTime:0.000017s ]
INFO: [ app_init ] --END-- [ RunTime:0.000446s ]
INFO: [ app_begin ] --START--
INFO: Run Behavior\ReadHtmlCacheBehavior [ RunTime:0.001165s ]
INFO: [ app_begin ] --END-- [ RunTime:0.001232s ]
SQL: SHOW COLUMNS FROM `db_bbscomment` [ RunTime:0.0039s ]
SQL: SHOW COLUMNS FROM `db_user` [ RunTime:0.0049s ]
SQL: SELECT a.username as username,b.commentId as commentId,b.content as content,b.createAt as createAt FROM db_user as a INNER JOIN db_coursecomment as b on b.objectId = a.objectId  WHERE ( b.articleId=8 )  [ RunTime:0.0004s ]

[ 2017-05-21T19:37:14+08:00 ] ::1 /eduWeb/API/index.php?m=comment&c=comment&a=getComment&action=course&id=8
INFO: [ app_init ] --START--
INFO: Run Behavior\BuildLiteBehavior [ RunTime:0.000019s ]
INFO: [ app_init ] --END-- [ RunTime:0.000883s ]
INFO: [ app_begin ] --START--
INFO: Run Behavior\ReadHtmlCacheBehavior [ RunTime:0.003402s ]
INFO: [ app_begin ] --END-- [ RunTime:0.003504s ]
SQL: SHOW COLUMNS FROM `db_bbscomment` [ RunTime:0.0053s ]
SQL: SHOW COLUMNS FROM `db_user` [ RunTime:0.0030s ]
SQL: SELECT a.username as username,b.commentId as commentId,b.content as content,b.createAt as createAt FROM db_user as a INNER JOIN db_coursecomment as b on b.objectId = a.objectId  WHERE ( b.articleId=8 )  [ RunTime:0.0003s ]

[ 2017-05-21T19:37:37+08:00 ] ::1 /eduWeb/API/index.php?m=comment&c=comment&a=getComment&action=course&id=8
INFO: [ app_init ] --START--
INFO: Run Behavior\BuildLiteBehavior [ RunTime:0.000026s ]
INFO: [ app_init ] --END-- [ RunTime:0.001474s ]
INFO: [ app_begin ] --START--
INFO: Run Behavior\ReadHtmlCacheBehavior [ RunTime:0.001765s ]
INFO: [ app_begin ] --END-- [ RunTime:0.001845s ]
SQL: SHOW COLUMNS FROM `db_bbscomment` [ RunTime:0.0243s ]
SQL: SHOW COLUMNS FROM `db_user` [ RunTime:0.0056s ]
SQL: SELECT a.username as username,b.commentId as commentId,b.content as content,b.createAt as createAt FROM db_user as a INNER JOIN db_coursecomment as b on b.objectId = a.objectId  WHERE ( b.articleId=8 )  [ RunTime:0.0003s ]

[ 2017-05-21T19:37:37+08:00 ] ::1 /eduWeb/API/index.php?m=comment&c=comment&a=getComment&action=course&id=8
INFO: [ app_init ] --START--
INFO: Run Behavior\BuildLiteBehavior [ RunTime:0.000015s ]
INFO: [ app_init ] --END-- [ RunTime:0.000430s ]
INFO: [ app_begin ] --START--
INFO: Run Behavior\ReadHtmlCacheBehavior [ RunTime:0.000812s ]
INFO: [ app_begin ] --END-- [ RunTime:0.000860s ]
SQL: SHOW COLUMNS FROM `db_bbscomment` [ RunTime:0.0037s ]
SQL: SHOW COLUMNS FROM `db_user` [ RunTime:0.0040s ]
SQL: SELECT a.username as username,b.commentId as commentId,b.content as content,b.createAt as createAt FROM db_user as a INNER JOIN db_coursecomment as b on b.objectId = a.objectId  WHERE ( b.articleId=8 )  [ RunTime:0.0004s ]

[ 2017-05-21T19:37:41+08:00 ] ::1 /eduWeb/API/index.php?m=comment&c=comment&a=getComment&action=course&id=1
INFO: [ app_init ] --START--
INFO: Run Behavior\BuildLiteBehavior [ RunTime:0.000015s ]
INFO: [ app_init ] --END-- [ RunTime:0.000451s ]
INFO: [ app_begin ] --START--
INFO: Run Behavior\ReadHtmlCacheBehavior [ RunTime:0.000933s ]
INFO: [ app_begin ] --END-- [ RunTime:0.000988s ]
SQL: SHOW COLUMNS FROM `db_bbscomment` [ RunTime:0.0037s ]
SQL: SHOW COLUMNS FROM `db_user` [ RunTime:0.0028s ]
SQL: SELECT a.username as username,b.commentId as commentId,b.content as content,b.createAt as createAt FROM db_user as a INNER JOIN db_coursecomment as b on b.objectId = a.objectId  WHERE ( b.articleId=1 )  [ RunTime:0.0003s ]

[ 2017-05-21T19:38:07+08:00 ] ::1 /eduWeb/API/index.php?m=comment&c=comment&a=getComment&action=course&id=1
INFO: [ app_init ] --START--
INFO: Run Behavior\BuildLiteBehavior [ RunTime:0.000018s ]
INFO: [ app_init ] --END-- [ RunTime:0.000491s ]
INFO: [ app_begin ] --START--
INFO: Run Behavior\ReadHtmlCacheBehavior [ RunTime:0.004618s ]
INFO: [ app_begin ] --END-- [ RunTime:0.004680s ]
SQL: SHOW COLUMNS FROM `db_bbscomment` [ RunTime:0.0044s ]
SQL: SHOW COLUMNS FROM `db_user` [ RunTime:0.0032s ]
SQL: SELECT a.username as username,b.commentId as commentId,b.content as content,b.createAt as createAt FROM db_user as a INNER JOIN db_coursecomment as b on b.objectId = a.objectId  WHERE ( b.articleId=1 )  [ RunTime:0.0004s ]

[ 2017-05-21T19:38:14+08:00 ] ::1 /eduWeb/API/index.php?m=comment&c=comment&a=getComment&action=course&id=1
INFO: [ app_init ] --START--
INFO: Run Behavior\BuildLiteBehavior [ RunTime:0.000019s ]
INFO: [ app_init ] --END-- [ RunTime:0.000980s ]
INFO: [ app_begin ] --START--
INFO: Run Behavior\ReadHtmlCacheBehavior [ RunTime:0.000774s ]
INFO: [ app_begin ] --END-- [ RunTime:0.000815s ]
SQL: SHOW COLUMNS FROM `db_bbscomment` [ RunTime:0.0030s ]
SQL: SHOW COLUMNS FROM `db_user` [ RunTime:0.0042s ]
SQL: SELECT a.username as username,b.commentId as commentId,b.content as content,b.createAt as createAt FROM db_user as a INNER JOIN db_coursecomment as b on b.objectId = a.objectId  WHERE ( b.articleId=1 )  [ RunTime:0.0004s ]

[ 2017-05-21T19:40:33+08:00 ] ::1 /eduWeb/API/index.php?m=comment&c=comment&a=getComment&action=course&id=9
INFO: [ app_init ] --START--
INFO: Run Behavior\BuildLiteBehavior [ RunTime:0.000018s ]
INFO: [ app_init ] --END-- [ RunTime:0.000425s ]
INFO: [ app_begin ] --START--
INFO: Run Behavior\ReadHtmlCacheBehavior [ RunTime:0.000744s ]
INFO: [ app_begin ] --END-- [ RunTime:0.000790s ]
SQL: SHOW COLUMNS FROM `db_bbscomment` [ RunTime:0.0046s ]
SQL: SHOW COLUMNS FROM `db_user` [ RunTime:0.0028s ]
SQL: SELECT a.username as username,b.commentId as commentId,b.content as content,b.createAt as createAt FROM db_user as a INNER JOIN db_coursecomment as b on b.objectId = a.objectId  WHERE ( b.articleId=9 )  [ RunTime:0.0002s ]

[ 2017-05-21T19:40:46+08:00 ] ::1 /eduWeb/API/index.php?m=Comment&c=comment&a=sendComment
INFO: [ app_init ] --START--
INFO: Run Behavior\BuildLiteBehavior [ RunTime:0.000026s ]
INFO: [ app_init ] --END-- [ RunTime:0.000707s ]
INFO: [ app_begin ] --START--
INFO: Run Behavior\ReadHtmlCacheBehavior [ RunTime:0.000661s ]
INFO: [ app_begin ] --END-- [ RunTime:0.000707s ]
SQL: SHOW COLUMNS FROM `db_user` [ RunTime:0.0075s ]
SQL: SELECT * FROM `db_user` WHERE ( objectId="4" and password="3c92acd34b8d865af3270cb1b984a3d2" ) LIMIT 1   [ RunTime:0.0003s ]
SQL: SHOW COLUMNS FROM `db_bbscomment` [ RunTime:0.0031s ]
SQL: SHOW COLUMNS FROM `db_coursecomment` [ RunTime:0.0029s ]
SQL: INSERT INTO `db_coursecomment` (`objectId`,`articleId`,`content`) VALUES ('4','9','') [ RunTime:0.0002s ]

[ 2017-05-21T19:40:47+08:00 ] ::1 /eduWeb/API/index.php?m=comment&c=comment&a=getComment&action=course&id=9
INFO: [ app_init ] --START--
INFO: Run Behavior\BuildLiteBehavior [ RunTime:0.000030s ]
INFO: [ app_init ] --END-- [ RunTime:0.000505s ]
INFO: [ app_begin ] --START--
INFO: Run Behavior\ReadHtmlCacheBehavior [ RunTime:0.000914s ]
INFO: [ app_begin ] --END-- [ RunTime:0.000977s ]
SQL: SHOW COLUMNS FROM `db_bbscomment` [ RunTime:0.0029s ]
SQL: SHOW COLUMNS FROM `db_user` [ RunTime:0.0047s ]
SQL: SELECT a.username as username,b.commentId as commentId,b.content as content,b.createAt as createAt FROM db_user as a INNER JOIN db_coursecomment as b on b.objectId = a.objectId  WHERE ( b.articleId=9 )  [ RunTime:0.0005s ]

[ 2017-05-21T19:40:50+08:00 ] ::1 /eduWeb/API/index.php?m=comment&c=comment&a=getComment&action=course&id=9
INFO: [ app_init ] --START--
INFO: Run Behavior\BuildLiteBehavior [ RunTime:0.000019s ]
INFO: [ app_init ] --END-- [ RunTime:0.000492s ]
INFO: [ app_begin ] --START--
INFO: Run Behavior\ReadHtmlCacheBehavior [ RunTime:0.000945s ]
INFO: [ app_begin ] --END-- [ RunTime:0.001008s ]
SQL: SHOW COLUMNS FROM `db_bbscomment` [ RunTime:0.0035s ]
SQL: SHOW COLUMNS FROM `db_user` [ RunTime:0.0037s ]
SQL: SELECT a.username as username,b.commentId as commentId,b.content as content,b.createAt as createAt FROM db_user as a INNER JOIN db_coursecomment as b on b.objectId = a.objectId  WHERE ( b.articleId=9 )  [ RunTime:0.0003s ]

[ 2017-05-21T19:40:58+08:00 ] ::1 /eduWeb/API/index.php?m=comment&c=comment&a=getComment&action=course&id=9
INFO: [ app_init ] --START--
INFO: Run Behavior\BuildLiteBehavior [ RunTime:0.000014s ]
INFO: [ app_init ] --END-- [ RunTime:0.000419s ]
INFO: [ app_begin ] --START--
INFO: Run Behavior\ReadHtmlCacheBehavior [ RunTime:0.001032s ]
INFO: [ app_begin ] --END-- [ RunTime:0.001122s ]
SQL: SHOW COLUMNS FROM `db_bbscomment` [ RunTime:0.0066s ]
SQL: SHOW COLUMNS FROM `db_user` [ RunTime:0.0047s ]
SQL: SELECT a.username as username,b.commentId as commentId,b.content as content,b.createAt as createAt FROM db_user as a INNER JOIN db_coursecomment as b on b.objectId = a.objectId  WHERE ( b.articleId=9 )  [ RunTime:0.0003s ]

[ 2017-05-21T19:41:07+08:00 ] ::1 /eduWeb/API/index.php?m=Comment&c=comment&a=sendComment
INFO: [ app_init ] --START--
INFO: Run Behavior\BuildLiteBehavior [ RunTime:0.000016s ]
INFO: [ app_init ] --END-- [ RunTime:0.000858s ]
INFO: [ app_begin ] --START--
INFO: Run Behavior\ReadHtmlCacheBehavior [ RunTime:0.000654s ]
INFO: [ app_begin ] --END-- [ RunTime:0.000700s ]
SQL: SHOW COLUMNS FROM `db_user` [ RunTime:0.0072s ]
SQL: SELECT * FROM `db_user` WHERE ( objectId="1" and password="6547d783a51c9b14d345892c0966a55c" ) LIMIT 1   [ RunTime:0.0003s ]
SQL: SHOW COLUMNS FROM `db_bbscomment` [ RunTime:0.0033s ]
SQL: SHOW COLUMNS FROM `db_coursecomment` [ RunTime:0.0028s ]
SQL: INSERT INTO `db_coursecomment` (`objectId`,`articleId`,`content`) VALUES ('1','9','6666666') [ RunTime:0.0003s ]

[ 2017-05-21T19:41:08+08:00 ] ::1 /eduWeb/API/index.php?m=comment&c=comment&a=getComment&action=course&id=9
INFO: [ app_init ] --START--
INFO: Run Behavior\BuildLiteBehavior [ RunTime:0.000017s ]
INFO: [ app_init ] --END-- [ RunTime:0.000474s ]
INFO: [ app_begin ] --START--
INFO: Run Behavior\ReadHtmlCacheBehavior [ RunTime:0.000946s ]
INFO: [ app_begin ] --END-- [ RunTime:0.001016s ]
SQL: SHOW COLUMNS FROM `db_bbscomment` [ RunTime:0.0027s ]
SQL: SHOW COLUMNS FROM `db_user` [ RunTime:0.0034s ]
SQL: SELECT a.username as username,b.commentId as commentId,b.content as content,b.createAt as createAt FROM db_user as a INNER JOIN db_coursecomment as b on b.objectId = a.objectId  WHERE ( b.articleId=9 )  [ RunTime:0.0008s ]

[ 2017-05-21T22:19:05+08:00 ] ::1 /eduWeb/API/index.php?m=comment&c=comment&a=getComment&action=course&id=9
INFO: [ app_init ] --START--
INFO: Run Behavior\BuildLiteBehavior [ RunTime:0.000018s ]
INFO: [ app_init ] --END-- [ RunTime:0.000512s ]
INFO: [ app_begin ] --START--
INFO: Run Behavior\ReadHtmlCacheBehavior [ RunTime:0.000924s ]
INFO: [ app_begin ] --END-- [ RunTime:0.000983s ]
SQL: SHOW COLUMNS FROM `db_bbscomment` [ RunTime:0.0038s ]
SQL: SHOW COLUMNS FROM `db_user` [ RunTime:0.0031s ]
SQL: SELECT a.username as username,b.commentId as commentId,b.content as content,b.createAt as createAt FROM db_user as a INNER JOIN db_coursecomment as b on b.objectId = a.objectId  WHERE ( b.articleId=9 )  [ RunTime:0.0015s ]

[ 2017-05-21T22:19:21+08:00 ] ::1 /eduWeb/API/index.php?m=comment&c=comment&a=getComment&action=course&id=9
INFO: [ app_init ] --START--
INFO: Run Behavior\BuildLiteBehavior [ RunTime:0.000021s ]
INFO: [ app_init ] --END-- [ RunTime:0.001046s ]
INFO: [ app_begin ] --START--
INFO: Run Behavior\ReadHtmlCacheBehavior [ RunTime:0.000625s ]
INFO: [ app_begin ] --END-- [ RunTime:0.000664s ]
SQL: SHOW COLUMNS FROM `db_bbscomment` [ RunTime:0.0035s ]
SQL: SHOW COLUMNS FROM `db_user` [ RunTime:0.0033s ]
SQL: SELECT a.username as username,b.commentId as commentId,b.content as content,b.createAt as createAt FROM db_user as a INNER JOIN db_coursecomment as b on b.objectId = a.objectId  WHERE ( b.articleId=9 )  [ RunTime:0.0004s ]

[ 2017-05-21T22:21:20+08:00 ] ::1 /eduWeb/API/index.php?m=comment&c=comment&a=getComment&action=course&id=9
INFO: [ app_init ] --START--
INFO: Run Behavior\BuildLiteBehavior [ RunTime:0.000016s ]
INFO: [ app_init ] --END-- [ RunTime:0.000440s ]
INFO: [ app_begin ] --START--
INFO: Run Behavior\ReadHtmlCacheBehavior [ RunTime:0.000615s ]
INFO: [ app_begin ] --END-- [ RunTime:0.000650s ]
SQL: SHOW COLUMNS FROM `db_bbscomment` [ RunTime:0.0036s ]
SQL: SHOW COLUMNS FROM `db_user` [ RunTime:0.0030s ]
SQL: SELECT a.username as username,b.commentId as commentId,b.content as content,b.createAt as createAt FROM db_user as a INNER JOIN db_coursecomment as b on b.objectId = a.objectId  WHERE ( b.articleId=9 )  [ RunTime:0.0003s ]

[ 2017-05-21T22:22:00+08:00 ] ::1 /eduWeb/API/index.php?m=comment&c=comment&a=getComment&action=course&id=9
INFO: [ app_init ] --START--
INFO: Run Behavior\BuildLiteBehavior [ RunTime:0.000023s ]
INFO: [ app_init ] --END-- [ RunTime:0.000493s ]
INFO: [ app_begin ] --START--
INFO: Run Behavior\ReadHtmlCacheBehavior [ RunTime:0.000958s ]
INFO: [ app_begin ] --END-- [ RunTime:0.001024s ]
SQL: SHOW COLUMNS FROM `db_bbscomment` [ RunTime:0.0069s ]
SQL: SHOW COLUMNS FROM `db_user` [ RunTime:0.0051s ]
SQL: SELECT a.username as username,b.commentId as commentId,b.content as content,b.createAt as createAt FROM db_user as a INNER JOIN db_coursecomment as b on b.objectId = a.objectId  WHERE ( b.articleId=9 )  [ RunTime:0.0005s ]

[ 2017-05-21T22:22:00+08:00 ] ::1 /eduWeb/API/index.php?m=comment&c=comment&a=getComment&action=course&id=9
INFO: [ app_init ] --START--
INFO: Run Behavior\BuildLiteBehavior [ RunTime:0.000019s ]
INFO: [ app_init ] --END-- [ RunTime:0.000537s ]
INFO: [ app_begin ] --START--
INFO: Run Behavior\ReadHtmlCacheBehavior [ RunTime:0.001454s ]
INFO: [ app_begin ] --END-- [ RunTime:0.001518s ]
SQL: SHOW COLUMNS FROM `db_bbscomment` [ RunTime:0.0068s ]
SQL: SHOW COLUMNS FROM `db_user` [ RunTime:0.0029s ]
SQL: SELECT a.username as username,b.commentId as commentId,b.content as content,b.createAt as createAt FROM db_user as a INNER JOIN db_coursecomment as b on b.objectId = a.objectId  WHERE ( b.articleId=9 )  [ RunTime:0.0003s ]

[ 2017-05-21T22:22:02+08:00 ] ::1 /eduWeb/API/index.php?m=comment&c=comment&a=getComment&action=course&id=9
INFO: [ app_init ] --START--
INFO: Run Behavior\BuildLiteBehavior [ RunTime:0.000016s ]
INFO: [ app_init ] --END-- [ RunTime:0.000430s ]
INFO: [ app_begin ] --START--
INFO: Run Behavior\ReadHtmlCacheBehavior [ RunTime:0.000878s ]
INFO: [ app_begin ] --END-- [ RunTime:0.000938s ]
SQL: SHOW COLUMNS FROM `db_bbscomment` [ RunTime:0.0069s ]
SQL: SHOW COLUMNS FROM `db_user` [ RunTime:0.0032s ]
SQL: SELECT a.username as username,b.commentId as commentId,b.content as content,b.createAt as createAt FROM db_user as a INNER JOIN db_coursecomment as b on b.objectId = a.objectId  WHERE ( b.articleId=9 )  [ RunTime:0.0004s ]

[ 2017-05-21T22:22:15+08:00 ] ::1 /eduWeb/API/index.php?m=comment&c=comment&a=getComment&action=bbs&id=1
INFO: [ app_init ] --START--
INFO: Run Behavior\BuildLiteBehavior [ RunTime:0.000016s ]
INFO: [ app_init ] --END-- [ RunTime:0.000414s ]
INFO: [ app_begin ] --START--
INFO: Run Behavior\ReadHtmlCacheBehavior [ RunTime:0.000925s ]
INFO: [ app_begin ] --END-- [ RunTime:0.000995s ]
SQL: SHOW COLUMNS FROM `db_bbscomment` [ RunTime:0.0033s ]
SQL: SHOW COLUMNS FROM `db_user` [ RunTime:0.0036s ]
SQL: SELECT a.username as username,b.commentId as commentId,b.content as content,b.createAt as createAt FROM db_user as a INNER JOIN db_bbscomment as b on b.objectId = a.objectId  WHERE ( b.articleId=1 )  [ RunTime:0.0003s ]

[ 2017-05-21T22:23:06+08:00 ] ::1 /eduWeb/API/index.php?m=comment&c=comment&a=getComment&action=bbs&id=1
INFO: [ app_init ] --START--
INFO: Run Behavior\BuildLiteBehavior [ RunTime:0.000019s ]
INFO: [ app_init ] --END-- [ RunTime:0.000470s ]
INFO: [ app_begin ] --START--
INFO: Run Behavior\ReadHtmlCacheBehavior [ RunTime:0.000653s ]
INFO: [ app_begin ] --END-- [ RunTime:0.000715s ]
SQL: SHOW COLUMNS FROM `db_bbscomment` [ RunTime:0.0070s ]
SQL: SHOW COLUMNS FROM `db_user` [ RunTime:0.0039s ]
SQL: SELECT a.username as username,b.commentId as commentId,b.content as content,b.createAt as createAt FROM db_user as a INNER JOIN db_bbscomment as b on b.objectId = a.objectId  WHERE ( b.articleId=1 )  [ RunTime:0.0003s ]

[ 2017-05-21T22:23:12+08:00 ] ::1 /eduWeb/API/index.php?m=comment&c=comment&a=getComment&action=course&id=9
INFO: [ app_init ] --START--
INFO: Run Behavior\BuildLiteBehavior [ RunTime:0.000015s ]
INFO: [ app_init ] --END-- [ RunTime:0.000458s ]
INFO: [ app_begin ] --START--
INFO: Run Behavior\ReadHtmlCacheBehavior [ RunTime:0.000635s ]
INFO: [ app_begin ] --END-- [ RunTime:0.000694s ]
SQL: SHOW COLUMNS FROM `db_bbscomment` [ RunTime:0.0037s ]
SQL: SHOW COLUMNS FROM `db_user` [ RunTime:0.0042s ]
SQL: SELECT a.username as username,b.commentId as commentId,b.content as content,b.createAt as createAt FROM db_user as a INNER JOIN db_coursecomment as b on b.objectId = a.objectId  WHERE ( b.articleId=9 )  [ RunTime:0.0004s ]

[ 2017-05-21T23:26:00+08:00 ] ::1 /eduWeb/API/index.php?m=comment&c=comment&a=getComment&action=bbs&id=1
INFO: [ app_init ] --START--
INFO: Run Behavior\BuildLiteBehavior [ RunTime:0.000020s ]
INFO: [ app_init ] --END-- [ RunTime:0.000779s ]
INFO: [ app_begin ] --START--
INFO: Run Behavior\ReadHtmlCacheBehavior [ RunTime:0.001274s ]
INFO: [ app_begin ] --END-- [ RunTime:0.001351s ]
SQL: SHOW COLUMNS FROM `db_bbscomment` [ RunTime:0.0075s ]
SQL: SHOW COLUMNS FROM `db_user` [ RunTime:0.0030s ]
SQL: SELECT a.username as username,b.commentId as commentId,b.content as content,b.createAt as createAt FROM db_user as a INNER JOIN db_bbscomment as b on b.objectId = a.objectId  WHERE ( b.articleId=1 )  [ RunTime:0.0003s ]

[ 2017-05-21T23:26:50+08:00 ] ::1 /eduWeb/API/index.php?m=comment&c=comment&a=getComment&action=course&id=9
INFO: [ app_init ] --START--
INFO: Run Behavior\BuildLiteBehavior [ RunTime:0.000149s ]
INFO: [ app_init ] --END-- [ RunTime:0.001341s ]
INFO: [ app_begin ] --START--
INFO: Run Behavior\ReadHtmlCacheBehavior [ RunTime:0.000931s ]
INFO: [ app_begin ] --END-- [ RunTime:0.000988s ]
SQL: SHOW COLUMNS FROM `db_bbscomment` [ RunTime:0.0033s ]
SQL: SHOW COLUMNS FROM `db_user` [ RunTime:0.0031s ]
SQL: SELECT a.username as username,b.commentId as commentId,b.content as content,b.createAt as createAt FROM db_user as a INNER JOIN db_coursecomment as b on b.objectId = a.objectId  WHERE ( b.articleId=9 )  [ RunTime:0.0003s ]

[ 2017-05-21T23:27:21+08:00 ] ::1 /eduWeb/API/index.php?m=comment&c=comment&a=getComment&action=bbs&id=1
INFO: [ app_init ] --START--
INFO: Run Behavior\BuildLiteBehavior [ RunTime:0.000018s ]
INFO: [ app_init ] --END-- [ RunTime:0.000476s ]
INFO: [ app_begin ] --START--
INFO: Run Behavior\ReadHtmlCacheBehavior [ RunTime:0.000863s ]
INFO: [ app_begin ] --END-- [ RunTime:0.000922s ]
SQL: SHOW COLUMNS FROM `db_bbscomment` [ RunTime:0.0032s ]
SQL: SHOW COLUMNS FROM `db_user` [ RunTime:0.0029s ]
SQL: SELECT a.username as username,b.commentId as commentId,b.content as content,b.createAt as createAt FROM db_user as a INNER JOIN db_bbscomment as b on b.objectId = a.objectId  WHERE ( b.articleId=1 )  [ RunTime:0.0003s ]

[ 2017-05-21T23:27:38+08:00 ] ::1 /eduWeb/API/index.php?m=comment&c=comment&a=getComment&action=course&id=9
INFO: [ app_init ] --START--
INFO: Run Behavior\BuildLiteBehavior [ RunTime:0.000012s ]
INFO: [ app_init ] --END-- [ RunTime:0.000339s ]
INFO: [ app_begin ] --START--
INFO: Run Behavior\ReadHtmlCacheBehavior [ RunTime:0.000621s ]
INFO: [ app_begin ] --END-- [ RunTime:0.000655s ]
SQL: SHOW COLUMNS FROM `db_bbscomment` [ RunTime:0.0032s ]
SQL: SHOW COLUMNS FROM `db_user` [ RunTime:0.0030s ]
SQL: SELECT a.username as username,b.commentId as commentId,b.content as content,b.createAt as createAt FROM db_user as a INNER JOIN db_coursecomment as b on b.objectId = a.objectId  WHERE ( b.articleId=9 )  [ RunTime:0.0003s ]

[ 2017-05-21T23:28:59+08:00 ] ::1 /eduWeb/API/index.php?m=comment&c=comment&a=getComment&action=course&id=9
INFO: [ app_init ] --START--
INFO: Run Behavior\BuildLiteBehavior [ RunTime:0.000014s ]
INFO: [ app_init ] --END-- [ RunTime:0.000412s ]
INFO: [ app_begin ] --START--
INFO: Run Behavior\ReadHtmlCacheBehavior [ RunTime:0.000914s ]
INFO: [ app_begin ] --END-- [ RunTime:0.000969s ]
SQL: SHOW COLUMNS FROM `db_bbscomment` [ RunTime:0.0034s ]
SQL: SHOW COLUMNS FROM `db_user` [ RunTime:0.0033s ]
SQL: SELECT a.nickname as nickname,b.commentId as commentId,b.content as content,b.createAt as createAt FROM db_user as a INNER JOIN db_coursecomment as b on b.objectId = a.objectId  WHERE ( b.articleId=9 )  [ RunTime:0.0003s ]

[ 2017-05-21T23:31:43+08:00 ] ::1 /eduWeb/API/index.php?m=comment&c=comment&a=getComment&action=course&id=9
INFO: [ app_init ] --START--
INFO: Run Behavior\BuildLiteBehavior [ RunTime:0.000015s ]
INFO: [ app_init ] --END-- [ RunTime:0.000411s ]
INFO: [ app_begin ] --START--
INFO: Run Behavior\ReadHtmlCacheBehavior [ RunTime:0.000845s ]
INFO: [ app_begin ] --END-- [ RunTime:0.000900s ]
SQL: SHOW COLUMNS FROM `db_bbscomment` [ RunTime:0.0032s ]
SQL: SHOW COLUMNS FROM `db_user` [ RunTime:0.0030s ]
SQL: SELECT a.objectId as objectId,a.nickname as nickname,b.commentId as commentId,b.content as content,b.createAt as createAt FROM db_user as a INNER JOIN db_coursecomment as b on b.objectId = a.objectId  WHERE ( b.articleId=9 )  [ RunTime:0.0003s ]

[ 2017-05-21T23:31:47+08:00 ] ::1 /eduWeb/API/index.php?m=comment&c=comment&a=getComment&action=course&id=9
INFO: [ app_init ] --START--
INFO: Run Behavior\BuildLiteBehavior [ RunTime:0.000033s ]
INFO: [ app_init ] --END-- [ RunTime:0.000464s ]
INFO: [ app_begin ] --START--
INFO: Run Behavior\ReadHtmlCacheBehavior [ RunTime:0.000933s ]
INFO: [ app_begin ] --END-- [ RunTime:0.001000s ]
SQL: SHOW COLUMNS FROM `db_bbscomment` [ RunTime:0.0068s ]
SQL: SHOW COLUMNS FROM `db_user` [ RunTime:0.0030s ]
SQL: SELECT a.objectId as objectId,a.nickname as nickname,b.commentId as commentId,b.content as content,b.createAt as createAt FROM db_user as a INNER JOIN db_coursecomment as b on b.objectId = a.objectId  WHERE ( b.articleId=9 )  [ RunTime:0.0003s ]

[ 2017-05-21T23:32:08+08:00 ] ::1 /eduWeb/API/index.php?m=comment&c=comment&a=getComment&action=course&id=9
INFO: [ app_init ] --START--
INFO: Run Behavior\BuildLiteBehavior [ RunTime:0.000017s ]
INFO: [ app_init ] --END-- [ RunTime:0.000444s ]
INFO: [ app_begin ] --START--
INFO: Run Behavior\ReadHtmlCacheBehavior [ RunTime:0.002046s ]
INFO: [ app_begin ] --END-- [ RunTime:0.002092s ]
SQL: SHOW COLUMNS FROM `db_bbscomment` [ RunTime:0.0031s ]
SQL: SHOW COLUMNS FROM `db_user` [ RunTime:0.0033s ]
SQL: SELECT a.objectId as objectId,a.nickname as nickname,b.commentId as commentId,b.content as content,b.createAt as createAt FROM db_user as a INNER JOIN db_coursecomment as b on b.objectId = a.objectId  WHERE ( b.articleId=9 )  [ RunTime:0.0005s ]

[ 2017-05-21T23:32:13+08:00 ] ::1 /eduWeb/API/index.php?m=comment&c=comment&a=getComment&action=course&id=9
INFO: [ app_init ] --START--
INFO: Run Behavior\BuildLiteBehavior [ RunTime:0.000022s ]
INFO: [ app_init ] --END-- [ RunTime:0.000595s ]
INFO: [ app_begin ] --START--
INFO: Run Behavior\ReadHtmlCacheBehavior [ RunTime:0.001141s ]
INFO: [ app_begin ] --END-- [ RunTime:0.001209s ]
SQL: SHOW COLUMNS FROM `db_bbscomment` [ RunTime:0.0029s ]
SQL: SHOW COLUMNS FROM `db_user` [ RunTime:0.0041s ]
SQL: SELECT a.objectId as objectId,a.nickname as nickname,b.commentId as commentId,b.content as content,b.createAt as createAt FROM db_user as a INNER JOIN db_coursecomment as b on b.objectId = a.objectId  WHERE ( b.articleId=9 )  [ RunTime:0.0004s ]

[ 2017-05-21T23:32:32+08:00 ] ::1 /eduWeb/API/index.php?m=comment&c=comment&a=getComment&action=course&id=9
INFO: [ app_init ] --START--
INFO: Run Behavior\BuildLiteBehavior [ RunTime:0.000021s ]
INFO: [ app_init ] --END-- [ RunTime:0.000583s ]
INFO: [ app_begin ] --START--
INFO: Run Behavior\ReadHtmlCacheBehavior [ RunTime:0.000665s ]
INFO: [ app_begin ] --END-- [ RunTime:0.000712s ]
SQL: SHOW COLUMNS FROM `db_bbscomment` [ RunTime:0.0035s ]
SQL: SHOW COLUMNS FROM `db_user` [ RunTime:0.0030s ]
SQL: SELECT a.objectId as objectId,a.nickname as nickname,b.commentId as commentId,b.content as content,b.createAt as createAt FROM db_user as a INNER JOIN db_coursecomment as b on b.objectId = a.objectId  WHERE ( b.articleId=9 )  [ RunTime:0.0003s ]

[ 2017-05-21T23:32:45+08:00 ] ::1 /eduWeb/API/index.php?m=comment&c=comment&a=getComment&action=course&id=9
INFO: [ app_init ] --START--
INFO: Run Behavior\BuildLiteBehavior [ RunTime:0.000016s ]
INFO: [ app_init ] --END-- [ RunTime:0.000435s ]
INFO: [ app_begin ] --START--
INFO: Run Behavior\ReadHtmlCacheBehavior [ RunTime:0.001111s ]
INFO: [ app_begin ] --END-- [ RunTime:0.001181s ]
SQL: SHOW COLUMNS FROM `db_bbscomment` [ RunTime:0.0029s ]
SQL: SHOW COLUMNS FROM `db_user` [ RunTime:0.0036s ]
SQL: SELECT a.objectId as objectId,a.nickname as nickname,b.commentId as commentId,b.content as content,b.createAt as createAt FROM db_user as a INNER JOIN db_coursecomment as b on b.objectId = a.objectId  WHERE ( b.articleId=9 )  [ RunTime:0.0003s ]

[ 2017-05-21T23:32:45+08:00 ] ::1 /eduWeb/API/index.php?m=comment&c=comment&a=getComment&action=course&id=9
INFO: [ app_init ] --START--
INFO: Run Behavior\BuildLiteBehavior [ RunTime:0.000018s ]
INFO: [ app_init ] --END-- [ RunTime:0.000509s ]
INFO: [ app_begin ] --START--
INFO: Run Behavior\ReadHtmlCacheBehavior [ RunTime:0.001097s ]
INFO: [ app_begin ] --END-- [ RunTime:0.001161s ]
SQL: SHOW COLUMNS FROM `db_bbscomment` [ RunTime:0.0029s ]
SQL: SHOW COLUMNS FROM `db_user` [ RunTime:0.0040s ]
SQL: SELECT a.objectId as objectId,a.nickname as nickname,b.commentId as commentId,b.content as content,b.createAt as createAt FROM db_user as a INNER JOIN db_coursecomment as b on b.objectId = a.objectId  WHERE ( b.articleId=9 )  [ RunTime:0.0003s ]

[ 2017-05-21T23:32:48+08:00 ] ::1 /eduWeb/API/index.php?m=comment&c=comment&a=getComment&action=course&id=9
INFO: [ app_init ] --START--
INFO: Run Behavior\BuildLiteBehavior [ RunTime:0.000016s ]
INFO: [ app_init ] --END-- [ RunTime:0.000428s ]
INFO: [ app_begin ] --START--
INFO: Run Behavior\ReadHtmlCacheBehavior [ RunTime:0.001426s ]
INFO: [ app_begin ] --END-- [ RunTime:0.001489s ]
SQL: SHOW COLUMNS FROM `db_bbscomment` [ RunTime:0.0072s ]
SQL: SHOW COLUMNS FROM `db_user` [ RunTime:0.0034s ]
SQL: SELECT a.objectId as objectId,a.nickname as nickname,b.commentId as commentId,b.content as content,b.createAt as createAt FROM db_user as a INNER JOIN db_coursecomment as b on b.objectId = a.objectId  WHERE ( b.articleId=9 )  [ RunTime:0.0003s ]

[ 2017-05-21T23:32:50+08:00 ] ::1 /eduWeb/API/index.php?m=comment&c=comment&a=getComment&action=course&id=9
INFO: [ app_init ] --START--
INFO: Run Behavior\BuildLiteBehavior [ RunTime:0.000016s ]
INFO: [ app_init ] --END-- [ RunTime:0.000436s ]
INFO: [ app_begin ] --START--
INFO: Run Behavior\ReadHtmlCacheBehavior [ RunTime:0.000847s ]
INFO: [ app_begin ] --END-- [ RunTime:0.000898s ]
SQL: SHOW COLUMNS FROM `db_bbscomment` [ RunTime:0.0068s ]
SQL: SHOW COLUMNS FROM `db_user` [ RunTime:0.0029s ]
SQL: SELECT a.objectId as objectId,a.nickname as nickname,b.commentId as commentId,b.content as content,b.createAt as createAt FROM db_user as a INNER JOIN db_coursecomment as b on b.objectId = a.objectId  WHERE ( b.articleId=9 )  [ RunTime:0.0003s ]

[ 2017-05-21T23:33:21+08:00 ] ::1 /eduWeb/API/index.php?m=comment&c=comment&a=getComment&action=course&id=9
INFO: [ app_init ] --START--
INFO: Run Behavior\BuildLiteBehavior [ RunTime:0.000017s ]
INFO: [ app_init ] --END-- [ RunTime:0.000561s ]
INFO: [ app_begin ] --START--
INFO: Run Behavior\ReadHtmlCacheBehavior [ RunTime:0.001009s ]
INFO: [ app_begin ] --END-- [ RunTime:0.001078s ]
SQL: SHOW COLUMNS FROM `db_bbscomment` [ RunTime:0.0030s ]
SQL: SHOW COLUMNS FROM `db_user` [ RunTime:0.0030s ]
SQL: SELECT a.objectid as objectId,a.nickname as nickname,b.commentId as commentId,b.content as content,b.createAt as createAt FROM db_user as a INNER JOIN db_coursecomment as b on b.objectId = a.objectId  WHERE ( b.articleId=9 )  [ RunTime:0.0002s ]

[ 2017-05-21T23:33:23+08:00 ] ::1 /eduWeb/API/index.php?m=comment&c=comment&a=getComment&action=course&id=9
INFO: [ app_init ] --START--
INFO: Run Behavior\BuildLiteBehavior [ RunTime:0.000019s ]
INFO: [ app_init ] --END-- [ RunTime:0.000326s ]
INFO: [ app_begin ] --START--
INFO: Run Behavior\ReadHtmlCacheBehavior [ RunTime:0.000591s ]
INFO: [ app_begin ] --END-- [ RunTime:0.000623s ]
SQL: SHOW COLUMNS FROM `db_bbscomment` [ RunTime:0.0029s ]
SQL: SHOW COLUMNS FROM `db_user` [ RunTime:0.0031s ]
SQL: SELECT a.objectid as objectId,a.nickname as nickname,b.commentId as commentId,b.content as content,b.createAt as createAt FROM db_user as a INNER JOIN db_coursecomment as b on b.objectId = a.objectId  WHERE ( b.articleId=9 )  [ RunTime:0.0003s ]

[ 2017-05-21T23:34:16+08:00 ] ::1 /eduWeb/API/index.php?m=comment&c=comment&a=getComment&action=course&id=9
INFO: [ app_init ] --START--
INFO: Run Behavior\BuildLiteBehavior [ RunTime:0.000017s ]
INFO: [ app_init ] --END-- [ RunTime:0.000448s ]
INFO: [ app_begin ] --START--
INFO: Run Behavior\ReadHtmlCacheBehavior [ RunTime:0.001371s ]
INFO: [ app_begin ] --END-- [ RunTime:0.001549s ]
SQL: SHOW COLUMNS FROM `db_bbscomment` [ RunTime:0.0066s ]
SQL: SHOW COLUMNS FROM `db_user` [ RunTime:0.0034s ]
SQL: SELECT a.nickname as nickname,b.commentId as commentId,b.content as content,b.createAt as createAt FROM db_user as a INNER JOIN db_coursecomment as b on b.objectId = a.objectId  WHERE ( b.articleId=9 )  [ RunTime:0.0003s ]

[ 2017-05-21T23:34:19+08:00 ] ::1 /eduWeb/API/index.php?m=comment&c=comment&a=getComment&action=course&id=9
INFO: [ app_init ] --START--
INFO: Run Behavior\BuildLiteBehavior [ RunTime:0.000098s ]
INFO: [ app_init ] --END-- [ RunTime:0.000582s ]
INFO: [ app_begin ] --START--
INFO: Run Behavior\ReadHtmlCacheBehavior [ RunTime:0.001678s ]
INFO: [ app_begin ] --END-- [ RunTime:0.001908s ]
SQL: SHOW COLUMNS FROM `db_bbscomment` [ RunTime:0.0031s ]
SQL: SHOW COLUMNS FROM `db_user` [ RunTime:0.0030s ]
SQL: SELECT a.nickname as nickname,b.commentId as commentId,b.content as content,b.createAt as createAt FROM db_user as a INNER JOIN db_coursecomment as b on b.objectId = a.objectId  WHERE ( b.articleId=9 )  [ RunTime:0.0003s ]

[ 2017-05-21T23:36:06+08:00 ] ::1 /eduWeb/API/index.php?m=comment&c=comment&a=getComment&action=course&id=9
INFO: [ app_init ] --START--
INFO: Run Behavior\BuildLiteBehavior [ RunTime:0.000012s ]
INFO: [ app_init ] --END-- [ RunTime:0.000410s ]
INFO: [ app_begin ] --START--
INFO: Run Behavior\ReadHtmlCacheBehavior [ RunTime:0.000672s ]
INFO: [ app_begin ] --END-- [ RunTime:0.000713s ]
SQL: SHOW COLUMNS FROM `db_bbscomment` [ RunTime:0.0035s ]
SQL: SHOW COLUMNS FROM `db_user` [ RunTime:0.0045s ]
SQL: SELECT a.objectId as objectId,a.nickname as nickname,b.commentId as commentId,b.content as content,b.createAt as createAt FROM db_user as a INNER JOIN db_coursecomment as b on b.objectId = a.objectId  WHERE ( b.articleId=9 )  [ RunTime:0.0004s ]

[ 2017-05-21T23:36:10+08:00 ] ::1 /eduWeb/API/index.php?m=comment&c=comment&a=getComment&action=course&id=9
INFO: [ app_init ] --START--
INFO: Run Behavior\BuildLiteBehavior [ RunTime:0.000015s ]
INFO: [ app_init ] --END-- [ RunTime:0.000445s ]
INFO: [ app_begin ] --START--
INFO: Run Behavior\ReadHtmlCacheBehavior [ RunTime:0.000985s ]
INFO: [ app_begin ] --END-- [ RunTime:0.001057s ]
SQL: SHOW COLUMNS FROM `db_bbscomment` [ RunTime:0.0032s ]
SQL: SHOW COLUMNS FROM `db_user` [ RunTime:0.0031s ]
SQL: SELECT a.objectId as objectId,a.nickname as nickname,b.commentId as commentId,b.content as content,b.createAt as createAt FROM db_user as a INNER JOIN db_coursecomment as b on b.objectId = a.objectId  WHERE ( b.articleId=9 )  [ RunTime:0.0003s ]

[ 2017-05-21T23:36:24+08:00 ] ::1 /eduWeb/API/index.php?m=comment&c=comment&a=getComment&action=course&id=9
INFO: [ app_init ] --START--
INFO: Run Behavior\BuildLiteBehavior [ RunTime:0.000019s ]
INFO: [ app_init ] --END-- [ RunTime:0.000604s ]
INFO: [ app_begin ] --START--
INFO: Run Behavior\ReadHtmlCacheBehavior [ RunTime:0.001036s ]
INFO: [ app_begin ] --END-- [ RunTime:0.001100s ]
SQL: SHOW COLUMNS FROM `db_bbscomment` [ RunTime:0.0058s ]
SQL: SHOW COLUMNS FROM `db_user` [ RunTime:0.0039s ]
SQL: SELECT a.objectId as objectId,a.nickname as nickname,b.commentId as commentId,b.content as content,b.createAt as createAt FROM db_user as a INNER JOIN db_coursecomment as b on b.objectId = a.objectId  WHERE ( b.articleId=9 )  [ RunTime:0.0003s ]

[ 2017-05-21T23:36:57+08:00 ] ::1 /eduWeb/API/index.php?m=comment&c=comment&a=getComment&action=course&id=9
INFO: [ app_init ] --START--
INFO: Run Behavior\BuildLiteBehavior [ RunTime:0.000019s ]
INFO: [ app_init ] --END-- [ RunTime:0.001025s ]
INFO: [ app_begin ] --START--
INFO: Run Behavior\ReadHtmlCacheBehavior [ RunTime:0.000782s ]
INFO: [ app_begin ] --END-- [ RunTime:0.000847s ]
SQL: SHOW COLUMNS FROM `db_bbscomment` [ RunTime:0.0029s ]
SQL: SHOW COLUMNS FROM `db_user` [ RunTime:0.0039s ]
SQL: SELECT a.objectId as userid,a.nickname as nickname,b.commentId as commentId,b.content as content,b.createAt as createAt FROM db_user as a INNER JOIN db_coursecomment as b on b.objectId = a.objectId  WHERE ( b.articleId=9 )  [ RunTime:0.0003s ]

[ 2017-05-21T23:36:57+08:00 ] ::1 /eduWeb/API/index.php?m=comment&c=comment&a=getComment&action=course&id=9
INFO: [ app_init ] --START--
INFO: Run Behavior\BuildLiteBehavior [ RunTime:0.000018s ]
INFO: [ app_init ] --END-- [ RunTime:0.000503s ]
INFO: [ app_begin ] --START--
INFO: Run Behavior\ReadHtmlCacheBehavior [ RunTime:0.001046s ]
INFO: [ app_begin ] --END-- [ RunTime:0.001114s ]
SQL: SHOW COLUMNS FROM `db_bbscomment` [ RunTime:0.0063s ]
SQL: SHOW COLUMNS FROM `db_user` [ RunTime:0.0028s ]
SQL: SELECT a.objectId as userid,a.nickname as nickname,b.commentId as commentId,b.content as content,b.createAt as createAt FROM db_user as a INNER JOIN db_coursecomment as b on b.objectId = a.objectId  WHERE ( b.articleId=9 )  [ RunTime:0.0005s ]

[ 2017-05-21T23:37:03+08:00 ] ::1 /eduWeb/API/index.php?m=comment&c=comment&a=getComment&action=bbs&id=1
INFO: [ app_init ] --START--
INFO: Run Behavior\BuildLiteBehavior [ RunTime:0.000012s ]
INFO: [ app_init ] --END-- [ RunTime:0.000388s ]
INFO: [ app_begin ] --START--
INFO: Run Behavior\ReadHtmlCacheBehavior [ RunTime:0.000887s ]
INFO: [ app_begin ] --END-- [ RunTime:0.000941s ]
SQL: SHOW COLUMNS FROM `db_bbscomment` [ RunTime:0.0044s ]
SQL: SHOW COLUMNS FROM `db_user` [ RunTime:0.0031s ]
SQL: SELECT a.objectId as userid,a.nickname as nickname,b.commentId as commentId,b.content as content,b.createAt as createAt FROM db_user as a INNER JOIN db_bbscomment as b on b.objectId = a.objectId  WHERE ( b.articleId=1 )  [ RunTime:0.0003s ]

[ 2017-05-21T23:37:06+08:00 ] ::1 /eduWeb/API/index.php?m=comment&c=comment&a=getComment&action=bbs&id=1
INFO: [ app_init ] --START--
INFO: Run Behavior\BuildLiteBehavior [ RunTime:0.000017s ]
INFO: [ app_init ] --END-- [ RunTime:0.000442s ]
INFO: [ app_begin ] --START--
INFO: Run Behavior\ReadHtmlCacheBehavior [ RunTime:0.003196s ]
INFO: [ app_begin ] --END-- [ RunTime:0.003312s ]
SQL: SHOW COLUMNS FROM `db_bbscomment` [ RunTime:0.0072s ]
SQL: SHOW COLUMNS FROM `db_user` [ RunTime:0.0030s ]
SQL: SELECT a.objectId as userid,a.nickname as nickname,b.commentId as commentId,b.content as content,b.createAt as createAt FROM db_user as a INNER JOIN db_bbscomment as b on b.objectId = a.objectId  WHERE ( b.articleId=1 )  [ RunTime:0.0003s ]

[ 2017-05-21T23:37:10+08:00 ] ::1 /eduWeb/API/index.php?m=comment&c=comment&a=getComment&action=course&id=9
INFO: [ app_init ] --START--
INFO: Run Behavior\BuildLiteBehavior [ RunTime:0.000013s ]
INFO: [ app_init ] --END-- [ RunTime:0.000423s ]
INFO: [ app_begin ] --START--
INFO: Run Behavior\ReadHtmlCacheBehavior [ RunTime:0.000678s ]
INFO: [ app_begin ] --END-- [ RunTime:0.000713s ]
SQL: SHOW COLUMNS FROM `db_bbscomment` [ RunTime:0.0035s ]
SQL: SHOW COLUMNS FROM `db_user` [ RunTime:0.0035s ]
SQL: SELECT a.objectId as userid,a.nickname as nickname,b.commentId as commentId,b.content as content,b.createAt as createAt FROM db_user as a INNER JOIN db_coursecomment as b on b.objectId = a.objectId  WHERE ( b.articleId=9 )  [ RunTime:0.0003s ]

[ 2017-05-21T23:37:30+08:00 ] ::1 /eduWeb/API/index.php?m=comment&c=comment&a=getComment&action=course&id=9
INFO: [ app_init ] --START--
INFO: Run Behavior\BuildLiteBehavior [ RunTime:0.000015s ]
INFO: [ app_init ] --END-- [ RunTime:0.000468s ]
INFO: [ app_begin ] --START--
INFO: Run Behavior\ReadHtmlCacheBehavior [ RunTime:0.000892s ]
INFO: [ app_begin ] --END-- [ RunTime:0.000954s ]
SQL: SHOW COLUMNS FROM `db_bbscomment` [ RunTime:0.0070s ]
SQL: SHOW COLUMNS FROM `db_user` [ RunTime:0.0037s ]
SQL: SELECT a.objectId as userid,a.nickname as nickname,b.commentId as commentId,b.content as content,b.createAt as createAt FROM db_user as a INNER JOIN db_coursecomment as b on b.objectId = a.objectId  WHERE ( b.articleId=9 )  [ RunTime:0.0003s ]

[ 2017-05-21T23:37:33+08:00 ] ::1 /eduWeb/API/index.php?m=comment&c=comment&a=getComment&action=course&id=9
INFO: [ app_init ] --START--
INFO: Run Behavior\BuildLiteBehavior [ RunTime:0.000020s ]
INFO: [ app_init ] --END-- [ RunTime:0.000964s ]
INFO: [ app_begin ] --START--
INFO: Run Behavior\ReadHtmlCacheBehavior [ RunTime:0.001169s ]
INFO: [ app_begin ] --END-- [ RunTime:0.001224s ]
SQL: SHOW COLUMNS FROM `db_bbscomment` [ RunTime:0.0029s ]
SQL: SHOW COLUMNS FROM `db_user` [ RunTime:0.0036s ]
SQL: SELECT a.objectId as userid,a.nickname as nickname,b.commentId as commentId,b.content as content,b.createAt as createAt FROM db_user as a INNER JOIN db_coursecomment as b on b.objectId = a.objectId  WHERE ( b.articleId=9 )  [ RunTime:0.0006s ]

[ 2017-05-21T23:37:38+08:00 ] ::1 /eduWeb/API/index.php?m=comment&c=comment&a=getComment&action=course&id=9
INFO: [ app_init ] --START--
INFO: Run Behavior\BuildLiteBehavior [ RunTime:0.000017s ]
INFO: [ app_init ] --END-- [ RunTime:0.000463s ]
INFO: [ app_begin ] --START--
INFO: Run Behavior\ReadHtmlCacheBehavior [ RunTime:0.001267s ]
INFO: [ app_begin ] --END-- [ RunTime:0.001334s ]
SQL: SHOW COLUMNS FROM `db_bbscomment` [ RunTime:0.0038s ]
SQL: SHOW COLUMNS FROM `db_user` [ RunTime:0.0041s ]
SQL: SELECT a.objectId as userid,a.nickname as nickname,b.commentId as commentId,b.content as content,b.createAt as createAt FROM db_user as a INNER JOIN db_coursecomment as b on b.objectId = a.objectId  WHERE ( b.articleId=9 )  [ RunTime:0.0003s ]

[ 2017-05-21T23:37:40+08:00 ] ::1 /eduWeb/API/index.php?m=comment&c=comment&a=getComment&action=bbs&id=1
INFO: [ app_init ] --START--
INFO: Run Behavior\BuildLiteBehavior [ RunTime:0.000016s ]
INFO: [ app_init ] --END-- [ RunTime:0.000431s ]
INFO: [ app_begin ] --START--
INFO: Run Behavior\ReadHtmlCacheBehavior [ RunTime:0.000936s ]
INFO: [ app_begin ] --END-- [ RunTime:0.001005s ]
SQL: SHOW COLUMNS FROM `db_bbscomment` [ RunTime:0.0071s ]
SQL: SHOW COLUMNS FROM `db_user` [ RunTime:0.0030s ]
SQL: SELECT a.objectId as userid,a.nickname as nickname,b.commentId as commentId,b.content as content,b.createAt as createAt FROM db_user as a INNER JOIN db_bbscomment as b on b.objectId = a.objectId  WHERE ( b.articleId=1 )  [ RunTime:0.0003s ]

