[ 2017-05-23T00:02:06+08:00 ] ::1 /eduWeb/API/Upload?m=upload&c=upload&a=uploadPortrait
INFO: [ app_init ] --START--
INFO: Run Behavior\BuildLiteBehavior [ RunTime:0.000014s ]
INFO: [ app_init ] --END-- [ RunTime:0.000348s ]
INFO: [ app_begin ] --START--
INFO: Run Behavior\ReadHtmlCacheBehavior [ RunTime:0.000776s ]
INFO: [ app_begin ] --END-- [ RunTime:0.000825s ]
NOTIC: [2] call_user_func() expects parameter 1 to be a valid callback, no array or string given D:\Tool\phpStudy\WWW\eduWeb\API\ThinkPHP\Library\Think\Upload.class.php 第 170 行.
ERR: 1146:Table 'itedu.db_upload' doesn't exist
 [ SQL语句 ] : SHOW COLUMNS FROM `db_upload`
ERR: 1146:Table 'itedu.db_upload' doesn't exist
 [ SQL语句 ] : SHOW COLUMNS FROM `db_upload`

[ 2017-05-23T00:04:12+08:00 ] ::1 /eduWeb/API/Upload?m=upload&c=upload&a=uploadPortrait
INFO: [ app_init ] --START--
INFO: Run Behavior\BuildLiteBehavior [ RunTime:0.000030s ]
INFO: [ app_init ] --END-- [ RunTime:0.000437s ]
INFO: [ app_begin ] --START--
INFO: Run Behavior\ReadHtmlCacheBehavior [ RunTime:0.000746s ]
INFO: [ app_begin ] --END-- [ RunTime:0.000809s ]
INFO: [ view_parse ] --START--
INFO: [ template_filter ] --START--
INFO: Run Behavior\ContentReplaceBehavior [ RunTime:0.000031s ]
INFO: [ template_filter ] --END-- [ RunTime:0.000071s ]
INFO: Run Behavior\ParseTemplateBehavior [ RunTime:0.005732s ]
INFO: [ view_parse ] --END-- [ RunTime:0.005815s ]
INFO: [ view_filter ] --START--
INFO: Run Behavior\WriteHtmlCacheBehavior [ RunTime:0.001069s ]
INFO: [ view_filter ] --END-- [ RunTime:0.001139s ]

[ 2017-05-23T00:04:16+08:00 ] ::1 /eduWeb/API/Upload?m=upload&c=upload&a=uploadPortrait
INFO: [ app_init ] --START--
INFO: Run Behavior\BuildLiteBehavior [ RunTime:0.000018s ]
INFO: [ app_init ] --END-- [ RunTime:0.000537s ]
INFO: [ app_begin ] --START--
INFO: Run Behavior\ReadHtmlCacheBehavior [ RunTime:0.000794s ]
INFO: [ app_begin ] --END-- [ RunTime:0.000858s ]
NOTIC: [2] call_user_func() expects parameter 1 to be a valid callback, no array or string given D:\Tool\phpStudy\WWW\eduWeb\API\ThinkPHP\Library\Think\Upload.class.php 第 170 行.
ERR: 1146:Table 'itedu.db_upload' doesn't exist
 [ SQL语句 ] : SHOW COLUMNS FROM `db_upload`
ERR: 1146:Table 'itedu.db_upload' doesn't exist
 [ SQL语句 ] : SHOW COLUMNS FROM `db_upload`

[ 2017-05-23T00:07:48+08:00 ] ::1 /eduWeb/API/Upload?m=upload&c=upload&a=uploadPortrait
INFO: [ app_init ] --START--
INFO: Run Behavior\BuildLiteBehavior [ RunTime:0.000015s ]
INFO: [ app_init ] --END-- [ RunTime:0.000376s ]
INFO: [ app_begin ] --START--
INFO: Run Behavior\ReadHtmlCacheBehavior [ RunTime:0.000757s ]
INFO: [ app_begin ] --END-- [ RunTime:0.000816s ]
NOTIC: [2] call_user_func() expects parameter 1 to be a valid callback, no array or string given D:\Tool\phpStudy\WWW\eduWeb\API\ThinkPHP\Library\Think\Upload.class.php 第 170 行.
NOTIC: [8] Undefined offset: 0 D:\Tool\phpStudy\WWW\eduWeb\API\Application\Upload\Controller\UploadController.class.php 第 16 行.
SQL: SHOW COLUMNS FROM `db_user` [ RunTime:0.0069s ]
SQL: UPDATE `db_user` SET `portrait`=NULL WHERE ( objectId=4 ) [ RunTime:0.0002s ]
INFO: [ app_end ] --START--
INFO: Run Behavior\ShowPageTraceBehavior [ RunTime:0.000785s ]
INFO: [ app_end ] --END-- [ RunTime:0.000824s ]

[ 2017-05-23T00:08:44+08:00 ] ::1 /eduWeb/API/Upload?m=upload&c=upload&a=uploadPortrait
INFO: [ app_init ] --START--
INFO: Run Behavior\BuildLiteBehavior [ RunTime:0.000013s ]
INFO: [ app_init ] --END-- [ RunTime:0.000390s ]
INFO: [ app_begin ] --START--
INFO: Run Behavior\ReadHtmlCacheBehavior [ RunTime:0.000655s ]
INFO: [ app_begin ] --END-- [ RunTime:0.000700s ]
NOTIC: [2] call_user_func() expects parameter 1 to be a valid callback, no array or string given D:\Tool\phpStudy\WWW\eduWeb\API\ThinkPHP\Library\Think\Upload.class.php 第 170 行.
NOTIC: [8] Undefined offset: 0 D:\Tool\phpStudy\WWW\eduWeb\API\Application\Upload\Controller\UploadController.class.php 第 16 行.
SQL: SHOW COLUMNS FROM `db_user` [ RunTime:0.0064s ]
SQL: UPDATE `db_user` SET `portrait`=NULL WHERE ( objectId=4 ) [ RunTime:0.0002s ]
INFO: [ app_end ] --START--
INFO: Run Behavior\ShowPageTraceBehavior [ RunTime:0.000698s ]
INFO: [ app_end ] --END-- [ RunTime:0.000733s ]

[ 2017-05-23T00:09:03+08:00 ] ::1 /eduWeb/API/Upload?m=upload&c=upload&a=uploadPortrait
INFO: [ app_init ] --START--
INFO: Run Behavior\BuildLiteBehavior [ RunTime:0.000011s ]
INFO: [ app_init ] --END-- [ RunTime:0.000321s ]
INFO: [ app_begin ] --START--
INFO: Run Behavior\ReadHtmlCacheBehavior [ RunTime:0.000937s ]
INFO: [ app_begin ] --END-- [ RunTime:0.001014s ]
NOTIC: [2] call_user_func() expects parameter 1 to be a valid callback, no array or string given D:\Tool\phpStudy\WWW\eduWeb\API\ThinkPHP\Library\Think\Upload.class.php 第 170 行.
NOTIC: [8] Undefined offset: 0 D:\Tool\phpStudy\WWW\eduWeb\API\Application\Upload\Controller\UploadController.class.php 第 16 行.
SQL: SHOW COLUMNS FROM `db_user` [ RunTime:0.0073s ]
SQL: UPDATE `db_user` SET `portrait`=NULL WHERE ( objectId=4 ) [ RunTime:0.0002s ]
INFO: [ app_end ] --START--
INFO: Run Behavior\ShowPageTraceBehavior [ RunTime:0.000692s ]
INFO: [ app_end ] --END-- [ RunTime:0.000727s ]

[ 2017-05-23T00:11:16+08:00 ] ::1 /eduWeb/API/Upload?m=upload&c=upload&a=uploadPortrait
INFO: [ app_init ] --START--
INFO: Run Behavior\BuildLiteBehavior [ RunTime:0.000016s ]
INFO: [ app_init ] --END-- [ RunTime:0.000490s ]
INFO: [ app_begin ] --START--
INFO: Run Behavior\ReadHtmlCacheBehavior [ RunTime:0.000889s ]
INFO: [ app_begin ] --END-- [ RunTime:0.000965s ]
NOTIC: [2] call_user_func() expects parameter 1 to be a valid callback, no array or string given D:\Tool\phpStudy\WWW\eduWeb\API\ThinkPHP\Library\Think\Upload.class.php 第 170 行.
ERR: 1146:Table 'itedu.db_upload' doesn't exist
 [ SQL语句 ] : SHOW COLUMNS FROM `db_upload`
ERR: 1146:Table 'itedu.db_upload' doesn't exist
 [ SQL语句 ] : SHOW COLUMNS FROM `db_upload`

[ 2017-05-23T00:11:26+08:00 ] ::1 /eduWeb/API/Upload?m=upload&c=upload&a=uploadPortrait
INFO: [ app_init ] --START--
INFO: Run Behavior\BuildLiteBehavior [ RunTime:0.000011s ]
INFO: [ app_init ] --END-- [ RunTime:0.000336s ]
INFO: [ app_begin ] --START--
INFO: Run Behavior\ReadHtmlCacheBehavior [ RunTime:0.000886s ]
INFO: [ app_begin ] --END-- [ RunTime:0.000949s ]
NOTIC: [2] call_user_func() expects parameter 1 to be a valid callback, no array or string given D:\Tool\phpStudy\WWW\eduWeb\API\ThinkPHP\Library\Think\Upload.class.php 第 170 行.
ERR: 1146:Table 'itedu.db_upload' doesn't exist
 [ SQL语句 ] : SHOW COLUMNS FROM `db_upload`
ERR: 1146:Table 'itedu.db_upload' doesn't exist
 [ SQL语句 ] : SHOW COLUMNS FROM `db_upload`

[ 2017-05-23T00:11:54+08:00 ] ::1 /eduWeb/API/Upload?m=upload&c=upload&a=uploadPortrait
INFO: [ app_init ] --START--
INFO: Run Behavior\BuildLiteBehavior [ RunTime:0.000018s ]
INFO: [ app_init ] --END-- [ RunTime:0.000478s ]
INFO: [ app_begin ] --START--
INFO: Run Behavior\ReadHtmlCacheBehavior [ RunTime:0.000855s ]
INFO: [ app_begin ] --END-- [ RunTime:0.000920s ]
NOTIC: [2] call_user_func() expects parameter 1 to be a valid callback, no array or string given D:\Tool\phpStudy\WWW\eduWeb\API\ThinkPHP\Library\Think\Upload.class.php 第 170 行.
ERR: 1146:Table 'itedu.db_upload' doesn't exist
 [ SQL语句 ] : SHOW COLUMNS FROM `db_upload`
ERR: 1146:Table 'itedu.db_upload' doesn't exist
 [ SQL语句 ] : SHOW COLUMNS FROM `db_upload`

[ 2017-05-23T00:12:01+08:00 ] ::1 /eduWeb/API/Upload?m=upload&c=upload&a=uploadPortrait
INFO: [ app_init ] --START--
INFO: Run Behavior\BuildLiteBehavior [ RunTime:0.000019s ]
INFO: [ app_init ] --END-- [ RunTime:0.000450s ]
INFO: [ app_begin ] --START--
INFO: Run Behavior\ReadHtmlCacheBehavior [ RunTime:0.000759s ]
INFO: [ app_begin ] --END-- [ RunTime:0.000812s ]
INFO: [ view_parse ] --START--
INFO: [ template_filter ] --START--
INFO: Run Behavior\ContentReplaceBehavior [ RunTime:0.000038s ]
INFO: [ template_filter ] --END-- [ RunTime:0.000085s ]
INFO: Run Behavior\ParseTemplateBehavior [ RunTime:0.006852s ]
INFO: [ view_parse ] --END-- [ RunTime:0.006906s ]
INFO: [ view_filter ] --START--
INFO: Run Behavior\WriteHtmlCacheBehavior [ RunTime:0.000458s ]
INFO: [ view_filter ] --END-- [ RunTime:0.000493s ]

[ 2017-05-23T00:12:04+08:00 ] ::1 /eduWeb/API/Upload?m=upload&c=upload&a=uploadPortrait
INFO: [ app_init ] --START--
INFO: Run Behavior\BuildLiteBehavior [ RunTime:0.000013s ]
INFO: [ app_init ] --END-- [ RunTime:0.000350s ]
INFO: [ app_begin ] --START--
INFO: Run Behavior\ReadHtmlCacheBehavior [ RunTime:0.000653s ]
INFO: [ app_begin ] --END-- [ RunTime:0.000697s ]
NOTIC: [2] call_user_func() expects parameter 1 to be a valid callback, no array or string given D:\Tool\phpStudy\WWW\eduWeb\API\ThinkPHP\Library\Think\Upload.class.php 第 170 行.
ERR: 1146:Table 'itedu.db_upload' doesn't exist
 [ SQL语句 ] : SHOW COLUMNS FROM `db_upload`
ERR: 1146:Table 'itedu.db_upload' doesn't exist
 [ SQL语句 ] : SHOW COLUMNS FROM `db_upload`

[ 2017-05-23T00:13:23+08:00 ] ::1 /eduWeb/API/Upload?m=upload&c=upload&a=uploadPortrait
INFO: [ app_init ] --START--
INFO: Run Behavior\BuildLiteBehavior [ RunTime:0.000018s ]
INFO: [ app_init ] --END-- [ RunTime:0.000549s ]
INFO: [ app_begin ] --START--
INFO: Run Behavior\ReadHtmlCacheBehavior [ RunTime:0.000872s ]
INFO: [ app_begin ] --END-- [ RunTime:0.000976s ]
NOTIC: [2] call_user_func() expects parameter 1 to be a valid callback, no array or string given D:\Tool\phpStudy\WWW\eduWeb\API\ThinkPHP\Library\Think\Upload.class.php 第 170 行.
ERR: 1146:Table 'itedu.db_jab' doesn't exist
 [ SQL语句 ] : SHOW COLUMNS FROM `db_jab`
ERR: 1146:Table 'itedu.db_jab' doesn't exist
 [ SQL语句 ] : SHOW COLUMNS FROM `db_jab`

[ 2017-05-23T00:13:33+08:00 ] ::1 /eduWeb/API/Upload?m=upload&c=upload&a=uploadPortrait
INFO: [ app_init ] --START--
INFO: Run Behavior\BuildLiteBehavior [ RunTime:0.000014s ]
INFO: [ app_init ] --END-- [ RunTime:0.000515s ]
INFO: [ app_begin ] --START--
INFO: Run Behavior\ReadHtmlCacheBehavior [ RunTime:0.000952s ]
INFO: [ app_begin ] --END-- [ RunTime:0.001032s ]
NOTIC: [2] call_user_func() expects parameter 1 to be a valid callback, no array or string given D:\Tool\phpStudy\WWW\eduWeb\API\ThinkPHP\Library\Think\Upload.class.php 第 170 行.
SQL: SHOW COLUMNS FROM `db_user` [ RunTime:0.0070s ]
ERR: Think\Model:uploadPortrait方法不存在！

[ 2017-05-23T00:14:14+08:00 ] ::1 /eduWeb/API/Upload?m=upload&c=upload&a=uploadPortrait
INFO: [ app_init ] --START--
INFO: Run Behavior\BuildLiteBehavior [ RunTime:0.000018s ]
INFO: [ app_init ] --END-- [ RunTime:0.000481s ]
INFO: [ app_begin ] --START--
INFO: Run Behavior\ReadHtmlCacheBehavior [ RunTime:0.000732s ]
INFO: [ app_begin ] --END-- [ RunTime:0.000793s ]
NOTIC: [2] call_user_func() expects parameter 1 to be a valid callback, no array or string given D:\Tool\phpStudy\WWW\eduWeb\API\ThinkPHP\Library\Think\Upload.class.php 第 170 行.
SQL: SHOW COLUMNS FROM `db_user` [ RunTime:0.0066s ]
ERR: Think\Model:uploadPortrait方法不存在！

[ 2017-05-23T00:14:39+08:00 ] ::1 /eduWeb/API/Upload?m=upload&c=upload&a=uploadPortrait
INFO: [ app_init ] --START--
INFO: Run Behavior\BuildLiteBehavior [ RunTime:0.000016s ]
INFO: [ app_init ] --END-- [ RunTime:0.000525s ]
INFO: [ app_begin ] --START--
INFO: Run Behavior\ReadHtmlCacheBehavior [ RunTime:0.001075s ]
INFO: [ app_begin ] --END-- [ RunTime:0.001152s ]
NOTIC: [2] call_user_func() expects parameter 1 to be a valid callback, no array or string given D:\Tool\phpStudy\WWW\eduWeb\API\ThinkPHP\Library\Think\Upload.class.php 第 170 行.
SQL: SHOW COLUMNS FROM `db_user` [ RunTime:0.0082s ]
NOTIC: [8] Undefined offset: 0 D:\Tool\phpStudy\WWW\eduWeb\API\Application\Common\Model\UserModel.class.php 第 76 行.
SQL: UPDATE `db_user` SET `portrait`=NULL WHERE ( objectId=4 ) [ RunTime:0.0002s ]
INFO: [ app_end ] --START--
INFO: Run Behavior\ShowPageTraceBehavior [ RunTime:0.000971s ]
INFO: [ app_end ] --END-- [ RunTime:0.001022s ]

[ 2017-05-23T00:15:32+08:00 ] ::1 /eduWeb/API/Upload?m=upload&c=upload&a=uploadPortrait
INFO: [ app_init ] --START--
INFO: Run Behavior\BuildLiteBehavior [ RunTime:0.000013s ]
INFO: [ app_init ] --END-- [ RunTime:0.000376s ]
INFO: [ app_begin ] --START--
INFO: Run Behavior\ReadHtmlCacheBehavior [ RunTime:0.001197s ]
INFO: [ app_begin ] --END-- [ RunTime:0.001283s ]
NOTIC: [2] call_user_func() expects parameter 1 to be a valid callback, no array or string given D:\Tool\phpStudy\WWW\eduWeb\API\ThinkPHP\Library\Think\Upload.class.php 第 170 行.
SQL: SHOW COLUMNS FROM `db_user` [ RunTime:0.0087s ]
NOTIC: [8] Undefined offset: 0 D:\Tool\phpStudy\WWW\eduWeb\API\Application\Common\Model\UserModel.class.php 第 77 行.
SQL: UPDATE `db_user` SET `portrait`=NULL WHERE ( objectId=4 ) [ RunTime:0.0004s ]
INFO: [ app_end ] --START--
INFO: Run Behavior\ShowPageTraceBehavior [ RunTime:0.000727s ]
INFO: [ app_end ] --END-- [ RunTime:0.000766s ]

[ 2017-05-23T00:15:56+08:00 ] ::1 /eduWeb/API/Upload?m=upload&c=upload&a=uploadPortrait
INFO: [ app_init ] --START--
INFO: Run Behavior\BuildLiteBehavior [ RunTime:0.000011s ]
INFO: [ app_init ] --END-- [ RunTime:0.000306s ]
INFO: [ app_begin ] --START--
INFO: Run Behavior\ReadHtmlCacheBehavior [ RunTime:0.000711s ]
INFO: [ app_begin ] --END-- [ RunTime:0.000762s ]
NOTIC: [2] call_user_func() expects parameter 1 to be a valid callback, no array or string given D:\Tool\phpStudy\WWW\eduWeb\API\ThinkPHP\Library\Think\Upload.class.php 第 170 行.
SQL: SHOW COLUMNS FROM `db_user` [ RunTime:0.0078s ]
NOTIC: [8] Undefined offset: 0 D:\Tool\phpStudy\WWW\eduWeb\API\Application\Common\Model\UserModel.class.php 第 77 行.
SQL: UPDATE `db_user` SET `portrait`=NULL WHERE ( objectId=4 ) [ RunTime:0.0002s ]
INFO: [ app_end ] --START--
INFO: Run Behavior\ShowPageTraceBehavior [ RunTime:0.000692s ]
INFO: [ app_end ] --END-- [ RunTime:0.000728s ]

[ 2017-05-23T00:16:41+08:00 ] ::1 /eduWeb/API/Upload?m=upload&c=upload&a=uploadPortrait
INFO: [ app_init ] --START--
INFO: Run Behavior\BuildLiteBehavior [ RunTime:0.000018s ]
INFO: [ app_init ] --END-- [ RunTime:0.000552s ]
INFO: [ app_begin ] --START--
INFO: Run Behavior\ReadHtmlCacheBehavior [ RunTime:0.000803s ]
INFO: [ app_begin ] --END-- [ RunTime:0.000863s ]
NOTIC: [2] call_user_func() expects parameter 1 to be a valid callback, no array or string given D:\Tool\phpStudy\WWW\eduWeb\API\ThinkPHP\Library\Think\Upload.class.php 第 170 行.
SQL: SHOW COLUMNS FROM `db_user` [ RunTime:0.0038s ]
NOTIC: [8] Undefined offset: 0 D:\Tool\phpStudy\WWW\eduWeb\API\Application\Common\Model\UserModel.class.php 第 76 行.
SQL: UPDATE `db_user` SET `portrait`=NULL WHERE ( objectId=4 ) [ RunTime:0.0002s ]
INFO: [ app_end ] --START--
INFO: Run Behavior\ShowPageTraceBehavior [ RunTime:0.001067s ]
INFO: [ app_end ] --END-- [ RunTime:0.001134s ]

[ 2017-05-23T00:17:15+08:00 ] ::1 /eduWeb/API/Upload?m=upload&c=upload&a=uploadPortrait
INFO: [ app_init ] --START--
INFO: Run Behavior\BuildLiteBehavior [ RunTime:0.000015s ]
INFO: [ app_init ] --END-- [ RunTime:0.000384s ]
INFO: [ app_begin ] --START--
INFO: Run Behavior\ReadHtmlCacheBehavior [ RunTime:0.000787s ]
INFO: [ app_begin ] --END-- [ RunTime:0.000838s ]
NOTIC: [2] call_user_func() expects parameter 1 to be a valid callback, no array or string given D:\Tool\phpStudy\WWW\eduWeb\API\ThinkPHP\Library\Think\Upload.class.php 第 170 行.
SQL: SHOW COLUMNS FROM `db_user` [ RunTime:0.0072s ]
NOTIC: [8] Undefined offset: 0 D:\Tool\phpStudy\WWW\eduWeb\API\Application\Common\Model\UserModel.class.php 第 76 行.
NOTIC: [8] Undefined offset: 0 D:\Tool\phpStudy\WWW\eduWeb\API\Application\Common\Model\UserModel.class.php 第 77 行.
SQL: UPDATE `db_user` SET `portrait`=NULL WHERE ( objectId=4 ) [ RunTime:0.0002s ]
INFO: [ app_end ] --START--
INFO: Run Behavior\ShowPageTraceBehavior [ RunTime:0.000708s ]
INFO: [ app_end ] --END-- [ RunTime:0.000745s ]

[ 2017-05-23T00:17:24+08:00 ] ::1 /eduWeb/API/Upload?m=upload&c=upload&a=uploadPortrait
INFO: [ app_init ] --START--
INFO: Run Behavior\BuildLiteBehavior [ RunTime:0.000015s ]
INFO: [ app_init ] --END-- [ RunTime:0.000426s ]
INFO: [ app_begin ] --START--
INFO: Run Behavior\ReadHtmlCacheBehavior [ RunTime:0.000867s ]
INFO: [ app_begin ] --END-- [ RunTime:0.000968s ]
NOTIC: [2] call_user_func() expects parameter 1 to be a valid callback, no array or string given D:\Tool\phpStudy\WWW\eduWeb\API\ThinkPHP\Library\Think\Upload.class.php 第 170 行.
SQL: SHOW COLUMNS FROM `db_user` [ RunTime:0.0082s ]
NOTIC: [8] Undefined index: savename D:\Tool\phpStudy\WWW\eduWeb\API\Application\Common\Model\UserModel.class.php 第 76 行.
NOTIC: [8] Undefined offset: 0 D:\Tool\phpStudy\WWW\eduWeb\API\Application\Common\Model\UserModel.class.php 第 77 行.
SQL: UPDATE `db_user` SET `portrait`=NULL WHERE ( objectId=4 ) [ RunTime:0.0003s ]
INFO: [ app_end ] --START--
INFO: Run Behavior\ShowPageTraceBehavior [ RunTime:0.001012s ]
INFO: [ app_end ] --END-- [ RunTime:0.001062s ]

[ 2017-05-23T00:18:11+08:00 ] ::1 /eduWeb/API/Upload?m=upload&c=upload&a=uploadPortrait
INFO: [ app_init ] --START--
INFO: Run Behavior\BuildLiteBehavior [ RunTime:0.000017s ]
INFO: [ app_init ] --END-- [ RunTime:0.000542s ]
INFO: [ app_begin ] --START--
INFO: Run Behavior\ReadHtmlCacheBehavior [ RunTime:0.001148s ]
INFO: [ app_begin ] --END-- [ RunTime:0.001236s ]
NOTIC: [2] call_user_func() expects parameter 1 to be a valid callback, no array or string given D:\Tool\phpStudy\WWW\eduWeb\API\ThinkPHP\Library\Think\Upload.class.php 第 170 行.
NOTIC: [8] Undefined offset: 0 D:\Tool\phpStudy\WWW\eduWeb\API\Application\Upload\Controller\UploadController.class.php 第 14 行.
INFO: [ app_end ] --START--
INFO: Run Behavior\ShowPageTraceBehavior [ RunTime:0.001207s ]
INFO: [ app_end ] --END-- [ RunTime:0.001285s ]

[ 2017-05-23T00:18:49+08:00 ] ::1 /eduWeb/API/Upload?m=upload&c=upload&a=uploadPortrait
INFO: [ app_init ] --START--
INFO: Run Behavior\BuildLiteBehavior [ RunTime:0.000014s ]
INFO: [ app_init ] --END-- [ RunTime:0.000386s ]
INFO: [ app_begin ] --START--
INFO: Run Behavior\ReadHtmlCacheBehavior [ RunTime:0.000635s ]
INFO: [ app_begin ] --END-- [ RunTime:0.000687s ]
NOTIC: [2] call_user_func() expects parameter 1 to be a valid callback, no array or string given D:\Tool\phpStudy\WWW\eduWeb\API\ThinkPHP\Library\Think\Upload.class.php 第 170 行.
INFO: [ app_end ] --START--
INFO: Run Behavior\ShowPageTraceBehavior [ RunTime:0.000699s ]
INFO: [ app_end ] --END-- [ RunTime:0.000754s ]

[ 2017-05-23T00:19:57+08:00 ] ::1 /eduWeb/API/Upload?m=upload&c=upload&a=uploadPortrait
INFO: [ app_init ] --START--
INFO: Run Behavior\BuildLiteBehavior [ RunTime:0.000015s ]
INFO: [ app_init ] --END-- [ RunTime:0.000453s ]
INFO: [ app_begin ] --START--
INFO: Run Behavior\ReadHtmlCacheBehavior [ RunTime:0.000751s ]
INFO: [ app_begin ] --END-- [ RunTime:0.000813s ]
NOTIC: [2] call_user_func() expects parameter 1 to be a valid callback, no array or string given D:\Tool\phpStudy\WWW\eduWeb\API\ThinkPHP\Library\Think\Upload.class.php 第 170 行.
SQL: SHOW COLUMNS FROM `db_user` [ RunTime:0.0038s ]
SQL: UPDATE `db_user` SET `portrait`='Public/img/20170523/59230fad43830.jpg' WHERE ( objectId=4 ) [ RunTime:0.0003s ]
INFO: [ app_end ] --START--
INFO: Run Behavior\ShowPageTraceBehavior [ RunTime:0.000704s ]
INFO: [ app_end ] --END-- [ RunTime:0.000737s ]

[ 2017-05-23T00:20:35+08:00 ] ::1 /eduWeb/API/Upload?m=upload&c=upload&a=uploadPortrait
INFO: [ app_init ] --START--
INFO: Run Behavior\BuildLiteBehavior [ RunTime:0.000015s ]
INFO: [ app_init ] --END-- [ RunTime:0.000409s ]
INFO: [ app_begin ] --START--
INFO: Run Behavior\ReadHtmlCacheBehavior [ RunTime:0.001420s ]
INFO: [ app_begin ] --END-- [ RunTime:0.001533s ]
NOTIC: [2] call_user_func() expects parameter 1 to be a valid callback, no array or string given D:\Tool\phpStudy\WWW\eduWeb\API\ThinkPHP\Library\Think\Upload.class.php 第 170 行.
SQL: SHOW COLUMNS FROM `db_user` [ RunTime:0.0079s ]
SQL: UPDATE `db_user` SET `portrait`='Public/img/20170523/59230fd3df2e0.jpg' WHERE ( objectId=4 ) [ RunTime:0.0003s ]
INFO: [ app_end ] --START--
INFO: Run Behavior\ShowPageTraceBehavior [ RunTime:0.000759s ]
INFO: [ app_end ] --END-- [ RunTime:0.000805s ]

[ 2017-05-23T00:24:49+08:00 ] ::1 /eduWeb/API/Upload?m=upload&c=upload&a=uploadPortrait
INFO: [ app_init ] --START--
INFO: Run Behavior\BuildLiteBehavior [ RunTime:0.000010s ]
INFO: [ app_init ] --END-- [ RunTime:0.000301s ]
INFO: [ app_begin ] --START--
INFO: Run Behavior\ReadHtmlCacheBehavior [ RunTime:0.000589s ]
INFO: [ app_begin ] --END-- [ RunTime:0.000628s ]
NOTIC: [2] call_user_func() expects parameter 1 to be a valid callback, no array or string given D:\Tool\phpStudy\WWW\eduWeb\API\ThinkPHP\Library\Think\Upload.class.php 第 170 行.
SQL: SHOW COLUMNS FROM `db_user` [ RunTime:0.0073s ]
SQL: UPDATE `db_user` SET `portrait`='Public/img/Portrait/20170523/592310d118e73.jpg' WHERE ( objectId=4 ) [ RunTime:0.0002s ]
INFO: [ app_end ] --START--
INFO: Run Behavior\ShowPageTraceBehavior [ RunTime:0.000704s ]
INFO: [ app_end ] --END-- [ RunTime:0.000738s ]

[ 2017-05-23T00:34:33+08:00 ] ::1 /eduWeb/API/Upload?m=upload&c=upload&a=uploadPortrait
INFO: [ app_init ] --START--
INFO: Run Behavior\BuildLiteBehavior [ RunTime:0.000011s ]
INFO: [ app_init ] --END-- [ RunTime:0.000297s ]
INFO: [ app_begin ] --START--
INFO: Run Behavior\ReadHtmlCacheBehavior [ RunTime:0.000495s ]
INFO: [ app_begin ] --END-- [ RunTime:0.000550s ]
NOTIC: [2] call_user_func() expects parameter 1 to be a valid callback, no array or string given D:\Tool\phpStudy\WWW\eduWeb\API\ThinkPHP\Library\Think\Upload.class.php 第 170 行.
SQL: SHOW COLUMNS FROM `db_user` [ RunTime:0.0073s ]
SQL: UPDATE `db_user` SET `portrait`='Public/img/Portrait/20170523/592313193e4bc.jpg' WHERE ( objectId=1 ) [ RunTime:0.0004s ]
INFO: [ app_end ] --START--
INFO: Run Behavior\ShowPageTraceBehavior [ RunTime:0.001862s ]
INFO: [ app_end ] --END-- [ RunTime:0.001913s ]

[ 2017-05-23T15:56:29+08:00 ] ::1 /eduWeb/API/Upload?m=upload&c=upload&a=uploadPortrait
INFO: [ app_init ] --START--
INFO: Run Behavior\BuildLiteBehavior [ RunTime:0.000017s ]
INFO: [ app_init ] --END-- [ RunTime:0.000404s ]
INFO: [ app_begin ] --START--
INFO: Run Behavior\ReadHtmlCacheBehavior [ RunTime:0.000720s ]
INFO: [ app_begin ] --END-- [ RunTime:0.000789s ]
NOTIC: [2] call_user_func() expects parameter 1 to be a valid callback, no array or string given D:\Tool\phpStudy\WWW\eduWeb\API\ThinkPHP\Library\Think\Upload.class.php 第 170 行.
SQL: SHOW COLUMNS FROM `db_user` [ RunTime:0.0030s ]
SQL: UPDATE `db_user` SET `portrait`='Public/img/Portrait/20170523/5923eb2d6287e.jpg' WHERE ( objectId=16 ) [ RunTime:0.0003s ]
INFO: [ app_end ] --START--
INFO: Run Behavior\ShowPageTraceBehavior [ RunTime:0.002515s ]
INFO: [ app_end ] --END-- [ RunTime:0.002568s ]

